CRITICAL - 2025-10-24 10:15:52 --> ErrorException: Undefined array key 0
[Method: POST, Route: Enquiry/getTourTariffDetails]
in APPPATH\Controllers\Enquiry.php on line 2484.
 1 APPPATH\Controllers\Enquiry.php(2484): CodeIgniter\Debug\Exceptions->errorHandler(2, 'Undefined array key 0', 'C:\\wamp64\\www\\khm\\app\\Controllers\\Enquiry.php', 2484)
 2 SYSTEMPATH\CodeIgniter.php(933): App\Controllers\Enquiry->getTourTariffDetails()
 3 SYSTEMPATH\CodeIgniter.php(509): CodeIgniter\CodeIgniter->runController(Object(App\Controllers\Enquiry))
 4 SYSTEMPATH\CodeIgniter.php(355): CodeIgniter\CodeIgniter->handleRequest(null, Object(Config\Cache), false)
 5 SYSTEMPATH\Boot.php(334): CodeIgniter\CodeIgniter->run()
 6 SYSTEMPATH\Boot.php(67): CodeIgniter\Boot::runCodeIgniter(Object(CodeIgniter\CodeIgniter))
 7 FCPATH\index.php(56): CodeIgniter\Boot::bootWeb(Object(Config\Paths))
CRITICAL - 2025-10-24 10:15:52 --> ErrorException: Undefined array key 0
[Method: POST, Route: Enquiry/getTourTariffDetails]
in APPPATH\Controllers\Enquiry.php on line 2484.
 1 APPPATH\Controllers\Enquiry.php(2484): CodeIgniter\Debug\Exceptions->errorHandler(2, 'Undefined array key 0', 'C:\\wamp64\\www\\khm\\app\\Controllers\\Enquiry.php', 2484)
 2 SYSTEMPATH\CodeIgniter.php(933): App\Controllers\Enquiry->getTourTariffDetails()
 3 SYSTEMPATH\CodeIgniter.php(509): CodeIgniter\CodeIgniter->runController(Object(App\Controllers\Enquiry))
 4 SYSTEMPATH\CodeIgniter.php(355): CodeIgniter\CodeIgniter->handleRequest(null, Object(Config\Cache), false)
 5 SYSTEMPATH\Boot.php(334): CodeIgniter\CodeIgniter->run()
 6 SYSTEMPATH\Boot.php(67): CodeIgniter\Boot::runCodeIgniter(Object(CodeIgniter\CodeIgniter))
 7 FCPATH\index.php(56): CodeIgniter\Boot::bootWeb(Object(Config\Paths))
CRITICAL - 2025-10-24 10:15:52 --> ErrorException: Undefined array key 0
[Method: POST, Route: Enquiry/getTourTariffDetails]
in APPPATH\Controllers\Enquiry.php on line 2484.
 1 APPPATH\Controllers\Enquiry.php(2484): CodeIgniter\Debug\Exceptions->errorHandler(2, 'Undefined array key 0', 'C:\\wamp64\\www\\khm\\app\\Controllers\\Enquiry.php', 2484)
 2 SYSTEMPATH\CodeIgniter.php(933): App\Controllers\Enquiry->getTourTariffDetails()
 3 SYSTEMPATH\CodeIgniter.php(509): CodeIgniter\CodeIgniter->runController(Object(App\Controllers\Enquiry))
 4 SYSTEMPATH\CodeIgniter.php(355): CodeIgniter\CodeIgniter->handleRequest(null, Object(Config\Cache), false)
 5 SYSTEMPATH\Boot.php(334): CodeIgniter\CodeIgniter->run()
 6 SYSTEMPATH\Boot.php(67): CodeIgniter\Boot::runCodeIgniter(Object(CodeIgniter\CodeIgniter))
 7 FCPATH\index.php(56): CodeIgniter\Boot::bootWeb(Object(Config\Paths))
CRITICAL - 2025-10-24 10:15:52 --> ErrorException: Undefined array key 0
[Method: POST, Route: Enquiry/getTourTariffDetails]
in APPPATH\Controllers\Enquiry.php on line 2484.
 1 APPPATH\Controllers\Enquiry.php(2484): CodeIgniter\Debug\Exceptions->errorHandler(2, 'Undefined array key 0', 'C:\\wamp64\\www\\khm\\app\\Controllers\\Enquiry.php', 2484)
 2 SYSTEMPATH\CodeIgniter.php(933): App\Controllers\Enquiry->getTourTariffDetails()
 3 SYSTEMPATH\CodeIgniter.php(509): CodeIgniter\CodeIgniter->runController(Object(App\Controllers\Enquiry))
 4 SYSTEMPATH\CodeIgniter.php(355): CodeIgniter\CodeIgniter->handleRequest(null, Object(Config\Cache), false)
 5 SYSTEMPATH\Boot.php(334): CodeIgniter\CodeIgniter->run()
 6 SYSTEMPATH\Boot.php(67): CodeIgniter\Boot::runCodeIgniter(Object(CodeIgniter\CodeIgniter))
 7 FCPATH\index.php(56): CodeIgniter\Boot::bootWeb(Object(Config\Paths))
CRITICAL - 2025-10-24 10:15:52 --> ErrorException: Undefined array key 0
[Method: POST, Route: Enquiry/getTourTariffDetails]
in APPPATH\Controllers\Enquiry.php on line 2484.
 1 APPPATH\Controllers\Enquiry.php(2484): CodeIgniter\Debug\Exceptions->errorHandler(2, 'Undefined array key 0', 'C:\\wamp64\\www\\khm\\app\\Controllers\\Enquiry.php', 2484)
 2 SYSTEMPATH\CodeIgniter.php(933): App\Controllers\Enquiry->getTourTariffDetails()
 3 SYSTEMPATH\CodeIgniter.php(509): CodeIgniter\CodeIgniter->runController(Object(App\Controllers\Enquiry))
 4 SYSTEMPATH\CodeIgniter.php(355): CodeIgniter\CodeIgniter->handleRequest(null, Object(Config\Cache), false)
 5 SYSTEMPATH\Boot.php(334): CodeIgniter\CodeIgniter->run()
 6 SYSTEMPATH\Boot.php(67): CodeIgniter\Boot::runCodeIgniter(Object(CodeIgniter\CodeIgniter))
 7 FCPATH\index.php(56): CodeIgniter\Boot::bootWeb(Object(Config\Paths))
CRITICAL - 2025-10-24 10:15:52 --> ErrorException: Undefined array key 0
[Method: POST, Route: Enquiry/getTourTariffDetails]
in APPPATH\Controllers\Enquiry.php on line 2484.
 1 APPPATH\Controllers\Enquiry.php(2484): CodeIgniter\Debug\Exceptions->errorHandler(2, 'Undefined array key 0', 'C:\\wamp64\\www\\khm\\app\\Controllers\\Enquiry.php', 2484)
 2 SYSTEMPATH\CodeIgniter.php(933): App\Controllers\Enquiry->getTourTariffDetails()
 3 SYSTEMPATH\CodeIgniter.php(509): CodeIgniter\CodeIgniter->runController(Object(App\Controllers\Enquiry))
 4 SYSTEMPATH\CodeIgniter.php(355): CodeIgniter\CodeIgniter->handleRequest(null, Object(Config\Cache), false)
 5 SYSTEMPATH\Boot.php(334): CodeIgniter\CodeIgniter->run()
 6 SYSTEMPATH\Boot.php(67): CodeIgniter\Boot::runCodeIgniter(Object(CodeIgniter\CodeIgniter))
 7 FCPATH\index.php(56): CodeIgniter\Boot::bootWeb(Object(Config\Paths))
CRITICAL - 2025-10-24 10:15:53 --> ErrorException: Undefined array key 0
[Method: POST, Route: Enquiry/getTourTariffDetails]
in APPPATH\Controllers\Enquiry.php on line 2484.
 1 APPPATH\Controllers\Enquiry.php(2484): CodeIgniter\Debug\Exceptions->errorHandler(2, 'Undefined array key 0', 'C:\\wamp64\\www\\khm\\app\\Controllers\\Enquiry.php', 2484)
 2 SYSTEMPATH\CodeIgniter.php(933): App\Controllers\Enquiry->getTourTariffDetails()
 3 SYSTEMPATH\CodeIgniter.php(509): CodeIgniter\CodeIgniter->runController(Object(App\Controllers\Enquiry))
 4 SYSTEMPATH\CodeIgniter.php(355): CodeIgniter\CodeIgniter->handleRequest(null, Object(Config\Cache), false)
 5 SYSTEMPATH\Boot.php(334): CodeIgniter\CodeIgniter->run()
 6 SYSTEMPATH\Boot.php(67): CodeIgniter\Boot::runCodeIgniter(Object(CodeIgniter\CodeIgniter))
 7 FCPATH\index.php(56): CodeIgniter\Boot::bootWeb(Object(Config\Paths))
CRITICAL - 2025-10-24 10:15:53 --> ErrorException: Undefined array key 0
[Method: POST, Route: Enquiry/getTourTariffDetails]
in APPPATH\Controllers\Enquiry.php on line 2484.
 1 APPPATH\Controllers\Enquiry.php(2484): CodeIgniter\Debug\Exceptions->errorHandler(2, 'Undefined array key 0', 'C:\\wamp64\\www\\khm\\app\\Controllers\\Enquiry.php', 2484)
 2 SYSTEMPATH\CodeIgniter.php(933): App\Controllers\Enquiry->getTourTariffDetails()
 3 SYSTEMPATH\CodeIgniter.php(509): CodeIgniter\CodeIgniter->runController(Object(App\Controllers\Enquiry))
 4 SYSTEMPATH\CodeIgniter.php(355): CodeIgniter\CodeIgniter->handleRequest(null, Object(Config\Cache), false)
 5 SYSTEMPATH\Boot.php(334): CodeIgniter\CodeIgniter->run()
 6 SYSTEMPATH\Boot.php(67): CodeIgniter\Boot::runCodeIgniter(Object(CodeIgniter\CodeIgniter))
 7 FCPATH\index.php(56): CodeIgniter\Boot::bootWeb(Object(Config\Paths))
CRITICAL - 2025-10-24 10:15:53 --> ErrorException: Undefined array key 0
[Method: POST, Route: Enquiry/getTourTariffDetails]
in APPPATH\Controllers\Enquiry.php on line 2484.
 1 APPPATH\Controllers\Enquiry.php(2484): CodeIgniter\Debug\Exceptions->errorHandler(2, 'Undefined array key 0', 'C:\\wamp64\\www\\khm\\app\\Controllers\\Enquiry.php', 2484)
 2 SYSTEMPATH\CodeIgniter.php(933): App\Controllers\Enquiry->getTourTariffDetails()
 3 SYSTEMPATH\CodeIgniter.php(509): CodeIgniter\CodeIgniter->runController(Object(App\Controllers\Enquiry))
 4 SYSTEMPATH\CodeIgniter.php(355): CodeIgniter\CodeIgniter->handleRequest(null, Object(Config\Cache), false)
 5 SYSTEMPATH\Boot.php(334): CodeIgniter\CodeIgniter->run()
 6 SYSTEMPATH\Boot.php(67): CodeIgniter\Boot::runCodeIgniter(Object(CodeIgniter\CodeIgniter))
 7 FCPATH\index.php(56): CodeIgniter\Boot::bootWeb(Object(Config\Paths))
CRITICAL - 2025-10-24 10:15:53 --> ErrorException: Undefined array key 0
[Method: POST, Route: Enquiry/getTourTariffDetails]
in APPPATH\Controllers\Enquiry.php on line 2484.
 1 APPPATH\Controllers\Enquiry.php(2484): CodeIgniter\Debug\Exceptions->errorHandler(2, 'Undefined array key 0', 'C:\\wamp64\\www\\khm\\app\\Controllers\\Enquiry.php', 2484)
 2 SYSTEMPATH\CodeIgniter.php(933): App\Controllers\Enquiry->getTourTariffDetails()
 3 SYSTEMPATH\CodeIgniter.php(509): CodeIgniter\CodeIgniter->runController(Object(App\Controllers\Enquiry))
 4 SYSTEMPATH\CodeIgniter.php(355): CodeIgniter\CodeIgniter->handleRequest(null, Object(Config\Cache), false)
 5 SYSTEMPATH\Boot.php(334): CodeIgniter\CodeIgniter->run()
 6 SYSTEMPATH\Boot.php(67): CodeIgniter\Boot::runCodeIgniter(Object(CodeIgniter\CodeIgniter))
 7 FCPATH\index.php(56): CodeIgniter\Boot::bootWeb(Object(Config\Paths))
CRITICAL - 2025-10-24 10:15:53 --> ErrorException: Undefined array key 0
[Method: POST, Route: Enquiry/getTourTariffDetails]
in APPPATH\Controllers\Enquiry.php on line 2484.
 1 APPPATH\Controllers\Enquiry.php(2484): CodeIgniter\Debug\Exceptions->errorHandler(2, 'Undefined array key 0', 'C:\\wamp64\\www\\khm\\app\\Controllers\\Enquiry.php', 2484)
 2 SYSTEMPATH\CodeIgniter.php(933): App\Controllers\Enquiry->getTourTariffDetails()
 3 SYSTEMPATH\CodeIgniter.php(509): CodeIgniter\CodeIgniter->runController(Object(App\Controllers\Enquiry))
 4 SYSTEMPATH\CodeIgniter.php(355): CodeIgniter\CodeIgniter->handleRequest(null, Object(Config\Cache), false)
 5 SYSTEMPATH\Boot.php(334): CodeIgniter\CodeIgniter->run()
 6 SYSTEMPATH\Boot.php(67): CodeIgniter\Boot::runCodeIgniter(Object(CodeIgniter\CodeIgniter))
 7 FCPATH\index.php(56): CodeIgniter\Boot::bootWeb(Object(Config\Paths))
CRITICAL - 2025-10-24 10:15:53 --> ErrorException: Undefined array key 0
[Method: POST, Route: Enquiry/getTourTariffDetails]
in APPPATH\Controllers\Enquiry.php on line 2484.
 1 APPPATH\Controllers\Enquiry.php(2484): CodeIgniter\Debug\Exceptions->errorHandler(2, 'Undefined array key 0', 'C:\\wamp64\\www\\khm\\app\\Controllers\\Enquiry.php', 2484)
 2 SYSTEMPATH\CodeIgniter.php(933): App\Controllers\Enquiry->getTourTariffDetails()
 3 SYSTEMPATH\CodeIgniter.php(509): CodeIgniter\CodeIgniter->runController(Object(App\Controllers\Enquiry))
 4 SYSTEMPATH\CodeIgniter.php(355): CodeIgniter\CodeIgniter->handleRequest(null, Object(Config\Cache), false)
 5 SYSTEMPATH\Boot.php(334): CodeIgniter\CodeIgniter->run()
 6 SYSTEMPATH\Boot.php(67): CodeIgniter\Boot::runCodeIgniter(Object(CodeIgniter\CodeIgniter))
 7 FCPATH\index.php(56): CodeIgniter\Boot::bootWeb(Object(Config\Paths))
