ERROR - 2025-07-22 08:46:37 --> mysqli_sql_exception: Unknown column 'geog_from_id' in 'where clause' in C:\wamp64\www\khm\system\Database\MySQLi\Connection.php:312
Stack trace:
#0 C:\wamp64\www\khm\system\Database\MySQLi\Connection.php(312): mysqli->query('SELECT *\nFROM `...', 0)
#1 C:\wamp64\www\khm\system\Database\BaseConnection.php(734): CodeIgniter\Database\MySQLi\Connection->execute('SELECT *\nFROM `...')
#2 C:\wamp64\www\khm\system\Database\BaseConnection.php(648): CodeIgniter\Database\BaseConnection->simpleQuery('SELECT *\nFROM `...')
#3 C:\wamp64\www\khm\system\Database\BaseBuilder.php(1644): CodeIgniter\Database\BaseConnection->query('SELECT *\nFROM `...', Array, false)
#4 C:\wamp64\www\khm\system\Model.php(330): CodeIgniter\Database\BaseBuilder->get()
#5 C:\wamp64\www\khm\system\BaseModel.php(713): CodeIgniter\Model->doFirst()
#6 C:\wamp64\www\khm\app\Controllers\GeogController.php(232): CodeIgniter\BaseModel->first()
#7 C:\wamp64\www\khm\app\Controllers\GeogController.php(236): App\Controllers\GeogController->App\Controllers\{closure}('19', '19')
#8 C:\wamp64\www\khm\system\CodeIgniter.php(933): App\Controllers\GeogController->saveDistance()
#9 C:\wamp64\www\khm\system\CodeIgniter.php(509): CodeIgniter\CodeIgniter->runController(Object(App\Controllers\GeogController))
#10 C:\wamp64\www\khm\system\CodeIgniter.php(355): CodeIgniter\CodeIgniter->handleRequest(NULL, Object(Config\Cache), false)
#11 C:\wamp64\www\khm\system\Boot.php(334): CodeIgniter\CodeIgniter->run()
#12 C:\wamp64\www\khm\system\Boot.php(67): CodeIgniter\Boot::runCodeIgniter(Object(CodeIgniter\CodeIgniter))
#13 C:\wamp64\www\khm\public\index.php(56): CodeIgniter\Boot::bootWeb(Object(Config\Paths))
#14 {main}
CRITICAL - 2025-07-22 08:46:37 --> CodeIgniter\Database\Exceptions\DatabaseException: Unknown column 'geog_from_id' in 'where clause'
[Method: POST, Route: GeogController/saveDistance]
in SYSTEMPATH\Database\BaseConnection.php on line 688.
 1 SYSTEMPATH\Database\BaseBuilder.php(1644): CodeIgniter\Database\BaseConnection->query('SELECT *
FROM `khm_loc_mst_geography`
WHERE `geog_from_id` = :geog_from_id:
AND `geog_to_id` = :geog_to_id:
AND `deleted` = :deleted:
AND `khm_loc_mst_geography`.`deleted` IS NULL
 LIMIT 1', [...], false)
 2 SYSTEMPATH\Model.php(330): CodeIgniter\Database\BaseBuilder->get()
 3 SYSTEMPATH\BaseModel.php(713): CodeIgniter\Model->doFirst()
 4 APPPATH\Controllers\GeogController.php(232): CodeIgniter\BaseModel->first()
 5 APPPATH\Controllers\GeogController.php(236): App\Controllers\GeogController->App\Controllers\{closure}('19', '19')
 6 SYSTEMPATH\CodeIgniter.php(933): App\Controllers\GeogController->saveDistance()
 7 SYSTEMPATH\CodeIgniter.php(509): CodeIgniter\CodeIgniter->runController(Object(App\Controllers\GeogController))
 8 SYSTEMPATH\CodeIgniter.php(355): CodeIgniter\CodeIgniter->handleRequest(null, Object(Config\Cache), false)
 9 SYSTEMPATH\Boot.php(334): CodeIgniter\CodeIgniter->run()
10 SYSTEMPATH\Boot.php(67): CodeIgniter\Boot::runCodeIgniter(Object(CodeIgniter\CodeIgniter))
11 FCPATH\index.php(56): CodeIgniter\Boot::bootWeb(Object(Config\Paths))
CRITICAL - 2025-07-22 08:46:37 --> [Caused by] CodeIgniter\Database\Exceptions\DatabaseException: Unknown column 'geog_from_id' in 'where clause'
in SYSTEMPATH\Database\MySQLi\Connection.php on line 317.
 1 SYSTEMPATH\Database\BaseConnection.php(734): CodeIgniter\Database\MySQLi\Connection->execute('SELECT *
FROM `khm_loc_mst_geography`
WHERE `geog_from_id` = \'19\'
AND `geog_to_id` = \'19\'
AND `deleted` = 0
AND `khm_loc_mst_geography`.`deleted` IS NULL
 LIMIT 1')
 2 SYSTEMPATH\Database\BaseConnection.php(648): CodeIgniter\Database\BaseConnection->simpleQuery('SELECT *
FROM `khm_loc_mst_geography`
WHERE `geog_from_id` = \'19\'
AND `geog_to_id` = \'19\'
AND `deleted` = 0
AND `khm_loc_mst_geography`.`deleted` IS NULL
 LIMIT 1')
 3 SYSTEMPATH\Database\BaseBuilder.php(1644): CodeIgniter\Database\BaseConnection->query('SELECT *
FROM `khm_loc_mst_geography`
WHERE `geog_from_id` = :geog_from_id:
AND `geog_to_id` = :geog_to_id:
AND `deleted` = :deleted:
AND `khm_loc_mst_geography`.`deleted` IS NULL
 LIMIT 1', [...], false)
 4 SYSTEMPATH\Model.php(330): CodeIgniter\Database\BaseBuilder->get()
 5 SYSTEMPATH\BaseModel.php(713): CodeIgniter\Model->doFirst()
 6 APPPATH\Controllers\GeogController.php(232): CodeIgniter\BaseModel->first()
 7 APPPATH\Controllers\GeogController.php(236): App\Controllers\GeogController->App\Controllers\{closure}('19', '19')
 8 SYSTEMPATH\CodeIgniter.php(933): App\Controllers\GeogController->saveDistance()
 9 SYSTEMPATH\CodeIgniter.php(509): CodeIgniter\CodeIgniter->runController(Object(App\Controllers\GeogController))
10 SYSTEMPATH\CodeIgniter.php(355): CodeIgniter\CodeIgniter->handleRequest(null, Object(Config\Cache), false)
11 SYSTEMPATH\Boot.php(334): CodeIgniter\CodeIgniter->run()
12 SYSTEMPATH\Boot.php(67): CodeIgniter\Boot::runCodeIgniter(Object(CodeIgniter\CodeIgniter))
13 FCPATH\index.php(56): CodeIgniter\Boot::bootWeb(Object(Config\Paths))
CRITICAL - 2025-07-22 08:46:37 --> [Caused by] mysqli_sql_exception: Unknown column 'geog_from_id' in 'where clause'
in SYSTEMPATH\Database\MySQLi\Connection.php on line 312.
 1 SYSTEMPATH\Database\MySQLi\Connection.php(312): mysqli->query('SELECT *
FROM `khm_loc_mst_geography`
WHERE `geog_from_id` = \'19\'
AND `geog_to_id` = \'19\'
AND `deleted` = 0
AND `khm_loc_mst_geography`.`deleted` IS NULL
 LIMIT 1', 0)
 2 SYSTEMPATH\Database\BaseConnection.php(734): CodeIgniter\Database\MySQLi\Connection->execute('SELECT *
FROM `khm_loc_mst_geography`
WHERE `geog_from_id` = \'19\'
AND `geog_to_id` = \'19\'
AND `deleted` = 0
AND `khm_loc_mst_geography`.`deleted` IS NULL
 LIMIT 1')
 3 SYSTEMPATH\Database\BaseConnection.php(648): CodeIgniter\Database\BaseConnection->simpleQuery('SELECT *
FROM `khm_loc_mst_geography`
WHERE `geog_from_id` = \'19\'
AND `geog_to_id` = \'19\'
AND `deleted` = 0
AND `khm_loc_mst_geography`.`deleted` IS NULL
 LIMIT 1')
 4 SYSTEMPATH\Database\BaseBuilder.php(1644): CodeIgniter\Database\BaseConnection->query('SELECT *
FROM `khm_loc_mst_geography`
WHERE `geog_from_id` = :geog_from_id:
AND `geog_to_id` = :geog_to_id:
AND `deleted` = :deleted:
AND `khm_loc_mst_geography`.`deleted` IS NULL
 LIMIT 1', [...], false)
 5 SYSTEMPATH\Model.php(330): CodeIgniter\Database\BaseBuilder->get()
 6 SYSTEMPATH\BaseModel.php(713): CodeIgniter\Model->doFirst()
 7 APPPATH\Controllers\GeogController.php(232): CodeIgniter\BaseModel->first()
 8 APPPATH\Controllers\GeogController.php(236): App\Controllers\GeogController->App\Controllers\{closure}('19', '19')
 9 SYSTEMPATH\CodeIgniter.php(933): App\Controllers\GeogController->saveDistance()
10 SYSTEMPATH\CodeIgniter.php(509): CodeIgniter\CodeIgniter->runController(Object(App\Controllers\GeogController))
11 SYSTEMPATH\CodeIgniter.php(355): CodeIgniter\CodeIgniter->handleRequest(null, Object(Config\Cache), false)
12 SYSTEMPATH\Boot.php(334): CodeIgniter\CodeIgniter->run()
13 SYSTEMPATH\Boot.php(67): CodeIgniter\Boot::runCodeIgniter(Object(CodeIgniter\CodeIgniter))
14 FCPATH\index.php(56): CodeIgniter\Boot::bootWeb(Object(Config\Paths))
CRITICAL - 2025-07-22 08:58:31 --> BadMethodCallException: Call to undefined method App\Models\DistanceModel::getGeogById
[Method: POST, Route: GeogController/saveDistance]
in SYSTEMPATH\Model.php on line 930.
 1 APPPATH\Controllers\GeogController.php(215): CodeIgniter\Model->__call('getGeogById', [...])
 2 SYSTEMPATH\CodeIgniter.php(933): App\Controllers\GeogController->saveDistance()
 3 SYSTEMPATH\CodeIgniter.php(509): CodeIgniter\CodeIgniter->runController(Object(App\Controllers\GeogController))
 4 SYSTEMPATH\CodeIgniter.php(355): CodeIgniter\CodeIgniter->handleRequest(null, Object(Config\Cache), false)
 5 SYSTEMPATH\Boot.php(334): CodeIgniter\CodeIgniter->run()
 6 SYSTEMPATH\Boot.php(67): CodeIgniter\Boot::runCodeIgniter(Object(CodeIgniter\CodeIgniter))
 7 FCPATH\index.php(56): CodeIgniter\Boot::bootWeb(Object(Config\Paths))
CRITICAL - 2025-07-22 08:59:05 --> BadMethodCallException: Call to undefined method App\Models\DistanceModel::getGeogById
[Method: POST, Route: GeogController/saveDistance]
in SYSTEMPATH\Model.php on line 930.
 1 APPPATH\Controllers\GeogController.php(215): CodeIgniter\Model->__call('getGeogById', [...])
 2 SYSTEMPATH\CodeIgniter.php(933): App\Controllers\GeogController->saveDistance()
 3 SYSTEMPATH\CodeIgniter.php(509): CodeIgniter\CodeIgniter->runController(Object(App\Controllers\GeogController))
 4 SYSTEMPATH\CodeIgniter.php(355): CodeIgniter\CodeIgniter->handleRequest(null, Object(Config\Cache), false)
 5 SYSTEMPATH\Boot.php(334): CodeIgniter\CodeIgniter->run()
 6 SYSTEMPATH\Boot.php(67): CodeIgniter\Boot::runCodeIgniter(Object(CodeIgniter\CodeIgniter))
 7 FCPATH\index.php(56): CodeIgniter\Boot::bootWeb(Object(Config\Paths))
CRITICAL - 2025-07-22 08:59:09 --> BadMethodCallException: Call to undefined method App\Models\DistanceModel::getGeogById
[Method: POST, Route: GeogController/saveDistance]
in SYSTEMPATH\Model.php on line 930.
 1 APPPATH\Controllers\GeogController.php(215): CodeIgniter\Model->__call('getGeogById', [...])
 2 SYSTEMPATH\CodeIgniter.php(933): App\Controllers\GeogController->saveDistance()
 3 SYSTEMPATH\CodeIgniter.php(509): CodeIgniter\CodeIgniter->runController(Object(App\Controllers\GeogController))
 4 SYSTEMPATH\CodeIgniter.php(355): CodeIgniter\CodeIgniter->handleRequest(null, Object(Config\Cache), false)
 5 SYSTEMPATH\Boot.php(334): CodeIgniter\CodeIgniter->run()
 6 SYSTEMPATH\Boot.php(67): CodeIgniter\Boot::runCodeIgniter(Object(CodeIgniter\CodeIgniter))
 7 FCPATH\index.php(56): CodeIgniter\Boot::bootWeb(Object(Config\Paths))
ERROR - 2025-07-22 11:11:59 --> mysqli_sql_exception: Unknown column '$b2b_active' in 'field list' in C:\wamp64\www\khm\system\Database\MySQLi\Connection.php:312
Stack trace:
#0 C:\wamp64\www\khm\system\Database\MySQLi\Connection.php(312): mysqli->query('INSERT INTO `kh...', 0)
#1 C:\wamp64\www\khm\system\Database\BaseConnection.php(734): CodeIgniter\Database\MySQLi\Connection->execute('INSERT INTO `kh...')
#2 C:\wamp64\www\khm\system\Database\BaseConnection.php(648): CodeIgniter\Database\BaseConnection->simpleQuery('INSERT INTO `kh...')
#3 C:\wamp64\www\khm\system\Database\BaseBuilder.php(2340): CodeIgniter\Database\BaseConnection->query('INSERT INTO `kh...', Array, false)
#4 C:\wamp64\www\khm\app\Models\Dashboard_m.php(1466): CodeIgniter\Database\BaseBuilder->insert(Array)
#5 C:\wamp64\www\khm\app\Controllers\Dashboard.php(2957): App\Models\Dashboard_m->insert_new_rc(Array)
#6 C:\wamp64\www\khm\system\CodeIgniter.php(933): App\Controllers\Dashboard->addnewRoomCategory()
#7 C:\wamp64\www\khm\system\CodeIgniter.php(509): CodeIgniter\CodeIgniter->runController(Object(App\Controllers\Dashboard))
#8 C:\wamp64\www\khm\system\CodeIgniter.php(355): CodeIgniter\CodeIgniter->handleRequest(NULL, Object(Config\Cache), false)
#9 C:\wamp64\www\khm\system\Boot.php(334): CodeIgniter\CodeIgniter->run()
#10 C:\wamp64\www\khm\system\Boot.php(67): CodeIgniter\Boot::runCodeIgniter(Object(CodeIgniter\CodeIgniter))
#11 C:\wamp64\www\khm\public\index.php(56): CodeIgniter\Boot::bootWeb(Object(Config\Paths))
#12 {main}
CRITICAL - 2025-07-22 11:11:59 --> CodeIgniter\Database\Exceptions\DatabaseException: Unknown column '$b2b_active' in 'field list'
[Method: POST, Route: Dashboard/addnewRoomCategory]
in SYSTEMPATH\Database\BaseConnection.php on line 688.
 1 SYSTEMPATH\Database\BaseBuilder.php(2340): CodeIgniter\Database\BaseConnection->query('INSERT INTO `khm_obj_hotel_room_category` (`room_category_id`, `hotel_id`, `hotel_room_category_name`, `$b2b_active`, `$b2c_active`, `enterprise_id`) VALUES (:room_category_id:, :hotel_id:, :hotel_room_category_name:, :$b2b_active:, :$b2c_active:, :enterprise_id:)', [...], false)
 2 APPPATH\Models\Dashboard_m.php(1466): CodeIgniter\Database\BaseBuilder->insert([...])
 3 APPPATH\Controllers\Dashboard.php(2957): App\Models\Dashboard_m->insert_new_rc([...])
 4 SYSTEMPATH\CodeIgniter.php(933): App\Controllers\Dashboard->addnewRoomCategory()
 5 SYSTEMPATH\CodeIgniter.php(509): CodeIgniter\CodeIgniter->runController(Object(App\Controllers\Dashboard))
 6 SYSTEMPATH\CodeIgniter.php(355): CodeIgniter\CodeIgniter->handleRequest(null, Object(Config\Cache), false)
 7 SYSTEMPATH\Boot.php(334): CodeIgniter\CodeIgniter->run()
 8 SYSTEMPATH\Boot.php(67): CodeIgniter\Boot::runCodeIgniter(Object(CodeIgniter\CodeIgniter))
 9 FCPATH\index.php(56): CodeIgniter\Boot::bootWeb(Object(Config\Paths))
CRITICAL - 2025-07-22 11:11:59 --> [Caused by] CodeIgniter\Database\Exceptions\DatabaseException: Unknown column '$b2b_active' in 'field list'
in SYSTEMPATH\Database\MySQLi\Connection.php on line 317.
 1 SYSTEMPATH\Database\BaseConnection.php(734): CodeIgniter\Database\MySQLi\Connection->execute('INSERT INTO `khm_obj_hotel_room_category` (`room_category_id`, `hotel_id`, `hotel_room_category_name`, `$b2b_active`, `$b2c_active`, `enterprise_id`) VALUES (\'1687\', \'737\', \'\', \'1\', \'1\', 1)')
 2 SYSTEMPATH\Database\BaseConnection.php(648): CodeIgniter\Database\BaseConnection->simpleQuery('INSERT INTO `khm_obj_hotel_room_category` (`room_category_id`, `hotel_id`, `hotel_room_category_name`, `$b2b_active`, `$b2c_active`, `enterprise_id`) VALUES (\'1687\', \'737\', \'\', \'1\', \'1\', 1)')
 3 SYSTEMPATH\Database\BaseBuilder.php(2340): CodeIgniter\Database\BaseConnection->query('INSERT INTO `khm_obj_hotel_room_category` (`room_category_id`, `hotel_id`, `hotel_room_category_name`, `$b2b_active`, `$b2c_active`, `enterprise_id`) VALUES (:room_category_id:, :hotel_id:, :hotel_room_category_name:, :$b2b_active:, :$b2c_active:, :enterprise_id:)', [...], false)
 4 APPPATH\Models\Dashboard_m.php(1466): CodeIgniter\Database\BaseBuilder->insert([...])
 5 APPPATH\Controllers\Dashboard.php(2957): App\Models\Dashboard_m->insert_new_rc([...])
 6 SYSTEMPATH\CodeIgniter.php(933): App\Controllers\Dashboard->addnewRoomCategory()
 7 SYSTEMPATH\CodeIgniter.php(509): CodeIgniter\CodeIgniter->runController(Object(App\Controllers\Dashboard))
 8 SYSTEMPATH\CodeIgniter.php(355): CodeIgniter\CodeIgniter->handleRequest(null, Object(Config\Cache), false)
 9 SYSTEMPATH\Boot.php(334): CodeIgniter\CodeIgniter->run()
10 SYSTEMPATH\Boot.php(67): CodeIgniter\Boot::runCodeIgniter(Object(CodeIgniter\CodeIgniter))
11 FCPATH\index.php(56): CodeIgniter\Boot::bootWeb(Object(Config\Paths))
CRITICAL - 2025-07-22 11:11:59 --> [Caused by] mysqli_sql_exception: Unknown column '$b2b_active' in 'field list'
in SYSTEMPATH\Database\MySQLi\Connection.php on line 312.
 1 SYSTEMPATH\Database\MySQLi\Connection.php(312): mysqli->query('INSERT INTO `khm_obj_hotel_room_category` (`room_category_id`, `hotel_id`, `hotel_room_category_name`, `$b2b_active`, `$b2c_active`, `enterprise_id`) VALUES (\'1687\', \'737\', \'\', \'1\', \'1\', 1)', 0)
 2 SYSTEMPATH\Database\BaseConnection.php(734): CodeIgniter\Database\MySQLi\Connection->execute('INSERT INTO `khm_obj_hotel_room_category` (`room_category_id`, `hotel_id`, `hotel_room_category_name`, `$b2b_active`, `$b2c_active`, `enterprise_id`) VALUES (\'1687\', \'737\', \'\', \'1\', \'1\', 1)')
 3 SYSTEMPATH\Database\BaseConnection.php(648): CodeIgniter\Database\BaseConnection->simpleQuery('INSERT INTO `khm_obj_hotel_room_category` (`room_category_id`, `hotel_id`, `hotel_room_category_name`, `$b2b_active`, `$b2c_active`, `enterprise_id`) VALUES (\'1687\', \'737\', \'\', \'1\', \'1\', 1)')
 4 SYSTEMPATH\Database\BaseBuilder.php(2340): CodeIgniter\Database\BaseConnection->query('INSERT INTO `khm_obj_hotel_room_category` (`room_category_id`, `hotel_id`, `hotel_room_category_name`, `$b2b_active`, `$b2c_active`, `enterprise_id`) VALUES (:room_category_id:, :hotel_id:, :hotel_room_category_name:, :$b2b_active:, :$b2c_active:, :enterprise_id:)', [...], false)
 5 APPPATH\Models\Dashboard_m.php(1466): CodeIgniter\Database\BaseBuilder->insert([...])
 6 APPPATH\Controllers\Dashboard.php(2957): App\Models\Dashboard_m->insert_new_rc([...])
 7 SYSTEMPATH\CodeIgniter.php(933): App\Controllers\Dashboard->addnewRoomCategory()
 8 SYSTEMPATH\CodeIgniter.php(509): CodeIgniter\CodeIgniter->runController(Object(App\Controllers\Dashboard))
 9 SYSTEMPATH\CodeIgniter.php(355): CodeIgniter\CodeIgniter->handleRequest(null, Object(Config\Cache), false)
10 SYSTEMPATH\Boot.php(334): CodeIgniter\CodeIgniter->run()
11 SYSTEMPATH\Boot.php(67): CodeIgniter\Boot::runCodeIgniter(Object(CodeIgniter\CodeIgniter))
12 FCPATH\index.php(56): CodeIgniter\Boot::bootWeb(Object(Config\Paths))
ERROR - 2025-07-22 11:12:01 --> mysqli_sql_exception: Unknown column '$b2b_active' in 'field list' in C:\wamp64\www\khm\system\Database\MySQLi\Connection.php:312
Stack trace:
#0 C:\wamp64\www\khm\system\Database\MySQLi\Connection.php(312): mysqli->query('INSERT INTO `kh...', 0)
#1 C:\wamp64\www\khm\system\Database\BaseConnection.php(734): CodeIgniter\Database\MySQLi\Connection->execute('INSERT INTO `kh...')
#2 C:\wamp64\www\khm\system\Database\BaseConnection.php(648): CodeIgniter\Database\BaseConnection->simpleQuery('INSERT INTO `kh...')
#3 C:\wamp64\www\khm\system\Database\BaseBuilder.php(2340): CodeIgniter\Database\BaseConnection->query('INSERT INTO `kh...', Array, false)
#4 C:\wamp64\www\khm\app\Models\Dashboard_m.php(1466): CodeIgniter\Database\BaseBuilder->insert(Array)
#5 C:\wamp64\www\khm\app\Controllers\Dashboard.php(2957): App\Models\Dashboard_m->insert_new_rc(Array)
#6 C:\wamp64\www\khm\system\CodeIgniter.php(933): App\Controllers\Dashboard->addnewRoomCategory()
#7 C:\wamp64\www\khm\system\CodeIgniter.php(509): CodeIgniter\CodeIgniter->runController(Object(App\Controllers\Dashboard))
#8 C:\wamp64\www\khm\system\CodeIgniter.php(355): CodeIgniter\CodeIgniter->handleRequest(NULL, Object(Config\Cache), false)
#9 C:\wamp64\www\khm\system\Boot.php(334): CodeIgniter\CodeIgniter->run()
#10 C:\wamp64\www\khm\system\Boot.php(67): CodeIgniter\Boot::runCodeIgniter(Object(CodeIgniter\CodeIgniter))
#11 C:\wamp64\www\khm\public\index.php(56): CodeIgniter\Boot::bootWeb(Object(Config\Paths))
#12 {main}
CRITICAL - 2025-07-22 11:12:01 --> CodeIgniter\Database\Exceptions\DatabaseException: Unknown column '$b2b_active' in 'field list'
[Method: POST, Route: Dashboard/addnewRoomCategory]
in SYSTEMPATH\Database\BaseConnection.php on line 688.
 1 SYSTEMPATH\Database\BaseBuilder.php(2340): CodeIgniter\Database\BaseConnection->query('INSERT INTO `khm_obj_hotel_room_category` (`room_category_id`, `hotel_id`, `hotel_room_category_name`, `$b2b_active`, `$b2c_active`, `enterprise_id`) VALUES (:room_category_id:, :hotel_id:, :hotel_room_category_name:, :$b2b_active:, :$b2c_active:, :enterprise_id:)', [...], false)
 2 APPPATH\Models\Dashboard_m.php(1466): CodeIgniter\Database\BaseBuilder->insert([...])
 3 APPPATH\Controllers\Dashboard.php(2957): App\Models\Dashboard_m->insert_new_rc([...])
 4 SYSTEMPATH\CodeIgniter.php(933): App\Controllers\Dashboard->addnewRoomCategory()
 5 SYSTEMPATH\CodeIgniter.php(509): CodeIgniter\CodeIgniter->runController(Object(App\Controllers\Dashboard))
 6 SYSTEMPATH\CodeIgniter.php(355): CodeIgniter\CodeIgniter->handleRequest(null, Object(Config\Cache), false)
 7 SYSTEMPATH\Boot.php(334): CodeIgniter\CodeIgniter->run()
 8 SYSTEMPATH\Boot.php(67): CodeIgniter\Boot::runCodeIgniter(Object(CodeIgniter\CodeIgniter))
 9 FCPATH\index.php(56): CodeIgniter\Boot::bootWeb(Object(Config\Paths))
CRITICAL - 2025-07-22 11:12:01 --> [Caused by] CodeIgniter\Database\Exceptions\DatabaseException: Unknown column '$b2b_active' in 'field list'
in SYSTEMPATH\Database\MySQLi\Connection.php on line 317.
 1 SYSTEMPATH\Database\BaseConnection.php(734): CodeIgniter\Database\MySQLi\Connection->execute('INSERT INTO `khm_obj_hotel_room_category` (`room_category_id`, `hotel_id`, `hotel_room_category_name`, `$b2b_active`, `$b2c_active`, `enterprise_id`) VALUES (\'1687\', \'737\', \'\', \'1\', \'1\', 1)')
 2 SYSTEMPATH\Database\BaseConnection.php(648): CodeIgniter\Database\BaseConnection->simpleQuery('INSERT INTO `khm_obj_hotel_room_category` (`room_category_id`, `hotel_id`, `hotel_room_category_name`, `$b2b_active`, `$b2c_active`, `enterprise_id`) VALUES (\'1687\', \'737\', \'\', \'1\', \'1\', 1)')
 3 SYSTEMPATH\Database\BaseBuilder.php(2340): CodeIgniter\Database\BaseConnection->query('INSERT INTO `khm_obj_hotel_room_category` (`room_category_id`, `hotel_id`, `hotel_room_category_name`, `$b2b_active`, `$b2c_active`, `enterprise_id`) VALUES (:room_category_id:, :hotel_id:, :hotel_room_category_name:, :$b2b_active:, :$b2c_active:, :enterprise_id:)', [...], false)
 4 APPPATH\Models\Dashboard_m.php(1466): CodeIgniter\Database\BaseBuilder->insert([...])
 5 APPPATH\Controllers\Dashboard.php(2957): App\Models\Dashboard_m->insert_new_rc([...])
 6 SYSTEMPATH\CodeIgniter.php(933): App\Controllers\Dashboard->addnewRoomCategory()
 7 SYSTEMPATH\CodeIgniter.php(509): CodeIgniter\CodeIgniter->runController(Object(App\Controllers\Dashboard))
 8 SYSTEMPATH\CodeIgniter.php(355): CodeIgniter\CodeIgniter->handleRequest(null, Object(Config\Cache), false)
 9 SYSTEMPATH\Boot.php(334): CodeIgniter\CodeIgniter->run()
10 SYSTEMPATH\Boot.php(67): CodeIgniter\Boot::runCodeIgniter(Object(CodeIgniter\CodeIgniter))
11 FCPATH\index.php(56): CodeIgniter\Boot::bootWeb(Object(Config\Paths))
CRITICAL - 2025-07-22 11:12:01 --> [Caused by] mysqli_sql_exception: Unknown column '$b2b_active' in 'field list'
in SYSTEMPATH\Database\MySQLi\Connection.php on line 312.
 1 SYSTEMPATH\Database\MySQLi\Connection.php(312): mysqli->query('INSERT INTO `khm_obj_hotel_room_category` (`room_category_id`, `hotel_id`, `hotel_room_category_name`, `$b2b_active`, `$b2c_active`, `enterprise_id`) VALUES (\'1687\', \'737\', \'\', \'1\', \'1\', 1)', 0)
 2 SYSTEMPATH\Database\BaseConnection.php(734): CodeIgniter\Database\MySQLi\Connection->execute('INSERT INTO `khm_obj_hotel_room_category` (`room_category_id`, `hotel_id`, `hotel_room_category_name`, `$b2b_active`, `$b2c_active`, `enterprise_id`) VALUES (\'1687\', \'737\', \'\', \'1\', \'1\', 1)')
 3 SYSTEMPATH\Database\BaseConnection.php(648): CodeIgniter\Database\BaseConnection->simpleQuery('INSERT INTO `khm_obj_hotel_room_category` (`room_category_id`, `hotel_id`, `hotel_room_category_name`, `$b2b_active`, `$b2c_active`, `enterprise_id`) VALUES (\'1687\', \'737\', \'\', \'1\', \'1\', 1)')
 4 SYSTEMPATH\Database\BaseBuilder.php(2340): CodeIgniter\Database\BaseConnection->query('INSERT INTO `khm_obj_hotel_room_category` (`room_category_id`, `hotel_id`, `hotel_room_category_name`, `$b2b_active`, `$b2c_active`, `enterprise_id`) VALUES (:room_category_id:, :hotel_id:, :hotel_room_category_name:, :$b2b_active:, :$b2c_active:, :enterprise_id:)', [...], false)
 5 APPPATH\Models\Dashboard_m.php(1466): CodeIgniter\Database\BaseBuilder->insert([...])
 6 APPPATH\Controllers\Dashboard.php(2957): App\Models\Dashboard_m->insert_new_rc([...])
 7 SYSTEMPATH\CodeIgniter.php(933): App\Controllers\Dashboard->addnewRoomCategory()
 8 SYSTEMPATH\CodeIgniter.php(509): CodeIgniter\CodeIgniter->runController(Object(App\Controllers\Dashboard))
 9 SYSTEMPATH\CodeIgniter.php(355): CodeIgniter\CodeIgniter->handleRequest(null, Object(Config\Cache), false)
10 SYSTEMPATH\Boot.php(334): CodeIgniter\CodeIgniter->run()
11 SYSTEMPATH\Boot.php(67): CodeIgniter\Boot::runCodeIgniter(Object(CodeIgniter\CodeIgniter))
12 FCPATH\index.php(56): CodeIgniter\Boot::bootWeb(Object(Config\Paths))
ERROR - 2025-07-22 11:12:03 --> mysqli_sql_exception: Unknown column '$b2b_active' in 'field list' in C:\wamp64\www\khm\system\Database\MySQLi\Connection.php:312
Stack trace:
#0 C:\wamp64\www\khm\system\Database\MySQLi\Connection.php(312): mysqli->query('INSERT INTO `kh...', 0)
#1 C:\wamp64\www\khm\system\Database\BaseConnection.php(734): CodeIgniter\Database\MySQLi\Connection->execute('INSERT INTO `kh...')
#2 C:\wamp64\www\khm\system\Database\BaseConnection.php(648): CodeIgniter\Database\BaseConnection->simpleQuery('INSERT INTO `kh...')
#3 C:\wamp64\www\khm\system\Database\BaseBuilder.php(2340): CodeIgniter\Database\BaseConnection->query('INSERT INTO `kh...', Array, false)
#4 C:\wamp64\www\khm\app\Models\Dashboard_m.php(1466): CodeIgniter\Database\BaseBuilder->insert(Array)
#5 C:\wamp64\www\khm\app\Controllers\Dashboard.php(2957): App\Models\Dashboard_m->insert_new_rc(Array)
#6 C:\wamp64\www\khm\system\CodeIgniter.php(933): App\Controllers\Dashboard->addnewRoomCategory()
#7 C:\wamp64\www\khm\system\CodeIgniter.php(509): CodeIgniter\CodeIgniter->runController(Object(App\Controllers\Dashboard))
#8 C:\wamp64\www\khm\system\CodeIgniter.php(355): CodeIgniter\CodeIgniter->handleRequest(NULL, Object(Config\Cache), false)
#9 C:\wamp64\www\khm\system\Boot.php(334): CodeIgniter\CodeIgniter->run()
#10 C:\wamp64\www\khm\system\Boot.php(67): CodeIgniter\Boot::runCodeIgniter(Object(CodeIgniter\CodeIgniter))
#11 C:\wamp64\www\khm\public\index.php(56): CodeIgniter\Boot::bootWeb(Object(Config\Paths))
#12 {main}
CRITICAL - 2025-07-22 11:12:03 --> CodeIgniter\Database\Exceptions\DatabaseException: Unknown column '$b2b_active' in 'field list'
[Method: POST, Route: Dashboard/addnewRoomCategory]
in SYSTEMPATH\Database\BaseConnection.php on line 688.
 1 SYSTEMPATH\Database\BaseBuilder.php(2340): CodeIgniter\Database\BaseConnection->query('INSERT INTO `khm_obj_hotel_room_category` (`room_category_id`, `hotel_id`, `hotel_room_category_name`, `$b2b_active`, `$b2c_active`, `enterprise_id`) VALUES (:room_category_id:, :hotel_id:, :hotel_room_category_name:, :$b2b_active:, :$b2c_active:, :enterprise_id:)', [...], false)
 2 APPPATH\Models\Dashboard_m.php(1466): CodeIgniter\Database\BaseBuilder->insert([...])
 3 APPPATH\Controllers\Dashboard.php(2957): App\Models\Dashboard_m->insert_new_rc([...])
 4 SYSTEMPATH\CodeIgniter.php(933): App\Controllers\Dashboard->addnewRoomCategory()
 5 SYSTEMPATH\CodeIgniter.php(509): CodeIgniter\CodeIgniter->runController(Object(App\Controllers\Dashboard))
 6 SYSTEMPATH\CodeIgniter.php(355): CodeIgniter\CodeIgniter->handleRequest(null, Object(Config\Cache), false)
 7 SYSTEMPATH\Boot.php(334): CodeIgniter\CodeIgniter->run()
 8 SYSTEMPATH\Boot.php(67): CodeIgniter\Boot::runCodeIgniter(Object(CodeIgniter\CodeIgniter))
 9 FCPATH\index.php(56): CodeIgniter\Boot::bootWeb(Object(Config\Paths))
CRITICAL - 2025-07-22 11:12:03 --> [Caused by] CodeIgniter\Database\Exceptions\DatabaseException: Unknown column '$b2b_active' in 'field list'
in SYSTEMPATH\Database\MySQLi\Connection.php on line 317.
 1 SYSTEMPATH\Database\BaseConnection.php(734): CodeIgniter\Database\MySQLi\Connection->execute('INSERT INTO `khm_obj_hotel_room_category` (`room_category_id`, `hotel_id`, `hotel_room_category_name`, `$b2b_active`, `$b2c_active`, `enterprise_id`) VALUES (\'1687\', \'737\', \'\', \'1\', \'1\', 1)')
 2 SYSTEMPATH\Database\BaseConnection.php(648): CodeIgniter\Database\BaseConnection->simpleQuery('INSERT INTO `khm_obj_hotel_room_category` (`room_category_id`, `hotel_id`, `hotel_room_category_name`, `$b2b_active`, `$b2c_active`, `enterprise_id`) VALUES (\'1687\', \'737\', \'\', \'1\', \'1\', 1)')
 3 SYSTEMPATH\Database\BaseBuilder.php(2340): CodeIgniter\Database\BaseConnection->query('INSERT INTO `khm_obj_hotel_room_category` (`room_category_id`, `hotel_id`, `hotel_room_category_name`, `$b2b_active`, `$b2c_active`, `enterprise_id`) VALUES (:room_category_id:, :hotel_id:, :hotel_room_category_name:, :$b2b_active:, :$b2c_active:, :enterprise_id:)', [...], false)
 4 APPPATH\Models\Dashboard_m.php(1466): CodeIgniter\Database\BaseBuilder->insert([...])
 5 APPPATH\Controllers\Dashboard.php(2957): App\Models\Dashboard_m->insert_new_rc([...])
 6 SYSTEMPATH\CodeIgniter.php(933): App\Controllers\Dashboard->addnewRoomCategory()
 7 SYSTEMPATH\CodeIgniter.php(509): CodeIgniter\CodeIgniter->runController(Object(App\Controllers\Dashboard))
 8 SYSTEMPATH\CodeIgniter.php(355): CodeIgniter\CodeIgniter->handleRequest(null, Object(Config\Cache), false)
 9 SYSTEMPATH\Boot.php(334): CodeIgniter\CodeIgniter->run()
10 SYSTEMPATH\Boot.php(67): CodeIgniter\Boot::runCodeIgniter(Object(CodeIgniter\CodeIgniter))
11 FCPATH\index.php(56): CodeIgniter\Boot::bootWeb(Object(Config\Paths))
CRITICAL - 2025-07-22 11:12:03 --> [Caused by] mysqli_sql_exception: Unknown column '$b2b_active' in 'field list'
in SYSTEMPATH\Database\MySQLi\Connection.php on line 312.
 1 SYSTEMPATH\Database\MySQLi\Connection.php(312): mysqli->query('INSERT INTO `khm_obj_hotel_room_category` (`room_category_id`, `hotel_id`, `hotel_room_category_name`, `$b2b_active`, `$b2c_active`, `enterprise_id`) VALUES (\'1687\', \'737\', \'\', \'1\', \'1\', 1)', 0)
 2 SYSTEMPATH\Database\BaseConnection.php(734): CodeIgniter\Database\MySQLi\Connection->execute('INSERT INTO `khm_obj_hotel_room_category` (`room_category_id`, `hotel_id`, `hotel_room_category_name`, `$b2b_active`, `$b2c_active`, `enterprise_id`) VALUES (\'1687\', \'737\', \'\', \'1\', \'1\', 1)')
 3 SYSTEMPATH\Database\BaseConnection.php(648): CodeIgniter\Database\BaseConnection->simpleQuery('INSERT INTO `khm_obj_hotel_room_category` (`room_category_id`, `hotel_id`, `hotel_room_category_name`, `$b2b_active`, `$b2c_active`, `enterprise_id`) VALUES (\'1687\', \'737\', \'\', \'1\', \'1\', 1)')
 4 SYSTEMPATH\Database\BaseBuilder.php(2340): CodeIgniter\Database\BaseConnection->query('INSERT INTO `khm_obj_hotel_room_category` (`room_category_id`, `hotel_id`, `hotel_room_category_name`, `$b2b_active`, `$b2c_active`, `enterprise_id`) VALUES (:room_category_id:, :hotel_id:, :hotel_room_category_name:, :$b2b_active:, :$b2c_active:, :enterprise_id:)', [...], false)
 5 APPPATH\Models\Dashboard_m.php(1466): CodeIgniter\Database\BaseBuilder->insert([...])
 6 APPPATH\Controllers\Dashboard.php(2957): App\Models\Dashboard_m->insert_new_rc([...])
 7 SYSTEMPATH\CodeIgniter.php(933): App\Controllers\Dashboard->addnewRoomCategory()
 8 SYSTEMPATH\CodeIgniter.php(509): CodeIgniter\CodeIgniter->runController(Object(App\Controllers\Dashboard))
 9 SYSTEMPATH\CodeIgniter.php(355): CodeIgniter\CodeIgniter->handleRequest(null, Object(Config\Cache), false)
10 SYSTEMPATH\Boot.php(334): CodeIgniter\CodeIgniter->run()
11 SYSTEMPATH\Boot.php(67): CodeIgniter\Boot::runCodeIgniter(Object(CodeIgniter\CodeIgniter))
12 FCPATH\index.php(56): CodeIgniter\Boot::bootWeb(Object(Config\Paths))
