ERROR - 2025-05-09 07:00:31 --> mysqli_sql_exception: Unknown column 'dr.deleted' in 'where clause' in C:\wamp64\www\khm\system\Database\MySQLi\Connection.php:312
Stack trace:
#0 C:\wamp64\www\khm\system\Database\MySQLi\Connection.php(312): mysqli->query('SELECT `ed`.`en...', 0)
#1 C:\wamp64\www\khm\system\Database\BaseConnection.php(734): CodeIgniter\Database\MySQLi\Connection->execute('SELECT `ed`.`en...')
#2 C:\wamp64\www\khm\system\Database\BaseConnection.php(648): CodeIgniter\Database\BaseConnection->simpleQuery('SELECT `ed`.`en...')
#3 C:\wamp64\www\khm\system\Database\BaseBuilder.php(1644): CodeIgniter\Database\BaseConnection->query('SELECT `ed`.`en...', Array, false)
#4 C:\wamp64\www\khm\app\Models\SourceReportModel.php(54): CodeIgniter\Database\BaseBuilder->get()
#5 C:\wamp64\www\khm\app\Controllers\SourceReport.php(90): App\Models\SourceReportModel->getByDateRange('2015-11-04 00:0...', '2025-05-10 00:0...')
#6 C:\wamp64\www\khm\system\CodeIgniter.php(933): App\Controllers\SourceReport->data()
#7 C:\wamp64\www\khm\system\CodeIgniter.php(509): CodeIgniter\CodeIgniter->runController(Object(App\Controllers\SourceReport))
#8 C:\wamp64\www\khm\system\CodeIgniter.php(355): CodeIgniter\CodeIgniter->handleRequest(NULL, Object(Config\Cache), false)
#9 C:\wamp64\www\khm\system\Boot.php(334): CodeIgniter\CodeIgniter->run()
#10 C:\wamp64\www\khm\system\Boot.php(67): CodeIgniter\Boot::runCodeIgniter(Object(CodeIgniter\CodeIgniter))
#11 C:\wamp64\www\khm\public\index.php(56): CodeIgniter\Boot::bootWeb(Object(Config\Paths))
#12 {main}
CRITICAL - 2025-05-09 07:00:31 --> CodeIgniter\Database\Exceptions\DatabaseException: Unknown column 'dr.deleted' in 'where clause'
[Method: GET, Route: SourceReport/data]
in SYSTEMPATH\Database\BaseConnection.php on line 688.
 1 SYSTEMPATH\Database\BaseBuilder.php(1644): CodeIgniter\Database\BaseConnection->query('SELECT `ed`.`enquiry_header_id`, `ed`.`enquiry_source`, `ed`.`date_of_tour_start`, `ed`.`total_no_of_pax`, `ed`.`enq_description`, `om`.`object_name`, `eh`.`enq_added_date`
FROM `khm_obj_enquiry_details` AS `ed`
LEFT JOIN `khm_obj_enquiry_header` AS `eh` ON `eh`.`enquiry_header_id` = `dr`.`enquiry_header_id`
LEFT JOIN `khm_obj_mst` AS `om` ON `om`.`object_id` = `eh`.`object_id`
WHERE `dr`.`deleted` = :dr.deleted:
AND `eh`.`enq_added_date` >= :eh.enq_added_date:
AND `eh`.`enq_added_date` < :eh.enq_added_date.1:
ORDER BY `ed`.`enquiry_details_id` DESC', [...], false)
 2 APPPATH\Models\SourceReportModel.php(54): CodeIgniter\Database\BaseBuilder->get()
 3 APPPATH\Controllers\SourceReport.php(90): App\Models\SourceReportModel->getByDateRange('2015-11-04 00:00:00', '2025-05-10 00:00:00')
 4 SYSTEMPATH\CodeIgniter.php(933): App\Controllers\SourceReport->data()
 5 SYSTEMPATH\CodeIgniter.php(509): CodeIgniter\CodeIgniter->runController(Object(App\Controllers\SourceReport))
 6 SYSTEMPATH\CodeIgniter.php(355): CodeIgniter\CodeIgniter->handleRequest(null, Object(Config\Cache), false)
 7 SYSTEMPATH\Boot.php(334): CodeIgniter\CodeIgniter->run()
 8 SYSTEMPATH\Boot.php(67): CodeIgniter\Boot::runCodeIgniter(Object(CodeIgniter\CodeIgniter))
 9 FCPATH\index.php(56): CodeIgniter\Boot::bootWeb(Object(Config\Paths))
CRITICAL - 2025-05-09 07:00:31 --> [Caused by] CodeIgniter\Database\Exceptions\DatabaseException: Unknown column 'dr.deleted' in 'where clause'
in SYSTEMPATH\Database\MySQLi\Connection.php on line 317.
 1 SYSTEMPATH\Database\BaseConnection.php(734): CodeIgniter\Database\MySQLi\Connection->execute('SELECT `ed`.`enquiry_header_id`, `ed`.`enquiry_source`, `ed`.`date_of_tour_start`, `ed`.`total_no_of_pax`, `ed`.`enq_description`, `om`.`object_name`, `eh`.`enq_added_date`
FROM `khm_obj_enquiry_details` AS `ed`
LEFT JOIN `khm_obj_enquiry_header` AS `eh` ON `eh`.`enquiry_header_id` = `dr`.`enquiry_header_id`
LEFT JOIN `khm_obj_mst` AS `om` ON `om`.`object_id` = `eh`.`object_id`
WHERE `dr`.`deleted` = 0
AND `eh`.`enq_added_date` >= \'2015-11-04 00:00:00\'
AND `eh`.`enq_added_date` < \'2025-05-10 00:00:00\'
ORDER BY `ed`.`enquiry_details_id` DESC')
 2 SYSTEMPATH\Database\BaseConnection.php(648): CodeIgniter\Database\BaseConnection->simpleQuery('SELECT `ed`.`enquiry_header_id`, `ed`.`enquiry_source`, `ed`.`date_of_tour_start`, `ed`.`total_no_of_pax`, `ed`.`enq_description`, `om`.`object_name`, `eh`.`enq_added_date`
FROM `khm_obj_enquiry_details` AS `ed`
LEFT JOIN `khm_obj_enquiry_header` AS `eh` ON `eh`.`enquiry_header_id` = `dr`.`enquiry_header_id`
LEFT JOIN `khm_obj_mst` AS `om` ON `om`.`object_id` = `eh`.`object_id`
WHERE `dr`.`deleted` = 0
AND `eh`.`enq_added_date` >= \'2015-11-04 00:00:00\'
AND `eh`.`enq_added_date` < \'2025-05-10 00:00:00\'
ORDER BY `ed`.`enquiry_details_id` DESC')
 3 SYSTEMPATH\Database\BaseBuilder.php(1644): CodeIgniter\Database\BaseConnection->query('SELECT `ed`.`enquiry_header_id`, `ed`.`enquiry_source`, `ed`.`date_of_tour_start`, `ed`.`total_no_of_pax`, `ed`.`enq_description`, `om`.`object_name`, `eh`.`enq_added_date`
FROM `khm_obj_enquiry_details` AS `ed`
LEFT JOIN `khm_obj_enquiry_header` AS `eh` ON `eh`.`enquiry_header_id` = `dr`.`enquiry_header_id`
LEFT JOIN `khm_obj_mst` AS `om` ON `om`.`object_id` = `eh`.`object_id`
WHERE `dr`.`deleted` = :dr.deleted:
AND `eh`.`enq_added_date` >= :eh.enq_added_date:
AND `eh`.`enq_added_date` < :eh.enq_added_date.1:
ORDER BY `ed`.`enquiry_details_id` DESC', [...], false)
 4 APPPATH\Models\SourceReportModel.php(54): CodeIgniter\Database\BaseBuilder->get()
 5 APPPATH\Controllers\SourceReport.php(90): App\Models\SourceReportModel->getByDateRange('2015-11-04 00:00:00', '2025-05-10 00:00:00')
 6 SYSTEMPATH\CodeIgniter.php(933): App\Controllers\SourceReport->data()
 7 SYSTEMPATH\CodeIgniter.php(509): CodeIgniter\CodeIgniter->runController(Object(App\Controllers\SourceReport))
 8 SYSTEMPATH\CodeIgniter.php(355): CodeIgniter\CodeIgniter->handleRequest(null, Object(Config\Cache), false)
 9 SYSTEMPATH\Boot.php(334): CodeIgniter\CodeIgniter->run()
10 SYSTEMPATH\Boot.php(67): CodeIgniter\Boot::runCodeIgniter(Object(CodeIgniter\CodeIgniter))
11 FCPATH\index.php(56): CodeIgniter\Boot::bootWeb(Object(Config\Paths))
CRITICAL - 2025-05-09 07:00:31 --> [Caused by] mysqli_sql_exception: Unknown column 'dr.deleted' in 'where clause'
in SYSTEMPATH\Database\MySQLi\Connection.php on line 312.
 1 SYSTEMPATH\Database\MySQLi\Connection.php(312): mysqli->query('SELECT `ed`.`enquiry_header_id`, `ed`.`enquiry_source`, `ed`.`date_of_tour_start`, `ed`.`total_no_of_pax`, `ed`.`enq_description`, `om`.`object_name`, `eh`.`enq_added_date`
FROM `khm_obj_enquiry_details` AS `ed`
LEFT JOIN `khm_obj_enquiry_header` AS `eh` ON `eh`.`enquiry_header_id` = `dr`.`enquiry_header_id`
LEFT JOIN `khm_obj_mst` AS `om` ON `om`.`object_id` = `eh`.`object_id`
WHERE `dr`.`deleted` = 0
AND `eh`.`enq_added_date` >= \'2015-11-04 00:00:00\'
AND `eh`.`enq_added_date` < \'2025-05-10 00:00:00\'
ORDER BY `ed`.`enquiry_details_id` DESC', 0)
 2 SYSTEMPATH\Database\BaseConnection.php(734): CodeIgniter\Database\MySQLi\Connection->execute('SELECT `ed`.`enquiry_header_id`, `ed`.`enquiry_source`, `ed`.`date_of_tour_start`, `ed`.`total_no_of_pax`, `ed`.`enq_description`, `om`.`object_name`, `eh`.`enq_added_date`
FROM `khm_obj_enquiry_details` AS `ed`
LEFT JOIN `khm_obj_enquiry_header` AS `eh` ON `eh`.`enquiry_header_id` = `dr`.`enquiry_header_id`
LEFT JOIN `khm_obj_mst` AS `om` ON `om`.`object_id` = `eh`.`object_id`
WHERE `dr`.`deleted` = 0
AND `eh`.`enq_added_date` >= \'2015-11-04 00:00:00\'
AND `eh`.`enq_added_date` < \'2025-05-10 00:00:00\'
ORDER BY `ed`.`enquiry_details_id` DESC')
 3 SYSTEMPATH\Database\BaseConnection.php(648): CodeIgniter\Database\BaseConnection->simpleQuery('SELECT `ed`.`enquiry_header_id`, `ed`.`enquiry_source`, `ed`.`date_of_tour_start`, `ed`.`total_no_of_pax`, `ed`.`enq_description`, `om`.`object_name`, `eh`.`enq_added_date`
FROM `khm_obj_enquiry_details` AS `ed`
LEFT JOIN `khm_obj_enquiry_header` AS `eh` ON `eh`.`enquiry_header_id` = `dr`.`enquiry_header_id`
LEFT JOIN `khm_obj_mst` AS `om` ON `om`.`object_id` = `eh`.`object_id`
WHERE `dr`.`deleted` = 0
AND `eh`.`enq_added_date` >= \'2015-11-04 00:00:00\'
AND `eh`.`enq_added_date` < \'2025-05-10 00:00:00\'
ORDER BY `ed`.`enquiry_details_id` DESC')
 4 SYSTEMPATH\Database\BaseBuilder.php(1644): CodeIgniter\Database\BaseConnection->query('SELECT `ed`.`enquiry_header_id`, `ed`.`enquiry_source`, `ed`.`date_of_tour_start`, `ed`.`total_no_of_pax`, `ed`.`enq_description`, `om`.`object_name`, `eh`.`enq_added_date`
FROM `khm_obj_enquiry_details` AS `ed`
LEFT JOIN `khm_obj_enquiry_header` AS `eh` ON `eh`.`enquiry_header_id` = `dr`.`enquiry_header_id`
LEFT JOIN `khm_obj_mst` AS `om` ON `om`.`object_id` = `eh`.`object_id`
WHERE `dr`.`deleted` = :dr.deleted:
AND `eh`.`enq_added_date` >= :eh.enq_added_date:
AND `eh`.`enq_added_date` < :eh.enq_added_date.1:
ORDER BY `ed`.`enquiry_details_id` DESC', [...], false)
 5 APPPATH\Models\SourceReportModel.php(54): CodeIgniter\Database\BaseBuilder->get()
 6 APPPATH\Controllers\SourceReport.php(90): App\Models\SourceReportModel->getByDateRange('2015-11-04 00:00:00', '2025-05-10 00:00:00')
 7 SYSTEMPATH\CodeIgniter.php(933): App\Controllers\SourceReport->data()
 8 SYSTEMPATH\CodeIgniter.php(509): CodeIgniter\CodeIgniter->runController(Object(App\Controllers\SourceReport))
 9 SYSTEMPATH\CodeIgniter.php(355): CodeIgniter\CodeIgniter->handleRequest(null, Object(Config\Cache), false)
10 SYSTEMPATH\Boot.php(334): CodeIgniter\CodeIgniter->run()
11 SYSTEMPATH\Boot.php(67): CodeIgniter\Boot::runCodeIgniter(Object(CodeIgniter\CodeIgniter))
12 FCPATH\index.php(56): CodeIgniter\Boot::bootWeb(Object(Config\Paths))
ERROR - 2025-05-09 07:02:14 --> mysqli_sql_exception: Unknown column 'dr.enquiry_header_id' in 'on clause' in C:\wamp64\www\khm\system\Database\MySQLi\Connection.php:312
Stack trace:
#0 C:\wamp64\www\khm\system\Database\MySQLi\Connection.php(312): mysqli->query('SELECT `ed`.`en...', 0)
#1 C:\wamp64\www\khm\system\Database\BaseConnection.php(734): CodeIgniter\Database\MySQLi\Connection->execute('SELECT `ed`.`en...')
#2 C:\wamp64\www\khm\system\Database\BaseConnection.php(648): CodeIgniter\Database\BaseConnection->simpleQuery('SELECT `ed`.`en...')
#3 C:\wamp64\www\khm\system\Database\BaseBuilder.php(1644): CodeIgniter\Database\BaseConnection->query('SELECT `ed`.`en...', Array, false)
#4 C:\wamp64\www\khm\app\Models\SourceReportModel.php(54): CodeIgniter\Database\BaseBuilder->get()
#5 C:\wamp64\www\khm\app\Controllers\SourceReport.php(90): App\Models\SourceReportModel->getByDateRange('2015-11-04 00:0...', '2025-05-10 00:0...')
#6 C:\wamp64\www\khm\system\CodeIgniter.php(933): App\Controllers\SourceReport->data()
#7 C:\wamp64\www\khm\system\CodeIgniter.php(509): CodeIgniter\CodeIgniter->runController(Object(App\Controllers\SourceReport))
#8 C:\wamp64\www\khm\system\CodeIgniter.php(355): CodeIgniter\CodeIgniter->handleRequest(NULL, Object(Config\Cache), false)
#9 C:\wamp64\www\khm\system\Boot.php(334): CodeIgniter\CodeIgniter->run()
#10 C:\wamp64\www\khm\system\Boot.php(67): CodeIgniter\Boot::runCodeIgniter(Object(CodeIgniter\CodeIgniter))
#11 C:\wamp64\www\khm\public\index.php(56): CodeIgniter\Boot::bootWeb(Object(Config\Paths))
#12 {main}
CRITICAL - 2025-05-09 07:02:14 --> CodeIgniter\Database\Exceptions\DatabaseException: Unknown column 'dr.enquiry_header_id' in 'on clause'
[Method: GET, Route: SourceReport/data]
in SYSTEMPATH\Database\BaseConnection.php on line 688.
 1 SYSTEMPATH\Database\BaseBuilder.php(1644): CodeIgniter\Database\BaseConnection->query('SELECT `ed`.`enquiry_header_id`, `ed`.`enquiry_source`, `ed`.`date_of_tour_start`, `ed`.`total_no_of_pax`, `ed`.`enq_description`, `om`.`object_name`, `eh`.`enq_added_date`
FROM `khm_obj_enquiry_details` AS `ed`
LEFT JOIN `khm_obj_enquiry_header` AS `eh` ON `eh`.`enquiry_header_id` = `dr`.`enquiry_header_id`
LEFT JOIN `khm_obj_mst` AS `om` ON `om`.`object_id` = `eh`.`object_id`
WHERE `eh`.`enq_added_date` >= :eh.enq_added_date:
AND `eh`.`enq_added_date` < :eh.enq_added_date.1:
ORDER BY `ed`.`enquiry_details_id` DESC', [...], false)
 2 APPPATH\Models\SourceReportModel.php(54): CodeIgniter\Database\BaseBuilder->get()
 3 APPPATH\Controllers\SourceReport.php(90): App\Models\SourceReportModel->getByDateRange('2015-11-04 00:00:00', '2025-05-10 00:00:00')
 4 SYSTEMPATH\CodeIgniter.php(933): App\Controllers\SourceReport->data()
 5 SYSTEMPATH\CodeIgniter.php(509): CodeIgniter\CodeIgniter->runController(Object(App\Controllers\SourceReport))
 6 SYSTEMPATH\CodeIgniter.php(355): CodeIgniter\CodeIgniter->handleRequest(null, Object(Config\Cache), false)
 7 SYSTEMPATH\Boot.php(334): CodeIgniter\CodeIgniter->run()
 8 SYSTEMPATH\Boot.php(67): CodeIgniter\Boot::runCodeIgniter(Object(CodeIgniter\CodeIgniter))
 9 FCPATH\index.php(56): CodeIgniter\Boot::bootWeb(Object(Config\Paths))
CRITICAL - 2025-05-09 07:02:14 --> [Caused by] CodeIgniter\Database\Exceptions\DatabaseException: Unknown column 'dr.enquiry_header_id' in 'on clause'
in SYSTEMPATH\Database\MySQLi\Connection.php on line 317.
 1 SYSTEMPATH\Database\BaseConnection.php(734): CodeIgniter\Database\MySQLi\Connection->execute('SELECT `ed`.`enquiry_header_id`, `ed`.`enquiry_source`, `ed`.`date_of_tour_start`, `ed`.`total_no_of_pax`, `ed`.`enq_description`, `om`.`object_name`, `eh`.`enq_added_date`
FROM `khm_obj_enquiry_details` AS `ed`
LEFT JOIN `khm_obj_enquiry_header` AS `eh` ON `eh`.`enquiry_header_id` = `dr`.`enquiry_header_id`
LEFT JOIN `khm_obj_mst` AS `om` ON `om`.`object_id` = `eh`.`object_id`
WHERE `eh`.`enq_added_date` >= \'2015-11-04 00:00:00\'
AND `eh`.`enq_added_date` < \'2025-05-10 00:00:00\'
ORDER BY `ed`.`enquiry_details_id` DESC')
 2 SYSTEMPATH\Database\BaseConnection.php(648): CodeIgniter\Database\BaseConnection->simpleQuery('SELECT `ed`.`enquiry_header_id`, `ed`.`enquiry_source`, `ed`.`date_of_tour_start`, `ed`.`total_no_of_pax`, `ed`.`enq_description`, `om`.`object_name`, `eh`.`enq_added_date`
FROM `khm_obj_enquiry_details` AS `ed`
LEFT JOIN `khm_obj_enquiry_header` AS `eh` ON `eh`.`enquiry_header_id` = `dr`.`enquiry_header_id`
LEFT JOIN `khm_obj_mst` AS `om` ON `om`.`object_id` = `eh`.`object_id`
WHERE `eh`.`enq_added_date` >= \'2015-11-04 00:00:00\'
AND `eh`.`enq_added_date` < \'2025-05-10 00:00:00\'
ORDER BY `ed`.`enquiry_details_id` DESC')
 3 SYSTEMPATH\Database\BaseBuilder.php(1644): CodeIgniter\Database\BaseConnection->query('SELECT `ed`.`enquiry_header_id`, `ed`.`enquiry_source`, `ed`.`date_of_tour_start`, `ed`.`total_no_of_pax`, `ed`.`enq_description`, `om`.`object_name`, `eh`.`enq_added_date`
FROM `khm_obj_enquiry_details` AS `ed`
LEFT JOIN `khm_obj_enquiry_header` AS `eh` ON `eh`.`enquiry_header_id` = `dr`.`enquiry_header_id`
LEFT JOIN `khm_obj_mst` AS `om` ON `om`.`object_id` = `eh`.`object_id`
WHERE `eh`.`enq_added_date` >= :eh.enq_added_date:
AND `eh`.`enq_added_date` < :eh.enq_added_date.1:
ORDER BY `ed`.`enquiry_details_id` DESC', [...], false)
 4 APPPATH\Models\SourceReportModel.php(54): CodeIgniter\Database\BaseBuilder->get()
 5 APPPATH\Controllers\SourceReport.php(90): App\Models\SourceReportModel->getByDateRange('2015-11-04 00:00:00', '2025-05-10 00:00:00')
 6 SYSTEMPATH\CodeIgniter.php(933): App\Controllers\SourceReport->data()
 7 SYSTEMPATH\CodeIgniter.php(509): CodeIgniter\CodeIgniter->runController(Object(App\Controllers\SourceReport))
 8 SYSTEMPATH\CodeIgniter.php(355): CodeIgniter\CodeIgniter->handleRequest(null, Object(Config\Cache), false)
 9 SYSTEMPATH\Boot.php(334): CodeIgniter\CodeIgniter->run()
10 SYSTEMPATH\Boot.php(67): CodeIgniter\Boot::runCodeIgniter(Object(CodeIgniter\CodeIgniter))
11 FCPATH\index.php(56): CodeIgniter\Boot::bootWeb(Object(Config\Paths))
CRITICAL - 2025-05-09 07:02:14 --> [Caused by] mysqli_sql_exception: Unknown column 'dr.enquiry_header_id' in 'on clause'
in SYSTEMPATH\Database\MySQLi\Connection.php on line 312.
 1 SYSTEMPATH\Database\MySQLi\Connection.php(312): mysqli->query('SELECT `ed`.`enquiry_header_id`, `ed`.`enquiry_source`, `ed`.`date_of_tour_start`, `ed`.`total_no_of_pax`, `ed`.`enq_description`, `om`.`object_name`, `eh`.`enq_added_date`
FROM `khm_obj_enquiry_details` AS `ed`
LEFT JOIN `khm_obj_enquiry_header` AS `eh` ON `eh`.`enquiry_header_id` = `dr`.`enquiry_header_id`
LEFT JOIN `khm_obj_mst` AS `om` ON `om`.`object_id` = `eh`.`object_id`
WHERE `eh`.`enq_added_date` >= \'2015-11-04 00:00:00\'
AND `eh`.`enq_added_date` < \'2025-05-10 00:00:00\'
ORDER BY `ed`.`enquiry_details_id` DESC', 0)
 2 SYSTEMPATH\Database\BaseConnection.php(734): CodeIgniter\Database\MySQLi\Connection->execute('SELECT `ed`.`enquiry_header_id`, `ed`.`enquiry_source`, `ed`.`date_of_tour_start`, `ed`.`total_no_of_pax`, `ed`.`enq_description`, `om`.`object_name`, `eh`.`enq_added_date`
FROM `khm_obj_enquiry_details` AS `ed`
LEFT JOIN `khm_obj_enquiry_header` AS `eh` ON `eh`.`enquiry_header_id` = `dr`.`enquiry_header_id`
LEFT JOIN `khm_obj_mst` AS `om` ON `om`.`object_id` = `eh`.`object_id`
WHERE `eh`.`enq_added_date` >= \'2015-11-04 00:00:00\'
AND `eh`.`enq_added_date` < \'2025-05-10 00:00:00\'
ORDER BY `ed`.`enquiry_details_id` DESC')
 3 SYSTEMPATH\Database\BaseConnection.php(648): CodeIgniter\Database\BaseConnection->simpleQuery('SELECT `ed`.`enquiry_header_id`, `ed`.`enquiry_source`, `ed`.`date_of_tour_start`, `ed`.`total_no_of_pax`, `ed`.`enq_description`, `om`.`object_name`, `eh`.`enq_added_date`
FROM `khm_obj_enquiry_details` AS `ed`
LEFT JOIN `khm_obj_enquiry_header` AS `eh` ON `eh`.`enquiry_header_id` = `dr`.`enquiry_header_id`
LEFT JOIN `khm_obj_mst` AS `om` ON `om`.`object_id` = `eh`.`object_id`
WHERE `eh`.`enq_added_date` >= \'2015-11-04 00:00:00\'
AND `eh`.`enq_added_date` < \'2025-05-10 00:00:00\'
ORDER BY `ed`.`enquiry_details_id` DESC')
 4 SYSTEMPATH\Database\BaseBuilder.php(1644): CodeIgniter\Database\BaseConnection->query('SELECT `ed`.`enquiry_header_id`, `ed`.`enquiry_source`, `ed`.`date_of_tour_start`, `ed`.`total_no_of_pax`, `ed`.`enq_description`, `om`.`object_name`, `eh`.`enq_added_date`
FROM `khm_obj_enquiry_details` AS `ed`
LEFT JOIN `khm_obj_enquiry_header` AS `eh` ON `eh`.`enquiry_header_id` = `dr`.`enquiry_header_id`
LEFT JOIN `khm_obj_mst` AS `om` ON `om`.`object_id` = `eh`.`object_id`
WHERE `eh`.`enq_added_date` >= :eh.enq_added_date:
AND `eh`.`enq_added_date` < :eh.enq_added_date.1:
ORDER BY `ed`.`enquiry_details_id` DESC', [...], false)
 5 APPPATH\Models\SourceReportModel.php(54): CodeIgniter\Database\BaseBuilder->get()
 6 APPPATH\Controllers\SourceReport.php(90): App\Models\SourceReportModel->getByDateRange('2015-11-04 00:00:00', '2025-05-10 00:00:00')
 7 SYSTEMPATH\CodeIgniter.php(933): App\Controllers\SourceReport->data()
 8 SYSTEMPATH\CodeIgniter.php(509): CodeIgniter\CodeIgniter->runController(Object(App\Controllers\SourceReport))
 9 SYSTEMPATH\CodeIgniter.php(355): CodeIgniter\CodeIgniter->handleRequest(null, Object(Config\Cache), false)
10 SYSTEMPATH\Boot.php(334): CodeIgniter\CodeIgniter->run()
11 SYSTEMPATH\Boot.php(67): CodeIgniter\Boot::runCodeIgniter(Object(CodeIgniter\CodeIgniter))
12 FCPATH\index.php(56): CodeIgniter\Boot::bootWeb(Object(Config\Paths))
