CRITICAL - 2025-10-15 11:05:36 --> ErrorException: Undefined variable $system_id
[Method: GET, Route: dashboard/view_tariff/2536]
in APPPATH\Views\dashboard\tariff_generation.php on line 2266.
 1 APPPATH\Views\dashboard\tariff_generation.php(2266): CodeIgniter\Debug\Exceptions->errorHandler(2, 'Undefined variable $system_id', 'C:\\wamp64\\www\\khm\\app\\Views\\dashboard\\tariff_generation.php', 2266)
 2 SYSTEMPATH\View\View.php(234): include('C:\\wamp64\\www\\khm\\app\\Views\\dashboard\\tariff_generation.php')
 3 SYSTEMPATH\View\View.php(237): CodeIgniter\View\View->CodeIgniter\View\{closure}()
 4 SYSTEMPATH\Common.php(1171): CodeIgniter\View\View->render('dashboard/tariff_generation', [], true)
 5 APPPATH\Controllers\Dashboard.php(549): view('dashboard/tariff_generation', [...])
 6 SYSTEMPATH\CodeIgniter.php(933): App\Controllers\Dashboard->view_tariff('2536')
 7 SYSTEMPATH\CodeIgniter.php(509): CodeIgniter\CodeIgniter->runController(Object(App\Controllers\Dashboard))
 8 SYSTEMPATH\CodeIgniter.php(355): CodeIgniter\CodeIgniter->handleRequest(null, Object(Config\Cache), false)
 9 SYSTEMPATH\Boot.php(334): CodeIgniter\CodeIgniter->run()
10 SYSTEMPATH\Boot.php(67): CodeIgniter\Boot::runCodeIgniter(Object(CodeIgniter\CodeIgniter))
11 FCPATH\index.php(56): CodeIgniter\Boot::bootWeb(Object(Config\Paths))
CRITICAL - 2025-10-15 11:07:10 --> ErrorException: Undefined variable $system_id
[Method: GET, Route: dashboard/view_tariff/2536]
in APPPATH\Views\dashboard\tariff_generation.php on line 2266.
 1 APPPATH\Views\dashboard\tariff_generation.php(2266): CodeIgniter\Debug\Exceptions->errorHandler(2, 'Undefined variable $system_id', 'C:\\wamp64\\www\\khm\\app\\Views\\dashboard\\tariff_generation.php', 2266)
 2 SYSTEMPATH\View\View.php(234): include('C:\\wamp64\\www\\khm\\app\\Views\\dashboard\\tariff_generation.php')
 3 SYSTEMPATH\View\View.php(237): CodeIgniter\View\View->CodeIgniter\View\{closure}()
 4 SYSTEMPATH\Common.php(1171): CodeIgniter\View\View->render('dashboard/tariff_generation', [], true)
 5 APPPATH\Controllers\Dashboard.php(549): view('dashboard/tariff_generation', [...])
 6 SYSTEMPATH\CodeIgniter.php(933): App\Controllers\Dashboard->view_tariff('2536')
 7 SYSTEMPATH\CodeIgniter.php(509): CodeIgniter\CodeIgniter->runController(Object(App\Controllers\Dashboard))
 8 SYSTEMPATH\CodeIgniter.php(355): CodeIgniter\CodeIgniter->handleRequest(null, Object(Config\Cache), false)
 9 SYSTEMPATH\Boot.php(334): CodeIgniter\CodeIgniter->run()
10 SYSTEMPATH\Boot.php(67): CodeIgniter\Boot::runCodeIgniter(Object(CodeIgniter\CodeIgniter))
11 FCPATH\index.php(56): CodeIgniter\Boot::bootWeb(Object(Config\Paths))
CRITICAL - 2025-10-15 11:08:02 --> ErrorException: Undefined variable $system_id
[Method: GET, Route: dashboard/view_tariff/2536]
in APPPATH\Views\dashboard\tariff_generation.php on line 2266.
 1 APPPATH\Views\dashboard\tariff_generation.php(2266): CodeIgniter\Debug\Exceptions->errorHandler(2, 'Undefined variable $system_id', 'C:\\wamp64\\www\\khm\\app\\Views\\dashboard\\tariff_generation.php', 2266)
 2 SYSTEMPATH\View\View.php(234): include('C:\\wamp64\\www\\khm\\app\\Views\\dashboard\\tariff_generation.php')
 3 SYSTEMPATH\View\View.php(237): CodeIgniter\View\View->CodeIgniter\View\{closure}()
 4 SYSTEMPATH\Common.php(1171): CodeIgniter\View\View->render('dashboard/tariff_generation', [], true)
 5 APPPATH\Controllers\Dashboard.php(549): view('dashboard/tariff_generation', [...])
 6 SYSTEMPATH\CodeIgniter.php(933): App\Controllers\Dashboard->view_tariff('2536')
 7 SYSTEMPATH\CodeIgniter.php(509): CodeIgniter\CodeIgniter->runController(Object(App\Controllers\Dashboard))
 8 SYSTEMPATH\CodeIgniter.php(355): CodeIgniter\CodeIgniter->handleRequest(null, Object(Config\Cache), false)
 9 SYSTEMPATH\Boot.php(334): CodeIgniter\CodeIgniter->run()
10 SYSTEMPATH\Boot.php(67): CodeIgniter\Boot::runCodeIgniter(Object(CodeIgniter\CodeIgniter))
11 FCPATH\index.php(56): CodeIgniter\Boot::bootWeb(Object(Config\Paths))
ERROR - 2025-10-15 11:09:37 --> mysqli_sql_exception: Table 'khm_touracle_db.khm_obj_hotel_room_tariff_season' doesn't exist in C:\wamp64\www\khm\system\Database\MySQLi\Connection.php:312
Stack trace:
#0 C:\wamp64\www\khm\system\Database\MySQLi\Connection.php(312): mysqli->query('SELECT DISTINCT...', 0)
#1 C:\wamp64\www\khm\system\Database\BaseConnection.php(734): CodeIgniter\Database\MySQLi\Connection->execute('SELECT DISTINCT...')
#2 C:\wamp64\www\khm\system\Database\BaseConnection.php(648): CodeIgniter\Database\BaseConnection->simpleQuery('SELECT DISTINCT...')
#3 C:\wamp64\www\khm\system\Database\BaseBuilder.php(1644): CodeIgniter\Database\BaseConnection->query('SELECT DISTINCT...', Array, false)
#4 C:\wamp64\www\khm\app\Models\Dashboard_m.php(2276): CodeIgniter\Database\BaseBuilder->get()
#5 C:\wamp64\www\khm\app\Controllers\Dashboard.php(3275): App\Models\Dashboard_m->get_room_basic_tariff_season_by_sysytem('2536', NULL, '552')
#6 C:\wamp64\www\khm\system\CodeIgniter.php(933): App\Controllers\Dashboard->getRoomfunctionSeason()
#7 C:\wamp64\www\khm\system\CodeIgniter.php(509): CodeIgniter\CodeIgniter->runController(Object(App\Controllers\Dashboard))
#8 C:\wamp64\www\khm\system\CodeIgniter.php(355): CodeIgniter\CodeIgniter->handleRequest(NULL, Object(Config\Cache), false)
#9 C:\wamp64\www\khm\system\Boot.php(334): CodeIgniter\CodeIgniter->run()
#10 C:\wamp64\www\khm\system\Boot.php(67): CodeIgniter\Boot::runCodeIgniter(Object(CodeIgniter\CodeIgniter))
#11 C:\wamp64\www\khm\public\index.php(56): CodeIgniter\Boot::bootWeb(Object(Config\Paths))
#12 {main}
CRITICAL - 2025-10-15 11:09:37 --> CodeIgniter\Database\Exceptions\DatabaseException: Table 'khm_touracle_db.khm_obj_hotel_room_tariff_season' doesn't exist
[Method: POST, Route: Dashboard/getRoomfunctionSeason]
in SYSTEMPATH\Database\BaseConnection.php on line 688.
 1 SYSTEMPATH\Database\BaseBuilder.php(1644): CodeIgniter\Database\BaseConnection->query('SELECT DISTINCT `a`.*, `mp`.`meal_plan_name`, `rc`.`room_category_name`, `rc`.`room_category_id`, `rt`.`room_type_name`, `hrc`.`sort_order`, `mro`.`max_occupancy`
FROM `khm_obj_hotel_room_meal` `a`
LEFT JOIN `khm_obj_room` `r` ON `r`.`room_id` = `a`.`room_id`
LEFT JOIN `khm_obj_mst_room_occupancy` AS `mro` ON `mro`.`occupancy_id` = `r`.`occupancy_id`
LEFT JOIN `khm_obj_hotel` `h` ON `h`.`object_id` = `r`.`object_id`
LEFT JOIN `khm_obj_hotel_room_category` `hrc` ON `hrc`.`hotel_id` = `h`.`hotel_id` AND `hrc`.`room_category_id` = `r`.`room_category_id`
LEFT JOIN `khm_obj_mst_hotel_room_category` `rc` ON `rc`.`room_category_id` = `r`.`room_category_id`
LEFT JOIN `khm_obj_mst_room_type` `rt` ON `rt`.`room_type_id` = `r`.`room_type_id`
LEFT JOIN `khm_obj_meal_plan` `mp` ON `mp`.`meal_plan_id` = `a`.`meal_plan_id`
LEFT JOIN `khm_obj_hotel_room_tariff_season` `ts` ON `ts`.`hotel_room_meal_id` = `a`.`hotel_room_meal_id` AND `ts`.`season_id` = \'552\'
WHERE `r`.`object_id` = :r.object_id:
AND `ts`.`season_id` IS NULL
GROUP BY `a`.`hotel_room_meal_id`
ORDER BY `hrc`.`sort_order` ASC, `a`.`meal_plan_id` ASC', [...], false)
 2 APPPATH\Models\Dashboard_m.php(2276): CodeIgniter\Database\BaseBuilder->get()
 3 APPPATH\Controllers\Dashboard.php(3275): App\Models\Dashboard_m->get_room_basic_tariff_season_by_sysytem('2536', null, '552')
 4 SYSTEMPATH\CodeIgniter.php(933): App\Controllers\Dashboard->getRoomfunctionSeason()
 5 SYSTEMPATH\CodeIgniter.php(509): CodeIgniter\CodeIgniter->runController(Object(App\Controllers\Dashboard))
 6 SYSTEMPATH\CodeIgniter.php(355): CodeIgniter\CodeIgniter->handleRequest(null, Object(Config\Cache), false)
 7 SYSTEMPATH\Boot.php(334): CodeIgniter\CodeIgniter->run()
 8 SYSTEMPATH\Boot.php(67): CodeIgniter\Boot::runCodeIgniter(Object(CodeIgniter\CodeIgniter))
 9 FCPATH\index.php(56): CodeIgniter\Boot::bootWeb(Object(Config\Paths))
CRITICAL - 2025-10-15 11:09:37 --> [Caused by] CodeIgniter\Database\Exceptions\DatabaseException: Table 'khm_touracle_db.khm_obj_hotel_room_tariff_season' doesn't exist
in SYSTEMPATH\Database\MySQLi\Connection.php on line 317.
 1 SYSTEMPATH\Database\BaseConnection.php(734): CodeIgniter\Database\MySQLi\Connection->execute('SELECT DISTINCT `a`.*, `mp`.`meal_plan_name`, `rc`.`room_category_name`, `rc`.`room_category_id`, `rt`.`room_type_name`, `hrc`.`sort_order`, `mro`.`max_occupancy`
FROM `khm_obj_hotel_room_meal` `a`
LEFT JOIN `khm_obj_room` `r` ON `r`.`room_id` = `a`.`room_id`
LEFT JOIN `khm_obj_mst_room_occupancy` AS `mro` ON `mro`.`occupancy_id` = `r`.`occupancy_id`
LEFT JOIN `khm_obj_hotel` `h` ON `h`.`object_id` = `r`.`object_id`
LEFT JOIN `khm_obj_hotel_room_category` `hrc` ON `hrc`.`hotel_id` = `h`.`hotel_id` AND `hrc`.`room_category_id` = `r`.`room_category_id`
LEFT JOIN `khm_obj_mst_hotel_room_category` `rc` ON `rc`.`room_category_id` = `r`.`room_category_id`
LEFT JOIN `khm_obj_mst_room_type` `rt` ON `rt`.`room_type_id` = `r`.`room_type_id`
LEFT JOIN `khm_obj_meal_plan` `mp` ON `mp`.`meal_plan_id` = `a`.`meal_plan_id`
LEFT JOIN `khm_obj_hotel_room_tariff_season` `ts` ON `ts`.`hotel_room_meal_id` = `a`.`hotel_room_meal_id` AND `ts`.`season_id` = \'552\'
WHERE `r`.`object_id` = \'2536\'
AND `ts`.`season_id` IS NULL
GROUP BY `a`.`hotel_room_meal_id`
ORDER BY `hrc`.`sort_order` ASC, `a`.`meal_plan_id` ASC')
 2 SYSTEMPATH\Database\BaseConnection.php(648): CodeIgniter\Database\BaseConnection->simpleQuery('SELECT DISTINCT `a`.*, `mp`.`meal_plan_name`, `rc`.`room_category_name`, `rc`.`room_category_id`, `rt`.`room_type_name`, `hrc`.`sort_order`, `mro`.`max_occupancy`
FROM `khm_obj_hotel_room_meal` `a`
LEFT JOIN `khm_obj_room` `r` ON `r`.`room_id` = `a`.`room_id`
LEFT JOIN `khm_obj_mst_room_occupancy` AS `mro` ON `mro`.`occupancy_id` = `r`.`occupancy_id`
LEFT JOIN `khm_obj_hotel` `h` ON `h`.`object_id` = `r`.`object_id`
LEFT JOIN `khm_obj_hotel_room_category` `hrc` ON `hrc`.`hotel_id` = `h`.`hotel_id` AND `hrc`.`room_category_id` = `r`.`room_category_id`
LEFT JOIN `khm_obj_mst_hotel_room_category` `rc` ON `rc`.`room_category_id` = `r`.`room_category_id`
LEFT JOIN `khm_obj_mst_room_type` `rt` ON `rt`.`room_type_id` = `r`.`room_type_id`
LEFT JOIN `khm_obj_meal_plan` `mp` ON `mp`.`meal_plan_id` = `a`.`meal_plan_id`
LEFT JOIN `khm_obj_hotel_room_tariff_season` `ts` ON `ts`.`hotel_room_meal_id` = `a`.`hotel_room_meal_id` AND `ts`.`season_id` = \'552\'
WHERE `r`.`object_id` = \'2536\'
AND `ts`.`season_id` IS NULL
GROUP BY `a`.`hotel_room_meal_id`
ORDER BY `hrc`.`sort_order` ASC, `a`.`meal_plan_id` ASC')
 3 SYSTEMPATH\Database\BaseBuilder.php(1644): CodeIgniter\Database\BaseConnection->query('SELECT DISTINCT `a`.*, `mp`.`meal_plan_name`, `rc`.`room_category_name`, `rc`.`room_category_id`, `rt`.`room_type_name`, `hrc`.`sort_order`, `mro`.`max_occupancy`
FROM `khm_obj_hotel_room_meal` `a`
LEFT JOIN `khm_obj_room` `r` ON `r`.`room_id` = `a`.`room_id`
LEFT JOIN `khm_obj_mst_room_occupancy` AS `mro` ON `mro`.`occupancy_id` = `r`.`occupancy_id`
LEFT JOIN `khm_obj_hotel` `h` ON `h`.`object_id` = `r`.`object_id`
LEFT JOIN `khm_obj_hotel_room_category` `hrc` ON `hrc`.`hotel_id` = `h`.`hotel_id` AND `hrc`.`room_category_id` = `r`.`room_category_id`
LEFT JOIN `khm_obj_mst_hotel_room_category` `rc` ON `rc`.`room_category_id` = `r`.`room_category_id`
LEFT JOIN `khm_obj_mst_room_type` `rt` ON `rt`.`room_type_id` = `r`.`room_type_id`
LEFT JOIN `khm_obj_meal_plan` `mp` ON `mp`.`meal_plan_id` = `a`.`meal_plan_id`
LEFT JOIN `khm_obj_hotel_room_tariff_season` `ts` ON `ts`.`hotel_room_meal_id` = `a`.`hotel_room_meal_id` AND `ts`.`season_id` = \'552\'
WHERE `r`.`object_id` = :r.object_id:
AND `ts`.`season_id` IS NULL
GROUP BY `a`.`hotel_room_meal_id`
ORDER BY `hrc`.`sort_order` ASC, `a`.`meal_plan_id` ASC', [...], false)
 4 APPPATH\Models\Dashboard_m.php(2276): CodeIgniter\Database\BaseBuilder->get()
 5 APPPATH\Controllers\Dashboard.php(3275): App\Models\Dashboard_m->get_room_basic_tariff_season_by_sysytem('2536', null, '552')
 6 SYSTEMPATH\CodeIgniter.php(933): App\Controllers\Dashboard->getRoomfunctionSeason()
 7 SYSTEMPATH\CodeIgniter.php(509): CodeIgniter\CodeIgniter->runController(Object(App\Controllers\Dashboard))
 8 SYSTEMPATH\CodeIgniter.php(355): CodeIgniter\CodeIgniter->handleRequest(null, Object(Config\Cache), false)
 9 SYSTEMPATH\Boot.php(334): CodeIgniter\CodeIgniter->run()
10 SYSTEMPATH\Boot.php(67): CodeIgniter\Boot::runCodeIgniter(Object(CodeIgniter\CodeIgniter))
11 FCPATH\index.php(56): CodeIgniter\Boot::bootWeb(Object(Config\Paths))
CRITICAL - 2025-10-15 11:09:37 --> [Caused by] mysqli_sql_exception: Table 'khm_touracle_db.khm_obj_hotel_room_tariff_season' doesn't exist
in SYSTEMPATH\Database\MySQLi\Connection.php on line 312.
 1 SYSTEMPATH\Database\MySQLi\Connection.php(312): mysqli->query('SELECT DISTINCT `a`.*, `mp`.`meal_plan_name`, `rc`.`room_category_name`, `rc`.`room_category_id`, `rt`.`room_type_name`, `hrc`.`sort_order`, `mro`.`max_occupancy`
FROM `khm_obj_hotel_room_meal` `a`
LEFT JOIN `khm_obj_room` `r` ON `r`.`room_id` = `a`.`room_id`
LEFT JOIN `khm_obj_mst_room_occupancy` AS `mro` ON `mro`.`occupancy_id` = `r`.`occupancy_id`
LEFT JOIN `khm_obj_hotel` `h` ON `h`.`object_id` = `r`.`object_id`
LEFT JOIN `khm_obj_hotel_room_category` `hrc` ON `hrc`.`hotel_id` = `h`.`hotel_id` AND `hrc`.`room_category_id` = `r`.`room_category_id`
LEFT JOIN `khm_obj_mst_hotel_room_category` `rc` ON `rc`.`room_category_id` = `r`.`room_category_id`
LEFT JOIN `khm_obj_mst_room_type` `rt` ON `rt`.`room_type_id` = `r`.`room_type_id`
LEFT JOIN `khm_obj_meal_plan` `mp` ON `mp`.`meal_plan_id` = `a`.`meal_plan_id`
LEFT JOIN `khm_obj_hotel_room_tariff_season` `ts` ON `ts`.`hotel_room_meal_id` = `a`.`hotel_room_meal_id` AND `ts`.`season_id` = \'552\'
WHERE `r`.`object_id` = \'2536\'
AND `ts`.`season_id` IS NULL
GROUP BY `a`.`hotel_room_meal_id`
ORDER BY `hrc`.`sort_order` ASC, `a`.`meal_plan_id` ASC', 0)
 2 SYSTEMPATH\Database\BaseConnection.php(734): CodeIgniter\Database\MySQLi\Connection->execute('SELECT DISTINCT `a`.*, `mp`.`meal_plan_name`, `rc`.`room_category_name`, `rc`.`room_category_id`, `rt`.`room_type_name`, `hrc`.`sort_order`, `mro`.`max_occupancy`
FROM `khm_obj_hotel_room_meal` `a`
LEFT JOIN `khm_obj_room` `r` ON `r`.`room_id` = `a`.`room_id`
LEFT JOIN `khm_obj_mst_room_occupancy` AS `mro` ON `mro`.`occupancy_id` = `r`.`occupancy_id`
LEFT JOIN `khm_obj_hotel` `h` ON `h`.`object_id` = `r`.`object_id`
LEFT JOIN `khm_obj_hotel_room_category` `hrc` ON `hrc`.`hotel_id` = `h`.`hotel_id` AND `hrc`.`room_category_id` = `r`.`room_category_id`
LEFT JOIN `khm_obj_mst_hotel_room_category` `rc` ON `rc`.`room_category_id` = `r`.`room_category_id`
LEFT JOIN `khm_obj_mst_room_type` `rt` ON `rt`.`room_type_id` = `r`.`room_type_id`
LEFT JOIN `khm_obj_meal_plan` `mp` ON `mp`.`meal_plan_id` = `a`.`meal_plan_id`
LEFT JOIN `khm_obj_hotel_room_tariff_season` `ts` ON `ts`.`hotel_room_meal_id` = `a`.`hotel_room_meal_id` AND `ts`.`season_id` = \'552\'
WHERE `r`.`object_id` = \'2536\'
AND `ts`.`season_id` IS NULL
GROUP BY `a`.`hotel_room_meal_id`
ORDER BY `hrc`.`sort_order` ASC, `a`.`meal_plan_id` ASC')
 3 SYSTEMPATH\Database\BaseConnection.php(648): CodeIgniter\Database\BaseConnection->simpleQuery('SELECT DISTINCT `a`.*, `mp`.`meal_plan_name`, `rc`.`room_category_name`, `rc`.`room_category_id`, `rt`.`room_type_name`, `hrc`.`sort_order`, `mro`.`max_occupancy`
FROM `khm_obj_hotel_room_meal` `a`
LEFT JOIN `khm_obj_room` `r` ON `r`.`room_id` = `a`.`room_id`
LEFT JOIN `khm_obj_mst_room_occupancy` AS `mro` ON `mro`.`occupancy_id` = `r`.`occupancy_id`
LEFT JOIN `khm_obj_hotel` `h` ON `h`.`object_id` = `r`.`object_id`
LEFT JOIN `khm_obj_hotel_room_category` `hrc` ON `hrc`.`hotel_id` = `h`.`hotel_id` AND `hrc`.`room_category_id` = `r`.`room_category_id`
LEFT JOIN `khm_obj_mst_hotel_room_category` `rc` ON `rc`.`room_category_id` = `r`.`room_category_id`
LEFT JOIN `khm_obj_mst_room_type` `rt` ON `rt`.`room_type_id` = `r`.`room_type_id`
LEFT JOIN `khm_obj_meal_plan` `mp` ON `mp`.`meal_plan_id` = `a`.`meal_plan_id`
LEFT JOIN `khm_obj_hotel_room_tariff_season` `ts` ON `ts`.`hotel_room_meal_id` = `a`.`hotel_room_meal_id` AND `ts`.`season_id` = \'552\'
WHERE `r`.`object_id` = \'2536\'
AND `ts`.`season_id` IS NULL
GROUP BY `a`.`hotel_room_meal_id`
ORDER BY `hrc`.`sort_order` ASC, `a`.`meal_plan_id` ASC')
 4 SYSTEMPATH\Database\BaseBuilder.php(1644): CodeIgniter\Database\BaseConnection->query('SELECT DISTINCT `a`.*, `mp`.`meal_plan_name`, `rc`.`room_category_name`, `rc`.`room_category_id`, `rt`.`room_type_name`, `hrc`.`sort_order`, `mro`.`max_occupancy`
FROM `khm_obj_hotel_room_meal` `a`
LEFT JOIN `khm_obj_room` `r` ON `r`.`room_id` = `a`.`room_id`
LEFT JOIN `khm_obj_mst_room_occupancy` AS `mro` ON `mro`.`occupancy_id` = `r`.`occupancy_id`
LEFT JOIN `khm_obj_hotel` `h` ON `h`.`object_id` = `r`.`object_id`
LEFT JOIN `khm_obj_hotel_room_category` `hrc` ON `hrc`.`hotel_id` = `h`.`hotel_id` AND `hrc`.`room_category_id` = `r`.`room_category_id`
LEFT JOIN `khm_obj_mst_hotel_room_category` `rc` ON `rc`.`room_category_id` = `r`.`room_category_id`
LEFT JOIN `khm_obj_mst_room_type` `rt` ON `rt`.`room_type_id` = `r`.`room_type_id`
LEFT JOIN `khm_obj_meal_plan` `mp` ON `mp`.`meal_plan_id` = `a`.`meal_plan_id`
LEFT JOIN `khm_obj_hotel_room_tariff_season` `ts` ON `ts`.`hotel_room_meal_id` = `a`.`hotel_room_meal_id` AND `ts`.`season_id` = \'552\'
WHERE `r`.`object_id` = :r.object_id:
AND `ts`.`season_id` IS NULL
GROUP BY `a`.`hotel_room_meal_id`
ORDER BY `hrc`.`sort_order` ASC, `a`.`meal_plan_id` ASC', [...], false)
 5 APPPATH\Models\Dashboard_m.php(2276): CodeIgniter\Database\BaseBuilder->get()
 6 APPPATH\Controllers\Dashboard.php(3275): App\Models\Dashboard_m->get_room_basic_tariff_season_by_sysytem('2536', null, '552')
 7 SYSTEMPATH\CodeIgniter.php(933): App\Controllers\Dashboard->getRoomfunctionSeason()
 8 SYSTEMPATH\CodeIgniter.php(509): CodeIgniter\CodeIgniter->runController(Object(App\Controllers\Dashboard))
 9 SYSTEMPATH\CodeIgniter.php(355): CodeIgniter\CodeIgniter->handleRequest(null, Object(Config\Cache), false)
10 SYSTEMPATH\Boot.php(334): CodeIgniter\CodeIgniter->run()
11 SYSTEMPATH\Boot.php(67): CodeIgniter\Boot::runCodeIgniter(Object(CodeIgniter\CodeIgniter))
12 FCPATH\index.php(56): CodeIgniter\Boot::bootWeb(Object(Config\Paths))
ERROR - 2025-10-15 11:10:15 --> mysqli_sql_exception: Table 'khm_touracle_db.khm_obj_hotel_room_tariff_season' doesn't exist in C:\wamp64\www\khm\system\Database\MySQLi\Connection.php:312
Stack trace:
#0 C:\wamp64\www\khm\system\Database\MySQLi\Connection.php(312): mysqli->query('SELECT DISTINCT...', 0)
#1 C:\wamp64\www\khm\system\Database\BaseConnection.php(734): CodeIgniter\Database\MySQLi\Connection->execute('SELECT DISTINCT...')
#2 C:\wamp64\www\khm\system\Database\BaseConnection.php(648): CodeIgniter\Database\BaseConnection->simpleQuery('SELECT DISTINCT...')
#3 C:\wamp64\www\khm\system\Database\BaseBuilder.php(1644): CodeIgniter\Database\BaseConnection->query('SELECT DISTINCT...', Array, false)
#4 C:\wamp64\www\khm\app\Models\Dashboard_m.php(2276): CodeIgniter\Database\BaseBuilder->get()
#5 C:\wamp64\www\khm\app\Controllers\Dashboard.php(3275): App\Models\Dashboard_m->get_room_basic_tariff_season_by_sysytem('2536', NULL, '1743')
#6 C:\wamp64\www\khm\system\CodeIgniter.php(933): App\Controllers\Dashboard->getRoomfunctionSeason()
#7 C:\wamp64\www\khm\system\CodeIgniter.php(509): CodeIgniter\CodeIgniter->runController(Object(App\Controllers\Dashboard))
#8 C:\wamp64\www\khm\system\CodeIgniter.php(355): CodeIgniter\CodeIgniter->handleRequest(NULL, Object(Config\Cache), false)
#9 C:\wamp64\www\khm\system\Boot.php(334): CodeIgniter\CodeIgniter->run()
#10 C:\wamp64\www\khm\system\Boot.php(67): CodeIgniter\Boot::runCodeIgniter(Object(CodeIgniter\CodeIgniter))
#11 C:\wamp64\www\khm\public\index.php(56): CodeIgniter\Boot::bootWeb(Object(Config\Paths))
#12 {main}
CRITICAL - 2025-10-15 11:10:15 --> CodeIgniter\Database\Exceptions\DatabaseException: Table 'khm_touracle_db.khm_obj_hotel_room_tariff_season' doesn't exist
[Method: POST, Route: Dashboard/getRoomfunctionSeason]
in SYSTEMPATH\Database\BaseConnection.php on line 688.
 1 SYSTEMPATH\Database\BaseBuilder.php(1644): CodeIgniter\Database\BaseConnection->query('SELECT DISTINCT `a`.*, `mp`.`meal_plan_name`, `rc`.`room_category_name`, `rc`.`room_category_id`, `rt`.`room_type_name`, `hrc`.`sort_order`, `mro`.`max_occupancy`
FROM `khm_obj_hotel_room_meal` `a`
LEFT JOIN `khm_obj_room` `r` ON `r`.`room_id` = `a`.`room_id`
LEFT JOIN `khm_obj_mst_room_occupancy` AS `mro` ON `mro`.`occupancy_id` = `r`.`occupancy_id`
LEFT JOIN `khm_obj_hotel` `h` ON `h`.`object_id` = `r`.`object_id`
LEFT JOIN `khm_obj_hotel_room_category` `hrc` ON `hrc`.`hotel_id` = `h`.`hotel_id` AND `hrc`.`room_category_id` = `r`.`room_category_id`
LEFT JOIN `khm_obj_mst_hotel_room_category` `rc` ON `rc`.`room_category_id` = `r`.`room_category_id`
LEFT JOIN `khm_obj_mst_room_type` `rt` ON `rt`.`room_type_id` = `r`.`room_type_id`
LEFT JOIN `khm_obj_meal_plan` `mp` ON `mp`.`meal_plan_id` = `a`.`meal_plan_id`
LEFT JOIN `khm_obj_hotel_room_tariff_season` `ts` ON `ts`.`hotel_room_meal_id` = `a`.`hotel_room_meal_id` AND `ts`.`season_id` = \'1743\'
WHERE `r`.`object_id` = :r.object_id:
AND `ts`.`season_id` IS NULL
GROUP BY `a`.`hotel_room_meal_id`
ORDER BY `hrc`.`sort_order` ASC, `a`.`meal_plan_id` ASC', [...], false)
 2 APPPATH\Models\Dashboard_m.php(2276): CodeIgniter\Database\BaseBuilder->get()
 3 APPPATH\Controllers\Dashboard.php(3275): App\Models\Dashboard_m->get_room_basic_tariff_season_by_sysytem('2536', null, '1743')
 4 SYSTEMPATH\CodeIgniter.php(933): App\Controllers\Dashboard->getRoomfunctionSeason()
 5 SYSTEMPATH\CodeIgniter.php(509): CodeIgniter\CodeIgniter->runController(Object(App\Controllers\Dashboard))
 6 SYSTEMPATH\CodeIgniter.php(355): CodeIgniter\CodeIgniter->handleRequest(null, Object(Config\Cache), false)
 7 SYSTEMPATH\Boot.php(334): CodeIgniter\CodeIgniter->run()
 8 SYSTEMPATH\Boot.php(67): CodeIgniter\Boot::runCodeIgniter(Object(CodeIgniter\CodeIgniter))
 9 FCPATH\index.php(56): CodeIgniter\Boot::bootWeb(Object(Config\Paths))
CRITICAL - 2025-10-15 11:10:15 --> [Caused by] CodeIgniter\Database\Exceptions\DatabaseException: Table 'khm_touracle_db.khm_obj_hotel_room_tariff_season' doesn't exist
in SYSTEMPATH\Database\MySQLi\Connection.php on line 317.
 1 SYSTEMPATH\Database\BaseConnection.php(734): CodeIgniter\Database\MySQLi\Connection->execute('SELECT DISTINCT `a`.*, `mp`.`meal_plan_name`, `rc`.`room_category_name`, `rc`.`room_category_id`, `rt`.`room_type_name`, `hrc`.`sort_order`, `mro`.`max_occupancy`
FROM `khm_obj_hotel_room_meal` `a`
LEFT JOIN `khm_obj_room` `r` ON `r`.`room_id` = `a`.`room_id`
LEFT JOIN `khm_obj_mst_room_occupancy` AS `mro` ON `mro`.`occupancy_id` = `r`.`occupancy_id`
LEFT JOIN `khm_obj_hotel` `h` ON `h`.`object_id` = `r`.`object_id`
LEFT JOIN `khm_obj_hotel_room_category` `hrc` ON `hrc`.`hotel_id` = `h`.`hotel_id` AND `hrc`.`room_category_id` = `r`.`room_category_id`
LEFT JOIN `khm_obj_mst_hotel_room_category` `rc` ON `rc`.`room_category_id` = `r`.`room_category_id`
LEFT JOIN `khm_obj_mst_room_type` `rt` ON `rt`.`room_type_id` = `r`.`room_type_id`
LEFT JOIN `khm_obj_meal_plan` `mp` ON `mp`.`meal_plan_id` = `a`.`meal_plan_id`
LEFT JOIN `khm_obj_hotel_room_tariff_season` `ts` ON `ts`.`hotel_room_meal_id` = `a`.`hotel_room_meal_id` AND `ts`.`season_id` = \'1743\'
WHERE `r`.`object_id` = \'2536\'
AND `ts`.`season_id` IS NULL
GROUP BY `a`.`hotel_room_meal_id`
ORDER BY `hrc`.`sort_order` ASC, `a`.`meal_plan_id` ASC')
 2 SYSTEMPATH\Database\BaseConnection.php(648): CodeIgniter\Database\BaseConnection->simpleQuery('SELECT DISTINCT `a`.*, `mp`.`meal_plan_name`, `rc`.`room_category_name`, `rc`.`room_category_id`, `rt`.`room_type_name`, `hrc`.`sort_order`, `mro`.`max_occupancy`
FROM `khm_obj_hotel_room_meal` `a`
LEFT JOIN `khm_obj_room` `r` ON `r`.`room_id` = `a`.`room_id`
LEFT JOIN `khm_obj_mst_room_occupancy` AS `mro` ON `mro`.`occupancy_id` = `r`.`occupancy_id`
LEFT JOIN `khm_obj_hotel` `h` ON `h`.`object_id` = `r`.`object_id`
LEFT JOIN `khm_obj_hotel_room_category` `hrc` ON `hrc`.`hotel_id` = `h`.`hotel_id` AND `hrc`.`room_category_id` = `r`.`room_category_id`
LEFT JOIN `khm_obj_mst_hotel_room_category` `rc` ON `rc`.`room_category_id` = `r`.`room_category_id`
LEFT JOIN `khm_obj_mst_room_type` `rt` ON `rt`.`room_type_id` = `r`.`room_type_id`
LEFT JOIN `khm_obj_meal_plan` `mp` ON `mp`.`meal_plan_id` = `a`.`meal_plan_id`
LEFT JOIN `khm_obj_hotel_room_tariff_season` `ts` ON `ts`.`hotel_room_meal_id` = `a`.`hotel_room_meal_id` AND `ts`.`season_id` = \'1743\'
WHERE `r`.`object_id` = \'2536\'
AND `ts`.`season_id` IS NULL
GROUP BY `a`.`hotel_room_meal_id`
ORDER BY `hrc`.`sort_order` ASC, `a`.`meal_plan_id` ASC')
 3 SYSTEMPATH\Database\BaseBuilder.php(1644): CodeIgniter\Database\BaseConnection->query('SELECT DISTINCT `a`.*, `mp`.`meal_plan_name`, `rc`.`room_category_name`, `rc`.`room_category_id`, `rt`.`room_type_name`, `hrc`.`sort_order`, `mro`.`max_occupancy`
FROM `khm_obj_hotel_room_meal` `a`
LEFT JOIN `khm_obj_room` `r` ON `r`.`room_id` = `a`.`room_id`
LEFT JOIN `khm_obj_mst_room_occupancy` AS `mro` ON `mro`.`occupancy_id` = `r`.`occupancy_id`
LEFT JOIN `khm_obj_hotel` `h` ON `h`.`object_id` = `r`.`object_id`
LEFT JOIN `khm_obj_hotel_room_category` `hrc` ON `hrc`.`hotel_id` = `h`.`hotel_id` AND `hrc`.`room_category_id` = `r`.`room_category_id`
LEFT JOIN `khm_obj_mst_hotel_room_category` `rc` ON `rc`.`room_category_id` = `r`.`room_category_id`
LEFT JOIN `khm_obj_mst_room_type` `rt` ON `rt`.`room_type_id` = `r`.`room_type_id`
LEFT JOIN `khm_obj_meal_plan` `mp` ON `mp`.`meal_plan_id` = `a`.`meal_plan_id`
LEFT JOIN `khm_obj_hotel_room_tariff_season` `ts` ON `ts`.`hotel_room_meal_id` = `a`.`hotel_room_meal_id` AND `ts`.`season_id` = \'1743\'
WHERE `r`.`object_id` = :r.object_id:
AND `ts`.`season_id` IS NULL
GROUP BY `a`.`hotel_room_meal_id`
ORDER BY `hrc`.`sort_order` ASC, `a`.`meal_plan_id` ASC', [...], false)
 4 APPPATH\Models\Dashboard_m.php(2276): CodeIgniter\Database\BaseBuilder->get()
 5 APPPATH\Controllers\Dashboard.php(3275): App\Models\Dashboard_m->get_room_basic_tariff_season_by_sysytem('2536', null, '1743')
 6 SYSTEMPATH\CodeIgniter.php(933): App\Controllers\Dashboard->getRoomfunctionSeason()
 7 SYSTEMPATH\CodeIgniter.php(509): CodeIgniter\CodeIgniter->runController(Object(App\Controllers\Dashboard))
 8 SYSTEMPATH\CodeIgniter.php(355): CodeIgniter\CodeIgniter->handleRequest(null, Object(Config\Cache), false)
 9 SYSTEMPATH\Boot.php(334): CodeIgniter\CodeIgniter->run()
10 SYSTEMPATH\Boot.php(67): CodeIgniter\Boot::runCodeIgniter(Object(CodeIgniter\CodeIgniter))
11 FCPATH\index.php(56): CodeIgniter\Boot::bootWeb(Object(Config\Paths))
CRITICAL - 2025-10-15 11:10:15 --> [Caused by] mysqli_sql_exception: Table 'khm_touracle_db.khm_obj_hotel_room_tariff_season' doesn't exist
in SYSTEMPATH\Database\MySQLi\Connection.php on line 312.
 1 SYSTEMPATH\Database\MySQLi\Connection.php(312): mysqli->query('SELECT DISTINCT `a`.*, `mp`.`meal_plan_name`, `rc`.`room_category_name`, `rc`.`room_category_id`, `rt`.`room_type_name`, `hrc`.`sort_order`, `mro`.`max_occupancy`
FROM `khm_obj_hotel_room_meal` `a`
LEFT JOIN `khm_obj_room` `r` ON `r`.`room_id` = `a`.`room_id`
LEFT JOIN `khm_obj_mst_room_occupancy` AS `mro` ON `mro`.`occupancy_id` = `r`.`occupancy_id`
LEFT JOIN `khm_obj_hotel` `h` ON `h`.`object_id` = `r`.`object_id`
LEFT JOIN `khm_obj_hotel_room_category` `hrc` ON `hrc`.`hotel_id` = `h`.`hotel_id` AND `hrc`.`room_category_id` = `r`.`room_category_id`
LEFT JOIN `khm_obj_mst_hotel_room_category` `rc` ON `rc`.`room_category_id` = `r`.`room_category_id`
LEFT JOIN `khm_obj_mst_room_type` `rt` ON `rt`.`room_type_id` = `r`.`room_type_id`
LEFT JOIN `khm_obj_meal_plan` `mp` ON `mp`.`meal_plan_id` = `a`.`meal_plan_id`
LEFT JOIN `khm_obj_hotel_room_tariff_season` `ts` ON `ts`.`hotel_room_meal_id` = `a`.`hotel_room_meal_id` AND `ts`.`season_id` = \'1743\'
WHERE `r`.`object_id` = \'2536\'
AND `ts`.`season_id` IS NULL
GROUP BY `a`.`hotel_room_meal_id`
ORDER BY `hrc`.`sort_order` ASC, `a`.`meal_plan_id` ASC', 0)
 2 SYSTEMPATH\Database\BaseConnection.php(734): CodeIgniter\Database\MySQLi\Connection->execute('SELECT DISTINCT `a`.*, `mp`.`meal_plan_name`, `rc`.`room_category_name`, `rc`.`room_category_id`, `rt`.`room_type_name`, `hrc`.`sort_order`, `mro`.`max_occupancy`
FROM `khm_obj_hotel_room_meal` `a`
LEFT JOIN `khm_obj_room` `r` ON `r`.`room_id` = `a`.`room_id`
LEFT JOIN `khm_obj_mst_room_occupancy` AS `mro` ON `mro`.`occupancy_id` = `r`.`occupancy_id`
LEFT JOIN `khm_obj_hotel` `h` ON `h`.`object_id` = `r`.`object_id`
LEFT JOIN `khm_obj_hotel_room_category` `hrc` ON `hrc`.`hotel_id` = `h`.`hotel_id` AND `hrc`.`room_category_id` = `r`.`room_category_id`
LEFT JOIN `khm_obj_mst_hotel_room_category` `rc` ON `rc`.`room_category_id` = `r`.`room_category_id`
LEFT JOIN `khm_obj_mst_room_type` `rt` ON `rt`.`room_type_id` = `r`.`room_type_id`
LEFT JOIN `khm_obj_meal_plan` `mp` ON `mp`.`meal_plan_id` = `a`.`meal_plan_id`
LEFT JOIN `khm_obj_hotel_room_tariff_season` `ts` ON `ts`.`hotel_room_meal_id` = `a`.`hotel_room_meal_id` AND `ts`.`season_id` = \'1743\'
WHERE `r`.`object_id` = \'2536\'
AND `ts`.`season_id` IS NULL
GROUP BY `a`.`hotel_room_meal_id`
ORDER BY `hrc`.`sort_order` ASC, `a`.`meal_plan_id` ASC')
 3 SYSTEMPATH\Database\BaseConnection.php(648): CodeIgniter\Database\BaseConnection->simpleQuery('SELECT DISTINCT `a`.*, `mp`.`meal_plan_name`, `rc`.`room_category_name`, `rc`.`room_category_id`, `rt`.`room_type_name`, `hrc`.`sort_order`, `mro`.`max_occupancy`
FROM `khm_obj_hotel_room_meal` `a`
LEFT JOIN `khm_obj_room` `r` ON `r`.`room_id` = `a`.`room_id`
LEFT JOIN `khm_obj_mst_room_occupancy` AS `mro` ON `mro`.`occupancy_id` = `r`.`occupancy_id`
LEFT JOIN `khm_obj_hotel` `h` ON `h`.`object_id` = `r`.`object_id`
LEFT JOIN `khm_obj_hotel_room_category` `hrc` ON `hrc`.`hotel_id` = `h`.`hotel_id` AND `hrc`.`room_category_id` = `r`.`room_category_id`
LEFT JOIN `khm_obj_mst_hotel_room_category` `rc` ON `rc`.`room_category_id` = `r`.`room_category_id`
LEFT JOIN `khm_obj_mst_room_type` `rt` ON `rt`.`room_type_id` = `r`.`room_type_id`
LEFT JOIN `khm_obj_meal_plan` `mp` ON `mp`.`meal_plan_id` = `a`.`meal_plan_id`
LEFT JOIN `khm_obj_hotel_room_tariff_season` `ts` ON `ts`.`hotel_room_meal_id` = `a`.`hotel_room_meal_id` AND `ts`.`season_id` = \'1743\'
WHERE `r`.`object_id` = \'2536\'
AND `ts`.`season_id` IS NULL
GROUP BY `a`.`hotel_room_meal_id`
ORDER BY `hrc`.`sort_order` ASC, `a`.`meal_plan_id` ASC')
 4 SYSTEMPATH\Database\BaseBuilder.php(1644): CodeIgniter\Database\BaseConnection->query('SELECT DISTINCT `a`.*, `mp`.`meal_plan_name`, `rc`.`room_category_name`, `rc`.`room_category_id`, `rt`.`room_type_name`, `hrc`.`sort_order`, `mro`.`max_occupancy`
FROM `khm_obj_hotel_room_meal` `a`
LEFT JOIN `khm_obj_room` `r` ON `r`.`room_id` = `a`.`room_id`
LEFT JOIN `khm_obj_mst_room_occupancy` AS `mro` ON `mro`.`occupancy_id` = `r`.`occupancy_id`
LEFT JOIN `khm_obj_hotel` `h` ON `h`.`object_id` = `r`.`object_id`
LEFT JOIN `khm_obj_hotel_room_category` `hrc` ON `hrc`.`hotel_id` = `h`.`hotel_id` AND `hrc`.`room_category_id` = `r`.`room_category_id`
LEFT JOIN `khm_obj_mst_hotel_room_category` `rc` ON `rc`.`room_category_id` = `r`.`room_category_id`
LEFT JOIN `khm_obj_mst_room_type` `rt` ON `rt`.`room_type_id` = `r`.`room_type_id`
LEFT JOIN `khm_obj_meal_plan` `mp` ON `mp`.`meal_plan_id` = `a`.`meal_plan_id`
LEFT JOIN `khm_obj_hotel_room_tariff_season` `ts` ON `ts`.`hotel_room_meal_id` = `a`.`hotel_room_meal_id` AND `ts`.`season_id` = \'1743\'
WHERE `r`.`object_id` = :r.object_id:
AND `ts`.`season_id` IS NULL
GROUP BY `a`.`hotel_room_meal_id`
ORDER BY `hrc`.`sort_order` ASC, `a`.`meal_plan_id` ASC', [...], false)
 5 APPPATH\Models\Dashboard_m.php(2276): CodeIgniter\Database\BaseBuilder->get()
 6 APPPATH\Controllers\Dashboard.php(3275): App\Models\Dashboard_m->get_room_basic_tariff_season_by_sysytem('2536', null, '1743')
 7 SYSTEMPATH\CodeIgniter.php(933): App\Controllers\Dashboard->getRoomfunctionSeason()
 8 SYSTEMPATH\CodeIgniter.php(509): CodeIgniter\CodeIgniter->runController(Object(App\Controllers\Dashboard))
 9 SYSTEMPATH\CodeIgniter.php(355): CodeIgniter\CodeIgniter->handleRequest(null, Object(Config\Cache), false)
10 SYSTEMPATH\Boot.php(334): CodeIgniter\CodeIgniter->run()
11 SYSTEMPATH\Boot.php(67): CodeIgniter\Boot::runCodeIgniter(Object(CodeIgniter\CodeIgniter))
12 FCPATH\index.php(56): CodeIgniter\Boot::bootWeb(Object(Config\Paths))
ERROR - 2025-10-15 11:10:22 --> mysqli_sql_exception: Table 'khm_touracle_db.khm_obj_hotel_room_tariff_season' doesn't exist in C:\wamp64\www\khm\system\Database\MySQLi\Connection.php:312
Stack trace:
#0 C:\wamp64\www\khm\system\Database\MySQLi\Connection.php(312): mysqli->query('SELECT DISTINCT...', 0)
#1 C:\wamp64\www\khm\system\Database\BaseConnection.php(734): CodeIgniter\Database\MySQLi\Connection->execute('SELECT DISTINCT...')
#2 C:\wamp64\www\khm\system\Database\BaseConnection.php(648): CodeIgniter\Database\BaseConnection->simpleQuery('SELECT DISTINCT...')
#3 C:\wamp64\www\khm\system\Database\BaseBuilder.php(1644): CodeIgniter\Database\BaseConnection->query('SELECT DISTINCT...', Array, false)
#4 C:\wamp64\www\khm\app\Models\Dashboard_m.php(2276): CodeIgniter\Database\BaseBuilder->get()
#5 C:\wamp64\www\khm\app\Controllers\Dashboard.php(3275): App\Models\Dashboard_m->get_room_basic_tariff_season_by_sysytem('2536', NULL, '1743')
#6 C:\wamp64\www\khm\system\CodeIgniter.php(933): App\Controllers\Dashboard->getRoomfunctionSeason()
#7 C:\wamp64\www\khm\system\CodeIgniter.php(509): CodeIgniter\CodeIgniter->runController(Object(App\Controllers\Dashboard))
#8 C:\wamp64\www\khm\system\CodeIgniter.php(355): CodeIgniter\CodeIgniter->handleRequest(NULL, Object(Config\Cache), false)
#9 C:\wamp64\www\khm\system\Boot.php(334): CodeIgniter\CodeIgniter->run()
#10 C:\wamp64\www\khm\system\Boot.php(67): CodeIgniter\Boot::runCodeIgniter(Object(CodeIgniter\CodeIgniter))
#11 C:\wamp64\www\khm\public\index.php(56): CodeIgniter\Boot::bootWeb(Object(Config\Paths))
#12 {main}
CRITICAL - 2025-10-15 11:10:22 --> CodeIgniter\Database\Exceptions\DatabaseException: Table 'khm_touracle_db.khm_obj_hotel_room_tariff_season' doesn't exist
[Method: POST, Route: Dashboard/getRoomfunctionSeason]
in SYSTEMPATH\Database\BaseConnection.php on line 688.
 1 SYSTEMPATH\Database\BaseBuilder.php(1644): CodeIgniter\Database\BaseConnection->query('SELECT DISTINCT `a`.*, `mp`.`meal_plan_name`, `rc`.`room_category_name`, `rc`.`room_category_id`, `rt`.`room_type_name`, `hrc`.`sort_order`, `mro`.`max_occupancy`
FROM `khm_obj_hotel_room_meal` `a`
LEFT JOIN `khm_obj_room` `r` ON `r`.`room_id` = `a`.`room_id`
LEFT JOIN `khm_obj_mst_room_occupancy` AS `mro` ON `mro`.`occupancy_id` = `r`.`occupancy_id`
LEFT JOIN `khm_obj_hotel` `h` ON `h`.`object_id` = `r`.`object_id`
LEFT JOIN `khm_obj_hotel_room_category` `hrc` ON `hrc`.`hotel_id` = `h`.`hotel_id` AND `hrc`.`room_category_id` = `r`.`room_category_id`
LEFT JOIN `khm_obj_mst_hotel_room_category` `rc` ON `rc`.`room_category_id` = `r`.`room_category_id`
LEFT JOIN `khm_obj_mst_room_type` `rt` ON `rt`.`room_type_id` = `r`.`room_type_id`
LEFT JOIN `khm_obj_meal_plan` `mp` ON `mp`.`meal_plan_id` = `a`.`meal_plan_id`
LEFT JOIN `khm_obj_hotel_room_tariff_season` `ts` ON `ts`.`hotel_room_meal_id` = `a`.`hotel_room_meal_id` AND `ts`.`season_id` = \'1743\'
WHERE `r`.`object_id` = :r.object_id:
AND `ts`.`season_id` IS NULL
GROUP BY `a`.`hotel_room_meal_id`
ORDER BY `hrc`.`sort_order` ASC, `a`.`meal_plan_id` ASC', [...], false)
 2 APPPATH\Models\Dashboard_m.php(2276): CodeIgniter\Database\BaseBuilder->get()
 3 APPPATH\Controllers\Dashboard.php(3275): App\Models\Dashboard_m->get_room_basic_tariff_season_by_sysytem('2536', null, '1743')
 4 SYSTEMPATH\CodeIgniter.php(933): App\Controllers\Dashboard->getRoomfunctionSeason()
 5 SYSTEMPATH\CodeIgniter.php(509): CodeIgniter\CodeIgniter->runController(Object(App\Controllers\Dashboard))
 6 SYSTEMPATH\CodeIgniter.php(355): CodeIgniter\CodeIgniter->handleRequest(null, Object(Config\Cache), false)
 7 SYSTEMPATH\Boot.php(334): CodeIgniter\CodeIgniter->run()
 8 SYSTEMPATH\Boot.php(67): CodeIgniter\Boot::runCodeIgniter(Object(CodeIgniter\CodeIgniter))
 9 FCPATH\index.php(56): CodeIgniter\Boot::bootWeb(Object(Config\Paths))
CRITICAL - 2025-10-15 11:10:22 --> [Caused by] CodeIgniter\Database\Exceptions\DatabaseException: Table 'khm_touracle_db.khm_obj_hotel_room_tariff_season' doesn't exist
in SYSTEMPATH\Database\MySQLi\Connection.php on line 317.
 1 SYSTEMPATH\Database\BaseConnection.php(734): CodeIgniter\Database\MySQLi\Connection->execute('SELECT DISTINCT `a`.*, `mp`.`meal_plan_name`, `rc`.`room_category_name`, `rc`.`room_category_id`, `rt`.`room_type_name`, `hrc`.`sort_order`, `mro`.`max_occupancy`
FROM `khm_obj_hotel_room_meal` `a`
LEFT JOIN `khm_obj_room` `r` ON `r`.`room_id` = `a`.`room_id`
LEFT JOIN `khm_obj_mst_room_occupancy` AS `mro` ON `mro`.`occupancy_id` = `r`.`occupancy_id`
LEFT JOIN `khm_obj_hotel` `h` ON `h`.`object_id` = `r`.`object_id`
LEFT JOIN `khm_obj_hotel_room_category` `hrc` ON `hrc`.`hotel_id` = `h`.`hotel_id` AND `hrc`.`room_category_id` = `r`.`room_category_id`
LEFT JOIN `khm_obj_mst_hotel_room_category` `rc` ON `rc`.`room_category_id` = `r`.`room_category_id`
LEFT JOIN `khm_obj_mst_room_type` `rt` ON `rt`.`room_type_id` = `r`.`room_type_id`
LEFT JOIN `khm_obj_meal_plan` `mp` ON `mp`.`meal_plan_id` = `a`.`meal_plan_id`
LEFT JOIN `khm_obj_hotel_room_tariff_season` `ts` ON `ts`.`hotel_room_meal_id` = `a`.`hotel_room_meal_id` AND `ts`.`season_id` = \'1743\'
WHERE `r`.`object_id` = \'2536\'
AND `ts`.`season_id` IS NULL
GROUP BY `a`.`hotel_room_meal_id`
ORDER BY `hrc`.`sort_order` ASC, `a`.`meal_plan_id` ASC')
 2 SYSTEMPATH\Database\BaseConnection.php(648): CodeIgniter\Database\BaseConnection->simpleQuery('SELECT DISTINCT `a`.*, `mp`.`meal_plan_name`, `rc`.`room_category_name`, `rc`.`room_category_id`, `rt`.`room_type_name`, `hrc`.`sort_order`, `mro`.`max_occupancy`
FROM `khm_obj_hotel_room_meal` `a`
LEFT JOIN `khm_obj_room` `r` ON `r`.`room_id` = `a`.`room_id`
LEFT JOIN `khm_obj_mst_room_occupancy` AS `mro` ON `mro`.`occupancy_id` = `r`.`occupancy_id`
LEFT JOIN `khm_obj_hotel` `h` ON `h`.`object_id` = `r`.`object_id`
LEFT JOIN `khm_obj_hotel_room_category` `hrc` ON `hrc`.`hotel_id` = `h`.`hotel_id` AND `hrc`.`room_category_id` = `r`.`room_category_id`
LEFT JOIN `khm_obj_mst_hotel_room_category` `rc` ON `rc`.`room_category_id` = `r`.`room_category_id`
LEFT JOIN `khm_obj_mst_room_type` `rt` ON `rt`.`room_type_id` = `r`.`room_type_id`
LEFT JOIN `khm_obj_meal_plan` `mp` ON `mp`.`meal_plan_id` = `a`.`meal_plan_id`
LEFT JOIN `khm_obj_hotel_room_tariff_season` `ts` ON `ts`.`hotel_room_meal_id` = `a`.`hotel_room_meal_id` AND `ts`.`season_id` = \'1743\'
WHERE `r`.`object_id` = \'2536\'
AND `ts`.`season_id` IS NULL
GROUP BY `a`.`hotel_room_meal_id`
ORDER BY `hrc`.`sort_order` ASC, `a`.`meal_plan_id` ASC')
 3 SYSTEMPATH\Database\BaseBuilder.php(1644): CodeIgniter\Database\BaseConnection->query('SELECT DISTINCT `a`.*, `mp`.`meal_plan_name`, `rc`.`room_category_name`, `rc`.`room_category_id`, `rt`.`room_type_name`, `hrc`.`sort_order`, `mro`.`max_occupancy`
FROM `khm_obj_hotel_room_meal` `a`
LEFT JOIN `khm_obj_room` `r` ON `r`.`room_id` = `a`.`room_id`
LEFT JOIN `khm_obj_mst_room_occupancy` AS `mro` ON `mro`.`occupancy_id` = `r`.`occupancy_id`
LEFT JOIN `khm_obj_hotel` `h` ON `h`.`object_id` = `r`.`object_id`
LEFT JOIN `khm_obj_hotel_room_category` `hrc` ON `hrc`.`hotel_id` = `h`.`hotel_id` AND `hrc`.`room_category_id` = `r`.`room_category_id`
LEFT JOIN `khm_obj_mst_hotel_room_category` `rc` ON `rc`.`room_category_id` = `r`.`room_category_id`
LEFT JOIN `khm_obj_mst_room_type` `rt` ON `rt`.`room_type_id` = `r`.`room_type_id`
LEFT JOIN `khm_obj_meal_plan` `mp` ON `mp`.`meal_plan_id` = `a`.`meal_plan_id`
LEFT JOIN `khm_obj_hotel_room_tariff_season` `ts` ON `ts`.`hotel_room_meal_id` = `a`.`hotel_room_meal_id` AND `ts`.`season_id` = \'1743\'
WHERE `r`.`object_id` = :r.object_id:
AND `ts`.`season_id` IS NULL
GROUP BY `a`.`hotel_room_meal_id`
ORDER BY `hrc`.`sort_order` ASC, `a`.`meal_plan_id` ASC', [...], false)
 4 APPPATH\Models\Dashboard_m.php(2276): CodeIgniter\Database\BaseBuilder->get()
 5 APPPATH\Controllers\Dashboard.php(3275): App\Models\Dashboard_m->get_room_basic_tariff_season_by_sysytem('2536', null, '1743')
 6 SYSTEMPATH\CodeIgniter.php(933): App\Controllers\Dashboard->getRoomfunctionSeason()
 7 SYSTEMPATH\CodeIgniter.php(509): CodeIgniter\CodeIgniter->runController(Object(App\Controllers\Dashboard))
 8 SYSTEMPATH\CodeIgniter.php(355): CodeIgniter\CodeIgniter->handleRequest(null, Object(Config\Cache), false)
 9 SYSTEMPATH\Boot.php(334): CodeIgniter\CodeIgniter->run()
10 SYSTEMPATH\Boot.php(67): CodeIgniter\Boot::runCodeIgniter(Object(CodeIgniter\CodeIgniter))
11 FCPATH\index.php(56): CodeIgniter\Boot::bootWeb(Object(Config\Paths))
CRITICAL - 2025-10-15 11:10:22 --> [Caused by] mysqli_sql_exception: Table 'khm_touracle_db.khm_obj_hotel_room_tariff_season' doesn't exist
in SYSTEMPATH\Database\MySQLi\Connection.php on line 312.
 1 SYSTEMPATH\Database\MySQLi\Connection.php(312): mysqli->query('SELECT DISTINCT `a`.*, `mp`.`meal_plan_name`, `rc`.`room_category_name`, `rc`.`room_category_id`, `rt`.`room_type_name`, `hrc`.`sort_order`, `mro`.`max_occupancy`
FROM `khm_obj_hotel_room_meal` `a`
LEFT JOIN `khm_obj_room` `r` ON `r`.`room_id` = `a`.`room_id`
LEFT JOIN `khm_obj_mst_room_occupancy` AS `mro` ON `mro`.`occupancy_id` = `r`.`occupancy_id`
LEFT JOIN `khm_obj_hotel` `h` ON `h`.`object_id` = `r`.`object_id`
LEFT JOIN `khm_obj_hotel_room_category` `hrc` ON `hrc`.`hotel_id` = `h`.`hotel_id` AND `hrc`.`room_category_id` = `r`.`room_category_id`
LEFT JOIN `khm_obj_mst_hotel_room_category` `rc` ON `rc`.`room_category_id` = `r`.`room_category_id`
LEFT JOIN `khm_obj_mst_room_type` `rt` ON `rt`.`room_type_id` = `r`.`room_type_id`
LEFT JOIN `khm_obj_meal_plan` `mp` ON `mp`.`meal_plan_id` = `a`.`meal_plan_id`
LEFT JOIN `khm_obj_hotel_room_tariff_season` `ts` ON `ts`.`hotel_room_meal_id` = `a`.`hotel_room_meal_id` AND `ts`.`season_id` = \'1743\'
WHERE `r`.`object_id` = \'2536\'
AND `ts`.`season_id` IS NULL
GROUP BY `a`.`hotel_room_meal_id`
ORDER BY `hrc`.`sort_order` ASC, `a`.`meal_plan_id` ASC', 0)
 2 SYSTEMPATH\Database\BaseConnection.php(734): CodeIgniter\Database\MySQLi\Connection->execute('SELECT DISTINCT `a`.*, `mp`.`meal_plan_name`, `rc`.`room_category_name`, `rc`.`room_category_id`, `rt`.`room_type_name`, `hrc`.`sort_order`, `mro`.`max_occupancy`
FROM `khm_obj_hotel_room_meal` `a`
LEFT JOIN `khm_obj_room` `r` ON `r`.`room_id` = `a`.`room_id`
LEFT JOIN `khm_obj_mst_room_occupancy` AS `mro` ON `mro`.`occupancy_id` = `r`.`occupancy_id`
LEFT JOIN `khm_obj_hotel` `h` ON `h`.`object_id` = `r`.`object_id`
LEFT JOIN `khm_obj_hotel_room_category` `hrc` ON `hrc`.`hotel_id` = `h`.`hotel_id` AND `hrc`.`room_category_id` = `r`.`room_category_id`
LEFT JOIN `khm_obj_mst_hotel_room_category` `rc` ON `rc`.`room_category_id` = `r`.`room_category_id`
LEFT JOIN `khm_obj_mst_room_type` `rt` ON `rt`.`room_type_id` = `r`.`room_type_id`
LEFT JOIN `khm_obj_meal_plan` `mp` ON `mp`.`meal_plan_id` = `a`.`meal_plan_id`
LEFT JOIN `khm_obj_hotel_room_tariff_season` `ts` ON `ts`.`hotel_room_meal_id` = `a`.`hotel_room_meal_id` AND `ts`.`season_id` = \'1743\'
WHERE `r`.`object_id` = \'2536\'
AND `ts`.`season_id` IS NULL
GROUP BY `a`.`hotel_room_meal_id`
ORDER BY `hrc`.`sort_order` ASC, `a`.`meal_plan_id` ASC')
 3 SYSTEMPATH\Database\BaseConnection.php(648): CodeIgniter\Database\BaseConnection->simpleQuery('SELECT DISTINCT `a`.*, `mp`.`meal_plan_name`, `rc`.`room_category_name`, `rc`.`room_category_id`, `rt`.`room_type_name`, `hrc`.`sort_order`, `mro`.`max_occupancy`
FROM `khm_obj_hotel_room_meal` `a`
LEFT JOIN `khm_obj_room` `r` ON `r`.`room_id` = `a`.`room_id`
LEFT JOIN `khm_obj_mst_room_occupancy` AS `mro` ON `mro`.`occupancy_id` = `r`.`occupancy_id`
LEFT JOIN `khm_obj_hotel` `h` ON `h`.`object_id` = `r`.`object_id`
LEFT JOIN `khm_obj_hotel_room_category` `hrc` ON `hrc`.`hotel_id` = `h`.`hotel_id` AND `hrc`.`room_category_id` = `r`.`room_category_id`
LEFT JOIN `khm_obj_mst_hotel_room_category` `rc` ON `rc`.`room_category_id` = `r`.`room_category_id`
LEFT JOIN `khm_obj_mst_room_type` `rt` ON `rt`.`room_type_id` = `r`.`room_type_id`
LEFT JOIN `khm_obj_meal_plan` `mp` ON `mp`.`meal_plan_id` = `a`.`meal_plan_id`
LEFT JOIN `khm_obj_hotel_room_tariff_season` `ts` ON `ts`.`hotel_room_meal_id` = `a`.`hotel_room_meal_id` AND `ts`.`season_id` = \'1743\'
WHERE `r`.`object_id` = \'2536\'
AND `ts`.`season_id` IS NULL
GROUP BY `a`.`hotel_room_meal_id`
ORDER BY `hrc`.`sort_order` ASC, `a`.`meal_plan_id` ASC')
 4 SYSTEMPATH\Database\BaseBuilder.php(1644): CodeIgniter\Database\BaseConnection->query('SELECT DISTINCT `a`.*, `mp`.`meal_plan_name`, `rc`.`room_category_name`, `rc`.`room_category_id`, `rt`.`room_type_name`, `hrc`.`sort_order`, `mro`.`max_occupancy`
FROM `khm_obj_hotel_room_meal` `a`
LEFT JOIN `khm_obj_room` `r` ON `r`.`room_id` = `a`.`room_id`
LEFT JOIN `khm_obj_mst_room_occupancy` AS `mro` ON `mro`.`occupancy_id` = `r`.`occupancy_id`
LEFT JOIN `khm_obj_hotel` `h` ON `h`.`object_id` = `r`.`object_id`
LEFT JOIN `khm_obj_hotel_room_category` `hrc` ON `hrc`.`hotel_id` = `h`.`hotel_id` AND `hrc`.`room_category_id` = `r`.`room_category_id`
LEFT JOIN `khm_obj_mst_hotel_room_category` `rc` ON `rc`.`room_category_id` = `r`.`room_category_id`
LEFT JOIN `khm_obj_mst_room_type` `rt` ON `rt`.`room_type_id` = `r`.`room_type_id`
LEFT JOIN `khm_obj_meal_plan` `mp` ON `mp`.`meal_plan_id` = `a`.`meal_plan_id`
LEFT JOIN `khm_obj_hotel_room_tariff_season` `ts` ON `ts`.`hotel_room_meal_id` = `a`.`hotel_room_meal_id` AND `ts`.`season_id` = \'1743\'
WHERE `r`.`object_id` = :r.object_id:
AND `ts`.`season_id` IS NULL
GROUP BY `a`.`hotel_room_meal_id`
ORDER BY `hrc`.`sort_order` ASC, `a`.`meal_plan_id` ASC', [...], false)
 5 APPPATH\Models\Dashboard_m.php(2276): CodeIgniter\Database\BaseBuilder->get()
 6 APPPATH\Controllers\Dashboard.php(3275): App\Models\Dashboard_m->get_room_basic_tariff_season_by_sysytem('2536', null, '1743')
 7 SYSTEMPATH\CodeIgniter.php(933): App\Controllers\Dashboard->getRoomfunctionSeason()
 8 SYSTEMPATH\CodeIgniter.php(509): CodeIgniter\CodeIgniter->runController(Object(App\Controllers\Dashboard))
 9 SYSTEMPATH\CodeIgniter.php(355): CodeIgniter\CodeIgniter->handleRequest(null, Object(Config\Cache), false)
10 SYSTEMPATH\Boot.php(334): CodeIgniter\CodeIgniter->run()
11 SYSTEMPATH\Boot.php(67): CodeIgniter\Boot::runCodeIgniter(Object(CodeIgniter\CodeIgniter))
12 FCPATH\index.php(56): CodeIgniter\Boot::bootWeb(Object(Config\Paths))
ERROR - 2025-10-15 11:13:45 --> mysqli_sql_exception: Table 'khm_touracle_db.khm_obj_hotel_room_tariff_season' doesn't exist in C:\wamp64\www\khm\system\Database\MySQLi\Connection.php:312
Stack trace:
#0 C:\wamp64\www\khm\system\Database\MySQLi\Connection.php(312): mysqli->query('SELECT DISTINCT...', 0)
#1 C:\wamp64\www\khm\system\Database\BaseConnection.php(734): CodeIgniter\Database\MySQLi\Connection->execute('SELECT DISTINCT...')
#2 C:\wamp64\www\khm\system\Database\BaseConnection.php(648): CodeIgniter\Database\BaseConnection->simpleQuery('SELECT DISTINCT...')
#3 C:\wamp64\www\khm\system\Database\BaseBuilder.php(1644): CodeIgniter\Database\BaseConnection->query('SELECT DISTINCT...', Array, false)
#4 C:\wamp64\www\khm\app\Models\Dashboard_m.php(2276): CodeIgniter\Database\BaseBuilder->get()
#5 C:\wamp64\www\khm\app\Controllers\Dashboard.php(3275): App\Models\Dashboard_m->get_room_basic_tariff_season_by_sysytem('2536', NULL, '1743')
#6 C:\wamp64\www\khm\system\CodeIgniter.php(933): App\Controllers\Dashboard->getRoomfunctionSeason()
#7 C:\wamp64\www\khm\system\CodeIgniter.php(509): CodeIgniter\CodeIgniter->runController(Object(App\Controllers\Dashboard))
#8 C:\wamp64\www\khm\system\CodeIgniter.php(355): CodeIgniter\CodeIgniter->handleRequest(NULL, Object(Config\Cache), false)
#9 C:\wamp64\www\khm\system\Boot.php(334): CodeIgniter\CodeIgniter->run()
#10 C:\wamp64\www\khm\system\Boot.php(67): CodeIgniter\Boot::runCodeIgniter(Object(CodeIgniter\CodeIgniter))
#11 C:\wamp64\www\khm\public\index.php(56): CodeIgniter\Boot::bootWeb(Object(Config\Paths))
#12 {main}
CRITICAL - 2025-10-15 11:13:45 --> CodeIgniter\Database\Exceptions\DatabaseException: Table 'khm_touracle_db.khm_obj_hotel_room_tariff_season' doesn't exist
[Method: POST, Route: Dashboard/getRoomfunctionSeason]
in SYSTEMPATH\Database\BaseConnection.php on line 688.
 1 SYSTEMPATH\Database\BaseBuilder.php(1644): CodeIgniter\Database\BaseConnection->query('SELECT DISTINCT `a`.*, `mp`.`meal_plan_name`, `rc`.`room_category_name`, `rc`.`room_category_id`, `rt`.`room_type_name`, `hrc`.`sort_order`, `mro`.`max_occupancy`
FROM `khm_obj_hotel_room_meal` `a`
LEFT JOIN `khm_obj_room` `r` ON `r`.`room_id` = `a`.`room_id`
LEFT JOIN `khm_obj_mst_room_occupancy` AS `mro` ON `mro`.`occupancy_id` = `r`.`occupancy_id`
LEFT JOIN `khm_obj_hotel` `h` ON `h`.`object_id` = `r`.`object_id`
LEFT JOIN `khm_obj_hotel_room_category` `hrc` ON `hrc`.`hotel_id` = `h`.`hotel_id` AND `hrc`.`room_category_id` = `r`.`room_category_id`
LEFT JOIN `khm_obj_mst_hotel_room_category` `rc` ON `rc`.`room_category_id` = `r`.`room_category_id`
LEFT JOIN `khm_obj_mst_room_type` `rt` ON `rt`.`room_type_id` = `r`.`room_type_id`
LEFT JOIN `khm_obj_meal_plan` `mp` ON `mp`.`meal_plan_id` = `a`.`meal_plan_id`
LEFT JOIN `khm_obj_hotel_room_tariff_season` `ts` ON `ts`.`hotel_room_meal_id` = `a`.`hotel_room_meal_id` AND `ts`.`season_id` = \'1743\'
WHERE `r`.`object_id` = :r.object_id:
AND `ts`.`season_id` IS NULL
GROUP BY `a`.`hotel_room_meal_id`
ORDER BY `hrc`.`sort_order` ASC, `a`.`meal_plan_id` ASC', [...], false)
 2 APPPATH\Models\Dashboard_m.php(2276): CodeIgniter\Database\BaseBuilder->get()
 3 APPPATH\Controllers\Dashboard.php(3275): App\Models\Dashboard_m->get_room_basic_tariff_season_by_sysytem('2536', null, '1743')
 4 SYSTEMPATH\CodeIgniter.php(933): App\Controllers\Dashboard->getRoomfunctionSeason()
 5 SYSTEMPATH\CodeIgniter.php(509): CodeIgniter\CodeIgniter->runController(Object(App\Controllers\Dashboard))
 6 SYSTEMPATH\CodeIgniter.php(355): CodeIgniter\CodeIgniter->handleRequest(null, Object(Config\Cache), false)
 7 SYSTEMPATH\Boot.php(334): CodeIgniter\CodeIgniter->run()
 8 SYSTEMPATH\Boot.php(67): CodeIgniter\Boot::runCodeIgniter(Object(CodeIgniter\CodeIgniter))
 9 FCPATH\index.php(56): CodeIgniter\Boot::bootWeb(Object(Config\Paths))
CRITICAL - 2025-10-15 11:13:45 --> [Caused by] CodeIgniter\Database\Exceptions\DatabaseException: Table 'khm_touracle_db.khm_obj_hotel_room_tariff_season' doesn't exist
in SYSTEMPATH\Database\MySQLi\Connection.php on line 317.
 1 SYSTEMPATH\Database\BaseConnection.php(734): CodeIgniter\Database\MySQLi\Connection->execute('SELECT DISTINCT `a`.*, `mp`.`meal_plan_name`, `rc`.`room_category_name`, `rc`.`room_category_id`, `rt`.`room_type_name`, `hrc`.`sort_order`, `mro`.`max_occupancy`
FROM `khm_obj_hotel_room_meal` `a`
LEFT JOIN `khm_obj_room` `r` ON `r`.`room_id` = `a`.`room_id`
LEFT JOIN `khm_obj_mst_room_occupancy` AS `mro` ON `mro`.`occupancy_id` = `r`.`occupancy_id`
LEFT JOIN `khm_obj_hotel` `h` ON `h`.`object_id` = `r`.`object_id`
LEFT JOIN `khm_obj_hotel_room_category` `hrc` ON `hrc`.`hotel_id` = `h`.`hotel_id` AND `hrc`.`room_category_id` = `r`.`room_category_id`
LEFT JOIN `khm_obj_mst_hotel_room_category` `rc` ON `rc`.`room_category_id` = `r`.`room_category_id`
LEFT JOIN `khm_obj_mst_room_type` `rt` ON `rt`.`room_type_id` = `r`.`room_type_id`
LEFT JOIN `khm_obj_meal_plan` `mp` ON `mp`.`meal_plan_id` = `a`.`meal_plan_id`
LEFT JOIN `khm_obj_hotel_room_tariff_season` `ts` ON `ts`.`hotel_room_meal_id` = `a`.`hotel_room_meal_id` AND `ts`.`season_id` = \'1743\'
WHERE `r`.`object_id` = \'2536\'
AND `ts`.`season_id` IS NULL
GROUP BY `a`.`hotel_room_meal_id`
ORDER BY `hrc`.`sort_order` ASC, `a`.`meal_plan_id` ASC')
 2 SYSTEMPATH\Database\BaseConnection.php(648): CodeIgniter\Database\BaseConnection->simpleQuery('SELECT DISTINCT `a`.*, `mp`.`meal_plan_name`, `rc`.`room_category_name`, `rc`.`room_category_id`, `rt`.`room_type_name`, `hrc`.`sort_order`, `mro`.`max_occupancy`
FROM `khm_obj_hotel_room_meal` `a`
LEFT JOIN `khm_obj_room` `r` ON `r`.`room_id` = `a`.`room_id`
LEFT JOIN `khm_obj_mst_room_occupancy` AS `mro` ON `mro`.`occupancy_id` = `r`.`occupancy_id`
LEFT JOIN `khm_obj_hotel` `h` ON `h`.`object_id` = `r`.`object_id`
LEFT JOIN `khm_obj_hotel_room_category` `hrc` ON `hrc`.`hotel_id` = `h`.`hotel_id` AND `hrc`.`room_category_id` = `r`.`room_category_id`
LEFT JOIN `khm_obj_mst_hotel_room_category` `rc` ON `rc`.`room_category_id` = `r`.`room_category_id`
LEFT JOIN `khm_obj_mst_room_type` `rt` ON `rt`.`room_type_id` = `r`.`room_type_id`
LEFT JOIN `khm_obj_meal_plan` `mp` ON `mp`.`meal_plan_id` = `a`.`meal_plan_id`
LEFT JOIN `khm_obj_hotel_room_tariff_season` `ts` ON `ts`.`hotel_room_meal_id` = `a`.`hotel_room_meal_id` AND `ts`.`season_id` = \'1743\'
WHERE `r`.`object_id` = \'2536\'
AND `ts`.`season_id` IS NULL
GROUP BY `a`.`hotel_room_meal_id`
ORDER BY `hrc`.`sort_order` ASC, `a`.`meal_plan_id` ASC')
 3 SYSTEMPATH\Database\BaseBuilder.php(1644): CodeIgniter\Database\BaseConnection->query('SELECT DISTINCT `a`.*, `mp`.`meal_plan_name`, `rc`.`room_category_name`, `rc`.`room_category_id`, `rt`.`room_type_name`, `hrc`.`sort_order`, `mro`.`max_occupancy`
FROM `khm_obj_hotel_room_meal` `a`
LEFT JOIN `khm_obj_room` `r` ON `r`.`room_id` = `a`.`room_id`
LEFT JOIN `khm_obj_mst_room_occupancy` AS `mro` ON `mro`.`occupancy_id` = `r`.`occupancy_id`
LEFT JOIN `khm_obj_hotel` `h` ON `h`.`object_id` = `r`.`object_id`
LEFT JOIN `khm_obj_hotel_room_category` `hrc` ON `hrc`.`hotel_id` = `h`.`hotel_id` AND `hrc`.`room_category_id` = `r`.`room_category_id`
LEFT JOIN `khm_obj_mst_hotel_room_category` `rc` ON `rc`.`room_category_id` = `r`.`room_category_id`
LEFT JOIN `khm_obj_mst_room_type` `rt` ON `rt`.`room_type_id` = `r`.`room_type_id`
LEFT JOIN `khm_obj_meal_plan` `mp` ON `mp`.`meal_plan_id` = `a`.`meal_plan_id`
LEFT JOIN `khm_obj_hotel_room_tariff_season` `ts` ON `ts`.`hotel_room_meal_id` = `a`.`hotel_room_meal_id` AND `ts`.`season_id` = \'1743\'
WHERE `r`.`object_id` = :r.object_id:
AND `ts`.`season_id` IS NULL
GROUP BY `a`.`hotel_room_meal_id`
ORDER BY `hrc`.`sort_order` ASC, `a`.`meal_plan_id` ASC', [...], false)
 4 APPPATH\Models\Dashboard_m.php(2276): CodeIgniter\Database\BaseBuilder->get()
 5 APPPATH\Controllers\Dashboard.php(3275): App\Models\Dashboard_m->get_room_basic_tariff_season_by_sysytem('2536', null, '1743')
 6 SYSTEMPATH\CodeIgniter.php(933): App\Controllers\Dashboard->getRoomfunctionSeason()
 7 SYSTEMPATH\CodeIgniter.php(509): CodeIgniter\CodeIgniter->runController(Object(App\Controllers\Dashboard))
 8 SYSTEMPATH\CodeIgniter.php(355): CodeIgniter\CodeIgniter->handleRequest(null, Object(Config\Cache), false)
 9 SYSTEMPATH\Boot.php(334): CodeIgniter\CodeIgniter->run()
10 SYSTEMPATH\Boot.php(67): CodeIgniter\Boot::runCodeIgniter(Object(CodeIgniter\CodeIgniter))
11 FCPATH\index.php(56): CodeIgniter\Boot::bootWeb(Object(Config\Paths))
CRITICAL - 2025-10-15 11:13:45 --> [Caused by] mysqli_sql_exception: Table 'khm_touracle_db.khm_obj_hotel_room_tariff_season' doesn't exist
in SYSTEMPATH\Database\MySQLi\Connection.php on line 312.
 1 SYSTEMPATH\Database\MySQLi\Connection.php(312): mysqli->query('SELECT DISTINCT `a`.*, `mp`.`meal_plan_name`, `rc`.`room_category_name`, `rc`.`room_category_id`, `rt`.`room_type_name`, `hrc`.`sort_order`, `mro`.`max_occupancy`
FROM `khm_obj_hotel_room_meal` `a`
LEFT JOIN `khm_obj_room` `r` ON `r`.`room_id` = `a`.`room_id`
LEFT JOIN `khm_obj_mst_room_occupancy` AS `mro` ON `mro`.`occupancy_id` = `r`.`occupancy_id`
LEFT JOIN `khm_obj_hotel` `h` ON `h`.`object_id` = `r`.`object_id`
LEFT JOIN `khm_obj_hotel_room_category` `hrc` ON `hrc`.`hotel_id` = `h`.`hotel_id` AND `hrc`.`room_category_id` = `r`.`room_category_id`
LEFT JOIN `khm_obj_mst_hotel_room_category` `rc` ON `rc`.`room_category_id` = `r`.`room_category_id`
LEFT JOIN `khm_obj_mst_room_type` `rt` ON `rt`.`room_type_id` = `r`.`room_type_id`
LEFT JOIN `khm_obj_meal_plan` `mp` ON `mp`.`meal_plan_id` = `a`.`meal_plan_id`
LEFT JOIN `khm_obj_hotel_room_tariff_season` `ts` ON `ts`.`hotel_room_meal_id` = `a`.`hotel_room_meal_id` AND `ts`.`season_id` = \'1743\'
WHERE `r`.`object_id` = \'2536\'
AND `ts`.`season_id` IS NULL
GROUP BY `a`.`hotel_room_meal_id`
ORDER BY `hrc`.`sort_order` ASC, `a`.`meal_plan_id` ASC', 0)
 2 SYSTEMPATH\Database\BaseConnection.php(734): CodeIgniter\Database\MySQLi\Connection->execute('SELECT DISTINCT `a`.*, `mp`.`meal_plan_name`, `rc`.`room_category_name`, `rc`.`room_category_id`, `rt`.`room_type_name`, `hrc`.`sort_order`, `mro`.`max_occupancy`
FROM `khm_obj_hotel_room_meal` `a`
LEFT JOIN `khm_obj_room` `r` ON `r`.`room_id` = `a`.`room_id`
LEFT JOIN `khm_obj_mst_room_occupancy` AS `mro` ON `mro`.`occupancy_id` = `r`.`occupancy_id`
LEFT JOIN `khm_obj_hotel` `h` ON `h`.`object_id` = `r`.`object_id`
LEFT JOIN `khm_obj_hotel_room_category` `hrc` ON `hrc`.`hotel_id` = `h`.`hotel_id` AND `hrc`.`room_category_id` = `r`.`room_category_id`
LEFT JOIN `khm_obj_mst_hotel_room_category` `rc` ON `rc`.`room_category_id` = `r`.`room_category_id`
LEFT JOIN `khm_obj_mst_room_type` `rt` ON `rt`.`room_type_id` = `r`.`room_type_id`
LEFT JOIN `khm_obj_meal_plan` `mp` ON `mp`.`meal_plan_id` = `a`.`meal_plan_id`
LEFT JOIN `khm_obj_hotel_room_tariff_season` `ts` ON `ts`.`hotel_room_meal_id` = `a`.`hotel_room_meal_id` AND `ts`.`season_id` = \'1743\'
WHERE `r`.`object_id` = \'2536\'
AND `ts`.`season_id` IS NULL
GROUP BY `a`.`hotel_room_meal_id`
ORDER BY `hrc`.`sort_order` ASC, `a`.`meal_plan_id` ASC')
 3 SYSTEMPATH\Database\BaseConnection.php(648): CodeIgniter\Database\BaseConnection->simpleQuery('SELECT DISTINCT `a`.*, `mp`.`meal_plan_name`, `rc`.`room_category_name`, `rc`.`room_category_id`, `rt`.`room_type_name`, `hrc`.`sort_order`, `mro`.`max_occupancy`
FROM `khm_obj_hotel_room_meal` `a`
LEFT JOIN `khm_obj_room` `r` ON `r`.`room_id` = `a`.`room_id`
LEFT JOIN `khm_obj_mst_room_occupancy` AS `mro` ON `mro`.`occupancy_id` = `r`.`occupancy_id`
LEFT JOIN `khm_obj_hotel` `h` ON `h`.`object_id` = `r`.`object_id`
LEFT JOIN `khm_obj_hotel_room_category` `hrc` ON `hrc`.`hotel_id` = `h`.`hotel_id` AND `hrc`.`room_category_id` = `r`.`room_category_id`
LEFT JOIN `khm_obj_mst_hotel_room_category` `rc` ON `rc`.`room_category_id` = `r`.`room_category_id`
LEFT JOIN `khm_obj_mst_room_type` `rt` ON `rt`.`room_type_id` = `r`.`room_type_id`
LEFT JOIN `khm_obj_meal_plan` `mp` ON `mp`.`meal_plan_id` = `a`.`meal_plan_id`
LEFT JOIN `khm_obj_hotel_room_tariff_season` `ts` ON `ts`.`hotel_room_meal_id` = `a`.`hotel_room_meal_id` AND `ts`.`season_id` = \'1743\'
WHERE `r`.`object_id` = \'2536\'
AND `ts`.`season_id` IS NULL
GROUP BY `a`.`hotel_room_meal_id`
ORDER BY `hrc`.`sort_order` ASC, `a`.`meal_plan_id` ASC')
 4 SYSTEMPATH\Database\BaseBuilder.php(1644): CodeIgniter\Database\BaseConnection->query('SELECT DISTINCT `a`.*, `mp`.`meal_plan_name`, `rc`.`room_category_name`, `rc`.`room_category_id`, `rt`.`room_type_name`, `hrc`.`sort_order`, `mro`.`max_occupancy`
FROM `khm_obj_hotel_room_meal` `a`
LEFT JOIN `khm_obj_room` `r` ON `r`.`room_id` = `a`.`room_id`
LEFT JOIN `khm_obj_mst_room_occupancy` AS `mro` ON `mro`.`occupancy_id` = `r`.`occupancy_id`
LEFT JOIN `khm_obj_hotel` `h` ON `h`.`object_id` = `r`.`object_id`
LEFT JOIN `khm_obj_hotel_room_category` `hrc` ON `hrc`.`hotel_id` = `h`.`hotel_id` AND `hrc`.`room_category_id` = `r`.`room_category_id`
LEFT JOIN `khm_obj_mst_hotel_room_category` `rc` ON `rc`.`room_category_id` = `r`.`room_category_id`
LEFT JOIN `khm_obj_mst_room_type` `rt` ON `rt`.`room_type_id` = `r`.`room_type_id`
LEFT JOIN `khm_obj_meal_plan` `mp` ON `mp`.`meal_plan_id` = `a`.`meal_plan_id`
LEFT JOIN `khm_obj_hotel_room_tariff_season` `ts` ON `ts`.`hotel_room_meal_id` = `a`.`hotel_room_meal_id` AND `ts`.`season_id` = \'1743\'
WHERE `r`.`object_id` = :r.object_id:
AND `ts`.`season_id` IS NULL
GROUP BY `a`.`hotel_room_meal_id`
ORDER BY `hrc`.`sort_order` ASC, `a`.`meal_plan_id` ASC', [...], false)
 5 APPPATH\Models\Dashboard_m.php(2276): CodeIgniter\Database\BaseBuilder->get()
 6 APPPATH\Controllers\Dashboard.php(3275): App\Models\Dashboard_m->get_room_basic_tariff_season_by_sysytem('2536', null, '1743')
 7 SYSTEMPATH\CodeIgniter.php(933): App\Controllers\Dashboard->getRoomfunctionSeason()
 8 SYSTEMPATH\CodeIgniter.php(509): CodeIgniter\CodeIgniter->runController(Object(App\Controllers\Dashboard))
 9 SYSTEMPATH\CodeIgniter.php(355): CodeIgniter\CodeIgniter->handleRequest(null, Object(Config\Cache), false)
10 SYSTEMPATH\Boot.php(334): CodeIgniter\CodeIgniter->run()
11 SYSTEMPATH\Boot.php(67): CodeIgniter\Boot::runCodeIgniter(Object(CodeIgniter\CodeIgniter))
12 FCPATH\index.php(56): CodeIgniter\Boot::bootWeb(Object(Config\Paths))
ERROR - 2025-10-15 11:15:12 --> mysqli_sql_exception: Table 'khm_touracle_db.khm_obj_hotel_room_tariff_season' doesn't exist in C:\wamp64\www\khm\system\Database\MySQLi\Connection.php:312
Stack trace:
#0 C:\wamp64\www\khm\system\Database\MySQLi\Connection.php(312): mysqli->query('SELECT DISTINCT...', 0)
#1 C:\wamp64\www\khm\system\Database\BaseConnection.php(734): CodeIgniter\Database\MySQLi\Connection->execute('SELECT DISTINCT...')
#2 C:\wamp64\www\khm\system\Database\BaseConnection.php(648): CodeIgniter\Database\BaseConnection->simpleQuery('SELECT DISTINCT...')
#3 C:\wamp64\www\khm\system\Database\BaseBuilder.php(1644): CodeIgniter\Database\BaseConnection->query('SELECT DISTINCT...', Array, false)
#4 C:\wamp64\www\khm\app\Models\Dashboard_m.php(2276): CodeIgniter\Database\BaseBuilder->get()
#5 C:\wamp64\www\khm\app\Controllers\Dashboard.php(3275): App\Models\Dashboard_m->get_room_basic_tariff_season_by_sysytem('2536', NULL, '1743')
#6 C:\wamp64\www\khm\system\CodeIgniter.php(933): App\Controllers\Dashboard->getRoomfunctionSeason()
#7 C:\wamp64\www\khm\system\CodeIgniter.php(509): CodeIgniter\CodeIgniter->runController(Object(App\Controllers\Dashboard))
#8 C:\wamp64\www\khm\system\CodeIgniter.php(355): CodeIgniter\CodeIgniter->handleRequest(NULL, Object(Config\Cache), false)
#9 C:\wamp64\www\khm\system\Boot.php(334): CodeIgniter\CodeIgniter->run()
#10 C:\wamp64\www\khm\system\Boot.php(67): CodeIgniter\Boot::runCodeIgniter(Object(CodeIgniter\CodeIgniter))
#11 C:\wamp64\www\khm\public\index.php(56): CodeIgniter\Boot::bootWeb(Object(Config\Paths))
#12 {main}
CRITICAL - 2025-10-15 11:15:12 --> CodeIgniter\Database\Exceptions\DatabaseException: Table 'khm_touracle_db.khm_obj_hotel_room_tariff_season' doesn't exist
[Method: POST, Route: Dashboard/getRoomfunctionSeason]
in SYSTEMPATH\Database\BaseConnection.php on line 688.
 1 SYSTEMPATH\Database\BaseBuilder.php(1644): CodeIgniter\Database\BaseConnection->query('SELECT DISTINCT `a`.*, `mp`.`meal_plan_name`, `rc`.`room_category_name`, `rc`.`room_category_id`, `rt`.`room_type_name`, `hrc`.`sort_order`, `mro`.`max_occupancy`
FROM `khm_obj_hotel_room_meal` `a`
LEFT JOIN `khm_obj_room` `r` ON `r`.`room_id` = `a`.`room_id`
LEFT JOIN `khm_obj_mst_room_occupancy` AS `mro` ON `mro`.`occupancy_id` = `r`.`occupancy_id`
LEFT JOIN `khm_obj_hotel` `h` ON `h`.`object_id` = `r`.`object_id`
LEFT JOIN `khm_obj_hotel_room_category` `hrc` ON `hrc`.`hotel_id` = `h`.`hotel_id` AND `hrc`.`room_category_id` = `r`.`room_category_id`
LEFT JOIN `khm_obj_mst_hotel_room_category` `rc` ON `rc`.`room_category_id` = `r`.`room_category_id`
LEFT JOIN `khm_obj_mst_room_type` `rt` ON `rt`.`room_type_id` = `r`.`room_type_id`
LEFT JOIN `khm_obj_meal_plan` `mp` ON `mp`.`meal_plan_id` = `a`.`meal_plan_id`
LEFT JOIN `khm_obj_hotel_room_tariff_season` `ts` ON `ts`.`hotel_room_meal_id` = `a`.`hotel_room_meal_id` AND `ts`.`season_id` = \'1743\'
WHERE `r`.`object_id` = :r.object_id:
AND `ts`.`season_id` IS NULL
GROUP BY `a`.`hotel_room_meal_id`
ORDER BY `hrc`.`sort_order` ASC, `a`.`meal_plan_id` ASC', [...], false)
 2 APPPATH\Models\Dashboard_m.php(2276): CodeIgniter\Database\BaseBuilder->get()
 3 APPPATH\Controllers\Dashboard.php(3275): App\Models\Dashboard_m->get_room_basic_tariff_season_by_sysytem('2536', null, '1743')
 4 SYSTEMPATH\CodeIgniter.php(933): App\Controllers\Dashboard->getRoomfunctionSeason()
 5 SYSTEMPATH\CodeIgniter.php(509): CodeIgniter\CodeIgniter->runController(Object(App\Controllers\Dashboard))
 6 SYSTEMPATH\CodeIgniter.php(355): CodeIgniter\CodeIgniter->handleRequest(null, Object(Config\Cache), false)
 7 SYSTEMPATH\Boot.php(334): CodeIgniter\CodeIgniter->run()
 8 SYSTEMPATH\Boot.php(67): CodeIgniter\Boot::runCodeIgniter(Object(CodeIgniter\CodeIgniter))
 9 FCPATH\index.php(56): CodeIgniter\Boot::bootWeb(Object(Config\Paths))
CRITICAL - 2025-10-15 11:15:12 --> [Caused by] CodeIgniter\Database\Exceptions\DatabaseException: Table 'khm_touracle_db.khm_obj_hotel_room_tariff_season' doesn't exist
in SYSTEMPATH\Database\MySQLi\Connection.php on line 317.
 1 SYSTEMPATH\Database\BaseConnection.php(734): CodeIgniter\Database\MySQLi\Connection->execute('SELECT DISTINCT `a`.*, `mp`.`meal_plan_name`, `rc`.`room_category_name`, `rc`.`room_category_id`, `rt`.`room_type_name`, `hrc`.`sort_order`, `mro`.`max_occupancy`
FROM `khm_obj_hotel_room_meal` `a`
LEFT JOIN `khm_obj_room` `r` ON `r`.`room_id` = `a`.`room_id`
LEFT JOIN `khm_obj_mst_room_occupancy` AS `mro` ON `mro`.`occupancy_id` = `r`.`occupancy_id`
LEFT JOIN `khm_obj_hotel` `h` ON `h`.`object_id` = `r`.`object_id`
LEFT JOIN `khm_obj_hotel_room_category` `hrc` ON `hrc`.`hotel_id` = `h`.`hotel_id` AND `hrc`.`room_category_id` = `r`.`room_category_id`
LEFT JOIN `khm_obj_mst_hotel_room_category` `rc` ON `rc`.`room_category_id` = `r`.`room_category_id`
LEFT JOIN `khm_obj_mst_room_type` `rt` ON `rt`.`room_type_id` = `r`.`room_type_id`
LEFT JOIN `khm_obj_meal_plan` `mp` ON `mp`.`meal_plan_id` = `a`.`meal_plan_id`
LEFT JOIN `khm_obj_hotel_room_tariff_season` `ts` ON `ts`.`hotel_room_meal_id` = `a`.`hotel_room_meal_id` AND `ts`.`season_id` = \'1743\'
WHERE `r`.`object_id` = \'2536\'
AND `ts`.`season_id` IS NULL
GROUP BY `a`.`hotel_room_meal_id`
ORDER BY `hrc`.`sort_order` ASC, `a`.`meal_plan_id` ASC')
 2 SYSTEMPATH\Database\BaseConnection.php(648): CodeIgniter\Database\BaseConnection->simpleQuery('SELECT DISTINCT `a`.*, `mp`.`meal_plan_name`, `rc`.`room_category_name`, `rc`.`room_category_id`, `rt`.`room_type_name`, `hrc`.`sort_order`, `mro`.`max_occupancy`
FROM `khm_obj_hotel_room_meal` `a`
LEFT JOIN `khm_obj_room` `r` ON `r`.`room_id` = `a`.`room_id`
LEFT JOIN `khm_obj_mst_room_occupancy` AS `mro` ON `mro`.`occupancy_id` = `r`.`occupancy_id`
LEFT JOIN `khm_obj_hotel` `h` ON `h`.`object_id` = `r`.`object_id`
LEFT JOIN `khm_obj_hotel_room_category` `hrc` ON `hrc`.`hotel_id` = `h`.`hotel_id` AND `hrc`.`room_category_id` = `r`.`room_category_id`
LEFT JOIN `khm_obj_mst_hotel_room_category` `rc` ON `rc`.`room_category_id` = `r`.`room_category_id`
LEFT JOIN `khm_obj_mst_room_type` `rt` ON `rt`.`room_type_id` = `r`.`room_type_id`
LEFT JOIN `khm_obj_meal_plan` `mp` ON `mp`.`meal_plan_id` = `a`.`meal_plan_id`
LEFT JOIN `khm_obj_hotel_room_tariff_season` `ts` ON `ts`.`hotel_room_meal_id` = `a`.`hotel_room_meal_id` AND `ts`.`season_id` = \'1743\'
WHERE `r`.`object_id` = \'2536\'
AND `ts`.`season_id` IS NULL
GROUP BY `a`.`hotel_room_meal_id`
ORDER BY `hrc`.`sort_order` ASC, `a`.`meal_plan_id` ASC')
 3 SYSTEMPATH\Database\BaseBuilder.php(1644): CodeIgniter\Database\BaseConnection->query('SELECT DISTINCT `a`.*, `mp`.`meal_plan_name`, `rc`.`room_category_name`, `rc`.`room_category_id`, `rt`.`room_type_name`, `hrc`.`sort_order`, `mro`.`max_occupancy`
FROM `khm_obj_hotel_room_meal` `a`
LEFT JOIN `khm_obj_room` `r` ON `r`.`room_id` = `a`.`room_id`
LEFT JOIN `khm_obj_mst_room_occupancy` AS `mro` ON `mro`.`occupancy_id` = `r`.`occupancy_id`
LEFT JOIN `khm_obj_hotel` `h` ON `h`.`object_id` = `r`.`object_id`
LEFT JOIN `khm_obj_hotel_room_category` `hrc` ON `hrc`.`hotel_id` = `h`.`hotel_id` AND `hrc`.`room_category_id` = `r`.`room_category_id`
LEFT JOIN `khm_obj_mst_hotel_room_category` `rc` ON `rc`.`room_category_id` = `r`.`room_category_id`
LEFT JOIN `khm_obj_mst_room_type` `rt` ON `rt`.`room_type_id` = `r`.`room_type_id`
LEFT JOIN `khm_obj_meal_plan` `mp` ON `mp`.`meal_plan_id` = `a`.`meal_plan_id`
LEFT JOIN `khm_obj_hotel_room_tariff_season` `ts` ON `ts`.`hotel_room_meal_id` = `a`.`hotel_room_meal_id` AND `ts`.`season_id` = \'1743\'
WHERE `r`.`object_id` = :r.object_id:
AND `ts`.`season_id` IS NULL
GROUP BY `a`.`hotel_room_meal_id`
ORDER BY `hrc`.`sort_order` ASC, `a`.`meal_plan_id` ASC', [...], false)
 4 APPPATH\Models\Dashboard_m.php(2276): CodeIgniter\Database\BaseBuilder->get()
 5 APPPATH\Controllers\Dashboard.php(3275): App\Models\Dashboard_m->get_room_basic_tariff_season_by_sysytem('2536', null, '1743')
 6 SYSTEMPATH\CodeIgniter.php(933): App\Controllers\Dashboard->getRoomfunctionSeason()
 7 SYSTEMPATH\CodeIgniter.php(509): CodeIgniter\CodeIgniter->runController(Object(App\Controllers\Dashboard))
 8 SYSTEMPATH\CodeIgniter.php(355): CodeIgniter\CodeIgniter->handleRequest(null, Object(Config\Cache), false)
 9 SYSTEMPATH\Boot.php(334): CodeIgniter\CodeIgniter->run()
10 SYSTEMPATH\Boot.php(67): CodeIgniter\Boot::runCodeIgniter(Object(CodeIgniter\CodeIgniter))
11 FCPATH\index.php(56): CodeIgniter\Boot::bootWeb(Object(Config\Paths))
CRITICAL - 2025-10-15 11:15:12 --> [Caused by] mysqli_sql_exception: Table 'khm_touracle_db.khm_obj_hotel_room_tariff_season' doesn't exist
in SYSTEMPATH\Database\MySQLi\Connection.php on line 312.
 1 SYSTEMPATH\Database\MySQLi\Connection.php(312): mysqli->query('SELECT DISTINCT `a`.*, `mp`.`meal_plan_name`, `rc`.`room_category_name`, `rc`.`room_category_id`, `rt`.`room_type_name`, `hrc`.`sort_order`, `mro`.`max_occupancy`
FROM `khm_obj_hotel_room_meal` `a`
LEFT JOIN `khm_obj_room` `r` ON `r`.`room_id` = `a`.`room_id`
LEFT JOIN `khm_obj_mst_room_occupancy` AS `mro` ON `mro`.`occupancy_id` = `r`.`occupancy_id`
LEFT JOIN `khm_obj_hotel` `h` ON `h`.`object_id` = `r`.`object_id`
LEFT JOIN `khm_obj_hotel_room_category` `hrc` ON `hrc`.`hotel_id` = `h`.`hotel_id` AND `hrc`.`room_category_id` = `r`.`room_category_id`
LEFT JOIN `khm_obj_mst_hotel_room_category` `rc` ON `rc`.`room_category_id` = `r`.`room_category_id`
LEFT JOIN `khm_obj_mst_room_type` `rt` ON `rt`.`room_type_id` = `r`.`room_type_id`
LEFT JOIN `khm_obj_meal_plan` `mp` ON `mp`.`meal_plan_id` = `a`.`meal_plan_id`
LEFT JOIN `khm_obj_hotel_room_tariff_season` `ts` ON `ts`.`hotel_room_meal_id` = `a`.`hotel_room_meal_id` AND `ts`.`season_id` = \'1743\'
WHERE `r`.`object_id` = \'2536\'
AND `ts`.`season_id` IS NULL
GROUP BY `a`.`hotel_room_meal_id`
ORDER BY `hrc`.`sort_order` ASC, `a`.`meal_plan_id` ASC', 0)
 2 SYSTEMPATH\Database\BaseConnection.php(734): CodeIgniter\Database\MySQLi\Connection->execute('SELECT DISTINCT `a`.*, `mp`.`meal_plan_name`, `rc`.`room_category_name`, `rc`.`room_category_id`, `rt`.`room_type_name`, `hrc`.`sort_order`, `mro`.`max_occupancy`
FROM `khm_obj_hotel_room_meal` `a`
LEFT JOIN `khm_obj_room` `r` ON `r`.`room_id` = `a`.`room_id`
LEFT JOIN `khm_obj_mst_room_occupancy` AS `mro` ON `mro`.`occupancy_id` = `r`.`occupancy_id`
LEFT JOIN `khm_obj_hotel` `h` ON `h`.`object_id` = `r`.`object_id`
LEFT JOIN `khm_obj_hotel_room_category` `hrc` ON `hrc`.`hotel_id` = `h`.`hotel_id` AND `hrc`.`room_category_id` = `r`.`room_category_id`
LEFT JOIN `khm_obj_mst_hotel_room_category` `rc` ON `rc`.`room_category_id` = `r`.`room_category_id`
LEFT JOIN `khm_obj_mst_room_type` `rt` ON `rt`.`room_type_id` = `r`.`room_type_id`
LEFT JOIN `khm_obj_meal_plan` `mp` ON `mp`.`meal_plan_id` = `a`.`meal_plan_id`
LEFT JOIN `khm_obj_hotel_room_tariff_season` `ts` ON `ts`.`hotel_room_meal_id` = `a`.`hotel_room_meal_id` AND `ts`.`season_id` = \'1743\'
WHERE `r`.`object_id` = \'2536\'
AND `ts`.`season_id` IS NULL
GROUP BY `a`.`hotel_room_meal_id`
ORDER BY `hrc`.`sort_order` ASC, `a`.`meal_plan_id` ASC')
 3 SYSTEMPATH\Database\BaseConnection.php(648): CodeIgniter\Database\BaseConnection->simpleQuery('SELECT DISTINCT `a`.*, `mp`.`meal_plan_name`, `rc`.`room_category_name`, `rc`.`room_category_id`, `rt`.`room_type_name`, `hrc`.`sort_order`, `mro`.`max_occupancy`
FROM `khm_obj_hotel_room_meal` `a`
LEFT JOIN `khm_obj_room` `r` ON `r`.`room_id` = `a`.`room_id`
LEFT JOIN `khm_obj_mst_room_occupancy` AS `mro` ON `mro`.`occupancy_id` = `r`.`occupancy_id`
LEFT JOIN `khm_obj_hotel` `h` ON `h`.`object_id` = `r`.`object_id`
LEFT JOIN `khm_obj_hotel_room_category` `hrc` ON `hrc`.`hotel_id` = `h`.`hotel_id` AND `hrc`.`room_category_id` = `r`.`room_category_id`
LEFT JOIN `khm_obj_mst_hotel_room_category` `rc` ON `rc`.`room_category_id` = `r`.`room_category_id`
LEFT JOIN `khm_obj_mst_room_type` `rt` ON `rt`.`room_type_id` = `r`.`room_type_id`
LEFT JOIN `khm_obj_meal_plan` `mp` ON `mp`.`meal_plan_id` = `a`.`meal_plan_id`
LEFT JOIN `khm_obj_hotel_room_tariff_season` `ts` ON `ts`.`hotel_room_meal_id` = `a`.`hotel_room_meal_id` AND `ts`.`season_id` = \'1743\'
WHERE `r`.`object_id` = \'2536\'
AND `ts`.`season_id` IS NULL
GROUP BY `a`.`hotel_room_meal_id`
ORDER BY `hrc`.`sort_order` ASC, `a`.`meal_plan_id` ASC')
 4 SYSTEMPATH\Database\BaseBuilder.php(1644): CodeIgniter\Database\BaseConnection->query('SELECT DISTINCT `a`.*, `mp`.`meal_plan_name`, `rc`.`room_category_name`, `rc`.`room_category_id`, `rt`.`room_type_name`, `hrc`.`sort_order`, `mro`.`max_occupancy`
FROM `khm_obj_hotel_room_meal` `a`
LEFT JOIN `khm_obj_room` `r` ON `r`.`room_id` = `a`.`room_id`
LEFT JOIN `khm_obj_mst_room_occupancy` AS `mro` ON `mro`.`occupancy_id` = `r`.`occupancy_id`
LEFT JOIN `khm_obj_hotel` `h` ON `h`.`object_id` = `r`.`object_id`
LEFT JOIN `khm_obj_hotel_room_category` `hrc` ON `hrc`.`hotel_id` = `h`.`hotel_id` AND `hrc`.`room_category_id` = `r`.`room_category_id`
LEFT JOIN `khm_obj_mst_hotel_room_category` `rc` ON `rc`.`room_category_id` = `r`.`room_category_id`
LEFT JOIN `khm_obj_mst_room_type` `rt` ON `rt`.`room_type_id` = `r`.`room_type_id`
LEFT JOIN `khm_obj_meal_plan` `mp` ON `mp`.`meal_plan_id` = `a`.`meal_plan_id`
LEFT JOIN `khm_obj_hotel_room_tariff_season` `ts` ON `ts`.`hotel_room_meal_id` = `a`.`hotel_room_meal_id` AND `ts`.`season_id` = \'1743\'
WHERE `r`.`object_id` = :r.object_id:
AND `ts`.`season_id` IS NULL
GROUP BY `a`.`hotel_room_meal_id`
ORDER BY `hrc`.`sort_order` ASC, `a`.`meal_plan_id` ASC', [...], false)
 5 APPPATH\Models\Dashboard_m.php(2276): CodeIgniter\Database\BaseBuilder->get()
 6 APPPATH\Controllers\Dashboard.php(3275): App\Models\Dashboard_m->get_room_basic_tariff_season_by_sysytem('2536', null, '1743')
 7 SYSTEMPATH\CodeIgniter.php(933): App\Controllers\Dashboard->getRoomfunctionSeason()
 8 SYSTEMPATH\CodeIgniter.php(509): CodeIgniter\CodeIgniter->runController(Object(App\Controllers\Dashboard))
 9 SYSTEMPATH\CodeIgniter.php(355): CodeIgniter\CodeIgniter->handleRequest(null, Object(Config\Cache), false)
10 SYSTEMPATH\Boot.php(334): CodeIgniter\CodeIgniter->run()
11 SYSTEMPATH\Boot.php(67): CodeIgniter\Boot::runCodeIgniter(Object(CodeIgniter\CodeIgniter))
12 FCPATH\index.php(56): CodeIgniter\Boot::bootWeb(Object(Config\Paths))
