ERROR - 2025-10-28 01:03:26 --> No object_id found for hotel_id: 
ERROR - 2025-10-28 01:03:26 --> No object_id found for hotel_id: 
ERROR - 2025-10-28 01:03:26 --> No object_id found for hotel_id: 
ERROR - 2025-10-28 01:03:26 --> No object_id found for hotel_id: 
ERROR - 2025-10-28 01:04:35 --> No object_id found for hotel_id: 
ERROR - 2025-10-28 01:04:36 --> No object_id found for hotel_id: 
ERROR - 2025-10-28 01:04:36 --> No object_id found for hotel_id: 
ERROR - 2025-10-28 01:04:36 --> No object_id found for hotel_id: 
ERROR - 2025-10-28 01:22:14 --> No object_id found for hotel_id: 
ERROR - 2025-10-28 01:22:14 --> No object_id found for hotel_id: 
ERROR - 2025-10-28 01:22:14 --> No object_id found for hotel_id: 
ERROR - 2025-10-28 01:22:14 --> No object_id found for hotel_id: 
ERROR - 2025-10-28 01:22:14 --> No object_id found for hotel_id: 
ERROR - 2025-10-28 01:22:14 --> No object_id found for hotel_id: 
ERROR - 2025-10-28 04:26:23 --> No object_id found for hotel_id: 
ERROR - 2025-10-28 04:26:23 --> No object_id found for hotel_id: 
ERROR - 2025-10-28 04:26:23 --> No object_id found for hotel_id: 
ERROR - 2025-10-28 04:26:23 --> No object_id found for hotel_id: 
ERROR - 2025-10-28 04:26:23 --> No object_id found for hotel_id: 
ERROR - 2025-10-28 04:26:23 --> No object_id found for hotel_id: 
ERROR - 2025-10-28 04:26:33 --> No object_id found for hotel_id: 
ERROR - 2025-10-28 04:26:33 --> No object_id found for hotel_id: 
ERROR - 2025-10-28 04:26:33 --> No object_id found for hotel_id: 
ERROR - 2025-10-28 04:26:33 --> No object_id found for hotel_id: 
ERROR - 2025-10-28 04:26:33 --> No object_id found for hotel_id: 
ERROR - 2025-10-28 04:26:33 --> No object_id found for hotel_id: 
ERROR - 2025-10-28 04:26:49 --> No object_id found for hotel_id: 
ERROR - 2025-10-28 04:26:50 --> No object_id found for hotel_id: 
ERROR - 2025-10-28 04:26:50 --> No object_id found for hotel_id: 
ERROR - 2025-10-28 04:26:50 --> No object_id found for hotel_id: 
ERROR - 2025-10-28 04:26:50 --> No object_id found for hotel_id: 
ERROR - 2025-10-28 04:26:50 --> No object_id found for hotel_id: 
ERROR - 2025-10-28 04:27:12 --> No object_id found for hotel_id: 
ERROR - 2025-10-28 04:27:12 --> No object_id found for hotel_id: 
ERROR - 2025-10-28 04:27:12 --> No object_id found for hotel_id: 
ERROR - 2025-10-28 04:27:12 --> No object_id found for hotel_id: 
ERROR - 2025-10-28 04:27:12 --> No object_id found for hotel_id: 
ERROR - 2025-10-28 04:27:12 --> No object_id found for hotel_id: 
ERROR - 2025-10-28 04:30:11 --> No object_id found for hotel_id: 
ERROR - 2025-10-28 04:30:11 --> No object_id found for hotel_id: 
ERROR - 2025-10-28 04:30:11 --> No object_id found for hotel_id: 
ERROR - 2025-10-28 04:30:11 --> No object_id found for hotel_id: 
ERROR - 2025-10-28 04:30:11 --> No object_id found for hotel_id: 
ERROR - 2025-10-28 04:30:11 --> No object_id found for hotel_id: 
ERROR - 2025-10-28 04:30:40 --> No object_id found for hotel_id: 
ERROR - 2025-10-28 04:30:40 --> No object_id found for hotel_id: 
ERROR - 2025-10-28 04:30:40 --> No object_id found for hotel_id: 
ERROR - 2025-10-28 04:30:40 --> No object_id found for hotel_id: 
ERROR - 2025-10-28 04:30:40 --> No object_id found for hotel_id: 
ERROR - 2025-10-28 04:30:40 --> No object_id found for hotel_id: 
ERROR - 2025-10-28 05:02:49 --> No object_id found for hotel_id: 
ERROR - 2025-10-28 05:02:49 --> No object_id found for hotel_id: 
ERROR - 2025-10-28 05:02:49 --> No object_id found for hotel_id: 
ERROR - 2025-10-28 05:02:49 --> No object_id found for hotel_id: 
ERROR - 2025-10-28 05:02:49 --> No object_id found for hotel_id: 
ERROR - 2025-10-28 05:02:49 --> No object_id found for hotel_id: 
ERROR - 2025-10-28 05:03:58 --> No object_id found for hotel_id: 
ERROR - 2025-10-28 05:03:58 --> No object_id found for hotel_id: 
ERROR - 2025-10-28 05:03:58 --> No object_id found for hotel_id: 
ERROR - 2025-10-28 05:03:58 --> No object_id found for hotel_id: 
ERROR - 2025-10-28 05:03:58 --> No object_id found for hotel_id: 
ERROR - 2025-10-28 05:03:58 --> No object_id found for hotel_id: 
ERROR - 2025-10-28 05:07:52 --> No object_id found for hotel_id: 
ERROR - 2025-10-28 05:07:52 --> No object_id found for hotel_id: 
ERROR - 2025-10-28 05:07:52 --> No object_id found for hotel_id: 
ERROR - 2025-10-28 05:07:52 --> No object_id found for hotel_id: 
ERROR - 2025-10-28 05:07:52 --> No object_id found for hotel_id: 
ERROR - 2025-10-28 05:07:52 --> No object_id found for hotel_id: 
ERROR - 2025-10-28 05:08:03 --> No object_id found for hotel_id: 
ERROR - 2025-10-28 05:08:03 --> No object_id found for hotel_id: 
ERROR - 2025-10-28 05:08:03 --> No object_id found for hotel_id: 
ERROR - 2025-10-28 05:08:03 --> No object_id found for hotel_id: 
ERROR - 2025-10-28 05:08:03 --> No object_id found for hotel_id: 
ERROR - 2025-10-28 05:08:03 --> No object_id found for hotel_id: 
ERROR - 2025-10-28 05:10:50 --> No object_id found for hotel_id: 
ERROR - 2025-10-28 05:10:50 --> No object_id found for hotel_id: 
ERROR - 2025-10-28 05:10:50 --> No object_id found for hotel_id: 
ERROR - 2025-10-28 05:10:50 --> No object_id found for hotel_id: 
ERROR - 2025-10-28 05:10:50 --> No object_id found for hotel_id: 
ERROR - 2025-10-28 05:10:50 --> No object_id found for hotel_id: 
ERROR - 2025-10-28 05:12:36 --> No object_id found for hotel_id: 
ERROR - 2025-10-28 05:12:36 --> No object_id found for hotel_id: 
ERROR - 2025-10-28 05:12:36 --> No object_id found for hotel_id: 
ERROR - 2025-10-28 05:12:36 --> No object_id found for hotel_id: 
ERROR - 2025-10-28 05:12:36 --> No object_id found for hotel_id: 
ERROR - 2025-10-28 05:12:36 --> No object_id found for hotel_id: 
ERROR - 2025-10-28 05:16:52 --> No object_id found for hotel_id: 
ERROR - 2025-10-28 05:16:52 --> No object_id found for hotel_id: 
ERROR - 2025-10-28 05:16:52 --> No object_id found for hotel_id: 
ERROR - 2025-10-28 05:16:52 --> No object_id found for hotel_id: 
ERROR - 2025-10-28 05:16:52 --> No object_id found for hotel_id: 
ERROR - 2025-10-28 05:16:52 --> No object_id found for hotel_id: 
ERROR - 2025-10-28 05:18:09 --> No object_id found for hotel_id: 
ERROR - 2025-10-28 05:18:10 --> No object_id found for hotel_id: 
ERROR - 2025-10-28 05:18:10 --> No object_id found for hotel_id: 
ERROR - 2025-10-28 05:18:10 --> No object_id found for hotel_id: 
ERROR - 2025-10-28 05:18:10 --> No object_id found for hotel_id: 
ERROR - 2025-10-28 05:18:10 --> No object_id found for hotel_id: 
ERROR - 2025-10-28 05:18:40 --> No object_id found for hotel_id: 
ERROR - 2025-10-28 05:18:40 --> No object_id found for hotel_id: 
ERROR - 2025-10-28 05:18:40 --> No object_id found for hotel_id: 
ERROR - 2025-10-28 05:18:40 --> No object_id found for hotel_id: 
ERROR - 2025-10-28 05:18:40 --> No object_id found for hotel_id: 
ERROR - 2025-10-28 05:18:40 --> No object_id found for hotel_id: 
ERROR - 2025-10-28 05:23:45 --> No object_id found for hotel_id: 
ERROR - 2025-10-28 05:23:45 --> No object_id found for hotel_id: 
ERROR - 2025-10-28 05:23:45 --> No object_id found for hotel_id: 
ERROR - 2025-10-28 05:23:45 --> No object_id found for hotel_id: 
ERROR - 2025-10-28 05:23:45 --> No object_id found for hotel_id: 
ERROR - 2025-10-28 05:23:46 --> No object_id found for hotel_id: 
ERROR - 2025-10-28 05:23:46 --> No object_id found for hotel_id: 
ERROR - 2025-10-28 05:23:46 --> No object_id found for hotel_id: 
ERROR - 2025-10-28 05:23:46 --> No object_id found for hotel_id: 
ERROR - 2025-10-28 05:23:46 --> No object_id found for hotel_id: 
ERROR - 2025-10-28 05:23:46 --> No object_id found for hotel_id: 
ERROR - 2025-10-28 05:23:46 --> No object_id found for hotel_id: 
ERROR - 2025-10-28 05:23:46 --> No object_id found for hotel_id: 
ERROR - 2025-10-28 05:23:46 --> No object_id found for hotel_id: 
ERROR - 2025-10-28 05:23:46 --> No object_id found for hotel_id: 
ERROR - 2025-10-28 05:23:46 --> No object_id found for hotel_id: 
ERROR - 2025-10-28 05:24:05 --> No object_id found for hotel_id: 
ERROR - 2025-10-28 05:24:06 --> No object_id found for hotel_id: 
ERROR - 2025-10-28 05:24:06 --> No object_id found for hotel_id: 
ERROR - 2025-10-28 05:24:06 --> No object_id found for hotel_id: 
ERROR - 2025-10-28 05:24:06 --> No object_id found for hotel_id: 
ERROR - 2025-10-28 05:24:06 --> No object_id found for hotel_id: 
CRITICAL - 2025-10-28 11:20:36 --> ErrorException: Undefined array key "hotelcat"
[Method: POST, Route: Enquiry/saveTourPlan]
in APPPATH\Controllers\Enquiry.php on line 3438.
 1 APPPATH\Controllers\Enquiry.php(3438): CodeIgniter\Debug\Exceptions->errorHandler(2, 'Undefined array key "hotelcat"', 'C:\\wamp64\\www\\khm\\app\\Controllers\\Enquiry.php', 3438)
 2 SYSTEMPATH\CodeIgniter.php(933): App\Controllers\Enquiry->saveTourPlan()
 3 SYSTEMPATH\CodeIgniter.php(509): CodeIgniter\CodeIgniter->runController(Object(App\Controllers\Enquiry))
 4 SYSTEMPATH\CodeIgniter.php(355): CodeIgniter\CodeIgniter->handleRequest(null, Object(Config\Cache), false)
 5 SYSTEMPATH\Boot.php(334): CodeIgniter\CodeIgniter->run()
 6 SYSTEMPATH\Boot.php(67): CodeIgniter\Boot::runCodeIgniter(Object(CodeIgniter\CodeIgniter))
 7 FCPATH\index.php(56): CodeIgniter\Boot::bootWeb(Object(Config\Paths))
CRITICAL - 2025-10-28 11:21:02 --> ErrorException: Undefined array key "hotelcat"
[Method: POST, Route: Enquiry/saveTourPlan]
in APPPATH\Controllers\Enquiry.php on line 3438.
 1 APPPATH\Controllers\Enquiry.php(3438): CodeIgniter\Debug\Exceptions->errorHandler(2, 'Undefined array key "hotelcat"', 'C:\\wamp64\\www\\khm\\app\\Controllers\\Enquiry.php', 3438)
 2 SYSTEMPATH\CodeIgniter.php(933): App\Controllers\Enquiry->saveTourPlan()
 3 SYSTEMPATH\CodeIgniter.php(509): CodeIgniter\CodeIgniter->runController(Object(App\Controllers\Enquiry))
 4 SYSTEMPATH\CodeIgniter.php(355): CodeIgniter\CodeIgniter->handleRequest(null, Object(Config\Cache), false)
 5 SYSTEMPATH\Boot.php(334): CodeIgniter\CodeIgniter->run()
 6 SYSTEMPATH\Boot.php(67): CodeIgniter\Boot::runCodeIgniter(Object(CodeIgniter\CodeIgniter))
 7 FCPATH\index.php(56): CodeIgniter\Boot::bootWeb(Object(Config\Paths))
ERROR - 2025-10-28 06:45:21 --> No object_id found for hotel_id: 
ERROR - 2025-10-28 06:45:21 --> No object_id found for hotel_id: 
ERROR - 2025-10-28 06:45:21 --> No object_id found for hotel_id: 
ERROR - 2025-10-28 06:46:15 --> No object_id found for hotel_id: 
ERROR - 2025-10-28 06:46:15 --> No object_id found for hotel_id: 
ERROR - 2025-10-28 06:46:15 --> No object_id found for hotel_id: 
ERROR - 2025-10-28 06:53:17 --> No object_id found for hotel_id: 
ERROR - 2025-10-28 06:53:17 --> No object_id found for hotel_id: 
ERROR - 2025-10-28 06:53:17 --> No object_id found for hotel_id: 
ERROR - 2025-10-28 06:57:54 --> No object_id found for hotel_id: 
ERROR - 2025-10-28 06:57:54 --> No object_id found for hotel_id: 
ERROR - 2025-10-28 06:57:54 --> No object_id found for hotel_id: 
ERROR - 2025-10-28 07:09:24 --> No object_id found for hotel_id: 
ERROR - 2025-10-28 07:09:24 --> No object_id found for hotel_id: 
ERROR - 2025-10-28 07:09:24 --> No object_id found for hotel_id: 
ERROR - 2025-10-28 07:10:06 --> No object_id found for hotel_id: 
ERROR - 2025-10-28 07:10:06 --> No object_id found for hotel_id: 
ERROR - 2025-10-28 07:10:06 --> No object_id found for hotel_id: 
ERROR - 2025-10-28 08:07:09 --> No object_id found for hotel_id: 
ERROR - 2025-10-28 08:07:09 --> No object_id found for hotel_id: 
ERROR - 2025-10-28 08:07:10 --> No object_id found for hotel_id: 
ERROR - 2025-10-28 08:07:10 --> No object_id found for hotel_id: 
ERROR - 2025-10-28 08:07:10 --> No object_id found for hotel_id: 
ERROR - 2025-10-28 08:07:10 --> No object_id found for hotel_id: 
ERROR - 2025-10-28 08:07:10 --> No object_id found for hotel_id: 
ERROR - 2025-10-28 08:07:10 --> No object_id found for hotel_id: 
ERROR - 2025-10-28 08:07:10 --> No object_id found for hotel_id: 
ERROR - 2025-10-28 08:07:10 --> No object_id found for hotel_id: 
ERROR - 2025-10-28 08:07:10 --> No object_id found for hotel_id: 
ERROR - 2025-10-28 08:07:10 --> No object_id found for hotel_id: 
ERROR - 2025-10-28 08:07:10 --> No object_id found for hotel_id: 
ERROR - 2025-10-28 08:07:10 --> No object_id found for hotel_id: 
ERROR - 2025-10-28 08:07:11 --> No object_id found for hotel_id: 
ERROR - 2025-10-28 08:07:11 --> No object_id found for hotel_id: 
ERROR - 2025-10-28 08:07:11 --> No object_id found for hotel_id: 
ERROR - 2025-10-28 08:07:11 --> No object_id found for hotel_id: 
ERROR - 2025-10-28 08:07:11 --> No object_id found for hotel_id: 
ERROR - 2025-10-28 08:07:11 --> No object_id found for hotel_id: 
ERROR - 2025-10-28 08:07:11 --> No object_id found for hotel_id: 
ERROR - 2025-10-28 08:07:11 --> No object_id found for hotel_id: 
ERROR - 2025-10-28 08:07:11 --> No object_id found for hotel_id: 
ERROR - 2025-10-28 08:07:11 --> No object_id found for hotel_id: 
ERROR - 2025-10-28 08:07:11 --> No object_id found for hotel_id: 
ERROR - 2025-10-28 08:07:11 --> No object_id found for hotel_id: 
ERROR - 2025-10-28 08:07:11 --> No object_id found for hotel_id: 
ERROR - 2025-10-28 08:07:11 --> No object_id found for hotel_id: 
ERROR - 2025-10-28 08:07:12 --> No object_id found for hotel_id: 
ERROR - 2025-10-28 08:07:12 --> No object_id found for hotel_id: 
ERROR - 2025-10-28 08:07:12 --> No object_id found for hotel_id: 
ERROR - 2025-10-28 08:07:12 --> No object_id found for hotel_id: 
ERROR - 2025-10-28 08:07:12 --> No object_id found for hotel_id: 
ERROR - 2025-10-28 08:07:12 --> No object_id found for hotel_id: 
ERROR - 2025-10-28 08:07:12 --> No object_id found for hotel_id: 
ERROR - 2025-10-28 08:07:12 --> No object_id found for hotel_id: 
ERROR - 2025-10-28 08:07:12 --> No object_id found for hotel_id: 
ERROR - 2025-10-28 08:07:12 --> No object_id found for hotel_id: 
ERROR - 2025-10-28 08:07:12 --> No object_id found for hotel_id: 
ERROR - 2025-10-28 08:07:12 --> No object_id found for hotel_id: 
ERROR - 2025-10-28 08:07:12 --> No object_id found for hotel_id: 
ERROR - 2025-10-28 08:07:12 --> No object_id found for hotel_id: 
ERROR - 2025-10-28 08:07:12 --> No object_id found for hotel_id: 
ERROR - 2025-10-28 08:07:13 --> No object_id found for hotel_id: 
ERROR - 2025-10-28 08:07:13 --> No object_id found for hotel_id: 
ERROR - 2025-10-28 08:07:13 --> No object_id found for hotel_id: 
ERROR - 2025-10-28 08:07:13 --> No object_id found for hotel_id: 
ERROR - 2025-10-28 08:07:13 --> No object_id found for hotel_id: 
ERROR - 2025-10-28 08:07:13 --> No object_id found for hotel_id: 
ERROR - 2025-10-28 08:07:13 --> No object_id found for hotel_id: 
ERROR - 2025-10-28 08:07:13 --> No object_id found for hotel_id: 
ERROR - 2025-10-28 08:07:13 --> No object_id found for hotel_id: 
ERROR - 2025-10-28 08:07:13 --> No object_id found for hotel_id: 
ERROR - 2025-10-28 08:07:13 --> No object_id found for hotel_id: 
ERROR - 2025-10-28 08:07:13 --> No object_id found for hotel_id: 
ERROR - 2025-10-28 08:07:13 --> No object_id found for hotel_id: 
ERROR - 2025-10-28 08:07:13 --> No object_id found for hotel_id: 
ERROR - 2025-10-28 08:07:13 --> No object_id found for hotel_id: 
ERROR - 2025-10-28 08:07:13 --> No object_id found for hotel_id: 
ERROR - 2025-10-28 08:07:13 --> No object_id found for hotel_id: 
ERROR - 2025-10-28 08:07:14 --> No object_id found for hotel_id: 
ERROR - 2025-10-28 08:07:14 --> No object_id found for hotel_id: 
ERROR - 2025-10-28 08:07:14 --> No object_id found for hotel_id: 
ERROR - 2025-10-28 08:07:14 --> No object_id found for hotel_id: 
ERROR - 2025-10-28 08:07:14 --> No object_id found for hotel_id: 
ERROR - 2025-10-28 08:07:14 --> No object_id found for hotel_id: 
ERROR - 2025-10-28 08:07:14 --> No object_id found for hotel_id: 
ERROR - 2025-10-28 08:07:14 --> No object_id found for hotel_id: 
ERROR - 2025-10-28 08:07:14 --> No object_id found for hotel_id: 
ERROR - 2025-10-28 08:07:14 --> No object_id found for hotel_id: 
ERROR - 2025-10-28 08:07:14 --> No object_id found for hotel_id: 
ERROR - 2025-10-28 08:07:14 --> No object_id found for hotel_id: 
ERROR - 2025-10-28 08:07:14 --> No object_id found for hotel_id: 
ERROR - 2025-10-28 08:07:14 --> No object_id found for hotel_id: 
ERROR - 2025-10-28 08:07:14 --> No object_id found for hotel_id: 
ERROR - 2025-10-28 08:07:15 --> No object_id found for hotel_id: 
ERROR - 2025-10-28 08:07:15 --> No object_id found for hotel_id: 
ERROR - 2025-10-28 08:07:15 --> No object_id found for hotel_id: 
ERROR - 2025-10-28 08:07:15 --> No object_id found for hotel_id: 
ERROR - 2025-10-28 08:07:15 --> No object_id found for hotel_id: 
ERROR - 2025-10-28 08:07:15 --> No object_id found for hotel_id: 
ERROR - 2025-10-28 08:07:15 --> No object_id found for hotel_id: 
ERROR - 2025-10-28 08:07:15 --> No object_id found for hotel_id: 
ERROR - 2025-10-28 08:07:15 --> No object_id found for hotel_id: 
ERROR - 2025-10-28 08:07:15 --> No object_id found for hotel_id: 
ERROR - 2025-10-28 08:07:15 --> No object_id found for hotel_id: 
ERROR - 2025-10-28 08:07:15 --> No object_id found for hotel_id: 
ERROR - 2025-10-28 08:07:15 --> No object_id found for hotel_id: 
ERROR - 2025-10-28 08:07:15 --> No object_id found for hotel_id: 
ERROR - 2025-10-28 08:07:15 --> No object_id found for hotel_id: 
ERROR - 2025-10-28 08:07:16 --> No object_id found for hotel_id: 
ERROR - 2025-10-28 08:07:16 --> No object_id found for hotel_id: 
ERROR - 2025-10-28 08:07:16 --> No object_id found for hotel_id: 
ERROR - 2025-10-28 08:07:16 --> No object_id found for hotel_id: 
ERROR - 2025-10-28 08:07:16 --> No object_id found for hotel_id: 
ERROR - 2025-10-28 08:07:16 --> No object_id found for hotel_id: 
ERROR - 2025-10-28 08:07:16 --> No object_id found for hotel_id: 
ERROR - 2025-10-28 08:07:16 --> No object_id found for hotel_id: 
ERROR - 2025-10-28 08:07:16 --> No object_id found for hotel_id: 
ERROR - 2025-10-28 08:07:16 --> No object_id found for hotel_id: 
ERROR - 2025-10-28 08:07:16 --> No object_id found for hotel_id: 
ERROR - 2025-10-28 08:07:16 --> No object_id found for hotel_id: 
ERROR - 2025-10-28 08:07:16 --> No object_id found for hotel_id: 
ERROR - 2025-10-28 08:07:16 --> No object_id found for hotel_id: 
ERROR - 2025-10-28 08:07:16 --> No object_id found for hotel_id: 
ERROR - 2025-10-28 08:07:16 --> No object_id found for hotel_id: 
ERROR - 2025-10-28 08:07:16 --> No object_id found for hotel_id: 
ERROR - 2025-10-28 08:07:17 --> No object_id found for hotel_id: 
ERROR - 2025-10-28 08:07:17 --> No object_id found for hotel_id: 
ERROR - 2025-10-28 08:07:17 --> No object_id found for hotel_id: 
ERROR - 2025-10-28 08:07:17 --> No object_id found for hotel_id: 
ERROR - 2025-10-28 08:07:17 --> No object_id found for hotel_id: 
ERROR - 2025-10-28 08:07:17 --> No object_id found for hotel_id: 
ERROR - 2025-10-28 08:07:17 --> No object_id found for hotel_id: 
ERROR - 2025-10-28 08:07:18 --> No object_id found for hotel_id: 
ERROR - 2025-10-28 08:07:18 --> No object_id found for hotel_id: 
ERROR - 2025-10-28 08:07:18 --> No object_id found for hotel_id: 
ERROR - 2025-10-28 08:07:18 --> No object_id found for hotel_id: 
ERROR - 2025-10-28 08:07:18 --> No object_id found for hotel_id: 
ERROR - 2025-10-28 08:07:18 --> No object_id found for hotel_id: 
ERROR - 2025-10-28 08:07:18 --> No object_id found for hotel_id: 
ERROR - 2025-10-28 08:07:18 --> No object_id found for hotel_id: 
ERROR - 2025-10-28 08:07:18 --> No object_id found for hotel_id: 
ERROR - 2025-10-28 08:07:18 --> No object_id found for hotel_id: 
ERROR - 2025-10-28 08:07:18 --> No object_id found for hotel_id: 
ERROR - 2025-10-28 08:07:18 --> No object_id found for hotel_id: 
ERROR - 2025-10-28 08:07:18 --> No object_id found for hotel_id: 
ERROR - 2025-10-28 08:07:18 --> No object_id found for hotel_id: 
ERROR - 2025-10-28 08:07:18 --> No object_id found for hotel_id: 
ERROR - 2025-10-28 08:07:18 --> No object_id found for hotel_id: 
ERROR - 2025-10-28 08:07:18 --> No object_id found for hotel_id: 
ERROR - 2025-10-28 08:07:18 --> No object_id found for hotel_id: 
ERROR - 2025-10-28 08:07:18 --> No object_id found for hotel_id: 
ERROR - 2025-10-28 08:07:18 --> No object_id found for hotel_id: 
ERROR - 2025-10-28 08:07:18 --> No object_id found for hotel_id: 
ERROR - 2025-10-28 08:07:19 --> No object_id found for hotel_id: 
ERROR - 2025-10-28 08:07:19 --> No object_id found for hotel_id: 
ERROR - 2025-10-28 08:07:19 --> No object_id found for hotel_id: 
ERROR - 2025-10-28 08:07:19 --> No object_id found for hotel_id: 
ERROR - 2025-10-28 08:07:19 --> No object_id found for hotel_id: 
ERROR - 2025-10-28 08:07:19 --> No object_id found for hotel_id: 
ERROR - 2025-10-28 08:07:19 --> No object_id found for hotel_id: 
ERROR - 2025-10-28 08:07:19 --> No object_id found for hotel_id: 
ERROR - 2025-10-28 08:07:19 --> No object_id found for hotel_id: 
ERROR - 2025-10-28 08:07:19 --> No object_id found for hotel_id: 
ERROR - 2025-10-28 08:07:19 --> No object_id found for hotel_id: 
ERROR - 2025-10-28 08:07:19 --> No object_id found for hotel_id: 
ERROR - 2025-10-28 08:07:19 --> No object_id found for hotel_id: 
