CRITICAL - 2025-09-18 07:49:08 --> ErrorException: Undefined array key 0
[Method: POST, Route: Enquiry/ajax_get_itineraries]
in APPPATH\Controllers\Enquiry.php on line 6661.
 1 APPPATH\Controllers\Enquiry.php(6661): CodeIgniter\Debug\Exceptions->errorHandler(2, 'Undefined array key 0', 'C:\\wamp64\\www\\khm\\app\\Controllers\\Enquiry.php', 6661)
 2 SYSTEMPATH\CodeIgniter.php(933): App\Controllers\Enquiry->ajax_get_itineraries()
 3 SYSTEMPATH\CodeIgniter.php(509): CodeIgniter\CodeIgniter->runController(Object(App\Controllers\Enquiry))
 4 SYSTEMPATH\CodeIgniter.php(355): CodeIgniter\CodeIgniter->handleRequest(null, Object(Config\Cache), false)
 5 SYSTEMPATH\Boot.php(334): CodeIgniter\CodeIgniter->run()
 6 SYSTEMPATH\Boot.php(67): CodeIgniter\Boot::runCodeIgniter(Object(CodeIgniter\CodeIgniter))
 7 FCPATH\index.php(56): CodeIgniter\Boot::bootWeb(Object(Config\Paths))
CRITICAL - 2025-09-18 07:49:24 --> ErrorException: Undefined array key 0
[Method: POST, Route: Enquiry/ajax_get_itineraries]
in APPPATH\Controllers\Enquiry.php on line 6661.
 1 APPPATH\Controllers\Enquiry.php(6661): CodeIgniter\Debug\Exceptions->errorHandler(2, 'Undefined array key 0', 'C:\\wamp64\\www\\khm\\app\\Controllers\\Enquiry.php', 6661)
 2 SYSTEMPATH\CodeIgniter.php(933): App\Controllers\Enquiry->ajax_get_itineraries()
 3 SYSTEMPATH\CodeIgniter.php(509): CodeIgniter\CodeIgniter->runController(Object(App\Controllers\Enquiry))
 4 SYSTEMPATH\CodeIgniter.php(355): CodeIgniter\CodeIgniter->handleRequest(null, Object(Config\Cache), false)
 5 SYSTEMPATH\Boot.php(334): CodeIgniter\CodeIgniter->run()
 6 SYSTEMPATH\Boot.php(67): CodeIgniter\Boot::runCodeIgniter(Object(CodeIgniter\CodeIgniter))
 7 FCPATH\index.php(56): CodeIgniter\Boot::bootWeb(Object(Config\Paths))
CRITICAL - 2025-09-18 10:27:06 --> ErrorException: Undefined variable $vals
[Method: GET, Route: Dashboard/add_entity/5]
in APPPATH\Views\dashboard\add_entity.php on line 941.
 1 APPPATH\Views\dashboard\add_entity.php(941): CodeIgniter\Debug\Exceptions->errorHandler(2, 'Undefined variable $vals', 'C:\\wamp64\\www\\khm\\app\\Views\\dashboard\\add_entity.php', 941)
 2 SYSTEMPATH\View\View.php(234): include('C:\\wamp64\\www\\khm\\app\\Views\\dashboard\\add_entity.php')
 3 SYSTEMPATH\View\View.php(237): CodeIgniter\View\View->CodeIgniter\View\{closure}()
 4 SYSTEMPATH\Common.php(1171): CodeIgniter\View\View->render('dashboard/add_entity', [], true)
 5 APPPATH\Controllers\Dashboard.php(1030): view('dashboard/add_entity', [...])
 6 SYSTEMPATH\CodeIgniter.php(933): App\Controllers\Dashboard->add_entity('5')
 7 SYSTEMPATH\CodeIgniter.php(509): CodeIgniter\CodeIgniter->runController(Object(App\Controllers\Dashboard))
 8 SYSTEMPATH\CodeIgniter.php(355): CodeIgniter\CodeIgniter->handleRequest(null, Object(Config\Cache), false)
 9 SYSTEMPATH\Boot.php(334): CodeIgniter\CodeIgniter->run()
10 SYSTEMPATH\Boot.php(67): CodeIgniter\Boot::runCodeIgniter(Object(CodeIgniter\CodeIgniter))
11 FCPATH\index.php(56): CodeIgniter\Boot::bootWeb(Object(Config\Paths))
CRITICAL - 2025-09-18 10:27:48 --> ErrorException: Undefined variable $vals
[Method: GET, Route: Dashboard/add_entity/5]
in APPPATH\Views\dashboard\add_entity.php on line 941.
 1 APPPATH\Views\dashboard\add_entity.php(941): CodeIgniter\Debug\Exceptions->errorHandler(2, 'Undefined variable $vals', 'C:\\wamp64\\www\\khm\\app\\Views\\dashboard\\add_entity.php', 941)
 2 SYSTEMPATH\View\View.php(234): include('C:\\wamp64\\www\\khm\\app\\Views\\dashboard\\add_entity.php')
 3 SYSTEMPATH\View\View.php(237): CodeIgniter\View\View->CodeIgniter\View\{closure}()
 4 SYSTEMPATH\Common.php(1171): CodeIgniter\View\View->render('dashboard/add_entity', [], true)
 5 APPPATH\Controllers\Dashboard.php(1030): view('dashboard/add_entity', [...])
 6 SYSTEMPATH\CodeIgniter.php(933): App\Controllers\Dashboard->add_entity('5')
 7 SYSTEMPATH\CodeIgniter.php(509): CodeIgniter\CodeIgniter->runController(Object(App\Controllers\Dashboard))
 8 SYSTEMPATH\CodeIgniter.php(355): CodeIgniter\CodeIgniter->handleRequest(null, Object(Config\Cache), false)
 9 SYSTEMPATH\Boot.php(334): CodeIgniter\CodeIgniter->run()
10 SYSTEMPATH\Boot.php(67): CodeIgniter\Boot::runCodeIgniter(Object(CodeIgniter\CodeIgniter))
11 FCPATH\index.php(56): CodeIgniter\Boot::bootWeb(Object(Config\Paths))
CRITICAL - 2025-09-18 10:28:10 --> ErrorException: Undefined variable $vals
[Method: GET, Route: Dashboard/add_entity/5]
in APPPATH\Views\dashboard\add_entity.php on line 927.
 1 APPPATH\Views\dashboard\add_entity.php(927): CodeIgniter\Debug\Exceptions->errorHandler(2, 'Undefined variable $vals', 'C:\\wamp64\\www\\khm\\app\\Views\\dashboard\\add_entity.php', 927)
 2 SYSTEMPATH\View\View.php(234): include('C:\\wamp64\\www\\khm\\app\\Views\\dashboard\\add_entity.php')
 3 SYSTEMPATH\View\View.php(237): CodeIgniter\View\View->CodeIgniter\View\{closure}()
 4 SYSTEMPATH\Common.php(1171): CodeIgniter\View\View->render('dashboard/add_entity', [], true)
 5 APPPATH\Controllers\Dashboard.php(1030): view('dashboard/add_entity', [...])
 6 SYSTEMPATH\CodeIgniter.php(933): App\Controllers\Dashboard->add_entity('5')
 7 SYSTEMPATH\CodeIgniter.php(509): CodeIgniter\CodeIgniter->runController(Object(App\Controllers\Dashboard))
 8 SYSTEMPATH\CodeIgniter.php(355): CodeIgniter\CodeIgniter->handleRequest(null, Object(Config\Cache), false)
 9 SYSTEMPATH\Boot.php(334): CodeIgniter\CodeIgniter->run()
10 SYSTEMPATH\Boot.php(67): CodeIgniter\Boot::runCodeIgniter(Object(CodeIgniter\CodeIgniter))
11 FCPATH\index.php(56): CodeIgniter\Boot::bootWeb(Object(Config\Paths))
CRITICAL - 2025-09-18 10:29:17 --> ErrorException: Undefined variable $vals
[Method: GET, Route: Dashboard/add_entity/5]
in APPPATH\Views\dashboard\add_entity.php on line 927.
 1 APPPATH\Views\dashboard\add_entity.php(927): CodeIgniter\Debug\Exceptions->errorHandler(2, 'Undefined variable $vals', 'C:\\wamp64\\www\\khm\\app\\Views\\dashboard\\add_entity.php', 927)
 2 SYSTEMPATH\View\View.php(234): include('C:\\wamp64\\www\\khm\\app\\Views\\dashboard\\add_entity.php')
 3 SYSTEMPATH\View\View.php(237): CodeIgniter\View\View->CodeIgniter\View\{closure}()
 4 SYSTEMPATH\Common.php(1171): CodeIgniter\View\View->render('dashboard/add_entity', [], true)
 5 APPPATH\Controllers\Dashboard.php(1030): view('dashboard/add_entity', [...])
 6 SYSTEMPATH\CodeIgniter.php(933): App\Controllers\Dashboard->add_entity('5')
 7 SYSTEMPATH\CodeIgniter.php(509): CodeIgniter\CodeIgniter->runController(Object(App\Controllers\Dashboard))
 8 SYSTEMPATH\CodeIgniter.php(355): CodeIgniter\CodeIgniter->handleRequest(null, Object(Config\Cache), false)
 9 SYSTEMPATH\Boot.php(334): CodeIgniter\CodeIgniter->run()
10 SYSTEMPATH\Boot.php(67): CodeIgniter\Boot::runCodeIgniter(Object(CodeIgniter\CodeIgniter))
11 FCPATH\index.php(56): CodeIgniter\Boot::bootWeb(Object(Config\Paths))
CRITICAL - 2025-09-18 10:30:04 --> ErrorException: Undefined variable $vals
[Method: GET, Route: Dashboard/add_entity/5]
in APPPATH\Views\dashboard\add_entity.php on line 953.
 1 APPPATH\Views\dashboard\add_entity.php(953): CodeIgniter\Debug\Exceptions->errorHandler(2, 'Undefined variable $vals', 'C:\\wamp64\\www\\khm\\app\\Views\\dashboard\\add_entity.php', 953)
 2 SYSTEMPATH\View\View.php(234): include('C:\\wamp64\\www\\khm\\app\\Views\\dashboard\\add_entity.php')
 3 SYSTEMPATH\View\View.php(237): CodeIgniter\View\View->CodeIgniter\View\{closure}()
 4 SYSTEMPATH\Common.php(1171): CodeIgniter\View\View->render('dashboard/add_entity', [], true)
 5 APPPATH\Controllers\Dashboard.php(1030): view('dashboard/add_entity', [...])
 6 SYSTEMPATH\CodeIgniter.php(933): App\Controllers\Dashboard->add_entity('5')
 7 SYSTEMPATH\CodeIgniter.php(509): CodeIgniter\CodeIgniter->runController(Object(App\Controllers\Dashboard))
 8 SYSTEMPATH\CodeIgniter.php(355): CodeIgniter\CodeIgniter->handleRequest(null, Object(Config\Cache), false)
 9 SYSTEMPATH\Boot.php(334): CodeIgniter\CodeIgniter->run()
10 SYSTEMPATH\Boot.php(67): CodeIgniter\Boot::runCodeIgniter(Object(CodeIgniter\CodeIgniter))
11 FCPATH\index.php(56): CodeIgniter\Boot::bootWeb(Object(Config\Paths))
CRITICAL - 2025-09-18 10:30:12 --> ErrorException: Undefined variable $vals
[Method: GET, Route: Dashboard/add_entity/5]
in APPPATH\Views\dashboard\add_entity.php on line 953.
 1 APPPATH\Views\dashboard\add_entity.php(953): CodeIgniter\Debug\Exceptions->errorHandler(2, 'Undefined variable $vals', 'C:\\wamp64\\www\\khm\\app\\Views\\dashboard\\add_entity.php', 953)
 2 SYSTEMPATH\View\View.php(234): include('C:\\wamp64\\www\\khm\\app\\Views\\dashboard\\add_entity.php')
 3 SYSTEMPATH\View\View.php(237): CodeIgniter\View\View->CodeIgniter\View\{closure}()
 4 SYSTEMPATH\Common.php(1171): CodeIgniter\View\View->render('dashboard/add_entity', [], true)
 5 APPPATH\Controllers\Dashboard.php(1030): view('dashboard/add_entity', [...])
 6 SYSTEMPATH\CodeIgniter.php(933): App\Controllers\Dashboard->add_entity('5')
 7 SYSTEMPATH\CodeIgniter.php(509): CodeIgniter\CodeIgniter->runController(Object(App\Controllers\Dashboard))
 8 SYSTEMPATH\CodeIgniter.php(355): CodeIgniter\CodeIgniter->handleRequest(null, Object(Config\Cache), false)
 9 SYSTEMPATH\Boot.php(334): CodeIgniter\CodeIgniter->run()
10 SYSTEMPATH\Boot.php(67): CodeIgniter\Boot::runCodeIgniter(Object(CodeIgniter\CodeIgniter))
11 FCPATH\index.php(56): CodeIgniter\Boot::bootWeb(Object(Config\Paths))
CRITICAL - 2025-09-18 10:30:21 --> ErrorException: Undefined variable $vals
[Method: GET, Route: Dashboard/add_entity/5]
in APPPATH\Views\dashboard\add_entity.php on line 953.
 1 APPPATH\Views\dashboard\add_entity.php(953): CodeIgniter\Debug\Exceptions->errorHandler(2, 'Undefined variable $vals', 'C:\\wamp64\\www\\khm\\app\\Views\\dashboard\\add_entity.php', 953)
 2 SYSTEMPATH\View\View.php(234): include('C:\\wamp64\\www\\khm\\app\\Views\\dashboard\\add_entity.php')
 3 SYSTEMPATH\View\View.php(237): CodeIgniter\View\View->CodeIgniter\View\{closure}()
 4 SYSTEMPATH\Common.php(1171): CodeIgniter\View\View->render('dashboard/add_entity', [], true)
 5 APPPATH\Controllers\Dashboard.php(1030): view('dashboard/add_entity', [...])
 6 SYSTEMPATH\CodeIgniter.php(933): App\Controllers\Dashboard->add_entity('5')
 7 SYSTEMPATH\CodeIgniter.php(509): CodeIgniter\CodeIgniter->runController(Object(App\Controllers\Dashboard))
 8 SYSTEMPATH\CodeIgniter.php(355): CodeIgniter\CodeIgniter->handleRequest(null, Object(Config\Cache), false)
 9 SYSTEMPATH\Boot.php(334): CodeIgniter\CodeIgniter->run()
10 SYSTEMPATH\Boot.php(67): CodeIgniter\Boot::runCodeIgniter(Object(CodeIgniter\CodeIgniter))
11 FCPATH\index.php(56): CodeIgniter\Boot::bootWeb(Object(Config\Paths))
ERROR - 2025-09-18 10:46:28 --> mysqli_sql_exception: Unknown column 'parent_id' in 'where clause' in C:\wamp64\www\khm\system\Database\MySQLi\Connection.php:312
Stack trace:
#0 C:\wamp64\www\khm\system\Database\MySQLi\Connection.php(312): mysqli->query('SELECT `geog_id...', 0)
#1 C:\wamp64\www\khm\system\Database\BaseConnection.php(734): CodeIgniter\Database\MySQLi\Connection->execute('SELECT `geog_id...')
#2 C:\wamp64\www\khm\system\Database\BaseConnection.php(648): CodeIgniter\Database\BaseConnection->simpleQuery('SELECT `geog_id...')
#3 C:\wamp64\www\khm\system\Database\BaseBuilder.php(1644): CodeIgniter\Database\BaseConnection->query('SELECT `geog_id...', Array, false)
#4 C:\wamp64\www\khm\app\Controllers\Dashboard.php(27): CodeIgniter\Database\BaseBuilder->get()
#5 C:\wamp64\www\khm\system\CodeIgniter.php(933): App\Controllers\Dashboard->get_by_state()
#6 C:\wamp64\www\khm\system\CodeIgniter.php(509): CodeIgniter\CodeIgniter->runController(Object(App\Controllers\Dashboard))
#7 C:\wamp64\www\khm\system\CodeIgniter.php(355): CodeIgniter\CodeIgniter->handleRequest(NULL, Object(Config\Cache), false)
#8 C:\wamp64\www\khm\system\Boot.php(334): CodeIgniter\CodeIgniter->run()
#9 C:\wamp64\www\khm\system\Boot.php(67): CodeIgniter\Boot::runCodeIgniter(Object(CodeIgniter\CodeIgniter))
#10 C:\wamp64\www\khm\public\index.php(56): CodeIgniter\Boot::bootWeb(Object(Config\Paths))
#11 {main}
CRITICAL - 2025-09-18 10:46:28 --> CodeIgniter\Database\Exceptions\DatabaseException: Unknown column 'parent_id' in 'where clause'
[Method: GET, Route: Dashboard/get_by_state]
in SYSTEMPATH\Database\BaseConnection.php on line 688.
 1 SYSTEMPATH\Database\BaseBuilder.php(1644): CodeIgniter\Database\BaseConnection->query('SELECT `geog_id`, `geog_name`
FROM `khm_loc_mst_geography`
WHERE `parent_id` = :parent_id:
ORDER BY `geog_name` ASC', [...], false)
 2 APPPATH\Controllers\Dashboard.php(27): CodeIgniter\Database\BaseBuilder->get()
 3 SYSTEMPATH\CodeIgniter.php(933): App\Controllers\Dashboard->get_by_state()
 4 SYSTEMPATH\CodeIgniter.php(509): CodeIgniter\CodeIgniter->runController(Object(App\Controllers\Dashboard))
 5 SYSTEMPATH\CodeIgniter.php(355): CodeIgniter\CodeIgniter->handleRequest(null, Object(Config\Cache), false)
 6 SYSTEMPATH\Boot.php(334): CodeIgniter\CodeIgniter->run()
 7 SYSTEMPATH\Boot.php(67): CodeIgniter\Boot::runCodeIgniter(Object(CodeIgniter\CodeIgniter))
 8 FCPATH\index.php(56): CodeIgniter\Boot::bootWeb(Object(Config\Paths))
CRITICAL - 2025-09-18 10:46:28 --> [Caused by] CodeIgniter\Database\Exceptions\DatabaseException: Unknown column 'parent_id' in 'where clause'
in SYSTEMPATH\Database\MySQLi\Connection.php on line 317.
 1 SYSTEMPATH\Database\BaseConnection.php(734): CodeIgniter\Database\MySQLi\Connection->execute('SELECT `geog_id`, `geog_name`
FROM `khm_loc_mst_geography`
WHERE `parent_id` = \'80\'
ORDER BY `geog_name` ASC')
 2 SYSTEMPATH\Database\BaseConnection.php(648): CodeIgniter\Database\BaseConnection->simpleQuery('SELECT `geog_id`, `geog_name`
FROM `khm_loc_mst_geography`
WHERE `parent_id` = \'80\'
ORDER BY `geog_name` ASC')
 3 SYSTEMPATH\Database\BaseBuilder.php(1644): CodeIgniter\Database\BaseConnection->query('SELECT `geog_id`, `geog_name`
FROM `khm_loc_mst_geography`
WHERE `parent_id` = :parent_id:
ORDER BY `geog_name` ASC', [...], false)
 4 APPPATH\Controllers\Dashboard.php(27): CodeIgniter\Database\BaseBuilder->get()
 5 SYSTEMPATH\CodeIgniter.php(933): App\Controllers\Dashboard->get_by_state()
 6 SYSTEMPATH\CodeIgniter.php(509): CodeIgniter\CodeIgniter->runController(Object(App\Controllers\Dashboard))
 7 SYSTEMPATH\CodeIgniter.php(355): CodeIgniter\CodeIgniter->handleRequest(null, Object(Config\Cache), false)
 8 SYSTEMPATH\Boot.php(334): CodeIgniter\CodeIgniter->run()
 9 SYSTEMPATH\Boot.php(67): CodeIgniter\Boot::runCodeIgniter(Object(CodeIgniter\CodeIgniter))
10 FCPATH\index.php(56): CodeIgniter\Boot::bootWeb(Object(Config\Paths))
CRITICAL - 2025-09-18 10:46:28 --> [Caused by] mysqli_sql_exception: Unknown column 'parent_id' in 'where clause'
in SYSTEMPATH\Database\MySQLi\Connection.php on line 312.
 1 SYSTEMPATH\Database\MySQLi\Connection.php(312): mysqli->query('SELECT `geog_id`, `geog_name`
FROM `khm_loc_mst_geography`
WHERE `parent_id` = \'80\'
ORDER BY `geog_name` ASC', 0)
 2 SYSTEMPATH\Database\BaseConnection.php(734): CodeIgniter\Database\MySQLi\Connection->execute('SELECT `geog_id`, `geog_name`
FROM `khm_loc_mst_geography`
WHERE `parent_id` = \'80\'
ORDER BY `geog_name` ASC')
 3 SYSTEMPATH\Database\BaseConnection.php(648): CodeIgniter\Database\BaseConnection->simpleQuery('SELECT `geog_id`, `geog_name`
FROM `khm_loc_mst_geography`
WHERE `parent_id` = \'80\'
ORDER BY `geog_name` ASC')
 4 SYSTEMPATH\Database\BaseBuilder.php(1644): CodeIgniter\Database\BaseConnection->query('SELECT `geog_id`, `geog_name`
FROM `khm_loc_mst_geography`
WHERE `parent_id` = :parent_id:
ORDER BY `geog_name` ASC', [...], false)
 5 APPPATH\Controllers\Dashboard.php(27): CodeIgniter\Database\BaseBuilder->get()
 6 SYSTEMPATH\CodeIgniter.php(933): App\Controllers\Dashboard->get_by_state()
 7 SYSTEMPATH\CodeIgniter.php(509): CodeIgniter\CodeIgniter->runController(Object(App\Controllers\Dashboard))
 8 SYSTEMPATH\CodeIgniter.php(355): CodeIgniter\CodeIgniter->handleRequest(null, Object(Config\Cache), false)
 9 SYSTEMPATH\Boot.php(334): CodeIgniter\CodeIgniter->run()
10 SYSTEMPATH\Boot.php(67): CodeIgniter\Boot::runCodeIgniter(Object(CodeIgniter\CodeIgniter))
11 FCPATH\index.php(56): CodeIgniter\Boot::bootWeb(Object(Config\Paths))
CRITICAL - 2025-09-18 10:54:07 --> ParseError: syntax error, unexpected token "else"
[Method: GET, Route: Dashboard/add_entity/4]
in APPPATH\Views\dashboard\add_entity.php on line 629.
 1 SYSTEMPATH\View\View.php(237): CodeIgniter\View\View->CodeIgniter\View\{closure}()
 2 SYSTEMPATH\Common.php(1171): CodeIgniter\View\View->render('dashboard/add_entity', [], true)
 3 APPPATH\Controllers\Dashboard.php(1027): view('dashboard/add_entity', [...])
 4 SYSTEMPATH\CodeIgniter.php(933): App\Controllers\Dashboard->add_entity('4')
 5 SYSTEMPATH\CodeIgniter.php(509): CodeIgniter\CodeIgniter->runController(Object(App\Controllers\Dashboard))
 6 SYSTEMPATH\CodeIgniter.php(355): CodeIgniter\CodeIgniter->handleRequest(null, Object(Config\Cache), false)
 7 SYSTEMPATH\Boot.php(334): CodeIgniter\CodeIgniter->run()
 8 SYSTEMPATH\Boot.php(67): CodeIgniter\Boot::runCodeIgniter(Object(CodeIgniter\CodeIgniter))
 9 FCPATH\index.php(56): CodeIgniter\Boot::bootWeb(Object(Config\Paths))
CRITICAL - 2025-09-18 11:05:49 --> ParseError: Unclosed '{' on line 566
[Method: GET, Route: dashboard/add_entity/4/6279]
in APPPATH\Views\dashboard\add_entity.php on line 1321.
 1 SYSTEMPATH\View\View.php(237): CodeIgniter\View\View->CodeIgniter\View\{closure}()
 2 SYSTEMPATH\Common.php(1171): CodeIgniter\View\View->render('dashboard/add_entity', [], true)
 3 APPPATH\Controllers\Dashboard.php(1027): view('dashboard/add_entity', [...])
 4 SYSTEMPATH\CodeIgniter.php(933): App\Controllers\Dashboard->add_entity('4', '6279')
 5 SYSTEMPATH\CodeIgniter.php(509): CodeIgniter\CodeIgniter->runController(Object(App\Controllers\Dashboard))
 6 SYSTEMPATH\CodeIgniter.php(355): CodeIgniter\CodeIgniter->handleRequest(null, Object(Config\Cache), false)
 7 SYSTEMPATH\Boot.php(334): CodeIgniter\CodeIgniter->run()
 8 SYSTEMPATH\Boot.php(67): CodeIgniter\Boot::runCodeIgniter(Object(CodeIgniter\CodeIgniter))
 9 FCPATH\index.php(56): CodeIgniter\Boot::bootWeb(Object(Config\Paths))
CRITICAL - 2025-09-18 11:05:53 --> ParseError: Unclosed '{' on line 566
[Method: GET, Route: dashboard/add_entity/4/6880]
in APPPATH\Views\dashboard\add_entity.php on line 1321.
 1 SYSTEMPATH\View\View.php(237): CodeIgniter\View\View->CodeIgniter\View\{closure}()
 2 SYSTEMPATH\Common.php(1171): CodeIgniter\View\View->render('dashboard/add_entity', [], true)
 3 APPPATH\Controllers\Dashboard.php(1027): view('dashboard/add_entity', [...])
 4 SYSTEMPATH\CodeIgniter.php(933): App\Controllers\Dashboard->add_entity('4', '6880')
 5 SYSTEMPATH\CodeIgniter.php(509): CodeIgniter\CodeIgniter->runController(Object(App\Controllers\Dashboard))
 6 SYSTEMPATH\CodeIgniter.php(355): CodeIgniter\CodeIgniter->handleRequest(null, Object(Config\Cache), false)
 7 SYSTEMPATH\Boot.php(334): CodeIgniter\CodeIgniter->run()
 8 SYSTEMPATH\Boot.php(67): CodeIgniter\Boot::runCodeIgniter(Object(CodeIgniter\CodeIgniter))
 9 FCPATH\index.php(56): CodeIgniter\Boot::bootWeb(Object(Config\Paths))
CRITICAL - 2025-09-18 12:06:50 --> ErrorException: Undefined variable $vals
[Method: GET, Route: dashboard/add_entity/4/6279]
in APPPATH\Views\dashboard\add_entity.php on line 561.
 1 APPPATH\Views\dashboard\add_entity.php(561): CodeIgniter\Debug\Exceptions->errorHandler(2, 'Undefined variable $vals', 'C:\\wamp64\\www\\khm\\app\\Views\\dashboard\\add_entity.php', 561)
 2 SYSTEMPATH\View\View.php(234): include('C:\\wamp64\\www\\khm\\app\\Views\\dashboard\\add_entity.php')
 3 SYSTEMPATH\View\View.php(237): CodeIgniter\View\View->CodeIgniter\View\{closure}()
 4 SYSTEMPATH\Common.php(1171): CodeIgniter\View\View->render('dashboard/add_entity', [], true)
 5 APPPATH\Controllers\Dashboard.php(1027): view('dashboard/add_entity', [...])
 6 SYSTEMPATH\CodeIgniter.php(933): App\Controllers\Dashboard->add_entity('4', '6279')
 7 SYSTEMPATH\CodeIgniter.php(509): CodeIgniter\CodeIgniter->runController(Object(App\Controllers\Dashboard))
 8 SYSTEMPATH\CodeIgniter.php(355): CodeIgniter\CodeIgniter->handleRequest(null, Object(Config\Cache), false)
 9 SYSTEMPATH\Boot.php(334): CodeIgniter\CodeIgniter->run()
10 SYSTEMPATH\Boot.php(67): CodeIgniter\Boot::runCodeIgniter(Object(CodeIgniter\CodeIgniter))
11 FCPATH\index.php(56): CodeIgniter\Boot::bootWeb(Object(Config\Paths))
CRITICAL - 2025-09-18 12:17:16 --> ParseError: Unclosed '{' on line 675
[Method: GET, Route: dashboard/add_entity/4/6279]
in APPPATH\Views\dashboard\add_entity.php on line 1343.
 1 SYSTEMPATH\View\View.php(237): CodeIgniter\View\View->CodeIgniter\View\{closure}()
 2 SYSTEMPATH\Common.php(1171): CodeIgniter\View\View->render('dashboard/add_entity', [], true)
 3 APPPATH\Controllers\Dashboard.php(1027): view('dashboard/add_entity', [...])
 4 SYSTEMPATH\CodeIgniter.php(933): App\Controllers\Dashboard->add_entity('4', '6279')
 5 SYSTEMPATH\CodeIgniter.php(509): CodeIgniter\CodeIgniter->runController(Object(App\Controllers\Dashboard))
 6 SYSTEMPATH\CodeIgniter.php(355): CodeIgniter\CodeIgniter->handleRequest(null, Object(Config\Cache), false)
 7 SYSTEMPATH\Boot.php(334): CodeIgniter\CodeIgniter->run()
 8 SYSTEMPATH\Boot.php(67): CodeIgniter\Boot::runCodeIgniter(Object(CodeIgniter\CodeIgniter))
 9 FCPATH\index.php(56): CodeIgniter\Boot::bootWeb(Object(Config\Paths))
