CRITICAL - 2025-07-08 09:06:45 --> TypeError: App\Controllers\SuperAdminObjectPrimaryType::update(): Argument #1 ($id) must be of type int, string given, called in C:\wamp64\www\khm\system\CodeIgniter.php on line 933
[Method: PUT, Route: SuperAdminObjectPrimaryType/update/undefined]
in APPPATH\Controllers\SuperAdminObjectPrimaryType.php on line 91.
 1 SYSTEMPATH\CodeIgniter.php(933): App\Controllers\SuperAdminObjectPrimaryType->update('undefined')
 2 SYSTEMPATH\CodeIgniter.php(509): CodeIgniter\CodeIgniter->runController(Object(App\Controllers\SuperAdminObjectPrimaryType))
 3 SYSTEMPATH\CodeIgniter.php(355): CodeIgniter\CodeIgniter->handleRequest(null, Object(Config\Cache), false)
 4 SYSTEMPATH\Boot.php(334): CodeIgniter\CodeIgniter->run()
 5 SYSTEMPATH\Boot.php(67): CodeIgniter\Boot::runCodeIgniter(Object(CodeIgniter\CodeIgniter))
 6 FCPATH\index.php(56): CodeIgniter\Boot::bootWeb(Object(Config\Paths))
CRITICAL - 2025-07-08 09:06:48 --> TypeError: App\Controllers\SuperAdminObjectPrimaryType::update(): Argument #1 ($id) must be of type int, string given, called in C:\wamp64\www\khm\system\CodeIgniter.php on line 933
[Method: PUT, Route: SuperAdminObjectPrimaryType/update/undefined]
in APPPATH\Controllers\SuperAdminObjectPrimaryType.php on line 91.
 1 SYSTEMPATH\CodeIgniter.php(933): App\Controllers\SuperAdminObjectPrimaryType->update('undefined')
 2 SYSTEMPATH\CodeIgniter.php(509): CodeIgniter\CodeIgniter->runController(Object(App\Controllers\SuperAdminObjectPrimaryType))
 3 SYSTEMPATH\CodeIgniter.php(355): CodeIgniter\CodeIgniter->handleRequest(null, Object(Config\Cache), false)
 4 SYSTEMPATH\Boot.php(334): CodeIgniter\CodeIgniter->run()
 5 SYSTEMPATH\Boot.php(67): CodeIgniter\Boot::runCodeIgniter(Object(CodeIgniter\CodeIgniter))
 6 FCPATH\index.php(56): CodeIgniter\Boot::bootWeb(Object(Config\Paths))
CRITICAL - 2025-07-08 09:07:01 --> TypeError: App\Controllers\SuperAdminObjectPrimaryType::update(): Argument #1 ($id) must be of type int, string given, called in C:\wamp64\www\khm\system\CodeIgniter.php on line 933
[Method: PUT, Route: SuperAdminObjectPrimaryType/update/undefined]
in APPPATH\Controllers\SuperAdminObjectPrimaryType.php on line 91.
 1 SYSTEMPATH\CodeIgniter.php(933): App\Controllers\SuperAdminObjectPrimaryType->update('undefined')
 2 SYSTEMPATH\CodeIgniter.php(509): CodeIgniter\CodeIgniter->runController(Object(App\Controllers\SuperAdminObjectPrimaryType))
 3 SYSTEMPATH\CodeIgniter.php(355): CodeIgniter\CodeIgniter->handleRequest(null, Object(Config\Cache), false)
 4 SYSTEMPATH\Boot.php(334): CodeIgniter\CodeIgniter->run()
 5 SYSTEMPATH\Boot.php(67): CodeIgniter\Boot::runCodeIgniter(Object(CodeIgniter\CodeIgniter))
 6 FCPATH\index.php(56): CodeIgniter\Boot::bootWeb(Object(Config\Paths))
CRITICAL - 2025-07-08 09:07:04 --> TypeError: App\Controllers\SuperAdminObjectPrimaryType::update(): Argument #1 ($id) must be of type int, string given, called in C:\wamp64\www\khm\system\CodeIgniter.php on line 933
[Method: PUT, Route: SuperAdminObjectPrimaryType/update/undefined]
in APPPATH\Controllers\SuperAdminObjectPrimaryType.php on line 91.
 1 SYSTEMPATH\CodeIgniter.php(933): App\Controllers\SuperAdminObjectPrimaryType->update('undefined')
 2 SYSTEMPATH\CodeIgniter.php(509): CodeIgniter\CodeIgniter->runController(Object(App\Controllers\SuperAdminObjectPrimaryType))
 3 SYSTEMPATH\CodeIgniter.php(355): CodeIgniter\CodeIgniter->handleRequest(null, Object(Config\Cache), false)
 4 SYSTEMPATH\Boot.php(334): CodeIgniter\CodeIgniter->run()
 5 SYSTEMPATH\Boot.php(67): CodeIgniter\Boot::runCodeIgniter(Object(CodeIgniter\CodeIgniter))
 6 FCPATH\index.php(56): CodeIgniter\Boot::bootWeb(Object(Config\Paths))
CRITICAL - 2025-07-08 09:09:26 --> TypeError: App\Controllers\SuperAdminObjectPrimaryType::update(): Argument #1 ($id) must be of type int, string given, called in C:\wamp64\www\khm\system\CodeIgniter.php on line 933
[Method: PUT, Route: SuperAdminObjectPrimaryType/update/undefined]
in APPPATH\Controllers\SuperAdminObjectPrimaryType.php on line 91.
 1 SYSTEMPATH\CodeIgniter.php(933): App\Controllers\SuperAdminObjectPrimaryType->update('undefined')
 2 SYSTEMPATH\CodeIgniter.php(509): CodeIgniter\CodeIgniter->runController(Object(App\Controllers\SuperAdminObjectPrimaryType))
 3 SYSTEMPATH\CodeIgniter.php(355): CodeIgniter\CodeIgniter->handleRequest(null, Object(Config\Cache), false)
 4 SYSTEMPATH\Boot.php(334): CodeIgniter\CodeIgniter->run()
 5 SYSTEMPATH\Boot.php(67): CodeIgniter\Boot::runCodeIgniter(Object(CodeIgniter\CodeIgniter))
 6 FCPATH\index.php(56): CodeIgniter\Boot::bootWeb(Object(Config\Paths))
CRITICAL - 2025-07-08 09:11:39 --> TypeError: App\Controllers\SuperAdminObjectPrimaryType::update(): Argument #1 ($id) must be of type int, string given, called in C:\wamp64\www\khm\system\CodeIgniter.php on line 933
[Method: PUT, Route: SuperAdminObjectPrimaryType/update/undefined]
in APPPATH\Controllers\SuperAdminObjectPrimaryType.php on line 91.
 1 SYSTEMPATH\CodeIgniter.php(933): App\Controllers\SuperAdminObjectPrimaryType->update('undefined')
 2 SYSTEMPATH\CodeIgniter.php(509): CodeIgniter\CodeIgniter->runController(Object(App\Controllers\SuperAdminObjectPrimaryType))
 3 SYSTEMPATH\CodeIgniter.php(355): CodeIgniter\CodeIgniter->handleRequest(null, Object(Config\Cache), false)
 4 SYSTEMPATH\Boot.php(334): CodeIgniter\CodeIgniter->run()
 5 SYSTEMPATH\Boot.php(67): CodeIgniter\Boot::runCodeIgniter(Object(CodeIgniter\CodeIgniter))
 6 FCPATH\index.php(56): CodeIgniter\Boot::bootWeb(Object(Config\Paths))
CRITICAL - 2025-07-08 09:13:20 --> TypeError: App\Controllers\SuperAdminObjectPrimaryType::update(): Argument #1 ($id) must be of type int, string given, called in C:\wamp64\www\khm\system\CodeIgniter.php on line 933
[Method: PUT, Route: SuperAdminObjectPrimaryType/update/undefined]
in APPPATH\Controllers\SuperAdminObjectPrimaryType.php on line 91.
 1 SYSTEMPATH\CodeIgniter.php(933): App\Controllers\SuperAdminObjectPrimaryType->update('undefined')
 2 SYSTEMPATH\CodeIgniter.php(509): CodeIgniter\CodeIgniter->runController(Object(App\Controllers\SuperAdminObjectPrimaryType))
 3 SYSTEMPATH\CodeIgniter.php(355): CodeIgniter\CodeIgniter->handleRequest(null, Object(Config\Cache), false)
 4 SYSTEMPATH\Boot.php(334): CodeIgniter\CodeIgniter->run()
 5 SYSTEMPATH\Boot.php(67): CodeIgniter\Boot::runCodeIgniter(Object(CodeIgniter\CodeIgniter))
 6 FCPATH\index.php(56): CodeIgniter\Boot::bootWeb(Object(Config\Paths))
CRITICAL - 2025-07-08 09:17:10 --> TypeError: App\Controllers\SuperAdminObjectPrimaryType::update(): Argument #1 ($id) must be of type int, string given, called in C:\wamp64\www\khm\system\CodeIgniter.php on line 933
[Method: POST, Route: SuperAdminObjectPrimaryType/update/undefined]
in APPPATH\Controllers\SuperAdminObjectPrimaryType.php on line 91.
 1 SYSTEMPATH\CodeIgniter.php(933): App\Controllers\SuperAdminObjectPrimaryType->update('undefined')
 2 SYSTEMPATH\CodeIgniter.php(509): CodeIgniter\CodeIgniter->runController(Object(App\Controllers\SuperAdminObjectPrimaryType))
 3 SYSTEMPATH\CodeIgniter.php(355): CodeIgniter\CodeIgniter->handleRequest(null, Object(Config\Cache), false)
 4 SYSTEMPATH\Boot.php(334): CodeIgniter\CodeIgniter->run()
 5 SYSTEMPATH\Boot.php(67): CodeIgniter\Boot::runCodeIgniter(Object(CodeIgniter\CodeIgniter))
 6 FCPATH\index.php(56): CodeIgniter\Boot::bootWeb(Object(Config\Paths))
CRITICAL - 2025-07-08 09:19:25 --> TypeError: App\Controllers\SuperAdminObjectPrimaryType::update(): Argument #1 ($id) must be of type int, string given, called in C:\wamp64\www\khm\system\CodeIgniter.php on line 933
[Method: POST, Route: SuperAdminObjectPrimaryType/update/undefined]
in APPPATH\Controllers\SuperAdminObjectPrimaryType.php on line 91.
 1 SYSTEMPATH\CodeIgniter.php(933): App\Controllers\SuperAdminObjectPrimaryType->update('undefined')
 2 SYSTEMPATH\CodeIgniter.php(509): CodeIgniter\CodeIgniter->runController(Object(App\Controllers\SuperAdminObjectPrimaryType))
 3 SYSTEMPATH\CodeIgniter.php(355): CodeIgniter\CodeIgniter->handleRequest(null, Object(Config\Cache), false)
 4 SYSTEMPATH\Boot.php(334): CodeIgniter\CodeIgniter->run()
 5 SYSTEMPATH\Boot.php(67): CodeIgniter\Boot::runCodeIgniter(Object(CodeIgniter\CodeIgniter))
 6 FCPATH\index.php(56): CodeIgniter\Boot::bootWeb(Object(Config\Paths))
CRITICAL - 2025-07-08 09:19:32 --> TypeError: App\Controllers\SuperAdminObjectPrimaryType::update(): Argument #1 ($id) must be of type int, string given, called in C:\wamp64\www\khm\system\CodeIgniter.php on line 933
[Method: POST, Route: SuperAdminObjectPrimaryType/update/undefined]
in APPPATH\Controllers\SuperAdminObjectPrimaryType.php on line 91.
 1 SYSTEMPATH\CodeIgniter.php(933): App\Controllers\SuperAdminObjectPrimaryType->update('undefined')
 2 SYSTEMPATH\CodeIgniter.php(509): CodeIgniter\CodeIgniter->runController(Object(App\Controllers\SuperAdminObjectPrimaryType))
 3 SYSTEMPATH\CodeIgniter.php(355): CodeIgniter\CodeIgniter->handleRequest(null, Object(Config\Cache), false)
 4 SYSTEMPATH\Boot.php(334): CodeIgniter\CodeIgniter->run()
 5 SYSTEMPATH\Boot.php(67): CodeIgniter\Boot::runCodeIgniter(Object(CodeIgniter\CodeIgniter))
 6 FCPATH\index.php(56): CodeIgniter\Boot::bootWeb(Object(Config\Paths))
