ERROR - 2025-05-27 08:24:53 --> mysqli_sql_exception: Unknown column 'h.enq_type_id' in 'where clause' in C:\wamp64\www\khm\system\Database\MySQLi\Connection.php:312
Stack trace:
#0 C:\wamp64\www\khm\system\Database\MySQLi\Connection.php(312): mysqli->query('SELECT `t`.`tou...', 0)
#1 C:\wamp64\www\khm\system\Database\BaseConnection.php(734): CodeIgniter\Database\MySQLi\Connection->execute('SELECT `t`.`tou...')
#2 C:\wamp64\www\khm\system\Database\BaseConnection.php(648): CodeIgniter\Database\BaseConnection->simpleQuery('SELECT `t`.`tou...')
#3 C:\wamp64\www\khm\system\Database\BaseBuilder.php(1644): CodeIgniter\Database\BaseConnection->query('SELECT `t`.`tou...', Array, false)
#4 C:\wamp64\www\khm\app\Models\BestDestinationReportModel.php(90): CodeIgniter\Database\BaseBuilder->get()
#5 C:\wamp64\www\khm\app\Controllers\BestDestinationReport.php(104): App\Models\BestDestinationReportModel->getByDateRange('2025-05-27 00:0...', '2025-05-27 08:2...', 'all', '3')
#6 C:\wamp64\www\khm\system\CodeIgniter.php(933): App\Controllers\BestDestinationReport->data()
#7 C:\wamp64\www\khm\system\CodeIgniter.php(509): CodeIgniter\CodeIgniter->runController(Object(App\Controllers\BestDestinationReport))
#8 C:\wamp64\www\khm\system\CodeIgniter.php(355): CodeIgniter\CodeIgniter->handleRequest(NULL, Object(Config\Cache), false)
#9 C:\wamp64\www\khm\system\Boot.php(334): CodeIgniter\CodeIgniter->run()
#10 C:\wamp64\www\khm\system\Boot.php(67): CodeIgniter\Boot::runCodeIgniter(Object(CodeIgniter\CodeIgniter))
#11 C:\wamp64\www\khm\public\index.php(56): CodeIgniter\Boot::bootWeb(Object(Config\Paths))
#12 {main}
CRITICAL - 2025-05-27 08:24:53 --> CodeIgniter\Database\Exceptions\DatabaseException: Unknown column 'h.enq_type_id' in 'where clause'
[Method: GET, Route: BestDestinationReport/data]
in SYSTEMPATH\Database\BaseConnection.php on line 688.
 1 SYSTEMPATH\Database\BaseBuilder.php(1644): CodeIgniter\Database\BaseConnection->query('SELECT `t`.`tour_details_id`, `t`.`tour_location`, `t`.`is_active`, `t`.`check_in_date`, `t`.`check_out_date`, `g`.`geog_name`, COUNT(t.tour_details_id) AS total_tourenq
FROM `khm_obj_enquiry_tour_details` AS `t`
LEFT JOIN `khm_loc_mst_geography` AS `g` ON `g`.`geog_id` = `t`.`tour_location`
WHERE `t`.`is_active` = :t.is_active:
AND `t`.`check_out_date` >= :t.check_out_date:
AND `t`.`check_in_date` <= :t.check_in_date:
AND `h`.`enq_type_id` = :h.enq_type_id:
GROUP BY `g`.`geog_name`
ORDER BY `total_tourenq` DESC', [...], false)
 2 APPPATH\Models\BestDestinationReportModel.php(90): CodeIgniter\Database\BaseBuilder->get()
 3 APPPATH\Controllers\BestDestinationReport.php(104): App\Models\BestDestinationReportModel->getByDateRange('2025-05-27 00:00:00', '2025-05-27 08:24:52', 'all', '3')
 4 SYSTEMPATH\CodeIgniter.php(933): App\Controllers\BestDestinationReport->data()
 5 SYSTEMPATH\CodeIgniter.php(509): CodeIgniter\CodeIgniter->runController(Object(App\Controllers\BestDestinationReport))
 6 SYSTEMPATH\CodeIgniter.php(355): CodeIgniter\CodeIgniter->handleRequest(null, Object(Config\Cache), false)
 7 SYSTEMPATH\Boot.php(334): CodeIgniter\CodeIgniter->run()
 8 SYSTEMPATH\Boot.php(67): CodeIgniter\Boot::runCodeIgniter(Object(CodeIgniter\CodeIgniter))
 9 FCPATH\index.php(56): CodeIgniter\Boot::bootWeb(Object(Config\Paths))
CRITICAL - 2025-05-27 08:24:53 --> [Caused by] CodeIgniter\Database\Exceptions\DatabaseException: Unknown column 'h.enq_type_id' in 'where clause'
in SYSTEMPATH\Database\MySQLi\Connection.php on line 317.
 1 SYSTEMPATH\Database\BaseConnection.php(734): CodeIgniter\Database\MySQLi\Connection->execute('SELECT `t`.`tour_details_id`, `t`.`tour_location`, `t`.`is_active`, `t`.`check_in_date`, `t`.`check_out_date`, `g`.`geog_name`, COUNT(t.tour_details_id) AS total_tourenq
FROM `khm_obj_enquiry_tour_details` AS `t`
LEFT JOIN `khm_loc_mst_geography` AS `g` ON `g`.`geog_id` = `t`.`tour_location`
WHERE `t`.`is_active` = 1
AND `t`.`check_out_date` >= \'2025-05-27 00:00:00\'
AND `t`.`check_in_date` <= \'2025-05-27 08:24:52\'
AND `h`.`enq_type_id` = \'3\'
GROUP BY `g`.`geog_name`
ORDER BY `total_tourenq` DESC')
 2 SYSTEMPATH\Database\BaseConnection.php(648): CodeIgniter\Database\BaseConnection->simpleQuery('SELECT `t`.`tour_details_id`, `t`.`tour_location`, `t`.`is_active`, `t`.`check_in_date`, `t`.`check_out_date`, `g`.`geog_name`, COUNT(t.tour_details_id) AS total_tourenq
FROM `khm_obj_enquiry_tour_details` AS `t`
LEFT JOIN `khm_loc_mst_geography` AS `g` ON `g`.`geog_id` = `t`.`tour_location`
WHERE `t`.`is_active` = 1
AND `t`.`check_out_date` >= \'2025-05-27 00:00:00\'
AND `t`.`check_in_date` <= \'2025-05-27 08:24:52\'
AND `h`.`enq_type_id` = \'3\'
GROUP BY `g`.`geog_name`
ORDER BY `total_tourenq` DESC')
 3 SYSTEMPATH\Database\BaseBuilder.php(1644): CodeIgniter\Database\BaseConnection->query('SELECT `t`.`tour_details_id`, `t`.`tour_location`, `t`.`is_active`, `t`.`check_in_date`, `t`.`check_out_date`, `g`.`geog_name`, COUNT(t.tour_details_id) AS total_tourenq
FROM `khm_obj_enquiry_tour_details` AS `t`
LEFT JOIN `khm_loc_mst_geography` AS `g` ON `g`.`geog_id` = `t`.`tour_location`
WHERE `t`.`is_active` = :t.is_active:
AND `t`.`check_out_date` >= :t.check_out_date:
AND `t`.`check_in_date` <= :t.check_in_date:
AND `h`.`enq_type_id` = :h.enq_type_id:
GROUP BY `g`.`geog_name`
ORDER BY `total_tourenq` DESC', [...], false)
 4 APPPATH\Models\BestDestinationReportModel.php(90): CodeIgniter\Database\BaseBuilder->get()
 5 APPPATH\Controllers\BestDestinationReport.php(104): App\Models\BestDestinationReportModel->getByDateRange('2025-05-27 00:00:00', '2025-05-27 08:24:52', 'all', '3')
 6 SYSTEMPATH\CodeIgniter.php(933): App\Controllers\BestDestinationReport->data()
 7 SYSTEMPATH\CodeIgniter.php(509): CodeIgniter\CodeIgniter->runController(Object(App\Controllers\BestDestinationReport))
 8 SYSTEMPATH\CodeIgniter.php(355): CodeIgniter\CodeIgniter->handleRequest(null, Object(Config\Cache), false)
 9 SYSTEMPATH\Boot.php(334): CodeIgniter\CodeIgniter->run()
10 SYSTEMPATH\Boot.php(67): CodeIgniter\Boot::runCodeIgniter(Object(CodeIgniter\CodeIgniter))
11 FCPATH\index.php(56): CodeIgniter\Boot::bootWeb(Object(Config\Paths))
CRITICAL - 2025-05-27 08:24:53 --> [Caused by] mysqli_sql_exception: Unknown column 'h.enq_type_id' in 'where clause'
in SYSTEMPATH\Database\MySQLi\Connection.php on line 312.
 1 SYSTEMPATH\Database\MySQLi\Connection.php(312): mysqli->query('SELECT `t`.`tour_details_id`, `t`.`tour_location`, `t`.`is_active`, `t`.`check_in_date`, `t`.`check_out_date`, `g`.`geog_name`, COUNT(t.tour_details_id) AS total_tourenq
FROM `khm_obj_enquiry_tour_details` AS `t`
LEFT JOIN `khm_loc_mst_geography` AS `g` ON `g`.`geog_id` = `t`.`tour_location`
WHERE `t`.`is_active` = 1
AND `t`.`check_out_date` >= \'2025-05-27 00:00:00\'
AND `t`.`check_in_date` <= \'2025-05-27 08:24:52\'
AND `h`.`enq_type_id` = \'3\'
GROUP BY `g`.`geog_name`
ORDER BY `total_tourenq` DESC', 0)
 2 SYSTEMPATH\Database\BaseConnection.php(734): CodeIgniter\Database\MySQLi\Connection->execute('SELECT `t`.`tour_details_id`, `t`.`tour_location`, `t`.`is_active`, `t`.`check_in_date`, `t`.`check_out_date`, `g`.`geog_name`, COUNT(t.tour_details_id) AS total_tourenq
FROM `khm_obj_enquiry_tour_details` AS `t`
LEFT JOIN `khm_loc_mst_geography` AS `g` ON `g`.`geog_id` = `t`.`tour_location`
WHERE `t`.`is_active` = 1
AND `t`.`check_out_date` >= \'2025-05-27 00:00:00\'
AND `t`.`check_in_date` <= \'2025-05-27 08:24:52\'
AND `h`.`enq_type_id` = \'3\'
GROUP BY `g`.`geog_name`
ORDER BY `total_tourenq` DESC')
 3 SYSTEMPATH\Database\BaseConnection.php(648): CodeIgniter\Database\BaseConnection->simpleQuery('SELECT `t`.`tour_details_id`, `t`.`tour_location`, `t`.`is_active`, `t`.`check_in_date`, `t`.`check_out_date`, `g`.`geog_name`, COUNT(t.tour_details_id) AS total_tourenq
FROM `khm_obj_enquiry_tour_details` AS `t`
LEFT JOIN `khm_loc_mst_geography` AS `g` ON `g`.`geog_id` = `t`.`tour_location`
WHERE `t`.`is_active` = 1
AND `t`.`check_out_date` >= \'2025-05-27 00:00:00\'
AND `t`.`check_in_date` <= \'2025-05-27 08:24:52\'
AND `h`.`enq_type_id` = \'3\'
GROUP BY `g`.`geog_name`
ORDER BY `total_tourenq` DESC')
 4 SYSTEMPATH\Database\BaseBuilder.php(1644): CodeIgniter\Database\BaseConnection->query('SELECT `t`.`tour_details_id`, `t`.`tour_location`, `t`.`is_active`, `t`.`check_in_date`, `t`.`check_out_date`, `g`.`geog_name`, COUNT(t.tour_details_id) AS total_tourenq
FROM `khm_obj_enquiry_tour_details` AS `t`
LEFT JOIN `khm_loc_mst_geography` AS `g` ON `g`.`geog_id` = `t`.`tour_location`
WHERE `t`.`is_active` = :t.is_active:
AND `t`.`check_out_date` >= :t.check_out_date:
AND `t`.`check_in_date` <= :t.check_in_date:
AND `h`.`enq_type_id` = :h.enq_type_id:
GROUP BY `g`.`geog_name`
ORDER BY `total_tourenq` DESC', [...], false)
 5 APPPATH\Models\BestDestinationReportModel.php(90): CodeIgniter\Database\BaseBuilder->get()
 6 APPPATH\Controllers\BestDestinationReport.php(104): App\Models\BestDestinationReportModel->getByDateRange('2025-05-27 00:00:00', '2025-05-27 08:24:52', 'all', '3')
 7 SYSTEMPATH\CodeIgniter.php(933): App\Controllers\BestDestinationReport->data()
 8 SYSTEMPATH\CodeIgniter.php(509): CodeIgniter\CodeIgniter->runController(Object(App\Controllers\BestDestinationReport))
 9 SYSTEMPATH\CodeIgniter.php(355): CodeIgniter\CodeIgniter->handleRequest(null, Object(Config\Cache), false)
10 SYSTEMPATH\Boot.php(334): CodeIgniter\CodeIgniter->run()
11 SYSTEMPATH\Boot.php(67): CodeIgniter\Boot::runCodeIgniter(Object(CodeIgniter\CodeIgniter))
12 FCPATH\index.php(56): CodeIgniter\Boot::bootWeb(Object(Config\Paths))
CRITICAL - 2025-05-27 08:36:11 --> CodeIgniter\View\Exceptions\ViewException: Invalid file: "masters/departure_report_list.php"
[Method: GET, Route: DepartureReport]
in SYSTEMPATH\Exceptions\FrameworkException.php on line 41.
 1 SYSTEMPATH\View\View.php(222): CodeIgniter\Exceptions\FrameworkException::forInvalidFile('masters/departure_report_list.php')
 2 SYSTEMPATH\Common.php(1171): CodeIgniter\View\View->render('masters/departure_report_list', [], true)
 3 APPPATH\Controllers\DepartureReport.php(70): view('masters/departure_report_list', [...])
 4 SYSTEMPATH\CodeIgniter.php(933): App\Controllers\DepartureReport->index()
 5 SYSTEMPATH\CodeIgniter.php(509): CodeIgniter\CodeIgniter->runController(Object(App\Controllers\DepartureReport))
 6 SYSTEMPATH\CodeIgniter.php(355): CodeIgniter\CodeIgniter->handleRequest(null, Object(Config\Cache), false)
 7 SYSTEMPATH\Boot.php(334): CodeIgniter\CodeIgniter->run()
 8 SYSTEMPATH\Boot.php(67): CodeIgniter\Boot::runCodeIgniter(Object(CodeIgniter\CodeIgniter))
 9 FCPATH\index.php(56): CodeIgniter\Boot::bootWeb(Object(Config\Paths))
CRITICAL - 2025-05-27 08:36:16 --> CodeIgniter\View\Exceptions\ViewException: Invalid file: "masters/departure_report_list.php"
[Method: GET, Route: DepartureReport]
in SYSTEMPATH\Exceptions\FrameworkException.php on line 41.
 1 SYSTEMPATH\View\View.php(222): CodeIgniter\Exceptions\FrameworkException::forInvalidFile('masters/departure_report_list.php')
 2 SYSTEMPATH\Common.php(1171): CodeIgniter\View\View->render('masters/departure_report_list', [], true)
 3 APPPATH\Controllers\DepartureReport.php(70): view('masters/departure_report_list', [...])
 4 SYSTEMPATH\CodeIgniter.php(933): App\Controllers\DepartureReport->index()
 5 SYSTEMPATH\CodeIgniter.php(509): CodeIgniter\CodeIgniter->runController(Object(App\Controllers\DepartureReport))
 6 SYSTEMPATH\CodeIgniter.php(355): CodeIgniter\CodeIgniter->handleRequest(null, Object(Config\Cache), false)
 7 SYSTEMPATH\Boot.php(334): CodeIgniter\CodeIgniter->run()
 8 SYSTEMPATH\Boot.php(67): CodeIgniter\Boot::runCodeIgniter(Object(CodeIgniter\CodeIgniter))
 9 FCPATH\index.php(56): CodeIgniter\Boot::bootWeb(Object(Config\Paths))
CRITICAL - 2025-05-27 08:36:27 --> CodeIgniter\View\Exceptions\ViewException: Invalid file: "masters/arrival_report_list.php"
[Method: GET, Route: ArrivalReport]
in SYSTEMPATH\Exceptions\FrameworkException.php on line 41.
 1 SYSTEMPATH\View\View.php(222): CodeIgniter\Exceptions\FrameworkException::forInvalidFile('masters/arrival_report_list.php')
 2 SYSTEMPATH\Common.php(1171): CodeIgniter\View\View->render('masters/arrival_report_list', [], true)
 3 APPPATH\Controllers\ArrivalReport.php(70): view('masters/arrival_report_list', [...])
 4 SYSTEMPATH\CodeIgniter.php(933): App\Controllers\ArrivalReport->index()
 5 SYSTEMPATH\CodeIgniter.php(509): CodeIgniter\CodeIgniter->runController(Object(App\Controllers\ArrivalReport))
 6 SYSTEMPATH\CodeIgniter.php(355): CodeIgniter\CodeIgniter->handleRequest(null, Object(Config\Cache), false)
 7 SYSTEMPATH\Boot.php(334): CodeIgniter\CodeIgniter->run()
 8 SYSTEMPATH\Boot.php(67): CodeIgniter\Boot::runCodeIgniter(Object(CodeIgniter\CodeIgniter))
 9 FCPATH\index.php(56): CodeIgniter\Boot::bootWeb(Object(Config\Paths))
ERROR - 2025-05-27 10:58:07 --> mysqli_sql_exception: Unknown column 'geo.geog_name' in 'field list' in C:\wamp64\www\khm\system\Database\MySQLi\Connection.php:312
Stack trace:
#0 C:\wamp64\www\khm\system\Database\MySQLi\Connection.php(312): mysqli->query('SELECT DISTINCT...', 0)
#1 C:\wamp64\www\khm\system\Database\BaseConnection.php(734): CodeIgniter\Database\MySQLi\Connection->execute('SELECT DISTINCT...')
#2 C:\wamp64\www\khm\system\Database\BaseConnection.php(648): CodeIgniter\Database\BaseConnection->simpleQuery('SELECT DISTINCT...')
#3 C:\wamp64\www\khm\system\Database\BaseBuilder.php(1644): CodeIgniter\Database\BaseConnection->query('SELECT DISTINCT...', Array, false)
#4 C:\wamp64\www\khm\app\Models\GuestTrackingReportModel.php(225): CodeIgniter\Database\BaseBuilder->get()
#5 C:\wamp64\www\khm\app\Controllers\GuestTrackingReport.php(88): App\Models\GuestTrackingReportModel->getByDateRange('2025-05-31 00:0...', '4')
#6 C:\wamp64\www\khm\system\CodeIgniter.php(933): App\Controllers\GuestTrackingReport->data()
#7 C:\wamp64\www\khm\system\CodeIgniter.php(509): CodeIgniter\CodeIgniter->runController(Object(App\Controllers\GuestTrackingReport))
#8 C:\wamp64\www\khm\system\CodeIgniter.php(355): CodeIgniter\CodeIgniter->handleRequest(NULL, Object(Config\Cache), false)
#9 C:\wamp64\www\khm\system\Boot.php(334): CodeIgniter\CodeIgniter->run()
#10 C:\wamp64\www\khm\system\Boot.php(67): CodeIgniter\Boot::runCodeIgniter(Object(CodeIgniter\CodeIgniter))
#11 C:\wamp64\www\khm\public\index.php(56): CodeIgniter\Boot::bootWeb(Object(Config\Paths))
#12 {main}
CRITICAL - 2025-05-27 10:58:07 --> CodeIgniter\Database\Exceptions\DatabaseException: Unknown column 'geo.geog_name' in 'field list'
[Method: GET, Route: GuestTrackingReport/data]
in SYSTEMPATH\Database\BaseConnection.php on line 688.
 1 SYSTEMPATH\Database\BaseBuilder.php(1644): CodeIgniter\Database\BaseConnection->query('SELECT DISTINCT `h`.`enquiry_header_id`, `h`.`object_id`, `h`.`guest_entity_id`, `h`.`agent_entity_id`, `h`.`employee_entity_id`, `h`.`enq_added_date`, `h`.`enq_type_id`, `h`.`ref_no`, `h`.`is_active` AS `header_active`, `om`.`object_name`, `ge`.`entity_name` AS `guest_name`, `ge`.`entity_mobile` AS `guest_phone`, `ae`.`entity_name` AS `agent_name`, `ee`.`entity_name` AS `employee_name`, `d`.`enquiry_details_id`, `d`.`date_of_tour_start`, `d`.`is_active` AS `details_active`, `t`.`check_in_date`, `t`.`check_out_date`, `t`.`is_active` AS `tour_active`, `e`.`is_active` AS `extension_active`, `e`.`tpc`, `arr`.`geog_name` AS `arrival_location_name`, `dep`.`geog_name` AS `departure_location_name`, `komen`.`object_name` AS `hotel_name`, `kogen`.`geog_name` AS `hotel_location`, `e9`.`entity_name` AS `executive`, `e8`.`entity_name` AS `sop_executive`, GROUP_CONCAT(DISTINCT vt.vehicle_type_id)      AS all_vehicle_type_ids, GROUP_CONCAT(DISTINCT vt.vehicle_model_name)   AS all_vehicle_model_names, GROUP_CONCAT(DISTINCT geo.geog_name)           AS all_vehicle_locations, GROUP_CONCAT(DISTINCT em.entity_name)          AS drivername, GROUP_CONCAT(DISTINCT JSON_UNQUOTE(JSON_EXTRACT(em.entity_mobile, "$[0]"))) AS driverphone
FROM `khm_obj_enquiry_header` AS `h`
LEFT JOIN `khm_obj_enquiry_details` AS `d` ON `d`.`enquiry_header_id` = `h`.`enquiry_header_id`
LEFT JOIN `khm_loc_mst_geography` AS `arr` ON `arr`.`geog_id` = `d`.`arrival_location`
LEFT JOIN `khm_loc_mst_geography` AS `dep` ON `dep`.`geog_id` = `d`.`departure_location`
LEFT JOIN `khm_obj_enquiry_tour_details` AS `t` ON `t`.`enquiry_header_id` = `h`.`enquiry_header_id` AND `t`.`enquiry_details_id` = `d`.`enquiry_details_id`
LEFT JOIN `khm_obj_enquiry_itinerary_details` AS `koei` ON `koei`.`tour_details_id`=`t`.`tour_details_id`
LEFT JOIN `khm_obj_hotel` AS `kohel` ON `kohel`.`hotel_id`=`koei`.`hotel_id`
LEFT JOIN `khm_obj_mst` AS `komen` ON `komen`.`object_id`=`kohel`.`object_id`
LEFT JOIN `khm_loc_mst_geography` `kogen` ON `kogen`.`geog_id`=`komen`.`object_location_id`
LEFT JOIN `khm_obj_enquiry_detail_extensions` AS `e` ON `e`.`enquiry_header_id` = `h`.`enquiry_header_id` AND `e`.`enquiry_details_id` = `d`.`enquiry_details_id`
LEFT JOIN `khm_obj_mst` AS `om` ON `om`.`object_id` = `h`.`object_id`
LEFT JOIN `khm_entity_mst` AS `ge` ON `ge`.`entity_id` = `h`.`guest_entity_id`
LEFT JOIN `khm_entity_mst` AS `ae` ON `ae`.`entity_id` = `h`.`agent_entity_id`
LEFT JOIN `khm_entity_mst` AS `ee` ON `ee`.`entity_id` = `h`.`employee_entity_id`
LEFT JOIN `khm_obj_enquiry_details` AS `ed` ON `ed`.`enquiry_header_id` = `h`.`enquiry_header_id`
LEFT JOIN JSON_TABLE(
                ed.vehicle_type_id,
                \'$[*]\' COLUMNS(
                    vehicle_count      INT            PATH \'$.vehicle_count\',
                    vehicle_type_id    INT            PATH \'$.vehicle_type_id\',
                    vehicle_model_name VARCHAR(255)   PATH \'$.vehicle_model_name\'
                )
            ) AS vt ON 1=1
LEFT JOIN `khm_obj_enquiry_edit_request` AS `eer` ON `eer`.`enquiry_header_id`=`h`.`enquiry_header_id`
LEFT JOIN `khm_obj_enquiry_status` AS `es` ON `es`.`edit_request_id` =`eer`.`enquiry_edit_request_id`
LEFT JOIN `khm_entity_mst` AS `e9` ON `e9`.`entity_id`=`es`.`assigned_to`
LEFT JOIN `khm_obj_enquiry_status` AS `es2` ON `es2`.`edit_request_id` =`eer`.`enquiry_edit_request_id`
LEFT JOIN `khm_entity_mst` AS `e8` ON `e8`.`entity_id`=`es2`.`assigned_to`
WHERE `eer`.`is_active` = :eer.is_active:
AND `es`.`current_status_id` = :es.current_status_id:
AND `es2`.`current_status_id` = :es2.current_status_id:
AND `h`.`is_active` = :h.is_active:
AND `e`.`is_active` = :e.is_active:
AND `t`.`is_active` = :t.is_active:
AND `d`.`is_active` = :d.is_active:
AND `koei`.`is_active` = :koei.is_active:
AND `t`.`check_in_date` <= :t.check_in_date:
AND `t`.`check_out_date` >= :t.check_out_date:
AND `h`.`enq_type_id` = :h.enq_type_id:
GROUP BY `koei`.`itinerary_details_id`
ORDER BY `d`.`date_of_tour_start` DESC', [...], false)
 2 APPPATH\Models\GuestTrackingReportModel.php(225): CodeIgniter\Database\BaseBuilder->get()
 3 APPPATH\Controllers\GuestTrackingReport.php(88): App\Models\GuestTrackingReportModel->getByDateRange('2025-05-31 00:00:00', '4')
 4 SYSTEMPATH\CodeIgniter.php(933): App\Controllers\GuestTrackingReport->data()
 5 SYSTEMPATH\CodeIgniter.php(509): CodeIgniter\CodeIgniter->runController(Object(App\Controllers\GuestTrackingReport))
 6 SYSTEMPATH\CodeIgniter.php(355): CodeIgniter\CodeIgniter->handleRequest(null, Object(Config\Cache), false)
 7 SYSTEMPATH\Boot.php(334): CodeIgniter\CodeIgniter->run()
 8 SYSTEMPATH\Boot.php(67): CodeIgniter\Boot::runCodeIgniter(Object(CodeIgniter\CodeIgniter))
 9 FCPATH\index.php(56): CodeIgniter\Boot::bootWeb(Object(Config\Paths))
CRITICAL - 2025-05-27 10:58:07 --> [Caused by] CodeIgniter\Database\Exceptions\DatabaseException: Unknown column 'geo.geog_name' in 'field list'
in SYSTEMPATH\Database\MySQLi\Connection.php on line 317.
 1 SYSTEMPATH\Database\BaseConnection.php(734): CodeIgniter\Database\MySQLi\Connection->execute('SELECT DISTINCT `h`.`enquiry_header_id`, `h`.`object_id`, `h`.`guest_entity_id`, `h`.`agent_entity_id`, `h`.`employee_entity_id`, `h`.`enq_added_date`, `h`.`enq_type_id`, `h`.`ref_no`, `h`.`is_active` AS `header_active`, `om`.`object_name`, `ge`.`entity_name` AS `guest_name`, `ge`.`entity_mobile` AS `guest_phone`, `ae`.`entity_name` AS `agent_name`, `ee`.`entity_name` AS `employee_name`, `d`.`enquiry_details_id`, `d`.`date_of_tour_start`, `d`.`is_active` AS `details_active`, `t`.`check_in_date`, `t`.`check_out_date`, `t`.`is_active` AS `tour_active`, `e`.`is_active` AS `extension_active`, `e`.`tpc`, `arr`.`geog_name` AS `arrival_location_name`, `dep`.`geog_name` AS `departure_location_name`, `komen`.`object_name` AS `hotel_name`, `kogen`.`geog_name` AS `hotel_location`, `e9`.`entity_name` AS `executive`, `e8`.`entity_name` AS `sop_executive`, GROUP_CONCAT(DISTINCT vt.vehicle_type_id)      AS all_vehicle_type_ids, GROUP_CONCAT(DISTINCT vt.vehicle_model_name)   AS all_vehicle_model_names, GROUP_CONCAT(DISTINCT geo.geog_name)           AS all_vehicle_locations, GROUP_CONCAT(DISTINCT em.entity_name)          AS drivername, GROUP_CONCAT(DISTINCT JSON_UNQUOTE(JSON_EXTRACT(em.entity_mobile, "$[0]"))) AS driverphone
FROM `khm_obj_enquiry_header` AS `h`
LEFT JOIN `khm_obj_enquiry_details` AS `d` ON `d`.`enquiry_header_id` = `h`.`enquiry_header_id`
LEFT JOIN `khm_loc_mst_geography` AS `arr` ON `arr`.`geog_id` = `d`.`arrival_location`
LEFT JOIN `khm_loc_mst_geography` AS `dep` ON `dep`.`geog_id` = `d`.`departure_location`
LEFT JOIN `khm_obj_enquiry_tour_details` AS `t` ON `t`.`enquiry_header_id` = `h`.`enquiry_header_id` AND `t`.`enquiry_details_id` = `d`.`enquiry_details_id`
LEFT JOIN `khm_obj_enquiry_itinerary_details` AS `koei` ON `koei`.`tour_details_id`=`t`.`tour_details_id`
LEFT JOIN `khm_obj_hotel` AS `kohel` ON `kohel`.`hotel_id`=`koei`.`hotel_id`
LEFT JOIN `khm_obj_mst` AS `komen` ON `komen`.`object_id`=`kohel`.`object_id`
LEFT JOIN `khm_loc_mst_geography` `kogen` ON `kogen`.`geog_id`=`komen`.`object_location_id`
LEFT JOIN `khm_obj_enquiry_detail_extensions` AS `e` ON `e`.`enquiry_header_id` = `h`.`enquiry_header_id` AND `e`.`enquiry_details_id` = `d`.`enquiry_details_id`
LEFT JOIN `khm_obj_mst` AS `om` ON `om`.`object_id` = `h`.`object_id`
LEFT JOIN `khm_entity_mst` AS `ge` ON `ge`.`entity_id` = `h`.`guest_entity_id`
LEFT JOIN `khm_entity_mst` AS `ae` ON `ae`.`entity_id` = `h`.`agent_entity_id`
LEFT JOIN `khm_entity_mst` AS `ee` ON `ee`.`entity_id` = `h`.`employee_entity_id`
LEFT JOIN `khm_obj_enquiry_details` AS `ed` ON `ed`.`enquiry_header_id` = `h`.`enquiry_header_id`
LEFT JOIN JSON_TABLE(
                ed.vehicle_type_id,
                \'$[*]\' COLUMNS(
                    vehicle_count      INT            PATH \'$.vehicle_count\',
                    vehicle_type_id    INT            PATH \'$.vehicle_type_id\',
                    vehicle_model_name VARCHAR(255)   PATH \'$.vehicle_model_name\'
                )
            ) AS vt ON 1=1
LEFT JOIN `khm_obj_enquiry_edit_request` AS `eer` ON `eer`.`enquiry_header_id`=`h`.`enquiry_header_id`
LEFT JOIN `khm_obj_enquiry_status` AS `es` ON `es`.`edit_request_id` =`eer`.`enquiry_edit_request_id`
LEFT JOIN `khm_entity_mst` AS `e9` ON `e9`.`entity_id`=`es`.`assigned_to`
LEFT JOIN `khm_obj_enquiry_status` AS `es2` ON `es2`.`edit_request_id` =`eer`.`enquiry_edit_request_id`
LEFT JOIN `khm_entity_mst` AS `e8` ON `e8`.`entity_id`=`es2`.`assigned_to`
WHERE `eer`.`is_active` = 1
AND `es`.`current_status_id` = 1
AND `es2`.`current_status_id` = 13
AND `h`.`is_active` = 1
AND `e`.`is_active` = 1
AND `t`.`is_active` = 1
AND `d`.`is_active` = 1
AND `koei`.`is_active` = 1
AND `t`.`check_in_date` <= \'2025-05-31 00:00:00\'
AND `t`.`check_out_date` >= \'2025-05-31 00:00:00\'
AND `h`.`enq_type_id` = \'4\'
GROUP BY `koei`.`itinerary_details_id`
ORDER BY `d`.`date_of_tour_start` DESC')
 2 SYSTEMPATH\Database\BaseConnection.php(648): CodeIgniter\Database\BaseConnection->simpleQuery('SELECT DISTINCT `h`.`enquiry_header_id`, `h`.`object_id`, `h`.`guest_entity_id`, `h`.`agent_entity_id`, `h`.`employee_entity_id`, `h`.`enq_added_date`, `h`.`enq_type_id`, `h`.`ref_no`, `h`.`is_active` AS `header_active`, `om`.`object_name`, `ge`.`entity_name` AS `guest_name`, `ge`.`entity_mobile` AS `guest_phone`, `ae`.`entity_name` AS `agent_name`, `ee`.`entity_name` AS `employee_name`, `d`.`enquiry_details_id`, `d`.`date_of_tour_start`, `d`.`is_active` AS `details_active`, `t`.`check_in_date`, `t`.`check_out_date`, `t`.`is_active` AS `tour_active`, `e`.`is_active` AS `extension_active`, `e`.`tpc`, `arr`.`geog_name` AS `arrival_location_name`, `dep`.`geog_name` AS `departure_location_name`, `komen`.`object_name` AS `hotel_name`, `kogen`.`geog_name` AS `hotel_location`, `e9`.`entity_name` AS `executive`, `e8`.`entity_name` AS `sop_executive`, GROUP_CONCAT(DISTINCT vt.vehicle_type_id)      AS all_vehicle_type_ids, GROUP_CONCAT(DISTINCT vt.vehicle_model_name)   AS all_vehicle_model_names, GROUP_CONCAT(DISTINCT geo.geog_name)           AS all_vehicle_locations, GROUP_CONCAT(DISTINCT em.entity_name)          AS drivername, GROUP_CONCAT(DISTINCT JSON_UNQUOTE(JSON_EXTRACT(em.entity_mobile, "$[0]"))) AS driverphone
FROM `khm_obj_enquiry_header` AS `h`
LEFT JOIN `khm_obj_enquiry_details` AS `d` ON `d`.`enquiry_header_id` = `h`.`enquiry_header_id`
LEFT JOIN `khm_loc_mst_geography` AS `arr` ON `arr`.`geog_id` = `d`.`arrival_location`
LEFT JOIN `khm_loc_mst_geography` AS `dep` ON `dep`.`geog_id` = `d`.`departure_location`
LEFT JOIN `khm_obj_enquiry_tour_details` AS `t` ON `t`.`enquiry_header_id` = `h`.`enquiry_header_id` AND `t`.`enquiry_details_id` = `d`.`enquiry_details_id`
LEFT JOIN `khm_obj_enquiry_itinerary_details` AS `koei` ON `koei`.`tour_details_id`=`t`.`tour_details_id`
LEFT JOIN `khm_obj_hotel` AS `kohel` ON `kohel`.`hotel_id`=`koei`.`hotel_id`
LEFT JOIN `khm_obj_mst` AS `komen` ON `komen`.`object_id`=`kohel`.`object_id`
LEFT JOIN `khm_loc_mst_geography` `kogen` ON `kogen`.`geog_id`=`komen`.`object_location_id`
LEFT JOIN `khm_obj_enquiry_detail_extensions` AS `e` ON `e`.`enquiry_header_id` = `h`.`enquiry_header_id` AND `e`.`enquiry_details_id` = `d`.`enquiry_details_id`
LEFT JOIN `khm_obj_mst` AS `om` ON `om`.`object_id` = `h`.`object_id`
LEFT JOIN `khm_entity_mst` AS `ge` ON `ge`.`entity_id` = `h`.`guest_entity_id`
LEFT JOIN `khm_entity_mst` AS `ae` ON `ae`.`entity_id` = `h`.`agent_entity_id`
LEFT JOIN `khm_entity_mst` AS `ee` ON `ee`.`entity_id` = `h`.`employee_entity_id`
LEFT JOIN `khm_obj_enquiry_details` AS `ed` ON `ed`.`enquiry_header_id` = `h`.`enquiry_header_id`
LEFT JOIN JSON_TABLE(
                ed.vehicle_type_id,
                \'$[*]\' COLUMNS(
                    vehicle_count      INT            PATH \'$.vehicle_count\',
                    vehicle_type_id    INT            PATH \'$.vehicle_type_id\',
                    vehicle_model_name VARCHAR(255)   PATH \'$.vehicle_model_name\'
                )
            ) AS vt ON 1=1
LEFT JOIN `khm_obj_enquiry_edit_request` AS `eer` ON `eer`.`enquiry_header_id`=`h`.`enquiry_header_id`
LEFT JOIN `khm_obj_enquiry_status` AS `es` ON `es`.`edit_request_id` =`eer`.`enquiry_edit_request_id`
LEFT JOIN `khm_entity_mst` AS `e9` ON `e9`.`entity_id`=`es`.`assigned_to`
LEFT JOIN `khm_obj_enquiry_status` AS `es2` ON `es2`.`edit_request_id` =`eer`.`enquiry_edit_request_id`
LEFT JOIN `khm_entity_mst` AS `e8` ON `e8`.`entity_id`=`es2`.`assigned_to`
WHERE `eer`.`is_active` = 1
AND `es`.`current_status_id` = 1
AND `es2`.`current_status_id` = 13
AND `h`.`is_active` = 1
AND `e`.`is_active` = 1
AND `t`.`is_active` = 1
AND `d`.`is_active` = 1
AND `koei`.`is_active` = 1
AND `t`.`check_in_date` <= \'2025-05-31 00:00:00\'
AND `t`.`check_out_date` >= \'2025-05-31 00:00:00\'
AND `h`.`enq_type_id` = \'4\'
GROUP BY `koei`.`itinerary_details_id`
ORDER BY `d`.`date_of_tour_start` DESC')
 3 SYSTEMPATH\Database\BaseBuilder.php(1644): CodeIgniter\Database\BaseConnection->query('SELECT DISTINCT `h`.`enquiry_header_id`, `h`.`object_id`, `h`.`guest_entity_id`, `h`.`agent_entity_id`, `h`.`employee_entity_id`, `h`.`enq_added_date`, `h`.`enq_type_id`, `h`.`ref_no`, `h`.`is_active` AS `header_active`, `om`.`object_name`, `ge`.`entity_name` AS `guest_name`, `ge`.`entity_mobile` AS `guest_phone`, `ae`.`entity_name` AS `agent_name`, `ee`.`entity_name` AS `employee_name`, `d`.`enquiry_details_id`, `d`.`date_of_tour_start`, `d`.`is_active` AS `details_active`, `t`.`check_in_date`, `t`.`check_out_date`, `t`.`is_active` AS `tour_active`, `e`.`is_active` AS `extension_active`, `e`.`tpc`, `arr`.`geog_name` AS `arrival_location_name`, `dep`.`geog_name` AS `departure_location_name`, `komen`.`object_name` AS `hotel_name`, `kogen`.`geog_name` AS `hotel_location`, `e9`.`entity_name` AS `executive`, `e8`.`entity_name` AS `sop_executive`, GROUP_CONCAT(DISTINCT vt.vehicle_type_id)      AS all_vehicle_type_ids, GROUP_CONCAT(DISTINCT vt.vehicle_model_name)   AS all_vehicle_model_names, GROUP_CONCAT(DISTINCT geo.geog_name)           AS all_vehicle_locations, GROUP_CONCAT(DISTINCT em.entity_name)          AS drivername, GROUP_CONCAT(DISTINCT JSON_UNQUOTE(JSON_EXTRACT(em.entity_mobile, "$[0]"))) AS driverphone
FROM `khm_obj_enquiry_header` AS `h`
LEFT JOIN `khm_obj_enquiry_details` AS `d` ON `d`.`enquiry_header_id` = `h`.`enquiry_header_id`
LEFT JOIN `khm_loc_mst_geography` AS `arr` ON `arr`.`geog_id` = `d`.`arrival_location`
LEFT JOIN `khm_loc_mst_geography` AS `dep` ON `dep`.`geog_id` = `d`.`departure_location`
LEFT JOIN `khm_obj_enquiry_tour_details` AS `t` ON `t`.`enquiry_header_id` = `h`.`enquiry_header_id` AND `t`.`enquiry_details_id` = `d`.`enquiry_details_id`
LEFT JOIN `khm_obj_enquiry_itinerary_details` AS `koei` ON `koei`.`tour_details_id`=`t`.`tour_details_id`
LEFT JOIN `khm_obj_hotel` AS `kohel` ON `kohel`.`hotel_id`=`koei`.`hotel_id`
LEFT JOIN `khm_obj_mst` AS `komen` ON `komen`.`object_id`=`kohel`.`object_id`
LEFT JOIN `khm_loc_mst_geography` `kogen` ON `kogen`.`geog_id`=`komen`.`object_location_id`
LEFT JOIN `khm_obj_enquiry_detail_extensions` AS `e` ON `e`.`enquiry_header_id` = `h`.`enquiry_header_id` AND `e`.`enquiry_details_id` = `d`.`enquiry_details_id`
LEFT JOIN `khm_obj_mst` AS `om` ON `om`.`object_id` = `h`.`object_id`
LEFT JOIN `khm_entity_mst` AS `ge` ON `ge`.`entity_id` = `h`.`guest_entity_id`
LEFT JOIN `khm_entity_mst` AS `ae` ON `ae`.`entity_id` = `h`.`agent_entity_id`
LEFT JOIN `khm_entity_mst` AS `ee` ON `ee`.`entity_id` = `h`.`employee_entity_id`
LEFT JOIN `khm_obj_enquiry_details` AS `ed` ON `ed`.`enquiry_header_id` = `h`.`enquiry_header_id`
LEFT JOIN JSON_TABLE(
                ed.vehicle_type_id,
                \'$[*]\' COLUMNS(
                    vehicle_count      INT            PATH \'$.vehicle_count\',
                    vehicle_type_id    INT            PATH \'$.vehicle_type_id\',
                    vehicle_model_name VARCHAR(255)   PATH \'$.vehicle_model_name\'
                )
            ) AS vt ON 1=1
LEFT JOIN `khm_obj_enquiry_edit_request` AS `eer` ON `eer`.`enquiry_header_id`=`h`.`enquiry_header_id`
LEFT JOIN `khm_obj_enquiry_status` AS `es` ON `es`.`edit_request_id` =`eer`.`enquiry_edit_request_id`
LEFT JOIN `khm_entity_mst` AS `e9` ON `e9`.`entity_id`=`es`.`assigned_to`
LEFT JOIN `khm_obj_enquiry_status` AS `es2` ON `es2`.`edit_request_id` =`eer`.`enquiry_edit_request_id`
LEFT JOIN `khm_entity_mst` AS `e8` ON `e8`.`entity_id`=`es2`.`assigned_to`
WHERE `eer`.`is_active` = :eer.is_active:
AND `es`.`current_status_id` = :es.current_status_id:
AND `es2`.`current_status_id` = :es2.current_status_id:
AND `h`.`is_active` = :h.is_active:
AND `e`.`is_active` = :e.is_active:
AND `t`.`is_active` = :t.is_active:
AND `d`.`is_active` = :d.is_active:
AND `koei`.`is_active` = :koei.is_active:
AND `t`.`check_in_date` <= :t.check_in_date:
AND `t`.`check_out_date` >= :t.check_out_date:
AND `h`.`enq_type_id` = :h.enq_type_id:
GROUP BY `koei`.`itinerary_details_id`
ORDER BY `d`.`date_of_tour_start` DESC', [...], false)
 4 APPPATH\Models\GuestTrackingReportModel.php(225): CodeIgniter\Database\BaseBuilder->get()
 5 APPPATH\Controllers\GuestTrackingReport.php(88): App\Models\GuestTrackingReportModel->getByDateRange('2025-05-31 00:00:00', '4')
 6 SYSTEMPATH\CodeIgniter.php(933): App\Controllers\GuestTrackingReport->data()
 7 SYSTEMPATH\CodeIgniter.php(509): CodeIgniter\CodeIgniter->runController(Object(App\Controllers\GuestTrackingReport))
 8 SYSTEMPATH\CodeIgniter.php(355): CodeIgniter\CodeIgniter->handleRequest(null, Object(Config\Cache), false)
 9 SYSTEMPATH\Boot.php(334): CodeIgniter\CodeIgniter->run()
10 SYSTEMPATH\Boot.php(67): CodeIgniter\Boot::runCodeIgniter(Object(CodeIgniter\CodeIgniter))
11 FCPATH\index.php(56): CodeIgniter\Boot::bootWeb(Object(Config\Paths))
CRITICAL - 2025-05-27 10:58:07 --> [Caused by] mysqli_sql_exception: Unknown column 'geo.geog_name' in 'field list'
in SYSTEMPATH\Database\MySQLi\Connection.php on line 312.
 1 SYSTEMPATH\Database\MySQLi\Connection.php(312): mysqli->query('SELECT DISTINCT `h`.`enquiry_header_id`, `h`.`object_id`, `h`.`guest_entity_id`, `h`.`agent_entity_id`, `h`.`employee_entity_id`, `h`.`enq_added_date`, `h`.`enq_type_id`, `h`.`ref_no`, `h`.`is_active` AS `header_active`, `om`.`object_name`, `ge`.`entity_name` AS `guest_name`, `ge`.`entity_mobile` AS `guest_phone`, `ae`.`entity_name` AS `agent_name`, `ee`.`entity_name` AS `employee_name`, `d`.`enquiry_details_id`, `d`.`date_of_tour_start`, `d`.`is_active` AS `details_active`, `t`.`check_in_date`, `t`.`check_out_date`, `t`.`is_active` AS `tour_active`, `e`.`is_active` AS `extension_active`, `e`.`tpc`, `arr`.`geog_name` AS `arrival_location_name`, `dep`.`geog_name` AS `departure_location_name`, `komen`.`object_name` AS `hotel_name`, `kogen`.`geog_name` AS `hotel_location`, `e9`.`entity_name` AS `executive`, `e8`.`entity_name` AS `sop_executive`, GROUP_CONCAT(DISTINCT vt.vehicle_type_id)      AS all_vehicle_type_ids, GROUP_CONCAT(DISTINCT vt.vehicle_model_name)   AS all_vehicle_model_names, GROUP_CONCAT(DISTINCT geo.geog_name)           AS all_vehicle_locations, GROUP_CONCAT(DISTINCT em.entity_name)          AS drivername, GROUP_CONCAT(DISTINCT JSON_UNQUOTE(JSON_EXTRACT(em.entity_mobile, "$[0]"))) AS driverphone
FROM `khm_obj_enquiry_header` AS `h`
LEFT JOIN `khm_obj_enquiry_details` AS `d` ON `d`.`enquiry_header_id` = `h`.`enquiry_header_id`
LEFT JOIN `khm_loc_mst_geography` AS `arr` ON `arr`.`geog_id` = `d`.`arrival_location`
LEFT JOIN `khm_loc_mst_geography` AS `dep` ON `dep`.`geog_id` = `d`.`departure_location`
LEFT JOIN `khm_obj_enquiry_tour_details` AS `t` ON `t`.`enquiry_header_id` = `h`.`enquiry_header_id` AND `t`.`enquiry_details_id` = `d`.`enquiry_details_id`
LEFT JOIN `khm_obj_enquiry_itinerary_details` AS `koei` ON `koei`.`tour_details_id`=`t`.`tour_details_id`
LEFT JOIN `khm_obj_hotel` AS `kohel` ON `kohel`.`hotel_id`=`koei`.`hotel_id`
LEFT JOIN `khm_obj_mst` AS `komen` ON `komen`.`object_id`=`kohel`.`object_id`
LEFT JOIN `khm_loc_mst_geography` `kogen` ON `kogen`.`geog_id`=`komen`.`object_location_id`
LEFT JOIN `khm_obj_enquiry_detail_extensions` AS `e` ON `e`.`enquiry_header_id` = `h`.`enquiry_header_id` AND `e`.`enquiry_details_id` = `d`.`enquiry_details_id`
LEFT JOIN `khm_obj_mst` AS `om` ON `om`.`object_id` = `h`.`object_id`
LEFT JOIN `khm_entity_mst` AS `ge` ON `ge`.`entity_id` = `h`.`guest_entity_id`
LEFT JOIN `khm_entity_mst` AS `ae` ON `ae`.`entity_id` = `h`.`agent_entity_id`
LEFT JOIN `khm_entity_mst` AS `ee` ON `ee`.`entity_id` = `h`.`employee_entity_id`
LEFT JOIN `khm_obj_enquiry_details` AS `ed` ON `ed`.`enquiry_header_id` = `h`.`enquiry_header_id`
LEFT JOIN JSON_TABLE(
                ed.vehicle_type_id,
                \'$[*]\' COLUMNS(
                    vehicle_count      INT            PATH \'$.vehicle_count\',
                    vehicle_type_id    INT            PATH \'$.vehicle_type_id\',
                    vehicle_model_name VARCHAR(255)   PATH \'$.vehicle_model_name\'
                )
            ) AS vt ON 1=1
LEFT JOIN `khm_obj_enquiry_edit_request` AS `eer` ON `eer`.`enquiry_header_id`=`h`.`enquiry_header_id`
LEFT JOIN `khm_obj_enquiry_status` AS `es` ON `es`.`edit_request_id` =`eer`.`enquiry_edit_request_id`
LEFT JOIN `khm_entity_mst` AS `e9` ON `e9`.`entity_id`=`es`.`assigned_to`
LEFT JOIN `khm_obj_enquiry_status` AS `es2` ON `es2`.`edit_request_id` =`eer`.`enquiry_edit_request_id`
LEFT JOIN `khm_entity_mst` AS `e8` ON `e8`.`entity_id`=`es2`.`assigned_to`
WHERE `eer`.`is_active` = 1
AND `es`.`current_status_id` = 1
AND `es2`.`current_status_id` = 13
AND `h`.`is_active` = 1
AND `e`.`is_active` = 1
AND `t`.`is_active` = 1
AND `d`.`is_active` = 1
AND `koei`.`is_active` = 1
AND `t`.`check_in_date` <= \'2025-05-31 00:00:00\'
AND `t`.`check_out_date` >= \'2025-05-31 00:00:00\'
AND `h`.`enq_type_id` = \'4\'
GROUP BY `koei`.`itinerary_details_id`
ORDER BY `d`.`date_of_tour_start` DESC', 0)
 2 SYSTEMPATH\Database\BaseConnection.php(734): CodeIgniter\Database\MySQLi\Connection->execute('SELECT DISTINCT `h`.`enquiry_header_id`, `h`.`object_id`, `h`.`guest_entity_id`, `h`.`agent_entity_id`, `h`.`employee_entity_id`, `h`.`enq_added_date`, `h`.`enq_type_id`, `h`.`ref_no`, `h`.`is_active` AS `header_active`, `om`.`object_name`, `ge`.`entity_name` AS `guest_name`, `ge`.`entity_mobile` AS `guest_phone`, `ae`.`entity_name` AS `agent_name`, `ee`.`entity_name` AS `employee_name`, `d`.`enquiry_details_id`, `d`.`date_of_tour_start`, `d`.`is_active` AS `details_active`, `t`.`check_in_date`, `t`.`check_out_date`, `t`.`is_active` AS `tour_active`, `e`.`is_active` AS `extension_active`, `e`.`tpc`, `arr`.`geog_name` AS `arrival_location_name`, `dep`.`geog_name` AS `departure_location_name`, `komen`.`object_name` AS `hotel_name`, `kogen`.`geog_name` AS `hotel_location`, `e9`.`entity_name` AS `executive`, `e8`.`entity_name` AS `sop_executive`, GROUP_CONCAT(DISTINCT vt.vehicle_type_id)      AS all_vehicle_type_ids, GROUP_CONCAT(DISTINCT vt.vehicle_model_name)   AS all_vehicle_model_names, GROUP_CONCAT(DISTINCT geo.geog_name)           AS all_vehicle_locations, GROUP_CONCAT(DISTINCT em.entity_name)          AS drivername, GROUP_CONCAT(DISTINCT JSON_UNQUOTE(JSON_EXTRACT(em.entity_mobile, "$[0]"))) AS driverphone
FROM `khm_obj_enquiry_header` AS `h`
LEFT JOIN `khm_obj_enquiry_details` AS `d` ON `d`.`enquiry_header_id` = `h`.`enquiry_header_id`
LEFT JOIN `khm_loc_mst_geography` AS `arr` ON `arr`.`geog_id` = `d`.`arrival_location`
LEFT JOIN `khm_loc_mst_geography` AS `dep` ON `dep`.`geog_id` = `d`.`departure_location`
LEFT JOIN `khm_obj_enquiry_tour_details` AS `t` ON `t`.`enquiry_header_id` = `h`.`enquiry_header_id` AND `t`.`enquiry_details_id` = `d`.`enquiry_details_id`
LEFT JOIN `khm_obj_enquiry_itinerary_details` AS `koei` ON `koei`.`tour_details_id`=`t`.`tour_details_id`
LEFT JOIN `khm_obj_hotel` AS `kohel` ON `kohel`.`hotel_id`=`koei`.`hotel_id`
LEFT JOIN `khm_obj_mst` AS `komen` ON `komen`.`object_id`=`kohel`.`object_id`
LEFT JOIN `khm_loc_mst_geography` `kogen` ON `kogen`.`geog_id`=`komen`.`object_location_id`
LEFT JOIN `khm_obj_enquiry_detail_extensions` AS `e` ON `e`.`enquiry_header_id` = `h`.`enquiry_header_id` AND `e`.`enquiry_details_id` = `d`.`enquiry_details_id`
LEFT JOIN `khm_obj_mst` AS `om` ON `om`.`object_id` = `h`.`object_id`
LEFT JOIN `khm_entity_mst` AS `ge` ON `ge`.`entity_id` = `h`.`guest_entity_id`
LEFT JOIN `khm_entity_mst` AS `ae` ON `ae`.`entity_id` = `h`.`agent_entity_id`
LEFT JOIN `khm_entity_mst` AS `ee` ON `ee`.`entity_id` = `h`.`employee_entity_id`
LEFT JOIN `khm_obj_enquiry_details` AS `ed` ON `ed`.`enquiry_header_id` = `h`.`enquiry_header_id`
LEFT JOIN JSON_TABLE(
                ed.vehicle_type_id,
                \'$[*]\' COLUMNS(
                    vehicle_count      INT            PATH \'$.vehicle_count\',
                    vehicle_type_id    INT            PATH \'$.vehicle_type_id\',
                    vehicle_model_name VARCHAR(255)   PATH \'$.vehicle_model_name\'
                )
            ) AS vt ON 1=1
LEFT JOIN `khm_obj_enquiry_edit_request` AS `eer` ON `eer`.`enquiry_header_id`=`h`.`enquiry_header_id`
LEFT JOIN `khm_obj_enquiry_status` AS `es` ON `es`.`edit_request_id` =`eer`.`enquiry_edit_request_id`
LEFT JOIN `khm_entity_mst` AS `e9` ON `e9`.`entity_id`=`es`.`assigned_to`
LEFT JOIN `khm_obj_enquiry_status` AS `es2` ON `es2`.`edit_request_id` =`eer`.`enquiry_edit_request_id`
LEFT JOIN `khm_entity_mst` AS `e8` ON `e8`.`entity_id`=`es2`.`assigned_to`
WHERE `eer`.`is_active` = 1
AND `es`.`current_status_id` = 1
AND `es2`.`current_status_id` = 13
AND `h`.`is_active` = 1
AND `e`.`is_active` = 1
AND `t`.`is_active` = 1
AND `d`.`is_active` = 1
AND `koei`.`is_active` = 1
AND `t`.`check_in_date` <= \'2025-05-31 00:00:00\'
AND `t`.`check_out_date` >= \'2025-05-31 00:00:00\'
AND `h`.`enq_type_id` = \'4\'
GROUP BY `koei`.`itinerary_details_id`
ORDER BY `d`.`date_of_tour_start` DESC')
 3 SYSTEMPATH\Database\BaseConnection.php(648): CodeIgniter\Database\BaseConnection->simpleQuery('SELECT DISTINCT `h`.`enquiry_header_id`, `h`.`object_id`, `h`.`guest_entity_id`, `h`.`agent_entity_id`, `h`.`employee_entity_id`, `h`.`enq_added_date`, `h`.`enq_type_id`, `h`.`ref_no`, `h`.`is_active` AS `header_active`, `om`.`object_name`, `ge`.`entity_name` AS `guest_name`, `ge`.`entity_mobile` AS `guest_phone`, `ae`.`entity_name` AS `agent_name`, `ee`.`entity_name` AS `employee_name`, `d`.`enquiry_details_id`, `d`.`date_of_tour_start`, `d`.`is_active` AS `details_active`, `t`.`check_in_date`, `t`.`check_out_date`, `t`.`is_active` AS `tour_active`, `e`.`is_active` AS `extension_active`, `e`.`tpc`, `arr`.`geog_name` AS `arrival_location_name`, `dep`.`geog_name` AS `departure_location_name`, `komen`.`object_name` AS `hotel_name`, `kogen`.`geog_name` AS `hotel_location`, `e9`.`entity_name` AS `executive`, `e8`.`entity_name` AS `sop_executive`, GROUP_CONCAT(DISTINCT vt.vehicle_type_id)      AS all_vehicle_type_ids, GROUP_CONCAT(DISTINCT vt.vehicle_model_name)   AS all_vehicle_model_names, GROUP_CONCAT(DISTINCT geo.geog_name)           AS all_vehicle_locations, GROUP_CONCAT(DISTINCT em.entity_name)          AS drivername, GROUP_CONCAT(DISTINCT JSON_UNQUOTE(JSON_EXTRACT(em.entity_mobile, "$[0]"))) AS driverphone
FROM `khm_obj_enquiry_header` AS `h`
LEFT JOIN `khm_obj_enquiry_details` AS `d` ON `d`.`enquiry_header_id` = `h`.`enquiry_header_id`
LEFT JOIN `khm_loc_mst_geography` AS `arr` ON `arr`.`geog_id` = `d`.`arrival_location`
LEFT JOIN `khm_loc_mst_geography` AS `dep` ON `dep`.`geog_id` = `d`.`departure_location`
LEFT JOIN `khm_obj_enquiry_tour_details` AS `t` ON `t`.`enquiry_header_id` = `h`.`enquiry_header_id` AND `t`.`enquiry_details_id` = `d`.`enquiry_details_id`
LEFT JOIN `khm_obj_enquiry_itinerary_details` AS `koei` ON `koei`.`tour_details_id`=`t`.`tour_details_id`
LEFT JOIN `khm_obj_hotel` AS `kohel` ON `kohel`.`hotel_id`=`koei`.`hotel_id`
LEFT JOIN `khm_obj_mst` AS `komen` ON `komen`.`object_id`=`kohel`.`object_id`
LEFT JOIN `khm_loc_mst_geography` `kogen` ON `kogen`.`geog_id`=`komen`.`object_location_id`
LEFT JOIN `khm_obj_enquiry_detail_extensions` AS `e` ON `e`.`enquiry_header_id` = `h`.`enquiry_header_id` AND `e`.`enquiry_details_id` = `d`.`enquiry_details_id`
LEFT JOIN `khm_obj_mst` AS `om` ON `om`.`object_id` = `h`.`object_id`
LEFT JOIN `khm_entity_mst` AS `ge` ON `ge`.`entity_id` = `h`.`guest_entity_id`
LEFT JOIN `khm_entity_mst` AS `ae` ON `ae`.`entity_id` = `h`.`agent_entity_id`
LEFT JOIN `khm_entity_mst` AS `ee` ON `ee`.`entity_id` = `h`.`employee_entity_id`
LEFT JOIN `khm_obj_enquiry_details` AS `ed` ON `ed`.`enquiry_header_id` = `h`.`enquiry_header_id`
LEFT JOIN JSON_TABLE(
                ed.vehicle_type_id,
                \'$[*]\' COLUMNS(
                    vehicle_count      INT            PATH \'$.vehicle_count\',
                    vehicle_type_id    INT            PATH \'$.vehicle_type_id\',
                    vehicle_model_name VARCHAR(255)   PATH \'$.vehicle_model_name\'
                )
            ) AS vt ON 1=1
LEFT JOIN `khm_obj_enquiry_edit_request` AS `eer` ON `eer`.`enquiry_header_id`=`h`.`enquiry_header_id`
LEFT JOIN `khm_obj_enquiry_status` AS `es` ON `es`.`edit_request_id` =`eer`.`enquiry_edit_request_id`
LEFT JOIN `khm_entity_mst` AS `e9` ON `e9`.`entity_id`=`es`.`assigned_to`
LEFT JOIN `khm_obj_enquiry_status` AS `es2` ON `es2`.`edit_request_id` =`eer`.`enquiry_edit_request_id`
LEFT JOIN `khm_entity_mst` AS `e8` ON `e8`.`entity_id`=`es2`.`assigned_to`
WHERE `eer`.`is_active` = 1
AND `es`.`current_status_id` = 1
AND `es2`.`current_status_id` = 13
AND `h`.`is_active` = 1
AND `e`.`is_active` = 1
AND `t`.`is_active` = 1
AND `d`.`is_active` = 1
AND `koei`.`is_active` = 1
AND `t`.`check_in_date` <= \'2025-05-31 00:00:00\'
AND `t`.`check_out_date` >= \'2025-05-31 00:00:00\'
AND `h`.`enq_type_id` = \'4\'
GROUP BY `koei`.`itinerary_details_id`
ORDER BY `d`.`date_of_tour_start` DESC')
 4 SYSTEMPATH\Database\BaseBuilder.php(1644): CodeIgniter\Database\BaseConnection->query('SELECT DISTINCT `h`.`enquiry_header_id`, `h`.`object_id`, `h`.`guest_entity_id`, `h`.`agent_entity_id`, `h`.`employee_entity_id`, `h`.`enq_added_date`, `h`.`enq_type_id`, `h`.`ref_no`, `h`.`is_active` AS `header_active`, `om`.`object_name`, `ge`.`entity_name` AS `guest_name`, `ge`.`entity_mobile` AS `guest_phone`, `ae`.`entity_name` AS `agent_name`, `ee`.`entity_name` AS `employee_name`, `d`.`enquiry_details_id`, `d`.`date_of_tour_start`, `d`.`is_active` AS `details_active`, `t`.`check_in_date`, `t`.`check_out_date`, `t`.`is_active` AS `tour_active`, `e`.`is_active` AS `extension_active`, `e`.`tpc`, `arr`.`geog_name` AS `arrival_location_name`, `dep`.`geog_name` AS `departure_location_name`, `komen`.`object_name` AS `hotel_name`, `kogen`.`geog_name` AS `hotel_location`, `e9`.`entity_name` AS `executive`, `e8`.`entity_name` AS `sop_executive`, GROUP_CONCAT(DISTINCT vt.vehicle_type_id)      AS all_vehicle_type_ids, GROUP_CONCAT(DISTINCT vt.vehicle_model_name)   AS all_vehicle_model_names, GROUP_CONCAT(DISTINCT geo.geog_name)           AS all_vehicle_locations, GROUP_CONCAT(DISTINCT em.entity_name)          AS drivername, GROUP_CONCAT(DISTINCT JSON_UNQUOTE(JSON_EXTRACT(em.entity_mobile, "$[0]"))) AS driverphone
FROM `khm_obj_enquiry_header` AS `h`
LEFT JOIN `khm_obj_enquiry_details` AS `d` ON `d`.`enquiry_header_id` = `h`.`enquiry_header_id`
LEFT JOIN `khm_loc_mst_geography` AS `arr` ON `arr`.`geog_id` = `d`.`arrival_location`
LEFT JOIN `khm_loc_mst_geography` AS `dep` ON `dep`.`geog_id` = `d`.`departure_location`
LEFT JOIN `khm_obj_enquiry_tour_details` AS `t` ON `t`.`enquiry_header_id` = `h`.`enquiry_header_id` AND `t`.`enquiry_details_id` = `d`.`enquiry_details_id`
LEFT JOIN `khm_obj_enquiry_itinerary_details` AS `koei` ON `koei`.`tour_details_id`=`t`.`tour_details_id`
LEFT JOIN `khm_obj_hotel` AS `kohel` ON `kohel`.`hotel_id`=`koei`.`hotel_id`
LEFT JOIN `khm_obj_mst` AS `komen` ON `komen`.`object_id`=`kohel`.`object_id`
LEFT JOIN `khm_loc_mst_geography` `kogen` ON `kogen`.`geog_id`=`komen`.`object_location_id`
LEFT JOIN `khm_obj_enquiry_detail_extensions` AS `e` ON `e`.`enquiry_header_id` = `h`.`enquiry_header_id` AND `e`.`enquiry_details_id` = `d`.`enquiry_details_id`
LEFT JOIN `khm_obj_mst` AS `om` ON `om`.`object_id` = `h`.`object_id`
LEFT JOIN `khm_entity_mst` AS `ge` ON `ge`.`entity_id` = `h`.`guest_entity_id`
LEFT JOIN `khm_entity_mst` AS `ae` ON `ae`.`entity_id` = `h`.`agent_entity_id`
LEFT JOIN `khm_entity_mst` AS `ee` ON `ee`.`entity_id` = `h`.`employee_entity_id`
LEFT JOIN `khm_obj_enquiry_details` AS `ed` ON `ed`.`enquiry_header_id` = `h`.`enquiry_header_id`
LEFT JOIN JSON_TABLE(
                ed.vehicle_type_id,
                \'$[*]\' COLUMNS(
                    vehicle_count      INT            PATH \'$.vehicle_count\',
                    vehicle_type_id    INT            PATH \'$.vehicle_type_id\',
                    vehicle_model_name VARCHAR(255)   PATH \'$.vehicle_model_name\'
                )
            ) AS vt ON 1=1
LEFT JOIN `khm_obj_enquiry_edit_request` AS `eer` ON `eer`.`enquiry_header_id`=`h`.`enquiry_header_id`
LEFT JOIN `khm_obj_enquiry_status` AS `es` ON `es`.`edit_request_id` =`eer`.`enquiry_edit_request_id`
LEFT JOIN `khm_entity_mst` AS `e9` ON `e9`.`entity_id`=`es`.`assigned_to`
LEFT JOIN `khm_obj_enquiry_status` AS `es2` ON `es2`.`edit_request_id` =`eer`.`enquiry_edit_request_id`
LEFT JOIN `khm_entity_mst` AS `e8` ON `e8`.`entity_id`=`es2`.`assigned_to`
WHERE `eer`.`is_active` = :eer.is_active:
AND `es`.`current_status_id` = :es.current_status_id:
AND `es2`.`current_status_id` = :es2.current_status_id:
AND `h`.`is_active` = :h.is_active:
AND `e`.`is_active` = :e.is_active:
AND `t`.`is_active` = :t.is_active:
AND `d`.`is_active` = :d.is_active:
AND `koei`.`is_active` = :koei.is_active:
AND `t`.`check_in_date` <= :t.check_in_date:
AND `t`.`check_out_date` >= :t.check_out_date:
AND `h`.`enq_type_id` = :h.enq_type_id:
GROUP BY `koei`.`itinerary_details_id`
ORDER BY `d`.`date_of_tour_start` DESC', [...], false)
 5 APPPATH\Models\GuestTrackingReportModel.php(225): CodeIgniter\Database\BaseBuilder->get()
 6 APPPATH\Controllers\GuestTrackingReport.php(88): App\Models\GuestTrackingReportModel->getByDateRange('2025-05-31 00:00:00', '4')
 7 SYSTEMPATH\CodeIgniter.php(933): App\Controllers\GuestTrackingReport->data()
 8 SYSTEMPATH\CodeIgniter.php(509): CodeIgniter\CodeIgniter->runController(Object(App\Controllers\GuestTrackingReport))
 9 SYSTEMPATH\CodeIgniter.php(355): CodeIgniter\CodeIgniter->handleRequest(null, Object(Config\Cache), false)
10 SYSTEMPATH\Boot.php(334): CodeIgniter\CodeIgniter->run()
11 SYSTEMPATH\Boot.php(67): CodeIgniter\Boot::runCodeIgniter(Object(CodeIgniter\CodeIgniter))
12 FCPATH\index.php(56): CodeIgniter\Boot::bootWeb(Object(Config\Paths))
ERROR - 2025-05-27 10:58:10 --> mysqli_sql_exception: Unknown column 'geo.geog_name' in 'field list' in C:\wamp64\www\khm\system\Database\MySQLi\Connection.php:312
Stack trace:
#0 C:\wamp64\www\khm\system\Database\MySQLi\Connection.php(312): mysqli->query('SELECT DISTINCT...', 0)
#1 C:\wamp64\www\khm\system\Database\BaseConnection.php(734): CodeIgniter\Database\MySQLi\Connection->execute('SELECT DISTINCT...')
#2 C:\wamp64\www\khm\system\Database\BaseConnection.php(648): CodeIgniter\Database\BaseConnection->simpleQuery('SELECT DISTINCT...')
#3 C:\wamp64\www\khm\system\Database\BaseBuilder.php(1644): CodeIgniter\Database\BaseConnection->query('SELECT DISTINCT...', Array, false)
#4 C:\wamp64\www\khm\app\Models\GuestTrackingReportModel.php(225): CodeIgniter\Database\BaseBuilder->get()
#5 C:\wamp64\www\khm\app\Controllers\GuestTrackingReport.php(88): App\Models\GuestTrackingReportModel->getByDateRange('2025-05-31 00:0...', '4')
#6 C:\wamp64\www\khm\system\CodeIgniter.php(933): App\Controllers\GuestTrackingReport->data()
#7 C:\wamp64\www\khm\system\CodeIgniter.php(509): CodeIgniter\CodeIgniter->runController(Object(App\Controllers\GuestTrackingReport))
#8 C:\wamp64\www\khm\system\CodeIgniter.php(355): CodeIgniter\CodeIgniter->handleRequest(NULL, Object(Config\Cache), false)
#9 C:\wamp64\www\khm\system\Boot.php(334): CodeIgniter\CodeIgniter->run()
#10 C:\wamp64\www\khm\system\Boot.php(67): CodeIgniter\Boot::runCodeIgniter(Object(CodeIgniter\CodeIgniter))
#11 C:\wamp64\www\khm\public\index.php(56): CodeIgniter\Boot::bootWeb(Object(Config\Paths))
#12 {main}
CRITICAL - 2025-05-27 10:58:10 --> CodeIgniter\Database\Exceptions\DatabaseException: Unknown column 'geo.geog_name' in 'field list'
[Method: GET, Route: GuestTrackingReport/data]
in SYSTEMPATH\Database\BaseConnection.php on line 688.
 1 SYSTEMPATH\Database\BaseBuilder.php(1644): CodeIgniter\Database\BaseConnection->query('SELECT DISTINCT `h`.`enquiry_header_id`, `h`.`object_id`, `h`.`guest_entity_id`, `h`.`agent_entity_id`, `h`.`employee_entity_id`, `h`.`enq_added_date`, `h`.`enq_type_id`, `h`.`ref_no`, `h`.`is_active` AS `header_active`, `om`.`object_name`, `ge`.`entity_name` AS `guest_name`, `ge`.`entity_mobile` AS `guest_phone`, `ae`.`entity_name` AS `agent_name`, `ee`.`entity_name` AS `employee_name`, `d`.`enquiry_details_id`, `d`.`date_of_tour_start`, `d`.`is_active` AS `details_active`, `t`.`check_in_date`, `t`.`check_out_date`, `t`.`is_active` AS `tour_active`, `e`.`is_active` AS `extension_active`, `e`.`tpc`, `arr`.`geog_name` AS `arrival_location_name`, `dep`.`geog_name` AS `departure_location_name`, `komen`.`object_name` AS `hotel_name`, `kogen`.`geog_name` AS `hotel_location`, `e9`.`entity_name` AS `executive`, `e8`.`entity_name` AS `sop_executive`, GROUP_CONCAT(DISTINCT vt.vehicle_type_id)      AS all_vehicle_type_ids, GROUP_CONCAT(DISTINCT vt.vehicle_model_name)   AS all_vehicle_model_names, GROUP_CONCAT(DISTINCT geo.geog_name)           AS all_vehicle_locations, GROUP_CONCAT(DISTINCT em.entity_name)          AS drivername, GROUP_CONCAT(DISTINCT JSON_UNQUOTE(JSON_EXTRACT(em.entity_mobile, "$[0]"))) AS driverphone
FROM `khm_obj_enquiry_header` AS `h`
LEFT JOIN `khm_obj_enquiry_details` AS `d` ON `d`.`enquiry_header_id` = `h`.`enquiry_header_id`
LEFT JOIN `khm_loc_mst_geography` AS `arr` ON `arr`.`geog_id` = `d`.`arrival_location`
LEFT JOIN `khm_loc_mst_geography` AS `dep` ON `dep`.`geog_id` = `d`.`departure_location`
LEFT JOIN `khm_obj_enquiry_tour_details` AS `t` ON `t`.`enquiry_header_id` = `h`.`enquiry_header_id` AND `t`.`enquiry_details_id` = `d`.`enquiry_details_id`
LEFT JOIN `khm_obj_enquiry_itinerary_details` AS `koei` ON `koei`.`tour_details_id`=`t`.`tour_details_id`
LEFT JOIN `khm_obj_hotel` AS `kohel` ON `kohel`.`hotel_id`=`koei`.`hotel_id`
LEFT JOIN `khm_obj_mst` AS `komen` ON `komen`.`object_id`=`kohel`.`object_id`
LEFT JOIN `khm_loc_mst_geography` `kogen` ON `kogen`.`geog_id`=`komen`.`object_location_id`
LEFT JOIN `khm_obj_enquiry_detail_extensions` AS `e` ON `e`.`enquiry_header_id` = `h`.`enquiry_header_id` AND `e`.`enquiry_details_id` = `d`.`enquiry_details_id`
LEFT JOIN `khm_obj_mst` AS `om` ON `om`.`object_id` = `h`.`object_id`
LEFT JOIN `khm_entity_mst` AS `ge` ON `ge`.`entity_id` = `h`.`guest_entity_id`
LEFT JOIN `khm_entity_mst` AS `ae` ON `ae`.`entity_id` = `h`.`agent_entity_id`
LEFT JOIN `khm_entity_mst` AS `ee` ON `ee`.`entity_id` = `h`.`employee_entity_id`
LEFT JOIN `khm_obj_enquiry_details` AS `ed` ON `ed`.`enquiry_header_id` = `h`.`enquiry_header_id`
LEFT JOIN JSON_TABLE(
                ed.vehicle_type_id,
                \'$[*]\' COLUMNS(
                    vehicle_count      INT            PATH \'$.vehicle_count\',
                    vehicle_type_id    INT            PATH \'$.vehicle_type_id\',
                    vehicle_model_name VARCHAR(255)   PATH \'$.vehicle_model_name\'
                )
            ) AS vt ON 1=1
LEFT JOIN `khm_obj_enquiry_edit_request` AS `eer` ON `eer`.`enquiry_header_id`=`h`.`enquiry_header_id`
LEFT JOIN `khm_obj_enquiry_status` AS `es` ON `es`.`edit_request_id` =`eer`.`enquiry_edit_request_id`
LEFT JOIN `khm_entity_mst` AS `e9` ON `e9`.`entity_id`=`es`.`assigned_to`
LEFT JOIN `khm_obj_enquiry_status` AS `es2` ON `es2`.`edit_request_id` =`eer`.`enquiry_edit_request_id`
LEFT JOIN `khm_entity_mst` AS `e8` ON `e8`.`entity_id`=`es2`.`assigned_to`
WHERE `eer`.`is_active` = :eer.is_active:
AND `es`.`current_status_id` = :es.current_status_id:
AND `es2`.`current_status_id` = :es2.current_status_id:
AND `h`.`is_active` = :h.is_active:
AND `e`.`is_active` = :e.is_active:
AND `t`.`is_active` = :t.is_active:
AND `d`.`is_active` = :d.is_active:
AND `koei`.`is_active` = :koei.is_active:
AND `t`.`check_in_date` <= :t.check_in_date:
AND `t`.`check_out_date` >= :t.check_out_date:
AND `h`.`enq_type_id` = :h.enq_type_id:
GROUP BY `koei`.`itinerary_details_id`
ORDER BY `d`.`date_of_tour_start` DESC', [...], false)
 2 APPPATH\Models\GuestTrackingReportModel.php(225): CodeIgniter\Database\BaseBuilder->get()
 3 APPPATH\Controllers\GuestTrackingReport.php(88): App\Models\GuestTrackingReportModel->getByDateRange('2025-05-31 00:00:00', '4')
 4 SYSTEMPATH\CodeIgniter.php(933): App\Controllers\GuestTrackingReport->data()
 5 SYSTEMPATH\CodeIgniter.php(509): CodeIgniter\CodeIgniter->runController(Object(App\Controllers\GuestTrackingReport))
 6 SYSTEMPATH\CodeIgniter.php(355): CodeIgniter\CodeIgniter->handleRequest(null, Object(Config\Cache), false)
 7 SYSTEMPATH\Boot.php(334): CodeIgniter\CodeIgniter->run()
 8 SYSTEMPATH\Boot.php(67): CodeIgniter\Boot::runCodeIgniter(Object(CodeIgniter\CodeIgniter))
 9 FCPATH\index.php(56): CodeIgniter\Boot::bootWeb(Object(Config\Paths))
CRITICAL - 2025-05-27 10:58:10 --> [Caused by] CodeIgniter\Database\Exceptions\DatabaseException: Unknown column 'geo.geog_name' in 'field list'
in SYSTEMPATH\Database\MySQLi\Connection.php on line 317.
 1 SYSTEMPATH\Database\BaseConnection.php(734): CodeIgniter\Database\MySQLi\Connection->execute('SELECT DISTINCT `h`.`enquiry_header_id`, `h`.`object_id`, `h`.`guest_entity_id`, `h`.`agent_entity_id`, `h`.`employee_entity_id`, `h`.`enq_added_date`, `h`.`enq_type_id`, `h`.`ref_no`, `h`.`is_active` AS `header_active`, `om`.`object_name`, `ge`.`entity_name` AS `guest_name`, `ge`.`entity_mobile` AS `guest_phone`, `ae`.`entity_name` AS `agent_name`, `ee`.`entity_name` AS `employee_name`, `d`.`enquiry_details_id`, `d`.`date_of_tour_start`, `d`.`is_active` AS `details_active`, `t`.`check_in_date`, `t`.`check_out_date`, `t`.`is_active` AS `tour_active`, `e`.`is_active` AS `extension_active`, `e`.`tpc`, `arr`.`geog_name` AS `arrival_location_name`, `dep`.`geog_name` AS `departure_location_name`, `komen`.`object_name` AS `hotel_name`, `kogen`.`geog_name` AS `hotel_location`, `e9`.`entity_name` AS `executive`, `e8`.`entity_name` AS `sop_executive`, GROUP_CONCAT(DISTINCT vt.vehicle_type_id)      AS all_vehicle_type_ids, GROUP_CONCAT(DISTINCT vt.vehicle_model_name)   AS all_vehicle_model_names, GROUP_CONCAT(DISTINCT geo.geog_name)           AS all_vehicle_locations, GROUP_CONCAT(DISTINCT em.entity_name)          AS drivername, GROUP_CONCAT(DISTINCT JSON_UNQUOTE(JSON_EXTRACT(em.entity_mobile, "$[0]"))) AS driverphone
FROM `khm_obj_enquiry_header` AS `h`
LEFT JOIN `khm_obj_enquiry_details` AS `d` ON `d`.`enquiry_header_id` = `h`.`enquiry_header_id`
LEFT JOIN `khm_loc_mst_geography` AS `arr` ON `arr`.`geog_id` = `d`.`arrival_location`
LEFT JOIN `khm_loc_mst_geography` AS `dep` ON `dep`.`geog_id` = `d`.`departure_location`
LEFT JOIN `khm_obj_enquiry_tour_details` AS `t` ON `t`.`enquiry_header_id` = `h`.`enquiry_header_id` AND `t`.`enquiry_details_id` = `d`.`enquiry_details_id`
LEFT JOIN `khm_obj_enquiry_itinerary_details` AS `koei` ON `koei`.`tour_details_id`=`t`.`tour_details_id`
LEFT JOIN `khm_obj_hotel` AS `kohel` ON `kohel`.`hotel_id`=`koei`.`hotel_id`
LEFT JOIN `khm_obj_mst` AS `komen` ON `komen`.`object_id`=`kohel`.`object_id`
LEFT JOIN `khm_loc_mst_geography` `kogen` ON `kogen`.`geog_id`=`komen`.`object_location_id`
LEFT JOIN `khm_obj_enquiry_detail_extensions` AS `e` ON `e`.`enquiry_header_id` = `h`.`enquiry_header_id` AND `e`.`enquiry_details_id` = `d`.`enquiry_details_id`
LEFT JOIN `khm_obj_mst` AS `om` ON `om`.`object_id` = `h`.`object_id`
LEFT JOIN `khm_entity_mst` AS `ge` ON `ge`.`entity_id` = `h`.`guest_entity_id`
LEFT JOIN `khm_entity_mst` AS `ae` ON `ae`.`entity_id` = `h`.`agent_entity_id`
LEFT JOIN `khm_entity_mst` AS `ee` ON `ee`.`entity_id` = `h`.`employee_entity_id`
LEFT JOIN `khm_obj_enquiry_details` AS `ed` ON `ed`.`enquiry_header_id` = `h`.`enquiry_header_id`
LEFT JOIN JSON_TABLE(
                ed.vehicle_type_id,
                \'$[*]\' COLUMNS(
                    vehicle_count      INT            PATH \'$.vehicle_count\',
                    vehicle_type_id    INT            PATH \'$.vehicle_type_id\',
                    vehicle_model_name VARCHAR(255)   PATH \'$.vehicle_model_name\'
                )
            ) AS vt ON 1=1
LEFT JOIN `khm_obj_enquiry_edit_request` AS `eer` ON `eer`.`enquiry_header_id`=`h`.`enquiry_header_id`
LEFT JOIN `khm_obj_enquiry_status` AS `es` ON `es`.`edit_request_id` =`eer`.`enquiry_edit_request_id`
LEFT JOIN `khm_entity_mst` AS `e9` ON `e9`.`entity_id`=`es`.`assigned_to`
LEFT JOIN `khm_obj_enquiry_status` AS `es2` ON `es2`.`edit_request_id` =`eer`.`enquiry_edit_request_id`
LEFT JOIN `khm_entity_mst` AS `e8` ON `e8`.`entity_id`=`es2`.`assigned_to`
WHERE `eer`.`is_active` = 1
AND `es`.`current_status_id` = 1
AND `es2`.`current_status_id` = 13
AND `h`.`is_active` = 1
AND `e`.`is_active` = 1
AND `t`.`is_active` = 1
AND `d`.`is_active` = 1
AND `koei`.`is_active` = 1
AND `t`.`check_in_date` <= \'2025-05-31 00:00:00\'
AND `t`.`check_out_date` >= \'2025-05-31 00:00:00\'
AND `h`.`enq_type_id` = \'4\'
GROUP BY `koei`.`itinerary_details_id`
ORDER BY `d`.`date_of_tour_start` DESC')
 2 SYSTEMPATH\Database\BaseConnection.php(648): CodeIgniter\Database\BaseConnection->simpleQuery('SELECT DISTINCT `h`.`enquiry_header_id`, `h`.`object_id`, `h`.`guest_entity_id`, `h`.`agent_entity_id`, `h`.`employee_entity_id`, `h`.`enq_added_date`, `h`.`enq_type_id`, `h`.`ref_no`, `h`.`is_active` AS `header_active`, `om`.`object_name`, `ge`.`entity_name` AS `guest_name`, `ge`.`entity_mobile` AS `guest_phone`, `ae`.`entity_name` AS `agent_name`, `ee`.`entity_name` AS `employee_name`, `d`.`enquiry_details_id`, `d`.`date_of_tour_start`, `d`.`is_active` AS `details_active`, `t`.`check_in_date`, `t`.`check_out_date`, `t`.`is_active` AS `tour_active`, `e`.`is_active` AS `extension_active`, `e`.`tpc`, `arr`.`geog_name` AS `arrival_location_name`, `dep`.`geog_name` AS `departure_location_name`, `komen`.`object_name` AS `hotel_name`, `kogen`.`geog_name` AS `hotel_location`, `e9`.`entity_name` AS `executive`, `e8`.`entity_name` AS `sop_executive`, GROUP_CONCAT(DISTINCT vt.vehicle_type_id)      AS all_vehicle_type_ids, GROUP_CONCAT(DISTINCT vt.vehicle_model_name)   AS all_vehicle_model_names, GROUP_CONCAT(DISTINCT geo.geog_name)           AS all_vehicle_locations, GROUP_CONCAT(DISTINCT em.entity_name)          AS drivername, GROUP_CONCAT(DISTINCT JSON_UNQUOTE(JSON_EXTRACT(em.entity_mobile, "$[0]"))) AS driverphone
FROM `khm_obj_enquiry_header` AS `h`
LEFT JOIN `khm_obj_enquiry_details` AS `d` ON `d`.`enquiry_header_id` = `h`.`enquiry_header_id`
LEFT JOIN `khm_loc_mst_geography` AS `arr` ON `arr`.`geog_id` = `d`.`arrival_location`
LEFT JOIN `khm_loc_mst_geography` AS `dep` ON `dep`.`geog_id` = `d`.`departure_location`
LEFT JOIN `khm_obj_enquiry_tour_details` AS `t` ON `t`.`enquiry_header_id` = `h`.`enquiry_header_id` AND `t`.`enquiry_details_id` = `d`.`enquiry_details_id`
LEFT JOIN `khm_obj_enquiry_itinerary_details` AS `koei` ON `koei`.`tour_details_id`=`t`.`tour_details_id`
LEFT JOIN `khm_obj_hotel` AS `kohel` ON `kohel`.`hotel_id`=`koei`.`hotel_id`
LEFT JOIN `khm_obj_mst` AS `komen` ON `komen`.`object_id`=`kohel`.`object_id`
LEFT JOIN `khm_loc_mst_geography` `kogen` ON `kogen`.`geog_id`=`komen`.`object_location_id`
LEFT JOIN `khm_obj_enquiry_detail_extensions` AS `e` ON `e`.`enquiry_header_id` = `h`.`enquiry_header_id` AND `e`.`enquiry_details_id` = `d`.`enquiry_details_id`
LEFT JOIN `khm_obj_mst` AS `om` ON `om`.`object_id` = `h`.`object_id`
LEFT JOIN `khm_entity_mst` AS `ge` ON `ge`.`entity_id` = `h`.`guest_entity_id`
LEFT JOIN `khm_entity_mst` AS `ae` ON `ae`.`entity_id` = `h`.`agent_entity_id`
LEFT JOIN `khm_entity_mst` AS `ee` ON `ee`.`entity_id` = `h`.`employee_entity_id`
LEFT JOIN `khm_obj_enquiry_details` AS `ed` ON `ed`.`enquiry_header_id` = `h`.`enquiry_header_id`
LEFT JOIN JSON_TABLE(
                ed.vehicle_type_id,
                \'$[*]\' COLUMNS(
                    vehicle_count      INT            PATH \'$.vehicle_count\',
                    vehicle_type_id    INT            PATH \'$.vehicle_type_id\',
                    vehicle_model_name VARCHAR(255)   PATH \'$.vehicle_model_name\'
                )
            ) AS vt ON 1=1
LEFT JOIN `khm_obj_enquiry_edit_request` AS `eer` ON `eer`.`enquiry_header_id`=`h`.`enquiry_header_id`
LEFT JOIN `khm_obj_enquiry_status` AS `es` ON `es`.`edit_request_id` =`eer`.`enquiry_edit_request_id`
LEFT JOIN `khm_entity_mst` AS `e9` ON `e9`.`entity_id`=`es`.`assigned_to`
LEFT JOIN `khm_obj_enquiry_status` AS `es2` ON `es2`.`edit_request_id` =`eer`.`enquiry_edit_request_id`
LEFT JOIN `khm_entity_mst` AS `e8` ON `e8`.`entity_id`=`es2`.`assigned_to`
WHERE `eer`.`is_active` = 1
AND `es`.`current_status_id` = 1
AND `es2`.`current_status_id` = 13
AND `h`.`is_active` = 1
AND `e`.`is_active` = 1
AND `t`.`is_active` = 1
AND `d`.`is_active` = 1
AND `koei`.`is_active` = 1
AND `t`.`check_in_date` <= \'2025-05-31 00:00:00\'
AND `t`.`check_out_date` >= \'2025-05-31 00:00:00\'
AND `h`.`enq_type_id` = \'4\'
GROUP BY `koei`.`itinerary_details_id`
ORDER BY `d`.`date_of_tour_start` DESC')
 3 SYSTEMPATH\Database\BaseBuilder.php(1644): CodeIgniter\Database\BaseConnection->query('SELECT DISTINCT `h`.`enquiry_header_id`, `h`.`object_id`, `h`.`guest_entity_id`, `h`.`agent_entity_id`, `h`.`employee_entity_id`, `h`.`enq_added_date`, `h`.`enq_type_id`, `h`.`ref_no`, `h`.`is_active` AS `header_active`, `om`.`object_name`, `ge`.`entity_name` AS `guest_name`, `ge`.`entity_mobile` AS `guest_phone`, `ae`.`entity_name` AS `agent_name`, `ee`.`entity_name` AS `employee_name`, `d`.`enquiry_details_id`, `d`.`date_of_tour_start`, `d`.`is_active` AS `details_active`, `t`.`check_in_date`, `t`.`check_out_date`, `t`.`is_active` AS `tour_active`, `e`.`is_active` AS `extension_active`, `e`.`tpc`, `arr`.`geog_name` AS `arrival_location_name`, `dep`.`geog_name` AS `departure_location_name`, `komen`.`object_name` AS `hotel_name`, `kogen`.`geog_name` AS `hotel_location`, `e9`.`entity_name` AS `executive`, `e8`.`entity_name` AS `sop_executive`, GROUP_CONCAT(DISTINCT vt.vehicle_type_id)      AS all_vehicle_type_ids, GROUP_CONCAT(DISTINCT vt.vehicle_model_name)   AS all_vehicle_model_names, GROUP_CONCAT(DISTINCT geo.geog_name)           AS all_vehicle_locations, GROUP_CONCAT(DISTINCT em.entity_name)          AS drivername, GROUP_CONCAT(DISTINCT JSON_UNQUOTE(JSON_EXTRACT(em.entity_mobile, "$[0]"))) AS driverphone
FROM `khm_obj_enquiry_header` AS `h`
LEFT JOIN `khm_obj_enquiry_details` AS `d` ON `d`.`enquiry_header_id` = `h`.`enquiry_header_id`
LEFT JOIN `khm_loc_mst_geography` AS `arr` ON `arr`.`geog_id` = `d`.`arrival_location`
LEFT JOIN `khm_loc_mst_geography` AS `dep` ON `dep`.`geog_id` = `d`.`departure_location`
LEFT JOIN `khm_obj_enquiry_tour_details` AS `t` ON `t`.`enquiry_header_id` = `h`.`enquiry_header_id` AND `t`.`enquiry_details_id` = `d`.`enquiry_details_id`
LEFT JOIN `khm_obj_enquiry_itinerary_details` AS `koei` ON `koei`.`tour_details_id`=`t`.`tour_details_id`
LEFT JOIN `khm_obj_hotel` AS `kohel` ON `kohel`.`hotel_id`=`koei`.`hotel_id`
LEFT JOIN `khm_obj_mst` AS `komen` ON `komen`.`object_id`=`kohel`.`object_id`
LEFT JOIN `khm_loc_mst_geography` `kogen` ON `kogen`.`geog_id`=`komen`.`object_location_id`
LEFT JOIN `khm_obj_enquiry_detail_extensions` AS `e` ON `e`.`enquiry_header_id` = `h`.`enquiry_header_id` AND `e`.`enquiry_details_id` = `d`.`enquiry_details_id`
LEFT JOIN `khm_obj_mst` AS `om` ON `om`.`object_id` = `h`.`object_id`
LEFT JOIN `khm_entity_mst` AS `ge` ON `ge`.`entity_id` = `h`.`guest_entity_id`
LEFT JOIN `khm_entity_mst` AS `ae` ON `ae`.`entity_id` = `h`.`agent_entity_id`
LEFT JOIN `khm_entity_mst` AS `ee` ON `ee`.`entity_id` = `h`.`employee_entity_id`
LEFT JOIN `khm_obj_enquiry_details` AS `ed` ON `ed`.`enquiry_header_id` = `h`.`enquiry_header_id`
LEFT JOIN JSON_TABLE(
                ed.vehicle_type_id,
                \'$[*]\' COLUMNS(
                    vehicle_count      INT            PATH \'$.vehicle_count\',
                    vehicle_type_id    INT            PATH \'$.vehicle_type_id\',
                    vehicle_model_name VARCHAR(255)   PATH \'$.vehicle_model_name\'
                )
            ) AS vt ON 1=1
LEFT JOIN `khm_obj_enquiry_edit_request` AS `eer` ON `eer`.`enquiry_header_id`=`h`.`enquiry_header_id`
LEFT JOIN `khm_obj_enquiry_status` AS `es` ON `es`.`edit_request_id` =`eer`.`enquiry_edit_request_id`
LEFT JOIN `khm_entity_mst` AS `e9` ON `e9`.`entity_id`=`es`.`assigned_to`
LEFT JOIN `khm_obj_enquiry_status` AS `es2` ON `es2`.`edit_request_id` =`eer`.`enquiry_edit_request_id`
LEFT JOIN `khm_entity_mst` AS `e8` ON `e8`.`entity_id`=`es2`.`assigned_to`
WHERE `eer`.`is_active` = :eer.is_active:
AND `es`.`current_status_id` = :es.current_status_id:
AND `es2`.`current_status_id` = :es2.current_status_id:
AND `h`.`is_active` = :h.is_active:
AND `e`.`is_active` = :e.is_active:
AND `t`.`is_active` = :t.is_active:
AND `d`.`is_active` = :d.is_active:
AND `koei`.`is_active` = :koei.is_active:
AND `t`.`check_in_date` <= :t.check_in_date:
AND `t`.`check_out_date` >= :t.check_out_date:
AND `h`.`enq_type_id` = :h.enq_type_id:
GROUP BY `koei`.`itinerary_details_id`
ORDER BY `d`.`date_of_tour_start` DESC', [...], false)
 4 APPPATH\Models\GuestTrackingReportModel.php(225): CodeIgniter\Database\BaseBuilder->get()
 5 APPPATH\Controllers\GuestTrackingReport.php(88): App\Models\GuestTrackingReportModel->getByDateRange('2025-05-31 00:00:00', '4')
 6 SYSTEMPATH\CodeIgniter.php(933): App\Controllers\GuestTrackingReport->data()
 7 SYSTEMPATH\CodeIgniter.php(509): CodeIgniter\CodeIgniter->runController(Object(App\Controllers\GuestTrackingReport))
 8 SYSTEMPATH\CodeIgniter.php(355): CodeIgniter\CodeIgniter->handleRequest(null, Object(Config\Cache), false)
 9 SYSTEMPATH\Boot.php(334): CodeIgniter\CodeIgniter->run()
10 SYSTEMPATH\Boot.php(67): CodeIgniter\Boot::runCodeIgniter(Object(CodeIgniter\CodeIgniter))
11 FCPATH\index.php(56): CodeIgniter\Boot::bootWeb(Object(Config\Paths))
CRITICAL - 2025-05-27 10:58:10 --> [Caused by] mysqli_sql_exception: Unknown column 'geo.geog_name' in 'field list'
in SYSTEMPATH\Database\MySQLi\Connection.php on line 312.
 1 SYSTEMPATH\Database\MySQLi\Connection.php(312): mysqli->query('SELECT DISTINCT `h`.`enquiry_header_id`, `h`.`object_id`, `h`.`guest_entity_id`, `h`.`agent_entity_id`, `h`.`employee_entity_id`, `h`.`enq_added_date`, `h`.`enq_type_id`, `h`.`ref_no`, `h`.`is_active` AS `header_active`, `om`.`object_name`, `ge`.`entity_name` AS `guest_name`, `ge`.`entity_mobile` AS `guest_phone`, `ae`.`entity_name` AS `agent_name`, `ee`.`entity_name` AS `employee_name`, `d`.`enquiry_details_id`, `d`.`date_of_tour_start`, `d`.`is_active` AS `details_active`, `t`.`check_in_date`, `t`.`check_out_date`, `t`.`is_active` AS `tour_active`, `e`.`is_active` AS `extension_active`, `e`.`tpc`, `arr`.`geog_name` AS `arrival_location_name`, `dep`.`geog_name` AS `departure_location_name`, `komen`.`object_name` AS `hotel_name`, `kogen`.`geog_name` AS `hotel_location`, `e9`.`entity_name` AS `executive`, `e8`.`entity_name` AS `sop_executive`, GROUP_CONCAT(DISTINCT vt.vehicle_type_id)      AS all_vehicle_type_ids, GROUP_CONCAT(DISTINCT vt.vehicle_model_name)   AS all_vehicle_model_names, GROUP_CONCAT(DISTINCT geo.geog_name)           AS all_vehicle_locations, GROUP_CONCAT(DISTINCT em.entity_name)          AS drivername, GROUP_CONCAT(DISTINCT JSON_UNQUOTE(JSON_EXTRACT(em.entity_mobile, "$[0]"))) AS driverphone
FROM `khm_obj_enquiry_header` AS `h`
LEFT JOIN `khm_obj_enquiry_details` AS `d` ON `d`.`enquiry_header_id` = `h`.`enquiry_header_id`
LEFT JOIN `khm_loc_mst_geography` AS `arr` ON `arr`.`geog_id` = `d`.`arrival_location`
LEFT JOIN `khm_loc_mst_geography` AS `dep` ON `dep`.`geog_id` = `d`.`departure_location`
LEFT JOIN `khm_obj_enquiry_tour_details` AS `t` ON `t`.`enquiry_header_id` = `h`.`enquiry_header_id` AND `t`.`enquiry_details_id` = `d`.`enquiry_details_id`
LEFT JOIN `khm_obj_enquiry_itinerary_details` AS `koei` ON `koei`.`tour_details_id`=`t`.`tour_details_id`
LEFT JOIN `khm_obj_hotel` AS `kohel` ON `kohel`.`hotel_id`=`koei`.`hotel_id`
LEFT JOIN `khm_obj_mst` AS `komen` ON `komen`.`object_id`=`kohel`.`object_id`
LEFT JOIN `khm_loc_mst_geography` `kogen` ON `kogen`.`geog_id`=`komen`.`object_location_id`
LEFT JOIN `khm_obj_enquiry_detail_extensions` AS `e` ON `e`.`enquiry_header_id` = `h`.`enquiry_header_id` AND `e`.`enquiry_details_id` = `d`.`enquiry_details_id`
LEFT JOIN `khm_obj_mst` AS `om` ON `om`.`object_id` = `h`.`object_id`
LEFT JOIN `khm_entity_mst` AS `ge` ON `ge`.`entity_id` = `h`.`guest_entity_id`
LEFT JOIN `khm_entity_mst` AS `ae` ON `ae`.`entity_id` = `h`.`agent_entity_id`
LEFT JOIN `khm_entity_mst` AS `ee` ON `ee`.`entity_id` = `h`.`employee_entity_id`
LEFT JOIN `khm_obj_enquiry_details` AS `ed` ON `ed`.`enquiry_header_id` = `h`.`enquiry_header_id`
LEFT JOIN JSON_TABLE(
                ed.vehicle_type_id,
                \'$[*]\' COLUMNS(
                    vehicle_count      INT            PATH \'$.vehicle_count\',
                    vehicle_type_id    INT            PATH \'$.vehicle_type_id\',
                    vehicle_model_name VARCHAR(255)   PATH \'$.vehicle_model_name\'
                )
            ) AS vt ON 1=1
LEFT JOIN `khm_obj_enquiry_edit_request` AS `eer` ON `eer`.`enquiry_header_id`=`h`.`enquiry_header_id`
LEFT JOIN `khm_obj_enquiry_status` AS `es` ON `es`.`edit_request_id` =`eer`.`enquiry_edit_request_id`
LEFT JOIN `khm_entity_mst` AS `e9` ON `e9`.`entity_id`=`es`.`assigned_to`
LEFT JOIN `khm_obj_enquiry_status` AS `es2` ON `es2`.`edit_request_id` =`eer`.`enquiry_edit_request_id`
LEFT JOIN `khm_entity_mst` AS `e8` ON `e8`.`entity_id`=`es2`.`assigned_to`
WHERE `eer`.`is_active` = 1
AND `es`.`current_status_id` = 1
AND `es2`.`current_status_id` = 13
AND `h`.`is_active` = 1
AND `e`.`is_active` = 1
AND `t`.`is_active` = 1
AND `d`.`is_active` = 1
AND `koei`.`is_active` = 1
AND `t`.`check_in_date` <= \'2025-05-31 00:00:00\'
AND `t`.`check_out_date` >= \'2025-05-31 00:00:00\'
AND `h`.`enq_type_id` = \'4\'
GROUP BY `koei`.`itinerary_details_id`
ORDER BY `d`.`date_of_tour_start` DESC', 0)
 2 SYSTEMPATH\Database\BaseConnection.php(734): CodeIgniter\Database\MySQLi\Connection->execute('SELECT DISTINCT `h`.`enquiry_header_id`, `h`.`object_id`, `h`.`guest_entity_id`, `h`.`agent_entity_id`, `h`.`employee_entity_id`, `h`.`enq_added_date`, `h`.`enq_type_id`, `h`.`ref_no`, `h`.`is_active` AS `header_active`, `om`.`object_name`, `ge`.`entity_name` AS `guest_name`, `ge`.`entity_mobile` AS `guest_phone`, `ae`.`entity_name` AS `agent_name`, `ee`.`entity_name` AS `employee_name`, `d`.`enquiry_details_id`, `d`.`date_of_tour_start`, `d`.`is_active` AS `details_active`, `t`.`check_in_date`, `t`.`check_out_date`, `t`.`is_active` AS `tour_active`, `e`.`is_active` AS `extension_active`, `e`.`tpc`, `arr`.`geog_name` AS `arrival_location_name`, `dep`.`geog_name` AS `departure_location_name`, `komen`.`object_name` AS `hotel_name`, `kogen`.`geog_name` AS `hotel_location`, `e9`.`entity_name` AS `executive`, `e8`.`entity_name` AS `sop_executive`, GROUP_CONCAT(DISTINCT vt.vehicle_type_id)      AS all_vehicle_type_ids, GROUP_CONCAT(DISTINCT vt.vehicle_model_name)   AS all_vehicle_model_names, GROUP_CONCAT(DISTINCT geo.geog_name)           AS all_vehicle_locations, GROUP_CONCAT(DISTINCT em.entity_name)          AS drivername, GROUP_CONCAT(DISTINCT JSON_UNQUOTE(JSON_EXTRACT(em.entity_mobile, "$[0]"))) AS driverphone
FROM `khm_obj_enquiry_header` AS `h`
LEFT JOIN `khm_obj_enquiry_details` AS `d` ON `d`.`enquiry_header_id` = `h`.`enquiry_header_id`
LEFT JOIN `khm_loc_mst_geography` AS `arr` ON `arr`.`geog_id` = `d`.`arrival_location`
LEFT JOIN `khm_loc_mst_geography` AS `dep` ON `dep`.`geog_id` = `d`.`departure_location`
LEFT JOIN `khm_obj_enquiry_tour_details` AS `t` ON `t`.`enquiry_header_id` = `h`.`enquiry_header_id` AND `t`.`enquiry_details_id` = `d`.`enquiry_details_id`
LEFT JOIN `khm_obj_enquiry_itinerary_details` AS `koei` ON `koei`.`tour_details_id`=`t`.`tour_details_id`
LEFT JOIN `khm_obj_hotel` AS `kohel` ON `kohel`.`hotel_id`=`koei`.`hotel_id`
LEFT JOIN `khm_obj_mst` AS `komen` ON `komen`.`object_id`=`kohel`.`object_id`
LEFT JOIN `khm_loc_mst_geography` `kogen` ON `kogen`.`geog_id`=`komen`.`object_location_id`
LEFT JOIN `khm_obj_enquiry_detail_extensions` AS `e` ON `e`.`enquiry_header_id` = `h`.`enquiry_header_id` AND `e`.`enquiry_details_id` = `d`.`enquiry_details_id`
LEFT JOIN `khm_obj_mst` AS `om` ON `om`.`object_id` = `h`.`object_id`
LEFT JOIN `khm_entity_mst` AS `ge` ON `ge`.`entity_id` = `h`.`guest_entity_id`
LEFT JOIN `khm_entity_mst` AS `ae` ON `ae`.`entity_id` = `h`.`agent_entity_id`
LEFT JOIN `khm_entity_mst` AS `ee` ON `ee`.`entity_id` = `h`.`employee_entity_id`
LEFT JOIN `khm_obj_enquiry_details` AS `ed` ON `ed`.`enquiry_header_id` = `h`.`enquiry_header_id`
LEFT JOIN JSON_TABLE(
                ed.vehicle_type_id,
                \'$[*]\' COLUMNS(
                    vehicle_count      INT            PATH \'$.vehicle_count\',
                    vehicle_type_id    INT            PATH \'$.vehicle_type_id\',
                    vehicle_model_name VARCHAR(255)   PATH \'$.vehicle_model_name\'
                )
            ) AS vt ON 1=1
LEFT JOIN `khm_obj_enquiry_edit_request` AS `eer` ON `eer`.`enquiry_header_id`=`h`.`enquiry_header_id`
LEFT JOIN `khm_obj_enquiry_status` AS `es` ON `es`.`edit_request_id` =`eer`.`enquiry_edit_request_id`
LEFT JOIN `khm_entity_mst` AS `e9` ON `e9`.`entity_id`=`es`.`assigned_to`
LEFT JOIN `khm_obj_enquiry_status` AS `es2` ON `es2`.`edit_request_id` =`eer`.`enquiry_edit_request_id`
LEFT JOIN `khm_entity_mst` AS `e8` ON `e8`.`entity_id`=`es2`.`assigned_to`
WHERE `eer`.`is_active` = 1
AND `es`.`current_status_id` = 1
AND `es2`.`current_status_id` = 13
AND `h`.`is_active` = 1
AND `e`.`is_active` = 1
AND `t`.`is_active` = 1
AND `d`.`is_active` = 1
AND `koei`.`is_active` = 1
AND `t`.`check_in_date` <= \'2025-05-31 00:00:00\'
AND `t`.`check_out_date` >= \'2025-05-31 00:00:00\'
AND `h`.`enq_type_id` = \'4\'
GROUP BY `koei`.`itinerary_details_id`
ORDER BY `d`.`date_of_tour_start` DESC')
 3 SYSTEMPATH\Database\BaseConnection.php(648): CodeIgniter\Database\BaseConnection->simpleQuery('SELECT DISTINCT `h`.`enquiry_header_id`, `h`.`object_id`, `h`.`guest_entity_id`, `h`.`agent_entity_id`, `h`.`employee_entity_id`, `h`.`enq_added_date`, `h`.`enq_type_id`, `h`.`ref_no`, `h`.`is_active` AS `header_active`, `om`.`object_name`, `ge`.`entity_name` AS `guest_name`, `ge`.`entity_mobile` AS `guest_phone`, `ae`.`entity_name` AS `agent_name`, `ee`.`entity_name` AS `employee_name`, `d`.`enquiry_details_id`, `d`.`date_of_tour_start`, `d`.`is_active` AS `details_active`, `t`.`check_in_date`, `t`.`check_out_date`, `t`.`is_active` AS `tour_active`, `e`.`is_active` AS `extension_active`, `e`.`tpc`, `arr`.`geog_name` AS `arrival_location_name`, `dep`.`geog_name` AS `departure_location_name`, `komen`.`object_name` AS `hotel_name`, `kogen`.`geog_name` AS `hotel_location`, `e9`.`entity_name` AS `executive`, `e8`.`entity_name` AS `sop_executive`, GROUP_CONCAT(DISTINCT vt.vehicle_type_id)      AS all_vehicle_type_ids, GROUP_CONCAT(DISTINCT vt.vehicle_model_name)   AS all_vehicle_model_names, GROUP_CONCAT(DISTINCT geo.geog_name)           AS all_vehicle_locations, GROUP_CONCAT(DISTINCT em.entity_name)          AS drivername, GROUP_CONCAT(DISTINCT JSON_UNQUOTE(JSON_EXTRACT(em.entity_mobile, "$[0]"))) AS driverphone
FROM `khm_obj_enquiry_header` AS `h`
LEFT JOIN `khm_obj_enquiry_details` AS `d` ON `d`.`enquiry_header_id` = `h`.`enquiry_header_id`
LEFT JOIN `khm_loc_mst_geography` AS `arr` ON `arr`.`geog_id` = `d`.`arrival_location`
LEFT JOIN `khm_loc_mst_geography` AS `dep` ON `dep`.`geog_id` = `d`.`departure_location`
LEFT JOIN `khm_obj_enquiry_tour_details` AS `t` ON `t`.`enquiry_header_id` = `h`.`enquiry_header_id` AND `t`.`enquiry_details_id` = `d`.`enquiry_details_id`
LEFT JOIN `khm_obj_enquiry_itinerary_details` AS `koei` ON `koei`.`tour_details_id`=`t`.`tour_details_id`
LEFT JOIN `khm_obj_hotel` AS `kohel` ON `kohel`.`hotel_id`=`koei`.`hotel_id`
LEFT JOIN `khm_obj_mst` AS `komen` ON `komen`.`object_id`=`kohel`.`object_id`
LEFT JOIN `khm_loc_mst_geography` `kogen` ON `kogen`.`geog_id`=`komen`.`object_location_id`
LEFT JOIN `khm_obj_enquiry_detail_extensions` AS `e` ON `e`.`enquiry_header_id` = `h`.`enquiry_header_id` AND `e`.`enquiry_details_id` = `d`.`enquiry_details_id`
LEFT JOIN `khm_obj_mst` AS `om` ON `om`.`object_id` = `h`.`object_id`
LEFT JOIN `khm_entity_mst` AS `ge` ON `ge`.`entity_id` = `h`.`guest_entity_id`
LEFT JOIN `khm_entity_mst` AS `ae` ON `ae`.`entity_id` = `h`.`agent_entity_id`
LEFT JOIN `khm_entity_mst` AS `ee` ON `ee`.`entity_id` = `h`.`employee_entity_id`
LEFT JOIN `khm_obj_enquiry_details` AS `ed` ON `ed`.`enquiry_header_id` = `h`.`enquiry_header_id`
LEFT JOIN JSON_TABLE(
                ed.vehicle_type_id,
                \'$[*]\' COLUMNS(
                    vehicle_count      INT            PATH \'$.vehicle_count\',
                    vehicle_type_id    INT            PATH \'$.vehicle_type_id\',
                    vehicle_model_name VARCHAR(255)   PATH \'$.vehicle_model_name\'
                )
            ) AS vt ON 1=1
LEFT JOIN `khm_obj_enquiry_edit_request` AS `eer` ON `eer`.`enquiry_header_id`=`h`.`enquiry_header_id`
LEFT JOIN `khm_obj_enquiry_status` AS `es` ON `es`.`edit_request_id` =`eer`.`enquiry_edit_request_id`
LEFT JOIN `khm_entity_mst` AS `e9` ON `e9`.`entity_id`=`es`.`assigned_to`
LEFT JOIN `khm_obj_enquiry_status` AS `es2` ON `es2`.`edit_request_id` =`eer`.`enquiry_edit_request_id`
LEFT JOIN `khm_entity_mst` AS `e8` ON `e8`.`entity_id`=`es2`.`assigned_to`
WHERE `eer`.`is_active` = 1
AND `es`.`current_status_id` = 1
AND `es2`.`current_status_id` = 13
AND `h`.`is_active` = 1
AND `e`.`is_active` = 1
AND `t`.`is_active` = 1
AND `d`.`is_active` = 1
AND `koei`.`is_active` = 1
AND `t`.`check_in_date` <= \'2025-05-31 00:00:00\'
AND `t`.`check_out_date` >= \'2025-05-31 00:00:00\'
AND `h`.`enq_type_id` = \'4\'
GROUP BY `koei`.`itinerary_details_id`
ORDER BY `d`.`date_of_tour_start` DESC')
 4 SYSTEMPATH\Database\BaseBuilder.php(1644): CodeIgniter\Database\BaseConnection->query('SELECT DISTINCT `h`.`enquiry_header_id`, `h`.`object_id`, `h`.`guest_entity_id`, `h`.`agent_entity_id`, `h`.`employee_entity_id`, `h`.`enq_added_date`, `h`.`enq_type_id`, `h`.`ref_no`, `h`.`is_active` AS `header_active`, `om`.`object_name`, `ge`.`entity_name` AS `guest_name`, `ge`.`entity_mobile` AS `guest_phone`, `ae`.`entity_name` AS `agent_name`, `ee`.`entity_name` AS `employee_name`, `d`.`enquiry_details_id`, `d`.`date_of_tour_start`, `d`.`is_active` AS `details_active`, `t`.`check_in_date`, `t`.`check_out_date`, `t`.`is_active` AS `tour_active`, `e`.`is_active` AS `extension_active`, `e`.`tpc`, `arr`.`geog_name` AS `arrival_location_name`, `dep`.`geog_name` AS `departure_location_name`, `komen`.`object_name` AS `hotel_name`, `kogen`.`geog_name` AS `hotel_location`, `e9`.`entity_name` AS `executive`, `e8`.`entity_name` AS `sop_executive`, GROUP_CONCAT(DISTINCT vt.vehicle_type_id)      AS all_vehicle_type_ids, GROUP_CONCAT(DISTINCT vt.vehicle_model_name)   AS all_vehicle_model_names, GROUP_CONCAT(DISTINCT geo.geog_name)           AS all_vehicle_locations, GROUP_CONCAT(DISTINCT em.entity_name)          AS drivername, GROUP_CONCAT(DISTINCT JSON_UNQUOTE(JSON_EXTRACT(em.entity_mobile, "$[0]"))) AS driverphone
FROM `khm_obj_enquiry_header` AS `h`
LEFT JOIN `khm_obj_enquiry_details` AS `d` ON `d`.`enquiry_header_id` = `h`.`enquiry_header_id`
LEFT JOIN `khm_loc_mst_geography` AS `arr` ON `arr`.`geog_id` = `d`.`arrival_location`
LEFT JOIN `khm_loc_mst_geography` AS `dep` ON `dep`.`geog_id` = `d`.`departure_location`
LEFT JOIN `khm_obj_enquiry_tour_details` AS `t` ON `t`.`enquiry_header_id` = `h`.`enquiry_header_id` AND `t`.`enquiry_details_id` = `d`.`enquiry_details_id`
LEFT JOIN `khm_obj_enquiry_itinerary_details` AS `koei` ON `koei`.`tour_details_id`=`t`.`tour_details_id`
LEFT JOIN `khm_obj_hotel` AS `kohel` ON `kohel`.`hotel_id`=`koei`.`hotel_id`
LEFT JOIN `khm_obj_mst` AS `komen` ON `komen`.`object_id`=`kohel`.`object_id`
LEFT JOIN `khm_loc_mst_geography` `kogen` ON `kogen`.`geog_id`=`komen`.`object_location_id`
LEFT JOIN `khm_obj_enquiry_detail_extensions` AS `e` ON `e`.`enquiry_header_id` = `h`.`enquiry_header_id` AND `e`.`enquiry_details_id` = `d`.`enquiry_details_id`
LEFT JOIN `khm_obj_mst` AS `om` ON `om`.`object_id` = `h`.`object_id`
LEFT JOIN `khm_entity_mst` AS `ge` ON `ge`.`entity_id` = `h`.`guest_entity_id`
LEFT JOIN `khm_entity_mst` AS `ae` ON `ae`.`entity_id` = `h`.`agent_entity_id`
LEFT JOIN `khm_entity_mst` AS `ee` ON `ee`.`entity_id` = `h`.`employee_entity_id`
LEFT JOIN `khm_obj_enquiry_details` AS `ed` ON `ed`.`enquiry_header_id` = `h`.`enquiry_header_id`
LEFT JOIN JSON_TABLE(
                ed.vehicle_type_id,
                \'$[*]\' COLUMNS(
                    vehicle_count      INT            PATH \'$.vehicle_count\',
                    vehicle_type_id    INT            PATH \'$.vehicle_type_id\',
                    vehicle_model_name VARCHAR(255)   PATH \'$.vehicle_model_name\'
                )
            ) AS vt ON 1=1
LEFT JOIN `khm_obj_enquiry_edit_request` AS `eer` ON `eer`.`enquiry_header_id`=`h`.`enquiry_header_id`
LEFT JOIN `khm_obj_enquiry_status` AS `es` ON `es`.`edit_request_id` =`eer`.`enquiry_edit_request_id`
LEFT JOIN `khm_entity_mst` AS `e9` ON `e9`.`entity_id`=`es`.`assigned_to`
LEFT JOIN `khm_obj_enquiry_status` AS `es2` ON `es2`.`edit_request_id` =`eer`.`enquiry_edit_request_id`
LEFT JOIN `khm_entity_mst` AS `e8` ON `e8`.`entity_id`=`es2`.`assigned_to`
WHERE `eer`.`is_active` = :eer.is_active:
AND `es`.`current_status_id` = :es.current_status_id:
AND `es2`.`current_status_id` = :es2.current_status_id:
AND `h`.`is_active` = :h.is_active:
AND `e`.`is_active` = :e.is_active:
AND `t`.`is_active` = :t.is_active:
AND `d`.`is_active` = :d.is_active:
AND `koei`.`is_active` = :koei.is_active:
AND `t`.`check_in_date` <= :t.check_in_date:
AND `t`.`check_out_date` >= :t.check_out_date:
AND `h`.`enq_type_id` = :h.enq_type_id:
GROUP BY `koei`.`itinerary_details_id`
ORDER BY `d`.`date_of_tour_start` DESC', [...], false)
 5 APPPATH\Models\GuestTrackingReportModel.php(225): CodeIgniter\Database\BaseBuilder->get()
 6 APPPATH\Controllers\GuestTrackingReport.php(88): App\Models\GuestTrackingReportModel->getByDateRange('2025-05-31 00:00:00', '4')
 7 SYSTEMPATH\CodeIgniter.php(933): App\Controllers\GuestTrackingReport->data()
 8 SYSTEMPATH\CodeIgniter.php(509): CodeIgniter\CodeIgniter->runController(Object(App\Controllers\GuestTrackingReport))
 9 SYSTEMPATH\CodeIgniter.php(355): CodeIgniter\CodeIgniter->handleRequest(null, Object(Config\Cache), false)
10 SYSTEMPATH\Boot.php(334): CodeIgniter\CodeIgniter->run()
11 SYSTEMPATH\Boot.php(67): CodeIgniter\Boot::runCodeIgniter(Object(CodeIgniter\CodeIgniter))
12 FCPATH\index.php(56): CodeIgniter\Boot::bootWeb(Object(Config\Paths))
