CRITICAL - 2025-07-03 06:16:03 --> ErrorException: Undefined array key "cost_component_type_value_seek_field"
[Method: POST, Route: SuperAdminCostComponent/save]
in APPPATH\Controllers\SuperAdminCostComponent.php on line 202.
 1 APPPATH\Controllers\SuperAdminCostComponent.php(202): CodeIgniter\Debug\Exceptions->errorHandler(2, 'Undefined array key "cost_component_type_value_seek_field"', 'C:\\wamp64\\www\\khm\\app\\Controllers\\SuperAdminCostComponent.php', 202)
 2 SYSTEMPATH\CodeIgniter.php(933): App\Controllers\SuperAdminCostComponent->save()
 3 SYSTEMPATH\CodeIgniter.php(509): CodeIgniter\CodeIgniter->runController(Object(App\Controllers\SuperAdminCostComponent))
 4 SYSTEMPATH\CodeIgniter.php(355): CodeIgniter\CodeIgniter->handleRequest(null, Object(Config\Cache), false)
 5 SYSTEMPATH\Boot.php(334): CodeIgniter\CodeIgniter->run()
 6 SYSTEMPATH\Boot.php(67): CodeIgniter\Boot::runCodeIgniter(Object(CodeIgniter\CodeIgniter))
 7 FCPATH\index.php(56): CodeIgniter\Boot::bootWeb(Object(Config\Paths))
CRITICAL - 2025-07-03 06:16:07 --> ErrorException: Undefined array key "cost_component_type_value_seek_field"
[Method: POST, Route: SuperAdminCostComponent/save]
in APPPATH\Controllers\SuperAdminCostComponent.php on line 202.
 1 APPPATH\Controllers\SuperAdminCostComponent.php(202): CodeIgniter\Debug\Exceptions->errorHandler(2, 'Undefined array key "cost_component_type_value_seek_field"', 'C:\\wamp64\\www\\khm\\app\\Controllers\\SuperAdminCostComponent.php', 202)
 2 SYSTEMPATH\CodeIgniter.php(933): App\Controllers\SuperAdminCostComponent->save()
 3 SYSTEMPATH\CodeIgniter.php(509): CodeIgniter\CodeIgniter->runController(Object(App\Controllers\SuperAdminCostComponent))
 4 SYSTEMPATH\CodeIgniter.php(355): CodeIgniter\CodeIgniter->handleRequest(null, Object(Config\Cache), false)
 5 SYSTEMPATH\Boot.php(334): CodeIgniter\CodeIgniter->run()
 6 SYSTEMPATH\Boot.php(67): CodeIgniter\Boot::runCodeIgniter(Object(CodeIgniter\CodeIgniter))
 7 FCPATH\index.php(56): CodeIgniter\Boot::bootWeb(Object(Config\Paths))
CRITICAL - 2025-07-03 06:16:16 --> ErrorException: Undefined array key "cost_component_type_value_seek_field"
[Method: POST, Route: SuperAdminCostComponent/save]
in APPPATH\Controllers\SuperAdminCostComponent.php on line 202.
 1 APPPATH\Controllers\SuperAdminCostComponent.php(202): CodeIgniter\Debug\Exceptions->errorHandler(2, 'Undefined array key "cost_component_type_value_seek_field"', 'C:\\wamp64\\www\\khm\\app\\Controllers\\SuperAdminCostComponent.php', 202)
 2 SYSTEMPATH\CodeIgniter.php(933): App\Controllers\SuperAdminCostComponent->save()
 3 SYSTEMPATH\CodeIgniter.php(509): CodeIgniter\CodeIgniter->runController(Object(App\Controllers\SuperAdminCostComponent))
 4 SYSTEMPATH\CodeIgniter.php(355): CodeIgniter\CodeIgniter->handleRequest(null, Object(Config\Cache), false)
 5 SYSTEMPATH\Boot.php(334): CodeIgniter\CodeIgniter->run()
 6 SYSTEMPATH\Boot.php(67): CodeIgniter\Boot::runCodeIgniter(Object(CodeIgniter\CodeIgniter))
 7 FCPATH\index.php(56): CodeIgniter\Boot::bootWeb(Object(Config\Paths))
CRITICAL - 2025-07-03 06:16:36 --> ErrorException: Undefined array key "cost_component_type_value_seek_field"
[Method: POST, Route: SuperAdminCostComponent/save]
in APPPATH\Controllers\SuperAdminCostComponent.php on line 202.
 1 APPPATH\Controllers\SuperAdminCostComponent.php(202): CodeIgniter\Debug\Exceptions->errorHandler(2, 'Undefined array key "cost_component_type_value_seek_field"', 'C:\\wamp64\\www\\khm\\app\\Controllers\\SuperAdminCostComponent.php', 202)
 2 SYSTEMPATH\CodeIgniter.php(933): App\Controllers\SuperAdminCostComponent->save()
 3 SYSTEMPATH\CodeIgniter.php(509): CodeIgniter\CodeIgniter->runController(Object(App\Controllers\SuperAdminCostComponent))
 4 SYSTEMPATH\CodeIgniter.php(355): CodeIgniter\CodeIgniter->handleRequest(null, Object(Config\Cache), false)
 5 SYSTEMPATH\Boot.php(334): CodeIgniter\CodeIgniter->run()
 6 SYSTEMPATH\Boot.php(67): CodeIgniter\Boot::runCodeIgniter(Object(CodeIgniter\CodeIgniter))
 7 FCPATH\index.php(56): CodeIgniter\Boot::bootWeb(Object(Config\Paths))
CRITICAL - 2025-07-03 06:16:41 --> ErrorException: Undefined array key "cost_component_type_value_seek_field"
[Method: POST, Route: SuperAdminCostComponent/save]
in APPPATH\Controllers\SuperAdminCostComponent.php on line 202.
 1 APPPATH\Controllers\SuperAdminCostComponent.php(202): CodeIgniter\Debug\Exceptions->errorHandler(2, 'Undefined array key "cost_component_type_value_seek_field"', 'C:\\wamp64\\www\\khm\\app\\Controllers\\SuperAdminCostComponent.php', 202)
 2 SYSTEMPATH\CodeIgniter.php(933): App\Controllers\SuperAdminCostComponent->save()
 3 SYSTEMPATH\CodeIgniter.php(509): CodeIgniter\CodeIgniter->runController(Object(App\Controllers\SuperAdminCostComponent))
 4 SYSTEMPATH\CodeIgniter.php(355): CodeIgniter\CodeIgniter->handleRequest(null, Object(Config\Cache), false)
 5 SYSTEMPATH\Boot.php(334): CodeIgniter\CodeIgniter->run()
 6 SYSTEMPATH\Boot.php(67): CodeIgniter\Boot::runCodeIgniter(Object(CodeIgniter\CodeIgniter))
 7 FCPATH\index.php(56): CodeIgniter\Boot::bootWeb(Object(Config\Paths))
CRITICAL - 2025-07-03 06:16:45 --> ErrorException: Undefined array key "cost_component_type_value_seek_field"
[Method: POST, Route: SuperAdminCostComponent/save]
in APPPATH\Controllers\SuperAdminCostComponent.php on line 202.
 1 APPPATH\Controllers\SuperAdminCostComponent.php(202): CodeIgniter\Debug\Exceptions->errorHandler(2, 'Undefined array key "cost_component_type_value_seek_field"', 'C:\\wamp64\\www\\khm\\app\\Controllers\\SuperAdminCostComponent.php', 202)
 2 SYSTEMPATH\CodeIgniter.php(933): App\Controllers\SuperAdminCostComponent->save()
 3 SYSTEMPATH\CodeIgniter.php(509): CodeIgniter\CodeIgniter->runController(Object(App\Controllers\SuperAdminCostComponent))
 4 SYSTEMPATH\CodeIgniter.php(355): CodeIgniter\CodeIgniter->handleRequest(null, Object(Config\Cache), false)
 5 SYSTEMPATH\Boot.php(334): CodeIgniter\CodeIgniter->run()
 6 SYSTEMPATH\Boot.php(67): CodeIgniter\Boot::runCodeIgniter(Object(CodeIgniter\CodeIgniter))
 7 FCPATH\index.php(56): CodeIgniter\Boot::bootWeb(Object(Config\Paths))
CRITICAL - 2025-07-03 06:34:22 --> ErrorException: Undefined array key "cost_component_type_value_seek_field"
[Method: POST, Route: SuperAdminCostComponent/save]
in APPPATH\Controllers\SuperAdminCostComponent.php on line 202.
 1 APPPATH\Controllers\SuperAdminCostComponent.php(202): CodeIgniter\Debug\Exceptions->errorHandler(2, 'Undefined array key "cost_component_type_value_seek_field"', 'C:\\wamp64\\www\\khm\\app\\Controllers\\SuperAdminCostComponent.php', 202)
 2 SYSTEMPATH\CodeIgniter.php(933): App\Controllers\SuperAdminCostComponent->save()
 3 SYSTEMPATH\CodeIgniter.php(509): CodeIgniter\CodeIgniter->runController(Object(App\Controllers\SuperAdminCostComponent))
 4 SYSTEMPATH\CodeIgniter.php(355): CodeIgniter\CodeIgniter->handleRequest(null, Object(Config\Cache), false)
 5 SYSTEMPATH\Boot.php(334): CodeIgniter\CodeIgniter->run()
 6 SYSTEMPATH\Boot.php(67): CodeIgniter\Boot::runCodeIgniter(Object(CodeIgniter\CodeIgniter))
 7 FCPATH\index.php(56): CodeIgniter\Boot::bootWeb(Object(Config\Paths))
CRITICAL - 2025-07-03 06:35:04 --> ErrorException: Undefined array key "cost_component_type_value_seek_field"
[Method: POST, Route: SuperAdminCostComponent/save]
in APPPATH\Controllers\SuperAdminCostComponent.php on line 205.
 1 APPPATH\Controllers\SuperAdminCostComponent.php(205): CodeIgniter\Debug\Exceptions->errorHandler(2, 'Undefined array key "cost_component_type_value_seek_field"', 'C:\\wamp64\\www\\khm\\app\\Controllers\\SuperAdminCostComponent.php', 205)
 2 SYSTEMPATH\CodeIgniter.php(933): App\Controllers\SuperAdminCostComponent->save()
 3 SYSTEMPATH\CodeIgniter.php(509): CodeIgniter\CodeIgniter->runController(Object(App\Controllers\SuperAdminCostComponent))
 4 SYSTEMPATH\CodeIgniter.php(355): CodeIgniter\CodeIgniter->handleRequest(null, Object(Config\Cache), false)
 5 SYSTEMPATH\Boot.php(334): CodeIgniter\CodeIgniter->run()
 6 SYSTEMPATH\Boot.php(67): CodeIgniter\Boot::runCodeIgniter(Object(CodeIgniter\CodeIgniter))
 7 FCPATH\index.php(56): CodeIgniter\Boot::bootWeb(Object(Config\Paths))
CRITICAL - 2025-07-03 06:40:14 --> Error: Call to a member function getPost() on null
[Method: POST, Route: SuperAdminCostComponent/save]
in APPPATH\Models\SuperAdminCostComponentModel.php on line 134.
 1 APPPATH\Controllers\SuperAdminCostComponent.php(206): App\Models\SuperAdminCostComponentModel->saveCostComponent([...])
 2 SYSTEMPATH\CodeIgniter.php(933): App\Controllers\SuperAdminCostComponent->save()
 3 SYSTEMPATH\CodeIgniter.php(509): CodeIgniter\CodeIgniter->runController(Object(App\Controllers\SuperAdminCostComponent))
 4 SYSTEMPATH\CodeIgniter.php(355): CodeIgniter\CodeIgniter->handleRequest(null, Object(Config\Cache), false)
 5 SYSTEMPATH\Boot.php(334): CodeIgniter\CodeIgniter->run()
 6 SYSTEMPATH\Boot.php(67): CodeIgniter\Boot::runCodeIgniter(Object(CodeIgniter\CodeIgniter))
 7 FCPATH\index.php(56): CodeIgniter\Boot::bootWeb(Object(Config\Paths))
CRITICAL - 2025-07-03 06:40:18 --> Error: Call to a member function getPost() on null
[Method: POST, Route: SuperAdminCostComponent/save]
in APPPATH\Models\SuperAdminCostComponentModel.php on line 134.
 1 APPPATH\Controllers\SuperAdminCostComponent.php(206): App\Models\SuperAdminCostComponentModel->saveCostComponent([...])
 2 SYSTEMPATH\CodeIgniter.php(933): App\Controllers\SuperAdminCostComponent->save()
 3 SYSTEMPATH\CodeIgniter.php(509): CodeIgniter\CodeIgniter->runController(Object(App\Controllers\SuperAdminCostComponent))
 4 SYSTEMPATH\CodeIgniter.php(355): CodeIgniter\CodeIgniter->handleRequest(null, Object(Config\Cache), false)
 5 SYSTEMPATH\Boot.php(334): CodeIgniter\CodeIgniter->run()
 6 SYSTEMPATH\Boot.php(67): CodeIgniter\Boot::runCodeIgniter(Object(CodeIgniter\CodeIgniter))
 7 FCPATH\index.php(56): CodeIgniter\Boot::bootWeb(Object(Config\Paths))
CRITICAL - 2025-07-03 06:40:48 --> Error: Call to a member function getPost() on null
[Method: POST, Route: SuperAdminCostComponent/save]
in APPPATH\Models\SuperAdminCostComponentModel.php on line 134.
 1 APPPATH\Controllers\SuperAdminCostComponent.php(206): App\Models\SuperAdminCostComponentModel->saveCostComponent([...])
 2 SYSTEMPATH\CodeIgniter.php(933): App\Controllers\SuperAdminCostComponent->save()
 3 SYSTEMPATH\CodeIgniter.php(509): CodeIgniter\CodeIgniter->runController(Object(App\Controllers\SuperAdminCostComponent))
 4 SYSTEMPATH\CodeIgniter.php(355): CodeIgniter\CodeIgniter->handleRequest(null, Object(Config\Cache), false)
 5 SYSTEMPATH\Boot.php(334): CodeIgniter\CodeIgniter->run()
 6 SYSTEMPATH\Boot.php(67): CodeIgniter\Boot::runCodeIgniter(Object(CodeIgniter\CodeIgniter))
 7 FCPATH\index.php(56): CodeIgniter\Boot::bootWeb(Object(Config\Paths))
