CRITICAL - 2025-07-17 06:03:34 --> ErrorException: Undefined array key "hotel_id"
[Method: POST, Route: Dashboard/room_category_modal]
in APPPATH\Models\Dashboard_m.php on line 1523.
 1 APPPATH\Models\Dashboard_m.php(1523): CodeIgniter\Debug\Exceptions->errorHandler(2, 'Undefined array key "hotel_id"', 'C:\\wamp64\\www\\khm\\app\\Models\\Dashboard_m.php', 1523)
 2 APPPATH\Controllers\Dashboard.php(2800): App\Models\Dashboard_m->get_room_category_table([...])
 3 SYSTEMPATH\CodeIgniter.php(933): App\Controllers\Dashboard->room_category_modal()
 4 SYSTEMPATH\CodeIgniter.php(509): CodeIgniter\CodeIgniter->runController(Object(App\Controllers\Dashboard))
 5 SYSTEMPATH\CodeIgniter.php(355): CodeIgniter\CodeIgniter->handleRequest(null, Object(Config\Cache), false)
 6 SYSTEMPATH\Boot.php(334): CodeIgniter\CodeIgniter->run()
 7 SYSTEMPATH\Boot.php(67): CodeIgniter\Boot::runCodeIgniter(Object(CodeIgniter\CodeIgniter))
 8 FCPATH\index.php(56): CodeIgniter\Boot::bootWeb(Object(Config\Paths))
CRITICAL - 2025-07-17 06:03:38 --> ErrorException: Undefined array key "hotel_id"
[Method: POST, Route: Dashboard/room_category_modal]
in APPPATH\Models\Dashboard_m.php on line 1523.
 1 APPPATH\Models\Dashboard_m.php(1523): CodeIgniter\Debug\Exceptions->errorHandler(2, 'Undefined array key "hotel_id"', 'C:\\wamp64\\www\\khm\\app\\Models\\Dashboard_m.php', 1523)
 2 APPPATH\Controllers\Dashboard.php(2800): App\Models\Dashboard_m->get_room_category_table([...])
 3 SYSTEMPATH\CodeIgniter.php(933): App\Controllers\Dashboard->room_category_modal()
 4 SYSTEMPATH\CodeIgniter.php(509): CodeIgniter\CodeIgniter->runController(Object(App\Controllers\Dashboard))
 5 SYSTEMPATH\CodeIgniter.php(355): CodeIgniter\CodeIgniter->handleRequest(null, Object(Config\Cache), false)
 6 SYSTEMPATH\Boot.php(334): CodeIgniter\CodeIgniter->run()
 7 SYSTEMPATH\Boot.php(67): CodeIgniter\Boot::runCodeIgniter(Object(CodeIgniter\CodeIgniter))
 8 FCPATH\index.php(56): CodeIgniter\Boot::bootWeb(Object(Config\Paths))
CRITICAL - 2025-07-17 06:06:58 --> ErrorException: Undefined variable $object_name
[Method: GET, Route: dashboard/view_tariff/707]
in APPPATH\Views\dashboard\tariff_generation.php on line 440.
 1 APPPATH\Views\dashboard\tariff_generation.php(440): CodeIgniter\Debug\Exceptions->errorHandler(2, 'Undefined variable $object_name', 'C:\\wamp64\\www\\khm\\app\\Views\\dashboard\\tariff_generation.php', 440)
 2 SYSTEMPATH\View\View.php(234): include('C:\\wamp64\\www\\khm\\app\\Views\\dashboard\\tariff_generation.php')
 3 SYSTEMPATH\View\View.php(237): CodeIgniter\View\View->CodeIgniter\View\{closure}()
 4 SYSTEMPATH\Common.php(1171): CodeIgniter\View\View->render('dashboard/tariff_generation', [], true)
 5 APPPATH\Controllers\Dashboard.php(469): view('dashboard/tariff_generation', [...])
 6 SYSTEMPATH\CodeIgniter.php(933): App\Controllers\Dashboard->view_tariff('707')
 7 SYSTEMPATH\CodeIgniter.php(509): CodeIgniter\CodeIgniter->runController(Object(App\Controllers\Dashboard))
 8 SYSTEMPATH\CodeIgniter.php(355): CodeIgniter\CodeIgniter->handleRequest(null, Object(Config\Cache), false)
 9 SYSTEMPATH\Boot.php(334): CodeIgniter\CodeIgniter->run()
10 SYSTEMPATH\Boot.php(67): CodeIgniter\Boot::runCodeIgniter(Object(CodeIgniter\CodeIgniter))
11 FCPATH\index.php(56): CodeIgniter\Boot::bootWeb(Object(Config\Paths))
CRITICAL - 2025-07-17 06:07:07 --> ErrorException: Undefined variable $object_name
[Method: GET, Route: dashboard/view_tariff/707]
in APPPATH\Views\dashboard\tariff_generation.php on line 440.
 1 APPPATH\Views\dashboard\tariff_generation.php(440): CodeIgniter\Debug\Exceptions->errorHandler(2, 'Undefined variable $object_name', 'C:\\wamp64\\www\\khm\\app\\Views\\dashboard\\tariff_generation.php', 440)
 2 SYSTEMPATH\View\View.php(234): include('C:\\wamp64\\www\\khm\\app\\Views\\dashboard\\tariff_generation.php')
 3 SYSTEMPATH\View\View.php(237): CodeIgniter\View\View->CodeIgniter\View\{closure}()
 4 SYSTEMPATH\Common.php(1171): CodeIgniter\View\View->render('dashboard/tariff_generation', [], true)
 5 APPPATH\Controllers\Dashboard.php(469): view('dashboard/tariff_generation', [...])
 6 SYSTEMPATH\CodeIgniter.php(933): App\Controllers\Dashboard->view_tariff('707')
 7 SYSTEMPATH\CodeIgniter.php(509): CodeIgniter\CodeIgniter->runController(Object(App\Controllers\Dashboard))
 8 SYSTEMPATH\CodeIgniter.php(355): CodeIgniter\CodeIgniter->handleRequest(null, Object(Config\Cache), false)
 9 SYSTEMPATH\Boot.php(334): CodeIgniter\CodeIgniter->run()
10 SYSTEMPATH\Boot.php(67): CodeIgniter\Boot::runCodeIgniter(Object(CodeIgniter\CodeIgniter))
11 FCPATH\index.php(56): CodeIgniter\Boot::bootWeb(Object(Config\Paths))
CRITICAL - 2025-07-17 06:07:09 --> ErrorException: Undefined variable $object_name
[Method: GET, Route: dashboard/view_tariff/707]
in APPPATH\Views\dashboard\tariff_generation.php on line 440.
 1 APPPATH\Views\dashboard\tariff_generation.php(440): CodeIgniter\Debug\Exceptions->errorHandler(2, 'Undefined variable $object_name', 'C:\\wamp64\\www\\khm\\app\\Views\\dashboard\\tariff_generation.php', 440)
 2 SYSTEMPATH\View\View.php(234): include('C:\\wamp64\\www\\khm\\app\\Views\\dashboard\\tariff_generation.php')
 3 SYSTEMPATH\View\View.php(237): CodeIgniter\View\View->CodeIgniter\View\{closure}()
 4 SYSTEMPATH\Common.php(1171): CodeIgniter\View\View->render('dashboard/tariff_generation', [], true)
 5 APPPATH\Controllers\Dashboard.php(469): view('dashboard/tariff_generation', [...])
 6 SYSTEMPATH\CodeIgniter.php(933): App\Controllers\Dashboard->view_tariff('707')
 7 SYSTEMPATH\CodeIgniter.php(509): CodeIgniter\CodeIgniter->runController(Object(App\Controllers\Dashboard))
 8 SYSTEMPATH\CodeIgniter.php(355): CodeIgniter\CodeIgniter->handleRequest(null, Object(Config\Cache), false)
 9 SYSTEMPATH\Boot.php(334): CodeIgniter\CodeIgniter->run()
10 SYSTEMPATH\Boot.php(67): CodeIgniter\Boot::runCodeIgniter(Object(CodeIgniter\CodeIgniter))
11 FCPATH\index.php(56): CodeIgniter\Boot::bootWeb(Object(Config\Paths))
CRITICAL - 2025-07-17 06:07:24 --> ErrorException: Undefined variable $object_name
[Method: GET, Route: dashboard/view_tariff/707]
in APPPATH\Views\dashboard\tariff_generation.php on line 440.
 1 APPPATH\Views\dashboard\tariff_generation.php(440): CodeIgniter\Debug\Exceptions->errorHandler(2, 'Undefined variable $object_name', 'C:\\wamp64\\www\\khm\\app\\Views\\dashboard\\tariff_generation.php', 440)
 2 SYSTEMPATH\View\View.php(234): include('C:\\wamp64\\www\\khm\\app\\Views\\dashboard\\tariff_generation.php')
 3 SYSTEMPATH\View\View.php(237): CodeIgniter\View\View->CodeIgniter\View\{closure}()
 4 SYSTEMPATH\Common.php(1171): CodeIgniter\View\View->render('dashboard/tariff_generation', [], true)
 5 APPPATH\Controllers\Dashboard.php(469): view('dashboard/tariff_generation', [...])
 6 SYSTEMPATH\CodeIgniter.php(933): App\Controllers\Dashboard->view_tariff('707')
 7 SYSTEMPATH\CodeIgniter.php(509): CodeIgniter\CodeIgniter->runController(Object(App\Controllers\Dashboard))
 8 SYSTEMPATH\CodeIgniter.php(355): CodeIgniter\CodeIgniter->handleRequest(null, Object(Config\Cache), false)
 9 SYSTEMPATH\Boot.php(334): CodeIgniter\CodeIgniter->run()
10 SYSTEMPATH\Boot.php(67): CodeIgniter\Boot::runCodeIgniter(Object(CodeIgniter\CodeIgniter))
11 FCPATH\index.php(56): CodeIgniter\Boot::bootWeb(Object(Config\Paths))
CRITICAL - 2025-07-17 06:07:26 --> ErrorException: Undefined variable $object_name
[Method: GET, Route: dashboard/view_tariff/707]
in APPPATH\Views\dashboard\tariff_generation.php on line 440.
 1 APPPATH\Views\dashboard\tariff_generation.php(440): CodeIgniter\Debug\Exceptions->errorHandler(2, 'Undefined variable $object_name', 'C:\\wamp64\\www\\khm\\app\\Views\\dashboard\\tariff_generation.php', 440)
 2 SYSTEMPATH\View\View.php(234): include('C:\\wamp64\\www\\khm\\app\\Views\\dashboard\\tariff_generation.php')
 3 SYSTEMPATH\View\View.php(237): CodeIgniter\View\View->CodeIgniter\View\{closure}()
 4 SYSTEMPATH\Common.php(1171): CodeIgniter\View\View->render('dashboard/tariff_generation', [], true)
 5 APPPATH\Controllers\Dashboard.php(469): view('dashboard/tariff_generation', [...])
 6 SYSTEMPATH\CodeIgniter.php(933): App\Controllers\Dashboard->view_tariff('707')
 7 SYSTEMPATH\CodeIgniter.php(509): CodeIgniter\CodeIgniter->runController(Object(App\Controllers\Dashboard))
 8 SYSTEMPATH\CodeIgniter.php(355): CodeIgniter\CodeIgniter->handleRequest(null, Object(Config\Cache), false)
 9 SYSTEMPATH\Boot.php(334): CodeIgniter\CodeIgniter->run()
10 SYSTEMPATH\Boot.php(67): CodeIgniter\Boot::runCodeIgniter(Object(CodeIgniter\CodeIgniter))
11 FCPATH\index.php(56): CodeIgniter\Boot::bootWeb(Object(Config\Paths))
CRITICAL - 2025-07-17 06:07:37 --> ErrorException: Undefined variable $hotel_name
[Method: GET, Route: dashboard/view_tariff/707]
in APPPATH\Views\dashboard\tariff_generation.php on line 440.
 1 APPPATH\Views\dashboard\tariff_generation.php(440): CodeIgniter\Debug\Exceptions->errorHandler(2, 'Undefined variable $hotel_name', 'C:\\wamp64\\www\\khm\\app\\Views\\dashboard\\tariff_generation.php', 440)
 2 SYSTEMPATH\View\View.php(234): include('C:\\wamp64\\www\\khm\\app\\Views\\dashboard\\tariff_generation.php')
 3 SYSTEMPATH\View\View.php(237): CodeIgniter\View\View->CodeIgniter\View\{closure}()
 4 SYSTEMPATH\Common.php(1171): CodeIgniter\View\View->render('dashboard/tariff_generation', [], true)
 5 APPPATH\Controllers\Dashboard.php(469): view('dashboard/tariff_generation', [...])
 6 SYSTEMPATH\CodeIgniter.php(933): App\Controllers\Dashboard->view_tariff('707')
 7 SYSTEMPATH\CodeIgniter.php(509): CodeIgniter\CodeIgniter->runController(Object(App\Controllers\Dashboard))
 8 SYSTEMPATH\CodeIgniter.php(355): CodeIgniter\CodeIgniter->handleRequest(null, Object(Config\Cache), false)
 9 SYSTEMPATH\Boot.php(334): CodeIgniter\CodeIgniter->run()
10 SYSTEMPATH\Boot.php(67): CodeIgniter\Boot::runCodeIgniter(Object(CodeIgniter\CodeIgniter))
11 FCPATH\index.php(56): CodeIgniter\Boot::bootWeb(Object(Config\Paths))
CRITICAL - 2025-07-17 06:20:42 --> ErrorException: Undefined variable $object_name
[Method: GET, Route: dashboard/view_tariff/707]
in APPPATH\Views\dashboard\tariff_generation.php on line 440.
 1 APPPATH\Views\dashboard\tariff_generation.php(440): CodeIgniter\Debug\Exceptions->errorHandler(2, 'Undefined variable $object_name', 'C:\\wamp64\\www\\khm\\app\\Views\\dashboard\\tariff_generation.php', 440)
 2 SYSTEMPATH\View\View.php(234): include('C:\\wamp64\\www\\khm\\app\\Views\\dashboard\\tariff_generation.php')
 3 SYSTEMPATH\View\View.php(237): CodeIgniter\View\View->CodeIgniter\View\{closure}()
 4 SYSTEMPATH\Common.php(1171): CodeIgniter\View\View->render('dashboard/tariff_generation', [], true)
 5 APPPATH\Controllers\Dashboard.php(469): view('dashboard/tariff_generation', [...])
 6 SYSTEMPATH\CodeIgniter.php(933): App\Controllers\Dashboard->view_tariff('707')
 7 SYSTEMPATH\CodeIgniter.php(509): CodeIgniter\CodeIgniter->runController(Object(App\Controllers\Dashboard))
 8 SYSTEMPATH\CodeIgniter.php(355): CodeIgniter\CodeIgniter->handleRequest(null, Object(Config\Cache), false)
 9 SYSTEMPATH\Boot.php(334): CodeIgniter\CodeIgniter->run()
10 SYSTEMPATH\Boot.php(67): CodeIgniter\Boot::runCodeIgniter(Object(CodeIgniter\CodeIgniter))
11 FCPATH\index.php(56): CodeIgniter\Boot::bootWeb(Object(Config\Paths))
ERROR - 2025-07-17 07:54:24 --> mysqli_sql_exception: Column 'room_type_id' cannot be null in C:\wamp64\www\khm\system\Database\MySQLi\Connection.php:312
Stack trace:
#0 C:\wamp64\www\khm\system\Database\MySQLi\Connection.php(312): mysqli->query('INSERT INTO `kh...', 0)
#1 C:\wamp64\www\khm\system\Database\BaseConnection.php(734): CodeIgniter\Database\MySQLi\Connection->execute('INSERT INTO `kh...')
#2 C:\wamp64\www\khm\system\Database\BaseConnection.php(648): CodeIgniter\Database\BaseConnection->simpleQuery('INSERT INTO `kh...')
#3 C:\wamp64\www\khm\system\Database\BaseBuilder.php(2340): CodeIgniter\Database\BaseConnection->query('INSERT INTO `kh...', Array, false)
#4 C:\wamp64\www\khm\app\Controllers\Dashboard.php(67): CodeIgniter\Database\BaseBuilder->insert(Array)
#5 C:\wamp64\www\khm\system\CodeIgniter.php(933): App\Controllers\Dashboard->updateRoom()
#6 C:\wamp64\www\khm\system\CodeIgniter.php(509): CodeIgniter\CodeIgniter->runController(Object(App\Controllers\Dashboard))
#7 C:\wamp64\www\khm\system\CodeIgniter.php(355): CodeIgniter\CodeIgniter->handleRequest(NULL, Object(Config\Cache), false)
#8 C:\wamp64\www\khm\system\Boot.php(334): CodeIgniter\CodeIgniter->run()
#9 C:\wamp64\www\khm\system\Boot.php(67): CodeIgniter\Boot::runCodeIgniter(Object(CodeIgniter\CodeIgniter))
#10 C:\wamp64\www\khm\public\index.php(56): CodeIgniter\Boot::bootWeb(Object(Config\Paths))
#11 {main}
CRITICAL - 2025-07-17 07:54:24 --> CodeIgniter\Database\Exceptions\DatabaseException: Column 'room_type_id' cannot be null
[Method: GET, Route: Dashboard/updateRoom]
in SYSTEMPATH\Database\BaseConnection.php on line 688.
 1 SYSTEMPATH\Database\BaseBuilder.php(2340): CodeIgniter\Database\BaseConnection->query('INSERT INTO `khm_obj_room` (`room_category_id`, `room_type_id`, `occupancy_id`) VALUES (:room_category_id:, :room_type_id:, :occupancy_id:)', [...], false)
 2 APPPATH\Controllers\Dashboard.php(67): CodeIgniter\Database\BaseBuilder->insert([...])
 3 SYSTEMPATH\CodeIgniter.php(933): App\Controllers\Dashboard->updateRoom()
 4 SYSTEMPATH\CodeIgniter.php(509): CodeIgniter\CodeIgniter->runController(Object(App\Controllers\Dashboard))
 5 SYSTEMPATH\CodeIgniter.php(355): CodeIgniter\CodeIgniter->handleRequest(null, Object(Config\Cache), false)
 6 SYSTEMPATH\Boot.php(334): CodeIgniter\CodeIgniter->run()
 7 SYSTEMPATH\Boot.php(67): CodeIgniter\Boot::runCodeIgniter(Object(CodeIgniter\CodeIgniter))
 8 FCPATH\index.php(56): CodeIgniter\Boot::bootWeb(Object(Config\Paths))
CRITICAL - 2025-07-17 07:54:24 --> [Caused by] CodeIgniter\Database\Exceptions\DatabaseException: Column 'room_type_id' cannot be null
in SYSTEMPATH\Database\MySQLi\Connection.php on line 317.
 1 SYSTEMPATH\Database\BaseConnection.php(734): CodeIgniter\Database\MySQLi\Connection->execute('INSERT INTO `khm_obj_room` (`room_category_id`, `room_type_id`, `occupancy_id`) VALUES (NULL, NULL, NULL)')
 2 SYSTEMPATH\Database\BaseConnection.php(648): CodeIgniter\Database\BaseConnection->simpleQuery('INSERT INTO `khm_obj_room` (`room_category_id`, `room_type_id`, `occupancy_id`) VALUES (NULL, NULL, NULL)')
 3 SYSTEMPATH\Database\BaseBuilder.php(2340): CodeIgniter\Database\BaseConnection->query('INSERT INTO `khm_obj_room` (`room_category_id`, `room_type_id`, `occupancy_id`) VALUES (:room_category_id:, :room_type_id:, :occupancy_id:)', [...], false)
 4 APPPATH\Controllers\Dashboard.php(67): CodeIgniter\Database\BaseBuilder->insert([...])
 5 SYSTEMPATH\CodeIgniter.php(933): App\Controllers\Dashboard->updateRoom()
 6 SYSTEMPATH\CodeIgniter.php(509): CodeIgniter\CodeIgniter->runController(Object(App\Controllers\Dashboard))
 7 SYSTEMPATH\CodeIgniter.php(355): CodeIgniter\CodeIgniter->handleRequest(null, Object(Config\Cache), false)
 8 SYSTEMPATH\Boot.php(334): CodeIgniter\CodeIgniter->run()
 9 SYSTEMPATH\Boot.php(67): CodeIgniter\Boot::runCodeIgniter(Object(CodeIgniter\CodeIgniter))
10 FCPATH\index.php(56): CodeIgniter\Boot::bootWeb(Object(Config\Paths))
CRITICAL - 2025-07-17 07:54:24 --> [Caused by] mysqli_sql_exception: Column 'room_type_id' cannot be null
in SYSTEMPATH\Database\MySQLi\Connection.php on line 312.
 1 SYSTEMPATH\Database\MySQLi\Connection.php(312): mysqli->query('INSERT INTO `khm_obj_room` (`room_category_id`, `room_type_id`, `occupancy_id`) VALUES (NULL, NULL, NULL)', 0)
 2 SYSTEMPATH\Database\BaseConnection.php(734): CodeIgniter\Database\MySQLi\Connection->execute('INSERT INTO `khm_obj_room` (`room_category_id`, `room_type_id`, `occupancy_id`) VALUES (NULL, NULL, NULL)')
 3 SYSTEMPATH\Database\BaseConnection.php(648): CodeIgniter\Database\BaseConnection->simpleQuery('INSERT INTO `khm_obj_room` (`room_category_id`, `room_type_id`, `occupancy_id`) VALUES (NULL, NULL, NULL)')
 4 SYSTEMPATH\Database\BaseBuilder.php(2340): CodeIgniter\Database\BaseConnection->query('INSERT INTO `khm_obj_room` (`room_category_id`, `room_type_id`, `occupancy_id`) VALUES (:room_category_id:, :room_type_id:, :occupancy_id:)', [...], false)
 5 APPPATH\Controllers\Dashboard.php(67): CodeIgniter\Database\BaseBuilder->insert([...])
 6 SYSTEMPATH\CodeIgniter.php(933): App\Controllers\Dashboard->updateRoom()
 7 SYSTEMPATH\CodeIgniter.php(509): CodeIgniter\CodeIgniter->runController(Object(App\Controllers\Dashboard))
 8 SYSTEMPATH\CodeIgniter.php(355): CodeIgniter\CodeIgniter->handleRequest(null, Object(Config\Cache), false)
 9 SYSTEMPATH\Boot.php(334): CodeIgniter\CodeIgniter->run()
10 SYSTEMPATH\Boot.php(67): CodeIgniter\Boot::runCodeIgniter(Object(CodeIgniter\CodeIgniter))
11 FCPATH\index.php(56): CodeIgniter\Boot::bootWeb(Object(Config\Paths))
ERROR - 2025-07-17 07:55:38 --> mysqli_sql_exception: Column 'room_type_id' cannot be null in C:\wamp64\www\khm\system\Database\MySQLi\Connection.php:312
Stack trace:
#0 C:\wamp64\www\khm\system\Database\MySQLi\Connection.php(312): mysqli->query('INSERT INTO `kh...', 0)
#1 C:\wamp64\www\khm\system\Database\BaseConnection.php(734): CodeIgniter\Database\MySQLi\Connection->execute('INSERT INTO `kh...')
#2 C:\wamp64\www\khm\system\Database\BaseConnection.php(648): CodeIgniter\Database\BaseConnection->simpleQuery('INSERT INTO `kh...')
#3 C:\wamp64\www\khm\system\Database\BaseBuilder.php(2340): CodeIgniter\Database\BaseConnection->query('INSERT INTO `kh...', Array, false)
#4 C:\wamp64\www\khm\app\Controllers\Dashboard.php(67): CodeIgniter\Database\BaseBuilder->insert(Array)
#5 C:\wamp64\www\khm\system\CodeIgniter.php(933): App\Controllers\Dashboard->updateRoom()
#6 C:\wamp64\www\khm\system\CodeIgniter.php(509): CodeIgniter\CodeIgniter->runController(Object(App\Controllers\Dashboard))
#7 C:\wamp64\www\khm\system\CodeIgniter.php(355): CodeIgniter\CodeIgniter->handleRequest(NULL, Object(Config\Cache), false)
#8 C:\wamp64\www\khm\system\Boot.php(334): CodeIgniter\CodeIgniter->run()
#9 C:\wamp64\www\khm\system\Boot.php(67): CodeIgniter\Boot::runCodeIgniter(Object(CodeIgniter\CodeIgniter))
#10 C:\wamp64\www\khm\public\index.php(56): CodeIgniter\Boot::bootWeb(Object(Config\Paths))
#11 {main}
CRITICAL - 2025-07-17 07:55:38 --> CodeIgniter\Database\Exceptions\DatabaseException: Column 'room_type_id' cannot be null
[Method: GET, Route: Dashboard/updateRoom]
in SYSTEMPATH\Database\BaseConnection.php on line 688.
 1 SYSTEMPATH\Database\BaseBuilder.php(2340): CodeIgniter\Database\BaseConnection->query('INSERT INTO `khm_obj_room` (`room_category_id`, `room_type_id`, `occupancy_id`) VALUES (:room_category_id:, :room_type_id:, :occupancy_id:)', [...], false)
 2 APPPATH\Controllers\Dashboard.php(67): CodeIgniter\Database\BaseBuilder->insert([...])
 3 SYSTEMPATH\CodeIgniter.php(933): App\Controllers\Dashboard->updateRoom()
 4 SYSTEMPATH\CodeIgniter.php(509): CodeIgniter\CodeIgniter->runController(Object(App\Controllers\Dashboard))
 5 SYSTEMPATH\CodeIgniter.php(355): CodeIgniter\CodeIgniter->handleRequest(null, Object(Config\Cache), false)
 6 SYSTEMPATH\Boot.php(334): CodeIgniter\CodeIgniter->run()
 7 SYSTEMPATH\Boot.php(67): CodeIgniter\Boot::runCodeIgniter(Object(CodeIgniter\CodeIgniter))
 8 FCPATH\index.php(56): CodeIgniter\Boot::bootWeb(Object(Config\Paths))
CRITICAL - 2025-07-17 07:55:38 --> [Caused by] CodeIgniter\Database\Exceptions\DatabaseException: Column 'room_type_id' cannot be null
in SYSTEMPATH\Database\MySQLi\Connection.php on line 317.
 1 SYSTEMPATH\Database\BaseConnection.php(734): CodeIgniter\Database\MySQLi\Connection->execute('INSERT INTO `khm_obj_room` (`room_category_id`, `room_type_id`, `occupancy_id`) VALUES (NULL, NULL, NULL)')
 2 SYSTEMPATH\Database\BaseConnection.php(648): CodeIgniter\Database\BaseConnection->simpleQuery('INSERT INTO `khm_obj_room` (`room_category_id`, `room_type_id`, `occupancy_id`) VALUES (NULL, NULL, NULL)')
 3 SYSTEMPATH\Database\BaseBuilder.php(2340): CodeIgniter\Database\BaseConnection->query('INSERT INTO `khm_obj_room` (`room_category_id`, `room_type_id`, `occupancy_id`) VALUES (:room_category_id:, :room_type_id:, :occupancy_id:)', [...], false)
 4 APPPATH\Controllers\Dashboard.php(67): CodeIgniter\Database\BaseBuilder->insert([...])
 5 SYSTEMPATH\CodeIgniter.php(933): App\Controllers\Dashboard->updateRoom()
 6 SYSTEMPATH\CodeIgniter.php(509): CodeIgniter\CodeIgniter->runController(Object(App\Controllers\Dashboard))
 7 SYSTEMPATH\CodeIgniter.php(355): CodeIgniter\CodeIgniter->handleRequest(null, Object(Config\Cache), false)
 8 SYSTEMPATH\Boot.php(334): CodeIgniter\CodeIgniter->run()
 9 SYSTEMPATH\Boot.php(67): CodeIgniter\Boot::runCodeIgniter(Object(CodeIgniter\CodeIgniter))
10 FCPATH\index.php(56): CodeIgniter\Boot::bootWeb(Object(Config\Paths))
CRITICAL - 2025-07-17 07:55:38 --> [Caused by] mysqli_sql_exception: Column 'room_type_id' cannot be null
in SYSTEMPATH\Database\MySQLi\Connection.php on line 312.
 1 SYSTEMPATH\Database\MySQLi\Connection.php(312): mysqli->query('INSERT INTO `khm_obj_room` (`room_category_id`, `room_type_id`, `occupancy_id`) VALUES (NULL, NULL, NULL)', 0)
 2 SYSTEMPATH\Database\BaseConnection.php(734): CodeIgniter\Database\MySQLi\Connection->execute('INSERT INTO `khm_obj_room` (`room_category_id`, `room_type_id`, `occupancy_id`) VALUES (NULL, NULL, NULL)')
 3 SYSTEMPATH\Database\BaseConnection.php(648): CodeIgniter\Database\BaseConnection->simpleQuery('INSERT INTO `khm_obj_room` (`room_category_id`, `room_type_id`, `occupancy_id`) VALUES (NULL, NULL, NULL)')
 4 SYSTEMPATH\Database\BaseBuilder.php(2340): CodeIgniter\Database\BaseConnection->query('INSERT INTO `khm_obj_room` (`room_category_id`, `room_type_id`, `occupancy_id`) VALUES (:room_category_id:, :room_type_id:, :occupancy_id:)', [...], false)
 5 APPPATH\Controllers\Dashboard.php(67): CodeIgniter\Database\BaseBuilder->insert([...])
 6 SYSTEMPATH\CodeIgniter.php(933): App\Controllers\Dashboard->updateRoom()
 7 SYSTEMPATH\CodeIgniter.php(509): CodeIgniter\CodeIgniter->runController(Object(App\Controllers\Dashboard))
 8 SYSTEMPATH\CodeIgniter.php(355): CodeIgniter\CodeIgniter->handleRequest(null, Object(Config\Cache), false)
 9 SYSTEMPATH\Boot.php(334): CodeIgniter\CodeIgniter->run()
10 SYSTEMPATH\Boot.php(67): CodeIgniter\Boot::runCodeIgniter(Object(CodeIgniter\CodeIgniter))
11 FCPATH\index.php(56): CodeIgniter\Boot::bootWeb(Object(Config\Paths))
ERROR - 2025-07-17 07:55:53 --> mysqli_sql_exception: Column 'object_id' cannot be null in C:\wamp64\www\khm\system\Database\MySQLi\Connection.php:312
Stack trace:
#0 C:\wamp64\www\khm\system\Database\MySQLi\Connection.php(312): mysqli->query('INSERT INTO `kh...', 0)
#1 C:\wamp64\www\khm\system\Database\BaseConnection.php(734): CodeIgniter\Database\MySQLi\Connection->execute('INSERT INTO `kh...')
#2 C:\wamp64\www\khm\system\Database\BaseConnection.php(648): CodeIgniter\Database\BaseConnection->simpleQuery('INSERT INTO `kh...')
#3 C:\wamp64\www\khm\system\Database\BaseBuilder.php(2340): CodeIgniter\Database\BaseConnection->query('INSERT INTO `kh...', Array, false)
#4 C:\wamp64\www\khm\app\Models\Dashboard_m.php(1472): CodeIgniter\Database\BaseBuilder->insert(Array)
#5 C:\wamp64\www\khm\app\Controllers\Dashboard.php(3175): App\Models\Dashboard_m->insert_room_basic_tariff(Array)
#6 C:\wamp64\www\khm\system\CodeIgniter.php(933): App\Controllers\Dashboard->addRoomfunction()
#7 C:\wamp64\www\khm\system\CodeIgniter.php(509): CodeIgniter\CodeIgniter->runController(Object(App\Controllers\Dashboard))
#8 C:\wamp64\www\khm\system\CodeIgniter.php(355): CodeIgniter\CodeIgniter->handleRequest(NULL, Object(Config\Cache), false)
#9 C:\wamp64\www\khm\system\Boot.php(334): CodeIgniter\CodeIgniter->run()
#10 C:\wamp64\www\khm\system\Boot.php(67): CodeIgniter\Boot::runCodeIgniter(Object(CodeIgniter\CodeIgniter))
#11 C:\wamp64\www\khm\public\index.php(56): CodeIgniter\Boot::bootWeb(Object(Config\Paths))
#12 {main}
CRITICAL - 2025-07-17 07:55:53 --> CodeIgniter\Database\Exceptions\DatabaseException: Column 'object_id' cannot be null
[Method: GET, Route: Dashboard/addRoomfunction]
in SYSTEMPATH\Database\BaseConnection.php on line 688.
 1 SYSTEMPATH\Database\BaseBuilder.php(2340): CodeIgniter\Database\BaseConnection->query('INSERT INTO `khm_obj_room` (`object_id`, `room_category_id`, `room_type_id`, `occupancy_id`, `enterprise_id`) VALUES (:object_id:, :room_category_id:, :room_type_id:, :occupancy_id:, :enterprise_id:)', [...], false)
 2 APPPATH\Models\Dashboard_m.php(1472): CodeIgniter\Database\BaseBuilder->insert([...])
 3 APPPATH\Controllers\Dashboard.php(3175): App\Models\Dashboard_m->insert_room_basic_tariff([...])
 4 SYSTEMPATH\CodeIgniter.php(933): App\Controllers\Dashboard->addRoomfunction()
 5 SYSTEMPATH\CodeIgniter.php(509): CodeIgniter\CodeIgniter->runController(Object(App\Controllers\Dashboard))
 6 SYSTEMPATH\CodeIgniter.php(355): CodeIgniter\CodeIgniter->handleRequest(null, Object(Config\Cache), false)
 7 SYSTEMPATH\Boot.php(334): CodeIgniter\CodeIgniter->run()
 8 SYSTEMPATH\Boot.php(67): CodeIgniter\Boot::runCodeIgniter(Object(CodeIgniter\CodeIgniter))
 9 FCPATH\index.php(56): CodeIgniter\Boot::bootWeb(Object(Config\Paths))
CRITICAL - 2025-07-17 07:55:53 --> [Caused by] CodeIgniter\Database\Exceptions\DatabaseException: Column 'object_id' cannot be null
in SYSTEMPATH\Database\MySQLi\Connection.php on line 317.
 1 SYSTEMPATH\Database\BaseConnection.php(734): CodeIgniter\Database\MySQLi\Connection->execute('INSERT INTO `khm_obj_room` (`object_id`, `room_category_id`, `room_type_id`, `occupancy_id`, `enterprise_id`) VALUES (NULL, NULL, NULL, NULL, 1)')
 2 SYSTEMPATH\Database\BaseConnection.php(648): CodeIgniter\Database\BaseConnection->simpleQuery('INSERT INTO `khm_obj_room` (`object_id`, `room_category_id`, `room_type_id`, `occupancy_id`, `enterprise_id`) VALUES (NULL, NULL, NULL, NULL, 1)')
 3 SYSTEMPATH\Database\BaseBuilder.php(2340): CodeIgniter\Database\BaseConnection->query('INSERT INTO `khm_obj_room` (`object_id`, `room_category_id`, `room_type_id`, `occupancy_id`, `enterprise_id`) VALUES (:object_id:, :room_category_id:, :room_type_id:, :occupancy_id:, :enterprise_id:)', [...], false)
 4 APPPATH\Models\Dashboard_m.php(1472): CodeIgniter\Database\BaseBuilder->insert([...])
 5 APPPATH\Controllers\Dashboard.php(3175): App\Models\Dashboard_m->insert_room_basic_tariff([...])
 6 SYSTEMPATH\CodeIgniter.php(933): App\Controllers\Dashboard->addRoomfunction()
 7 SYSTEMPATH\CodeIgniter.php(509): CodeIgniter\CodeIgniter->runController(Object(App\Controllers\Dashboard))
 8 SYSTEMPATH\CodeIgniter.php(355): CodeIgniter\CodeIgniter->handleRequest(null, Object(Config\Cache), false)
 9 SYSTEMPATH\Boot.php(334): CodeIgniter\CodeIgniter->run()
10 SYSTEMPATH\Boot.php(67): CodeIgniter\Boot::runCodeIgniter(Object(CodeIgniter\CodeIgniter))
11 FCPATH\index.php(56): CodeIgniter\Boot::bootWeb(Object(Config\Paths))
CRITICAL - 2025-07-17 07:55:53 --> [Caused by] mysqli_sql_exception: Column 'object_id' cannot be null
in SYSTEMPATH\Database\MySQLi\Connection.php on line 312.
 1 SYSTEMPATH\Database\MySQLi\Connection.php(312): mysqli->query('INSERT INTO `khm_obj_room` (`object_id`, `room_category_id`, `room_type_id`, `occupancy_id`, `enterprise_id`) VALUES (NULL, NULL, NULL, NULL, 1)', 0)
 2 SYSTEMPATH\Database\BaseConnection.php(734): CodeIgniter\Database\MySQLi\Connection->execute('INSERT INTO `khm_obj_room` (`object_id`, `room_category_id`, `room_type_id`, `occupancy_id`, `enterprise_id`) VALUES (NULL, NULL, NULL, NULL, 1)')
 3 SYSTEMPATH\Database\BaseConnection.php(648): CodeIgniter\Database\BaseConnection->simpleQuery('INSERT INTO `khm_obj_room` (`object_id`, `room_category_id`, `room_type_id`, `occupancy_id`, `enterprise_id`) VALUES (NULL, NULL, NULL, NULL, 1)')
 4 SYSTEMPATH\Database\BaseBuilder.php(2340): CodeIgniter\Database\BaseConnection->query('INSERT INTO `khm_obj_room` (`object_id`, `room_category_id`, `room_type_id`, `occupancy_id`, `enterprise_id`) VALUES (:object_id:, :room_category_id:, :room_type_id:, :occupancy_id:, :enterprise_id:)', [...], false)
 5 APPPATH\Models\Dashboard_m.php(1472): CodeIgniter\Database\BaseBuilder->insert([...])
 6 APPPATH\Controllers\Dashboard.php(3175): App\Models\Dashboard_m->insert_room_basic_tariff([...])
 7 SYSTEMPATH\CodeIgniter.php(933): App\Controllers\Dashboard->addRoomfunction()
 8 SYSTEMPATH\CodeIgniter.php(509): CodeIgniter\CodeIgniter->runController(Object(App\Controllers\Dashboard))
 9 SYSTEMPATH\CodeIgniter.php(355): CodeIgniter\CodeIgniter->handleRequest(null, Object(Config\Cache), false)
10 SYSTEMPATH\Boot.php(334): CodeIgniter\CodeIgniter->run()
11 SYSTEMPATH\Boot.php(67): CodeIgniter\Boot::runCodeIgniter(Object(CodeIgniter\CodeIgniter))
12 FCPATH\index.php(56): CodeIgniter\Boot::bootWeb(Object(Config\Paths))
ERROR - 2025-07-17 07:56:17 --> mysqli_sql_exception: Column 'room_type_id' cannot be null in C:\wamp64\www\khm\system\Database\MySQLi\Connection.php:312
Stack trace:
#0 C:\wamp64\www\khm\system\Database\MySQLi\Connection.php(312): mysqli->query('INSERT INTO `kh...', 0)
#1 C:\wamp64\www\khm\system\Database\BaseConnection.php(734): CodeIgniter\Database\MySQLi\Connection->execute('INSERT INTO `kh...')
#2 C:\wamp64\www\khm\system\Database\BaseConnection.php(648): CodeIgniter\Database\BaseConnection->simpleQuery('INSERT INTO `kh...')
#3 C:\wamp64\www\khm\system\Database\BaseBuilder.php(2340): CodeIgniter\Database\BaseConnection->query('INSERT INTO `kh...', Array, false)
#4 C:\wamp64\www\khm\app\Controllers\Dashboard.php(67): CodeIgniter\Database\BaseBuilder->insert(Array)
#5 C:\wamp64\www\khm\system\CodeIgniter.php(933): App\Controllers\Dashboard->updateRoom()
#6 C:\wamp64\www\khm\system\CodeIgniter.php(509): CodeIgniter\CodeIgniter->runController(Object(App\Controllers\Dashboard))
#7 C:\wamp64\www\khm\system\CodeIgniter.php(355): CodeIgniter\CodeIgniter->handleRequest(NULL, Object(Config\Cache), false)
#8 C:\wamp64\www\khm\system\Boot.php(334): CodeIgniter\CodeIgniter->run()
#9 C:\wamp64\www\khm\system\Boot.php(67): CodeIgniter\Boot::runCodeIgniter(Object(CodeIgniter\CodeIgniter))
#10 C:\wamp64\www\khm\public\index.php(56): CodeIgniter\Boot::bootWeb(Object(Config\Paths))
#11 {main}
CRITICAL - 2025-07-17 07:56:17 --> CodeIgniter\Database\Exceptions\DatabaseException: Column 'room_type_id' cannot be null
[Method: GET, Route: Dashboard/updateRoom]
in SYSTEMPATH\Database\BaseConnection.php on line 688.
 1 SYSTEMPATH\Database\BaseBuilder.php(2340): CodeIgniter\Database\BaseConnection->query('INSERT INTO `khm_obj_room` (`room_category_id`, `room_type_id`, `occupancy_id`) VALUES (:room_category_id:, :room_type_id:, :occupancy_id:)', [...], false)
 2 APPPATH\Controllers\Dashboard.php(67): CodeIgniter\Database\BaseBuilder->insert([...])
 3 SYSTEMPATH\CodeIgniter.php(933): App\Controllers\Dashboard->updateRoom()
 4 SYSTEMPATH\CodeIgniter.php(509): CodeIgniter\CodeIgniter->runController(Object(App\Controllers\Dashboard))
 5 SYSTEMPATH\CodeIgniter.php(355): CodeIgniter\CodeIgniter->handleRequest(null, Object(Config\Cache), false)
 6 SYSTEMPATH\Boot.php(334): CodeIgniter\CodeIgniter->run()
 7 SYSTEMPATH\Boot.php(67): CodeIgniter\Boot::runCodeIgniter(Object(CodeIgniter\CodeIgniter))
 8 FCPATH\index.php(56): CodeIgniter\Boot::bootWeb(Object(Config\Paths))
CRITICAL - 2025-07-17 07:56:17 --> [Caused by] CodeIgniter\Database\Exceptions\DatabaseException: Column 'room_type_id' cannot be null
in SYSTEMPATH\Database\MySQLi\Connection.php on line 317.
 1 SYSTEMPATH\Database\BaseConnection.php(734): CodeIgniter\Database\MySQLi\Connection->execute('INSERT INTO `khm_obj_room` (`room_category_id`, `room_type_id`, `occupancy_id`) VALUES (NULL, NULL, NULL)')
 2 SYSTEMPATH\Database\BaseConnection.php(648): CodeIgniter\Database\BaseConnection->simpleQuery('INSERT INTO `khm_obj_room` (`room_category_id`, `room_type_id`, `occupancy_id`) VALUES (NULL, NULL, NULL)')
 3 SYSTEMPATH\Database\BaseBuilder.php(2340): CodeIgniter\Database\BaseConnection->query('INSERT INTO `khm_obj_room` (`room_category_id`, `room_type_id`, `occupancy_id`) VALUES (:room_category_id:, :room_type_id:, :occupancy_id:)', [...], false)
 4 APPPATH\Controllers\Dashboard.php(67): CodeIgniter\Database\BaseBuilder->insert([...])
 5 SYSTEMPATH\CodeIgniter.php(933): App\Controllers\Dashboard->updateRoom()
 6 SYSTEMPATH\CodeIgniter.php(509): CodeIgniter\CodeIgniter->runController(Object(App\Controllers\Dashboard))
 7 SYSTEMPATH\CodeIgniter.php(355): CodeIgniter\CodeIgniter->handleRequest(null, Object(Config\Cache), false)
 8 SYSTEMPATH\Boot.php(334): CodeIgniter\CodeIgniter->run()
 9 SYSTEMPATH\Boot.php(67): CodeIgniter\Boot::runCodeIgniter(Object(CodeIgniter\CodeIgniter))
10 FCPATH\index.php(56): CodeIgniter\Boot::bootWeb(Object(Config\Paths))
CRITICAL - 2025-07-17 07:56:17 --> [Caused by] mysqli_sql_exception: Column 'room_type_id' cannot be null
in SYSTEMPATH\Database\MySQLi\Connection.php on line 312.
 1 SYSTEMPATH\Database\MySQLi\Connection.php(312): mysqli->query('INSERT INTO `khm_obj_room` (`room_category_id`, `room_type_id`, `occupancy_id`) VALUES (NULL, NULL, NULL)', 0)
 2 SYSTEMPATH\Database\BaseConnection.php(734): CodeIgniter\Database\MySQLi\Connection->execute('INSERT INTO `khm_obj_room` (`room_category_id`, `room_type_id`, `occupancy_id`) VALUES (NULL, NULL, NULL)')
 3 SYSTEMPATH\Database\BaseConnection.php(648): CodeIgniter\Database\BaseConnection->simpleQuery('INSERT INTO `khm_obj_room` (`room_category_id`, `room_type_id`, `occupancy_id`) VALUES (NULL, NULL, NULL)')
 4 SYSTEMPATH\Database\BaseBuilder.php(2340): CodeIgniter\Database\BaseConnection->query('INSERT INTO `khm_obj_room` (`room_category_id`, `room_type_id`, `occupancy_id`) VALUES (:room_category_id:, :room_type_id:, :occupancy_id:)', [...], false)
 5 APPPATH\Controllers\Dashboard.php(67): CodeIgniter\Database\BaseBuilder->insert([...])
 6 SYSTEMPATH\CodeIgniter.php(933): App\Controllers\Dashboard->updateRoom()
 7 SYSTEMPATH\CodeIgniter.php(509): CodeIgniter\CodeIgniter->runController(Object(App\Controllers\Dashboard))
 8 SYSTEMPATH\CodeIgniter.php(355): CodeIgniter\CodeIgniter->handleRequest(null, Object(Config\Cache), false)
 9 SYSTEMPATH\Boot.php(334): CodeIgniter\CodeIgniter->run()
10 SYSTEMPATH\Boot.php(67): CodeIgniter\Boot::runCodeIgniter(Object(CodeIgniter\CodeIgniter))
11 FCPATH\index.php(56): CodeIgniter\Boot::bootWeb(Object(Config\Paths))
ERROR - 2025-07-17 07:56:53 --> mysqli_sql_exception: Column 'room_type_id' cannot be null in C:\wamp64\www\khm\system\Database\MySQLi\Connection.php:312
Stack trace:
#0 C:\wamp64\www\khm\system\Database\MySQLi\Connection.php(312): mysqli->query('INSERT INTO `kh...', 0)
#1 C:\wamp64\www\khm\system\Database\BaseConnection.php(734): CodeIgniter\Database\MySQLi\Connection->execute('INSERT INTO `kh...')
#2 C:\wamp64\www\khm\system\Database\BaseConnection.php(648): CodeIgniter\Database\BaseConnection->simpleQuery('INSERT INTO `kh...')
#3 C:\wamp64\www\khm\system\Database\BaseBuilder.php(2340): CodeIgniter\Database\BaseConnection->query('INSERT INTO `kh...', Array, false)
#4 C:\wamp64\www\khm\app\Controllers\Dashboard.php(67): CodeIgniter\Database\BaseBuilder->insert(Array)
#5 C:\wamp64\www\khm\system\CodeIgniter.php(933): App\Controllers\Dashboard->updateRoom()
#6 C:\wamp64\www\khm\system\CodeIgniter.php(509): CodeIgniter\CodeIgniter->runController(Object(App\Controllers\Dashboard))
#7 C:\wamp64\www\khm\system\CodeIgniter.php(355): CodeIgniter\CodeIgniter->handleRequest(NULL, Object(Config\Cache), false)
#8 C:\wamp64\www\khm\system\Boot.php(334): CodeIgniter\CodeIgniter->run()
#9 C:\wamp64\www\khm\system\Boot.php(67): CodeIgniter\Boot::runCodeIgniter(Object(CodeIgniter\CodeIgniter))
#10 C:\wamp64\www\khm\public\index.php(56): CodeIgniter\Boot::bootWeb(Object(Config\Paths))
#11 {main}
CRITICAL - 2025-07-17 07:56:53 --> CodeIgniter\Database\Exceptions\DatabaseException: Column 'room_type_id' cannot be null
[Method: GET, Route: Dashboard/updateRoom]
in SYSTEMPATH\Database\BaseConnection.php on line 688.
 1 SYSTEMPATH\Database\BaseBuilder.php(2340): CodeIgniter\Database\BaseConnection->query('INSERT INTO `khm_obj_room` (`room_category_id`, `room_type_id`, `occupancy_id`) VALUES (:room_category_id:, :room_type_id:, :occupancy_id:)', [...], false)
 2 APPPATH\Controllers\Dashboard.php(67): CodeIgniter\Database\BaseBuilder->insert([...])
 3 SYSTEMPATH\CodeIgniter.php(933): App\Controllers\Dashboard->updateRoom()
 4 SYSTEMPATH\CodeIgniter.php(509): CodeIgniter\CodeIgniter->runController(Object(App\Controllers\Dashboard))
 5 SYSTEMPATH\CodeIgniter.php(355): CodeIgniter\CodeIgniter->handleRequest(null, Object(Config\Cache), false)
 6 SYSTEMPATH\Boot.php(334): CodeIgniter\CodeIgniter->run()
 7 SYSTEMPATH\Boot.php(67): CodeIgniter\Boot::runCodeIgniter(Object(CodeIgniter\CodeIgniter))
 8 FCPATH\index.php(56): CodeIgniter\Boot::bootWeb(Object(Config\Paths))
CRITICAL - 2025-07-17 07:56:53 --> [Caused by] CodeIgniter\Database\Exceptions\DatabaseException: Column 'room_type_id' cannot be null
in SYSTEMPATH\Database\MySQLi\Connection.php on line 317.
 1 SYSTEMPATH\Database\BaseConnection.php(734): CodeIgniter\Database\MySQLi\Connection->execute('INSERT INTO `khm_obj_room` (`room_category_id`, `room_type_id`, `occupancy_id`) VALUES (NULL, NULL, NULL)')
 2 SYSTEMPATH\Database\BaseConnection.php(648): CodeIgniter\Database\BaseConnection->simpleQuery('INSERT INTO `khm_obj_room` (`room_category_id`, `room_type_id`, `occupancy_id`) VALUES (NULL, NULL, NULL)')
 3 SYSTEMPATH\Database\BaseBuilder.php(2340): CodeIgniter\Database\BaseConnection->query('INSERT INTO `khm_obj_room` (`room_category_id`, `room_type_id`, `occupancy_id`) VALUES (:room_category_id:, :room_type_id:, :occupancy_id:)', [...], false)
 4 APPPATH\Controllers\Dashboard.php(67): CodeIgniter\Database\BaseBuilder->insert([...])
 5 SYSTEMPATH\CodeIgniter.php(933): App\Controllers\Dashboard->updateRoom()
 6 SYSTEMPATH\CodeIgniter.php(509): CodeIgniter\CodeIgniter->runController(Object(App\Controllers\Dashboard))
 7 SYSTEMPATH\CodeIgniter.php(355): CodeIgniter\CodeIgniter->handleRequest(null, Object(Config\Cache), false)
 8 SYSTEMPATH\Boot.php(334): CodeIgniter\CodeIgniter->run()
 9 SYSTEMPATH\Boot.php(67): CodeIgniter\Boot::runCodeIgniter(Object(CodeIgniter\CodeIgniter))
10 FCPATH\index.php(56): CodeIgniter\Boot::bootWeb(Object(Config\Paths))
CRITICAL - 2025-07-17 07:56:53 --> [Caused by] mysqli_sql_exception: Column 'room_type_id' cannot be null
in SYSTEMPATH\Database\MySQLi\Connection.php on line 312.
 1 SYSTEMPATH\Database\MySQLi\Connection.php(312): mysqli->query('INSERT INTO `khm_obj_room` (`room_category_id`, `room_type_id`, `occupancy_id`) VALUES (NULL, NULL, NULL)', 0)
 2 SYSTEMPATH\Database\BaseConnection.php(734): CodeIgniter\Database\MySQLi\Connection->execute('INSERT INTO `khm_obj_room` (`room_category_id`, `room_type_id`, `occupancy_id`) VALUES (NULL, NULL, NULL)')
 3 SYSTEMPATH\Database\BaseConnection.php(648): CodeIgniter\Database\BaseConnection->simpleQuery('INSERT INTO `khm_obj_room` (`room_category_id`, `room_type_id`, `occupancy_id`) VALUES (NULL, NULL, NULL)')
 4 SYSTEMPATH\Database\BaseBuilder.php(2340): CodeIgniter\Database\BaseConnection->query('INSERT INTO `khm_obj_room` (`room_category_id`, `room_type_id`, `occupancy_id`) VALUES (:room_category_id:, :room_type_id:, :occupancy_id:)', [...], false)
 5 APPPATH\Controllers\Dashboard.php(67): CodeIgniter\Database\BaseBuilder->insert([...])
 6 SYSTEMPATH\CodeIgniter.php(933): App\Controllers\Dashboard->updateRoom()
 7 SYSTEMPATH\CodeIgniter.php(509): CodeIgniter\CodeIgniter->runController(Object(App\Controllers\Dashboard))
 8 SYSTEMPATH\CodeIgniter.php(355): CodeIgniter\CodeIgniter->handleRequest(null, Object(Config\Cache), false)
 9 SYSTEMPATH\Boot.php(334): CodeIgniter\CodeIgniter->run()
10 SYSTEMPATH\Boot.php(67): CodeIgniter\Boot::runCodeIgniter(Object(CodeIgniter\CodeIgniter))
11 FCPATH\index.php(56): CodeIgniter\Boot::bootWeb(Object(Config\Paths))
ERROR - 2025-07-17 07:56:59 --> mysqli_sql_exception: Column 'object_id' cannot be null in C:\wamp64\www\khm\system\Database\MySQLi\Connection.php:312
Stack trace:
#0 C:\wamp64\www\khm\system\Database\MySQLi\Connection.php(312): mysqli->query('INSERT INTO `kh...', 0)
#1 C:\wamp64\www\khm\system\Database\BaseConnection.php(734): CodeIgniter\Database\MySQLi\Connection->execute('INSERT INTO `kh...')
#2 C:\wamp64\www\khm\system\Database\BaseConnection.php(648): CodeIgniter\Database\BaseConnection->simpleQuery('INSERT INTO `kh...')
#3 C:\wamp64\www\khm\system\Database\BaseBuilder.php(2340): CodeIgniter\Database\BaseConnection->query('INSERT INTO `kh...', Array, false)
#4 C:\wamp64\www\khm\app\Models\Dashboard_m.php(1472): CodeIgniter\Database\BaseBuilder->insert(Array)
#5 C:\wamp64\www\khm\app\Controllers\Dashboard.php(3175): App\Models\Dashboard_m->insert_room_basic_tariff(Array)
#6 C:\wamp64\www\khm\system\CodeIgniter.php(933): App\Controllers\Dashboard->addRoomfunction()
#7 C:\wamp64\www\khm\system\CodeIgniter.php(509): CodeIgniter\CodeIgniter->runController(Object(App\Controllers\Dashboard))
#8 C:\wamp64\www\khm\system\CodeIgniter.php(355): CodeIgniter\CodeIgniter->handleRequest(NULL, Object(Config\Cache), false)
#9 C:\wamp64\www\khm\system\Boot.php(334): CodeIgniter\CodeIgniter->run()
#10 C:\wamp64\www\khm\system\Boot.php(67): CodeIgniter\Boot::runCodeIgniter(Object(CodeIgniter\CodeIgniter))
#11 C:\wamp64\www\khm\public\index.php(56): CodeIgniter\Boot::bootWeb(Object(Config\Paths))
#12 {main}
CRITICAL - 2025-07-17 07:56:59 --> CodeIgniter\Database\Exceptions\DatabaseException: Column 'object_id' cannot be null
[Method: GET, Route: Dashboard/addRoomfunction]
in SYSTEMPATH\Database\BaseConnection.php on line 688.
 1 SYSTEMPATH\Database\BaseBuilder.php(2340): CodeIgniter\Database\BaseConnection->query('INSERT INTO `khm_obj_room` (`object_id`, `room_category_id`, `room_type_id`, `occupancy_id`, `enterprise_id`) VALUES (:object_id:, :room_category_id:, :room_type_id:, :occupancy_id:, :enterprise_id:)', [...], false)
 2 APPPATH\Models\Dashboard_m.php(1472): CodeIgniter\Database\BaseBuilder->insert([...])
 3 APPPATH\Controllers\Dashboard.php(3175): App\Models\Dashboard_m->insert_room_basic_tariff([...])
 4 SYSTEMPATH\CodeIgniter.php(933): App\Controllers\Dashboard->addRoomfunction()
 5 SYSTEMPATH\CodeIgniter.php(509): CodeIgniter\CodeIgniter->runController(Object(App\Controllers\Dashboard))
 6 SYSTEMPATH\CodeIgniter.php(355): CodeIgniter\CodeIgniter->handleRequest(null, Object(Config\Cache), false)
 7 SYSTEMPATH\Boot.php(334): CodeIgniter\CodeIgniter->run()
 8 SYSTEMPATH\Boot.php(67): CodeIgniter\Boot::runCodeIgniter(Object(CodeIgniter\CodeIgniter))
 9 FCPATH\index.php(56): CodeIgniter\Boot::bootWeb(Object(Config\Paths))
CRITICAL - 2025-07-17 07:56:59 --> [Caused by] CodeIgniter\Database\Exceptions\DatabaseException: Column 'object_id' cannot be null
in SYSTEMPATH\Database\MySQLi\Connection.php on line 317.
 1 SYSTEMPATH\Database\BaseConnection.php(734): CodeIgniter\Database\MySQLi\Connection->execute('INSERT INTO `khm_obj_room` (`object_id`, `room_category_id`, `room_type_id`, `occupancy_id`, `enterprise_id`) VALUES (NULL, NULL, NULL, NULL, 1)')
 2 SYSTEMPATH\Database\BaseConnection.php(648): CodeIgniter\Database\BaseConnection->simpleQuery('INSERT INTO `khm_obj_room` (`object_id`, `room_category_id`, `room_type_id`, `occupancy_id`, `enterprise_id`) VALUES (NULL, NULL, NULL, NULL, 1)')
 3 SYSTEMPATH\Database\BaseBuilder.php(2340): CodeIgniter\Database\BaseConnection->query('INSERT INTO `khm_obj_room` (`object_id`, `room_category_id`, `room_type_id`, `occupancy_id`, `enterprise_id`) VALUES (:object_id:, :room_category_id:, :room_type_id:, :occupancy_id:, :enterprise_id:)', [...], false)
 4 APPPATH\Models\Dashboard_m.php(1472): CodeIgniter\Database\BaseBuilder->insert([...])
 5 APPPATH\Controllers\Dashboard.php(3175): App\Models\Dashboard_m->insert_room_basic_tariff([...])
 6 SYSTEMPATH\CodeIgniter.php(933): App\Controllers\Dashboard->addRoomfunction()
 7 SYSTEMPATH\CodeIgniter.php(509): CodeIgniter\CodeIgniter->runController(Object(App\Controllers\Dashboard))
 8 SYSTEMPATH\CodeIgniter.php(355): CodeIgniter\CodeIgniter->handleRequest(null, Object(Config\Cache), false)
 9 SYSTEMPATH\Boot.php(334): CodeIgniter\CodeIgniter->run()
10 SYSTEMPATH\Boot.php(67): CodeIgniter\Boot::runCodeIgniter(Object(CodeIgniter\CodeIgniter))
11 FCPATH\index.php(56): CodeIgniter\Boot::bootWeb(Object(Config\Paths))
CRITICAL - 2025-07-17 07:56:59 --> [Caused by] mysqli_sql_exception: Column 'object_id' cannot be null
in SYSTEMPATH\Database\MySQLi\Connection.php on line 312.
 1 SYSTEMPATH\Database\MySQLi\Connection.php(312): mysqli->query('INSERT INTO `khm_obj_room` (`object_id`, `room_category_id`, `room_type_id`, `occupancy_id`, `enterprise_id`) VALUES (NULL, NULL, NULL, NULL, 1)', 0)
 2 SYSTEMPATH\Database\BaseConnection.php(734): CodeIgniter\Database\MySQLi\Connection->execute('INSERT INTO `khm_obj_room` (`object_id`, `room_category_id`, `room_type_id`, `occupancy_id`, `enterprise_id`) VALUES (NULL, NULL, NULL, NULL, 1)')
 3 SYSTEMPATH\Database\BaseConnection.php(648): CodeIgniter\Database\BaseConnection->simpleQuery('INSERT INTO `khm_obj_room` (`object_id`, `room_category_id`, `room_type_id`, `occupancy_id`, `enterprise_id`) VALUES (NULL, NULL, NULL, NULL, 1)')
 4 SYSTEMPATH\Database\BaseBuilder.php(2340): CodeIgniter\Database\BaseConnection->query('INSERT INTO `khm_obj_room` (`object_id`, `room_category_id`, `room_type_id`, `occupancy_id`, `enterprise_id`) VALUES (:object_id:, :room_category_id:, :room_type_id:, :occupancy_id:, :enterprise_id:)', [...], false)
 5 APPPATH\Models\Dashboard_m.php(1472): CodeIgniter\Database\BaseBuilder->insert([...])
 6 APPPATH\Controllers\Dashboard.php(3175): App\Models\Dashboard_m->insert_room_basic_tariff([...])
 7 SYSTEMPATH\CodeIgniter.php(933): App\Controllers\Dashboard->addRoomfunction()
 8 SYSTEMPATH\CodeIgniter.php(509): CodeIgniter\CodeIgniter->runController(Object(App\Controllers\Dashboard))
 9 SYSTEMPATH\CodeIgniter.php(355): CodeIgniter\CodeIgniter->handleRequest(null, Object(Config\Cache), false)
10 SYSTEMPATH\Boot.php(334): CodeIgniter\CodeIgniter->run()
11 SYSTEMPATH\Boot.php(67): CodeIgniter\Boot::runCodeIgniter(Object(CodeIgniter\CodeIgniter))
12 FCPATH\index.php(56): CodeIgniter\Boot::bootWeb(Object(Config\Paths))
CRITICAL - 2025-07-17 10:39:08 --> ErrorException: Undefined array key "draw"
[Method: POST, Route: Dashboard/rc_list_view]
in APPPATH\Models\Dashboard_m.php on line 2297.
 1 APPPATH\Models\Dashboard_m.php(2297): CodeIgniter\Debug\Exceptions->errorHandler(2, 'Undefined array key "draw"', 'C:\\wamp64\\www\\khm\\app\\Models\\Dashboard_m.php', 2297)
 2 APPPATH\Controllers\Dashboard.php(4346): App\Models\Dashboard_m->rc_list_view([...])
 3 SYSTEMPATH\CodeIgniter.php(933): App\Controllers\Dashboard->rc_list_view()
 4 SYSTEMPATH\CodeIgniter.php(509): CodeIgniter\CodeIgniter->runController(Object(App\Controllers\Dashboard))
 5 SYSTEMPATH\CodeIgniter.php(355): CodeIgniter\CodeIgniter->handleRequest(null, Object(Config\Cache), false)
 6 SYSTEMPATH\Boot.php(334): CodeIgniter\CodeIgniter->run()
 7 SYSTEMPATH\Boot.php(67): CodeIgniter\Boot::runCodeIgniter(Object(CodeIgniter\CodeIgniter))
 8 FCPATH\index.php(56): CodeIgniter\Boot::bootWeb(Object(Config\Paths))
CRITICAL - 2025-07-17 10:39:11 --> ErrorException: Undefined array key "draw"
[Method: POST, Route: Dashboard/rc_list_view]
in APPPATH\Models\Dashboard_m.php on line 2297.
 1 APPPATH\Models\Dashboard_m.php(2297): CodeIgniter\Debug\Exceptions->errorHandler(2, 'Undefined array key "draw"', 'C:\\wamp64\\www\\khm\\app\\Models\\Dashboard_m.php', 2297)
 2 APPPATH\Controllers\Dashboard.php(4346): App\Models\Dashboard_m->rc_list_view([...])
 3 SYSTEMPATH\CodeIgniter.php(933): App\Controllers\Dashboard->rc_list_view()
 4 SYSTEMPATH\CodeIgniter.php(509): CodeIgniter\CodeIgniter->runController(Object(App\Controllers\Dashboard))
 5 SYSTEMPATH\CodeIgniter.php(355): CodeIgniter\CodeIgniter->handleRequest(null, Object(Config\Cache), false)
 6 SYSTEMPATH\Boot.php(334): CodeIgniter\CodeIgniter->run()
 7 SYSTEMPATH\Boot.php(67): CodeIgniter\Boot::runCodeIgniter(Object(CodeIgniter\CodeIgniter))
 8 FCPATH\index.php(56): CodeIgniter\Boot::bootWeb(Object(Config\Paths))
CRITICAL - 2025-07-17 10:39:13 --> ErrorException: Undefined array key "draw"
[Method: POST, Route: Dashboard/rc_list_view]
in APPPATH\Models\Dashboard_m.php on line 2297.
 1 APPPATH\Models\Dashboard_m.php(2297): CodeIgniter\Debug\Exceptions->errorHandler(2, 'Undefined array key "draw"', 'C:\\wamp64\\www\\khm\\app\\Models\\Dashboard_m.php', 2297)
 2 APPPATH\Controllers\Dashboard.php(4346): App\Models\Dashboard_m->rc_list_view([...])
 3 SYSTEMPATH\CodeIgniter.php(933): App\Controllers\Dashboard->rc_list_view()
 4 SYSTEMPATH\CodeIgniter.php(509): CodeIgniter\CodeIgniter->runController(Object(App\Controllers\Dashboard))
 5 SYSTEMPATH\CodeIgniter.php(355): CodeIgniter\CodeIgniter->handleRequest(null, Object(Config\Cache), false)
 6 SYSTEMPATH\Boot.php(334): CodeIgniter\CodeIgniter->run()
 7 SYSTEMPATH\Boot.php(67): CodeIgniter\Boot::runCodeIgniter(Object(CodeIgniter\CodeIgniter))
 8 FCPATH\index.php(56): CodeIgniter\Boot::bootWeb(Object(Config\Paths))
CRITICAL - 2025-07-17 10:40:34 --> ErrorException: Undefined array key "hd_room_category_id"
[Method: GET, Route: dashboard/view_tariff/707]
in APPPATH\Views\dashboard\tariff_generation.php on line 652.
 1 APPPATH\Views\dashboard\tariff_generation.php(652): CodeIgniter\Debug\Exceptions->errorHandler(2, 'Undefined array key "hd_room_category_id"', 'C:\\wamp64\\www\\khm\\app\\Views\\dashboard\\tariff_generation.php', 652)
 2 SYSTEMPATH\View\View.php(234): include('C:\\wamp64\\www\\khm\\app\\Views\\dashboard\\tariff_generation.php')
 3 SYSTEMPATH\View\View.php(237): CodeIgniter\View\View->CodeIgniter\View\{closure}()
 4 SYSTEMPATH\Common.php(1171): CodeIgniter\View\View->render('dashboard/tariff_generation', [], true)
 5 APPPATH\Controllers\Dashboard.php(506): view('dashboard/tariff_generation', [...])
 6 SYSTEMPATH\CodeIgniter.php(933): App\Controllers\Dashboard->view_tariff('707')
 7 SYSTEMPATH\CodeIgniter.php(509): CodeIgniter\CodeIgniter->runController(Object(App\Controllers\Dashboard))
 8 SYSTEMPATH\CodeIgniter.php(355): CodeIgniter\CodeIgniter->handleRequest(null, Object(Config\Cache), false)
 9 SYSTEMPATH\Boot.php(334): CodeIgniter\CodeIgniter->run()
10 SYSTEMPATH\Boot.php(67): CodeIgniter\Boot::runCodeIgniter(Object(CodeIgniter\CodeIgniter))
11 FCPATH\index.php(56): CodeIgniter\Boot::bootWeb(Object(Config\Paths))
CRITICAL - 2025-07-17 12:44:34 --> ErrorException: Undefined array key 0
[Method: GET, Route: Dashboard/add_object/assets/plugins/datatable/dataTables.bootstrap4.min.css]
in APPPATH\Controllers\Dashboard.php on line 1233.
 1 APPPATH\Controllers\Dashboard.php(1233): CodeIgniter\Debug\Exceptions->errorHandler(2, 'Undefined array key 0', 'C:\\wamp64\\www\\khm\\app\\Controllers\\Dashboard.php', 1233)
 2 SYSTEMPATH\CodeIgniter.php(933): App\Controllers\Dashboard->add_object('assets', 'plugins', 'datatable', 'dataTables.bootstrap4.min.css')
 3 SYSTEMPATH\CodeIgniter.php(509): CodeIgniter\CodeIgniter->runController(Object(App\Controllers\Dashboard))
 4 SYSTEMPATH\CodeIgniter.php(355): CodeIgniter\CodeIgniter->handleRequest(null, Object(Config\Cache), false)
 5 SYSTEMPATH\Boot.php(334): CodeIgniter\CodeIgniter->run()
 6 SYSTEMPATH\Boot.php(67): CodeIgniter\Boot::runCodeIgniter(Object(CodeIgniter\CodeIgniter))
 7 FCPATH\index.php(56): CodeIgniter\Boot::bootWeb(Object(Config\Paths))
CRITICAL - 2025-07-17 12:44:34 --> ErrorException: Undefined array key 0
[Method: GET, Route: Dashboard/add_object/assets/plugins/bootstrap-colorpicker/bootstrap-colorpicker.min.css]
in APPPATH\Controllers\Dashboard.php on line 1233.
 1 APPPATH\Controllers\Dashboard.php(1233): CodeIgniter\Debug\Exceptions->errorHandler(2, 'Undefined array key 0', 'C:\\wamp64\\www\\khm\\app\\Controllers\\Dashboard.php', 1233)
 2 SYSTEMPATH\CodeIgniter.php(933): App\Controllers\Dashboard->add_object('assets', 'plugins', 'bootstrap-colorpicker', 'bootstrap-colorpicker.min.css')
 3 SYSTEMPATH\CodeIgniter.php(509): CodeIgniter\CodeIgniter->runController(Object(App\Controllers\Dashboard))
 4 SYSTEMPATH\CodeIgniter.php(355): CodeIgniter\CodeIgniter->handleRequest(null, Object(Config\Cache), false)
 5 SYSTEMPATH\Boot.php(334): CodeIgniter\CodeIgniter->run()
 6 SYSTEMPATH\Boot.php(67): CodeIgniter\Boot::runCodeIgniter(Object(CodeIgniter\CodeIgniter))
 7 FCPATH\index.php(56): CodeIgniter\Boot::bootWeb(Object(Config\Paths))
CRITICAL - 2025-07-17 12:44:34 --> ErrorException: Undefined array key 0
[Method: GET, Route: Dashboard/add_object/assets/plugins/sidemenu-responsive-tabs/css/sidemenu-responsive-tabs.css]
in APPPATH\Controllers\Dashboard.php on line 1233.
 1 APPPATH\Controllers\Dashboard.php(1233): CodeIgniter\Debug\Exceptions->errorHandler(2, 'Undefined array key 0', 'C:\\wamp64\\www\\khm\\app\\Controllers\\Dashboard.php', 1233)
 2 SYSTEMPATH\CodeIgniter.php(933): App\Controllers\Dashboard->add_object('assets', 'plugins', 'sidemenu-responsive-tabs', 'css', 'sidemenu-responsive-tabs.css')
 3 SYSTEMPATH\CodeIgniter.php(509): CodeIgniter\CodeIgniter->runController(Object(App\Controllers\Dashboard))
 4 SYSTEMPATH\CodeIgniter.php(355): CodeIgniter\CodeIgniter->handleRequest(null, Object(Config\Cache), false)
 5 SYSTEMPATH\Boot.php(334): CodeIgniter\CodeIgniter->run()
 6 SYSTEMPATH\Boot.php(67): CodeIgniter\Boot::runCodeIgniter(Object(CodeIgniter\CodeIgniter))
 7 FCPATH\index.php(56): CodeIgniter\Boot::bootWeb(Object(Config\Paths))
CRITICAL - 2025-07-17 12:44:35 --> ErrorException: Undefined array key 0
[Method: GET, Route: Dashboard/add_object/assets/plugins/time-picker/jquery.timepicker.css]
in APPPATH\Controllers\Dashboard.php on line 1233.
 1 APPPATH\Controllers\Dashboard.php(1233): CodeIgniter\Debug\Exceptions->errorHandler(2, 'Undefined array key 0', 'C:\\wamp64\\www\\khm\\app\\Controllers\\Dashboard.php', 1233)
 2 SYSTEMPATH\CodeIgniter.php(933): App\Controllers\Dashboard->add_object('assets', 'plugins', 'time-picker', 'jquery.timepicker.css')
 3 SYSTEMPATH\CodeIgniter.php(509): CodeIgniter\CodeIgniter->runController(Object(App\Controllers\Dashboard))
 4 SYSTEMPATH\CodeIgniter.php(355): CodeIgniter\CodeIgniter->handleRequest(null, Object(Config\Cache), false)
 5 SYSTEMPATH\Boot.php(334): CodeIgniter\CodeIgniter->run()
 6 SYSTEMPATH\Boot.php(67): CodeIgniter\Boot::runCodeIgniter(Object(CodeIgniter\CodeIgniter))
 7 FCPATH\index.php(56): CodeIgniter\Boot::bootWeb(Object(Config\Paths))
CRITICAL - 2025-07-17 12:44:35 --> ErrorException: Undefined array key 0
[Method: GET, Route: Dashboard/add_object/assets/plugins/select2/select2.min.css]
in APPPATH\Controllers\Dashboard.php on line 1233.
 1 APPPATH\Controllers\Dashboard.php(1233): CodeIgniter\Debug\Exceptions->errorHandler(2, 'Undefined array key 0', 'C:\\wamp64\\www\\khm\\app\\Controllers\\Dashboard.php', 1233)
 2 SYSTEMPATH\CodeIgniter.php(933): App\Controllers\Dashboard->add_object('assets', 'plugins', 'select2', 'select2.min.css')
 3 SYSTEMPATH\CodeIgniter.php(509): CodeIgniter\CodeIgniter->runController(Object(App\Controllers\Dashboard))
 4 SYSTEMPATH\CodeIgniter.php(355): CodeIgniter\CodeIgniter->handleRequest(null, Object(Config\Cache), false)
 5 SYSTEMPATH\Boot.php(334): CodeIgniter\CodeIgniter->run()
 6 SYSTEMPATH\Boot.php(67): CodeIgniter\Boot::runCodeIgniter(Object(CodeIgniter\CodeIgniter))
 7 FCPATH\index.php(56): CodeIgniter\Boot::bootWeb(Object(Config\Paths))
CRITICAL - 2025-07-17 12:44:35 --> ErrorException: Undefined array key 0
[Method: GET, Route: Dashboard/add_object/assets/plugins/date-picker/date-picker.css]
in APPPATH\Controllers\Dashboard.php on line 1233.
 1 APPPATH\Controllers\Dashboard.php(1233): CodeIgniter\Debug\Exceptions->errorHandler(2, 'Undefined array key 0', 'C:\\wamp64\\www\\khm\\app\\Controllers\\Dashboard.php', 1233)
 2 SYSTEMPATH\CodeIgniter.php(933): App\Controllers\Dashboard->add_object('assets', 'plugins', 'date-picker', 'date-picker.css')
 3 SYSTEMPATH\CodeIgniter.php(509): CodeIgniter\CodeIgniter->runController(Object(App\Controllers\Dashboard))
 4 SYSTEMPATH\CodeIgniter.php(355): CodeIgniter\CodeIgniter->handleRequest(null, Object(Config\Cache), false)
 5 SYSTEMPATH\Boot.php(334): CodeIgniter\CodeIgniter->run()
 6 SYSTEMPATH\Boot.php(67): CodeIgniter\Boot::runCodeIgniter(Object(CodeIgniter\CodeIgniter))
 7 FCPATH\index.php(56): CodeIgniter\Boot::bootWeb(Object(Config\Paths))
CRITICAL - 2025-07-17 12:44:35 --> ErrorException: Undefined array key 0
[Method: GET, Route: Dashboard/add_object/assets/plugins/multipleselect/multiple-select.css]
in APPPATH\Controllers\Dashboard.php on line 1233.
 1 APPPATH\Controllers\Dashboard.php(1233): CodeIgniter\Debug\Exceptions->errorHandler(2, 'Undefined array key 0', 'C:\\wamp64\\www\\khm\\app\\Controllers\\Dashboard.php', 1233)
 2 SYSTEMPATH\CodeIgniter.php(933): App\Controllers\Dashboard->add_object('assets', 'plugins', 'multipleselect', 'multiple-select.css')
 3 SYSTEMPATH\CodeIgniter.php(509): CodeIgniter\CodeIgniter->runController(Object(App\Controllers\Dashboard))
 4 SYSTEMPATH\CodeIgniter.php(355): CodeIgniter\CodeIgniter->handleRequest(null, Object(Config\Cache), false)
 5 SYSTEMPATH\Boot.php(334): CodeIgniter\CodeIgniter->run()
 6 SYSTEMPATH\Boot.php(67): CodeIgniter\Boot::runCodeIgniter(Object(CodeIgniter\CodeIgniter))
 7 FCPATH\index.php(56): CodeIgniter\Boot::bootWeb(Object(Config\Paths))
CRITICAL - 2025-07-17 12:44:35 --> ErrorException: Undefined array key 0
[Method: GET, Route: Dashboard/add_object/assets/plugins/fileuploads/css/dropify.css]
in APPPATH\Controllers\Dashboard.php on line 1233.
 1 APPPATH\Controllers\Dashboard.php(1233): CodeIgniter\Debug\Exceptions->errorHandler(2, 'Undefined array key 0', 'C:\\wamp64\\www\\khm\\app\\Controllers\\Dashboard.php', 1233)
 2 SYSTEMPATH\CodeIgniter.php(933): App\Controllers\Dashboard->add_object('assets', 'plugins', 'fileuploads', 'css', 'dropify.css')
 3 SYSTEMPATH\CodeIgniter.php(509): CodeIgniter\CodeIgniter->runController(Object(App\Controllers\Dashboard))
 4 SYSTEMPATH\CodeIgniter.php(355): CodeIgniter\CodeIgniter->handleRequest(null, Object(Config\Cache), false)
 5 SYSTEMPATH\Boot.php(334): CodeIgniter\CodeIgniter->run()
 6 SYSTEMPATH\Boot.php(67): CodeIgniter\Boot::runCodeIgniter(Object(CodeIgniter\CodeIgniter))
 7 FCPATH\index.php(56): CodeIgniter\Boot::bootWeb(Object(Config\Paths))
CRITICAL - 2025-07-17 12:44:35 --> ErrorException: Undefined array key 0
[Method: GET, Route: Dashboard/add_object/assets/plugins/jquery-nice-select/css/nice-select.css]
in APPPATH\Controllers\Dashboard.php on line 1233.
 1 APPPATH\Controllers\Dashboard.php(1233): CodeIgniter\Debug\Exceptions->errorHandler(2, 'Undefined array key 0', 'C:\\wamp64\\www\\khm\\app\\Controllers\\Dashboard.php', 1233)
 2 SYSTEMPATH\CodeIgniter.php(933): App\Controllers\Dashboard->add_object('assets', 'plugins', 'jquery-nice-select', 'css', 'nice-select.css')
 3 SYSTEMPATH\CodeIgniter.php(509): CodeIgniter\CodeIgniter->runController(Object(App\Controllers\Dashboard))
 4 SYSTEMPATH\CodeIgniter.php(355): CodeIgniter\CodeIgniter->handleRequest(null, Object(Config\Cache), false)
 5 SYSTEMPATH\Boot.php(334): CodeIgniter\CodeIgniter->run()
 6 SYSTEMPATH\Boot.php(67): CodeIgniter\Boot::runCodeIgniter(Object(CodeIgniter\CodeIgniter))
 7 FCPATH\index.php(56): CodeIgniter\Boot::bootWeb(Object(Config\Paths))
CRITICAL - 2025-07-17 12:44:35 --> ErrorException: Undefined array key 0
[Method: GET, Route: Dashboard/add_object/assets/plugins/datatable/jquery.dataTables.min.js]
in APPPATH\Controllers\Dashboard.php on line 1233.
 1 APPPATH\Controllers\Dashboard.php(1233): CodeIgniter\Debug\Exceptions->errorHandler(2, 'Undefined array key 0', 'C:\\wamp64\\www\\khm\\app\\Controllers\\Dashboard.php', 1233)
 2 SYSTEMPATH\CodeIgniter.php(933): App\Controllers\Dashboard->add_object('assets', 'plugins', 'datatable', 'jquery.dataTables.min.js')
 3 SYSTEMPATH\CodeIgniter.php(509): CodeIgniter\CodeIgniter->runController(Object(App\Controllers\Dashboard))
 4 SYSTEMPATH\CodeIgniter.php(355): CodeIgniter\CodeIgniter->handleRequest(null, Object(Config\Cache), false)
 5 SYSTEMPATH\Boot.php(334): CodeIgniter\CodeIgniter->run()
 6 SYSTEMPATH\Boot.php(67): CodeIgniter\Boot::runCodeIgniter(Object(CodeIgniter\CodeIgniter))
 7 FCPATH\index.php(56): CodeIgniter\Boot::bootWeb(Object(Config\Paths))
CRITICAL - 2025-07-17 12:44:35 --> ErrorException: Undefined array key 0
[Method: GET, Route: Dashboard/add_object/assets/plugins/datatable/dataTables.bootstrap4.min.js]
in APPPATH\Controllers\Dashboard.php on line 1233.
 1 APPPATH\Controllers\Dashboard.php(1233): CodeIgniter\Debug\Exceptions->errorHandler(2, 'Undefined array key 0', 'C:\\wamp64\\www\\khm\\app\\Controllers\\Dashboard.php', 1233)
 2 SYSTEMPATH\CodeIgniter.php(933): App\Controllers\Dashboard->add_object('assets', 'plugins', 'datatable', 'dataTables.bootstrap4.min.js')
 3 SYSTEMPATH\CodeIgniter.php(509): CodeIgniter\CodeIgniter->runController(Object(App\Controllers\Dashboard))
 4 SYSTEMPATH\CodeIgniter.php(355): CodeIgniter\CodeIgniter->handleRequest(null, Object(Config\Cache), false)
 5 SYSTEMPATH\Boot.php(334): CodeIgniter\CodeIgniter->run()
 6 SYSTEMPATH\Boot.php(67): CodeIgniter\Boot::runCodeIgniter(Object(CodeIgniter\CodeIgniter))
 7 FCPATH\index.php(56): CodeIgniter\Boot::bootWeb(Object(Config\Paths))
CRITICAL - 2025-07-17 12:44:35 --> ErrorException: Undefined array key 0
[Method: GET, Route: Dashboard/add_object/assets/plugins/datatable/datatable.js]
in APPPATH\Controllers\Dashboard.php on line 1233.
 1 APPPATH\Controllers\Dashboard.php(1233): CodeIgniter\Debug\Exceptions->errorHandler(2, 'Undefined array key 0', 'C:\\wamp64\\www\\khm\\app\\Controllers\\Dashboard.php', 1233)
 2 SYSTEMPATH\CodeIgniter.php(933): App\Controllers\Dashboard->add_object('assets', 'plugins', 'datatable', 'datatable.js')
 3 SYSTEMPATH\CodeIgniter.php(509): CodeIgniter\CodeIgniter->runController(Object(App\Controllers\Dashboard))
 4 SYSTEMPATH\CodeIgniter.php(355): CodeIgniter\CodeIgniter->handleRequest(null, Object(Config\Cache), false)
 5 SYSTEMPATH\Boot.php(334): CodeIgniter\CodeIgniter->run()
 6 SYSTEMPATH\Boot.php(67): CodeIgniter\Boot::runCodeIgniter(Object(CodeIgniter\CodeIgniter))
 7 FCPATH\index.php(56): CodeIgniter\Boot::bootWeb(Object(Config\Paths))
CRITICAL - 2025-07-17 13:29:54 --> ParseError: Unclosed '{' on line 8
[Method: GET, Route: dashboard/view_tariff/707]
in APPPATH\Models\Dashboard_m.php on line 4981.
 1 SYSTEMPATH\Autoloader\Autoloader.php(295): CodeIgniter\Autoloader\Autoloader->includeFile('C:\\wamp64\\www\\khm\\app\\Models\\Dashboard_m.php')
 2 SYSTEMPATH\Autoloader\Autoloader.php(271): CodeIgniter\Autoloader\Autoloader->loadInNamespace('App\\Models\\Dashboard_m')
 3 APPPATH\Controllers\Dashboard.php(440): CodeIgniter\Autoloader\Autoloader->loadClass('App\\Models\\Dashboard_m')
 4 SYSTEMPATH\CodeIgniter.php(933): App\Controllers\Dashboard->view_tariff('707')
 5 SYSTEMPATH\CodeIgniter.php(509): CodeIgniter\CodeIgniter->runController(Object(App\Controllers\Dashboard))
 6 SYSTEMPATH\CodeIgniter.php(355): CodeIgniter\CodeIgniter->handleRequest(null, Object(Config\Cache), false)
 7 SYSTEMPATH\Boot.php(334): CodeIgniter\CodeIgniter->run()
 8 SYSTEMPATH\Boot.php(67): CodeIgniter\Boot::runCodeIgniter(Object(CodeIgniter\CodeIgniter))
 9 FCPATH\index.php(56): CodeIgniter\Boot::bootWeb(Object(Config\Paths))
