CRITICAL - 2025-08-27 06:29:36 --> ErrorException: Undefined array key 0
[Method: GET, Route: Dashboard/add_object_vehicle/assets/plugins/datatable/dataTables.bootstrap4.min.css]
in APPPATH\Controllers\Dashboard.php on line 1289.
 1 APPPATH\Controllers\Dashboard.php(1289): CodeIgniter\Debug\Exceptions->errorHandler(2, 'Undefined array key 0', 'C:\\wamp64\\www\\khm\\app\\Controllers\\Dashboard.php', 1289)
 2 SYSTEMPATH\CodeIgniter.php(933): App\Controllers\Dashboard->add_object_vehicle('assets', 'plugins', 'datatable', 'dataTables.bootstrap4.min.css')
 3 SYSTEMPATH\CodeIgniter.php(509): CodeIgniter\CodeIgniter->runController(Object(App\Controllers\Dashboard))
 4 SYSTEMPATH\CodeIgniter.php(355): CodeIgniter\CodeIgniter->handleRequest(null, Object(Config\Cache), false)
 5 SYSTEMPATH\Boot.php(334): CodeIgniter\CodeIgniter->run()
 6 SYSTEMPATH\Boot.php(67): CodeIgniter\Boot::runCodeIgniter(Object(CodeIgniter\CodeIgniter))
 7 FCPATH\index.php(56): CodeIgniter\Boot::bootWeb(Object(Config\Paths))
CRITICAL - 2025-08-27 06:29:36 --> ErrorException: Undefined array key 0
[Method: GET, Route: Dashboard/add_object_vehicle/assets/plugins/bootstrap-colorpicker/bootstrap-colorpicker.min.css]
in APPPATH\Controllers\Dashboard.php on line 1289.
 1 APPPATH\Controllers\Dashboard.php(1289): CodeIgniter\Debug\Exceptions->errorHandler(2, 'Undefined array key 0', 'C:\\wamp64\\www\\khm\\app\\Controllers\\Dashboard.php', 1289)
 2 SYSTEMPATH\CodeIgniter.php(933): App\Controllers\Dashboard->add_object_vehicle('assets', 'plugins', 'bootstrap-colorpicker', 'bootstrap-colorpicker.min.css')
 3 SYSTEMPATH\CodeIgniter.php(509): CodeIgniter\CodeIgniter->runController(Object(App\Controllers\Dashboard))
 4 SYSTEMPATH\CodeIgniter.php(355): CodeIgniter\CodeIgniter->handleRequest(null, Object(Config\Cache), false)
 5 SYSTEMPATH\Boot.php(334): CodeIgniter\CodeIgniter->run()
 6 SYSTEMPATH\Boot.php(67): CodeIgniter\Boot::runCodeIgniter(Object(CodeIgniter\CodeIgniter))
 7 FCPATH\index.php(56): CodeIgniter\Boot::bootWeb(Object(Config\Paths))
CRITICAL - 2025-08-27 06:29:36 --> ErrorException: Undefined array key 0
[Method: GET, Route: Dashboard/add_object_vehicle/assets/plugins/time-picker/jquery.timepicker.css]
in APPPATH\Controllers\Dashboard.php on line 1289.
 1 APPPATH\Controllers\Dashboard.php(1289): CodeIgniter\Debug\Exceptions->errorHandler(2, 'Undefined array key 0', 'C:\\wamp64\\www\\khm\\app\\Controllers\\Dashboard.php', 1289)
 2 SYSTEMPATH\CodeIgniter.php(933): App\Controllers\Dashboard->add_object_vehicle('assets', 'plugins', 'time-picker', 'jquery.timepicker.css')
 3 SYSTEMPATH\CodeIgniter.php(509): CodeIgniter\CodeIgniter->runController(Object(App\Controllers\Dashboard))
 4 SYSTEMPATH\CodeIgniter.php(355): CodeIgniter\CodeIgniter->handleRequest(null, Object(Config\Cache), false)
 5 SYSTEMPATH\Boot.php(334): CodeIgniter\CodeIgniter->run()
 6 SYSTEMPATH\Boot.php(67): CodeIgniter\Boot::runCodeIgniter(Object(CodeIgniter\CodeIgniter))
 7 FCPATH\index.php(56): CodeIgniter\Boot::bootWeb(Object(Config\Paths))
CRITICAL - 2025-08-27 06:29:36 --> ErrorException: Undefined array key 0
[Method: GET, Route: Dashboard/add_object_vehicle/assets/plugins/sidemenu-responsive-tabs/css/sidemenu-responsive-tabs.css]
in APPPATH\Controllers\Dashboard.php on line 1289.
 1 APPPATH\Controllers\Dashboard.php(1289): CodeIgniter\Debug\Exceptions->errorHandler(2, 'Undefined array key 0', 'C:\\wamp64\\www\\khm\\app\\Controllers\\Dashboard.php', 1289)
 2 SYSTEMPATH\CodeIgniter.php(933): App\Controllers\Dashboard->add_object_vehicle('assets', 'plugins', 'sidemenu-responsive-tabs', 'css', 'sidemenu-responsive-tabs.css')
 3 SYSTEMPATH\CodeIgniter.php(509): CodeIgniter\CodeIgniter->runController(Object(App\Controllers\Dashboard))
 4 SYSTEMPATH\CodeIgniter.php(355): CodeIgniter\CodeIgniter->handleRequest(null, Object(Config\Cache), false)
 5 SYSTEMPATH\Boot.php(334): CodeIgniter\CodeIgniter->run()
 6 SYSTEMPATH\Boot.php(67): CodeIgniter\Boot::runCodeIgniter(Object(CodeIgniter\CodeIgniter))
 7 FCPATH\index.php(56): CodeIgniter\Boot::bootWeb(Object(Config\Paths))
CRITICAL - 2025-08-27 06:29:36 --> ErrorException: Undefined array key 0
[Method: GET, Route: Dashboard/add_object_vehicle/assets/plugins/select2/select2.min.css]
in APPPATH\Controllers\Dashboard.php on line 1289.
 1 APPPATH\Controllers\Dashboard.php(1289): CodeIgniter\Debug\Exceptions->errorHandler(2, 'Undefined array key 0', 'C:\\wamp64\\www\\khm\\app\\Controllers\\Dashboard.php', 1289)
 2 SYSTEMPATH\CodeIgniter.php(933): App\Controllers\Dashboard->add_object_vehicle('assets', 'plugins', 'select2', 'select2.min.css')
 3 SYSTEMPATH\CodeIgniter.php(509): CodeIgniter\CodeIgniter->runController(Object(App\Controllers\Dashboard))
 4 SYSTEMPATH\CodeIgniter.php(355): CodeIgniter\CodeIgniter->handleRequest(null, Object(Config\Cache), false)
 5 SYSTEMPATH\Boot.php(334): CodeIgniter\CodeIgniter->run()
 6 SYSTEMPATH\Boot.php(67): CodeIgniter\Boot::runCodeIgniter(Object(CodeIgniter\CodeIgniter))
 7 FCPATH\index.php(56): CodeIgniter\Boot::bootWeb(Object(Config\Paths))
CRITICAL - 2025-08-27 06:29:36 --> ErrorException: Undefined array key 0
[Method: GET, Route: Dashboard/add_object_vehicle/assets/plugins/date-picker/date-picker.css]
in APPPATH\Controllers\Dashboard.php on line 1289.
 1 APPPATH\Controllers\Dashboard.php(1289): CodeIgniter\Debug\Exceptions->errorHandler(2, 'Undefined array key 0', 'C:\\wamp64\\www\\khm\\app\\Controllers\\Dashboard.php', 1289)
 2 SYSTEMPATH\CodeIgniter.php(933): App\Controllers\Dashboard->add_object_vehicle('assets', 'plugins', 'date-picker', 'date-picker.css')
 3 SYSTEMPATH\CodeIgniter.php(509): CodeIgniter\CodeIgniter->runController(Object(App\Controllers\Dashboard))
 4 SYSTEMPATH\CodeIgniter.php(355): CodeIgniter\CodeIgniter->handleRequest(null, Object(Config\Cache), false)
 5 SYSTEMPATH\Boot.php(334): CodeIgniter\CodeIgniter->run()
 6 SYSTEMPATH\Boot.php(67): CodeIgniter\Boot::runCodeIgniter(Object(CodeIgniter\CodeIgniter))
 7 FCPATH\index.php(56): CodeIgniter\Boot::bootWeb(Object(Config\Paths))
CRITICAL - 2025-08-27 06:29:37 --> ErrorException: Undefined array key 0
[Method: GET, Route: Dashboard/add_object_vehicle/assets/plugins/multipleselect/multiple-select.css]
in APPPATH\Controllers\Dashboard.php on line 1289.
 1 APPPATH\Controllers\Dashboard.php(1289): CodeIgniter\Debug\Exceptions->errorHandler(2, 'Undefined array key 0', 'C:\\wamp64\\www\\khm\\app\\Controllers\\Dashboard.php', 1289)
 2 SYSTEMPATH\CodeIgniter.php(933): App\Controllers\Dashboard->add_object_vehicle('assets', 'plugins', 'multipleselect', 'multiple-select.css')
 3 SYSTEMPATH\CodeIgniter.php(509): CodeIgniter\CodeIgniter->runController(Object(App\Controllers\Dashboard))
 4 SYSTEMPATH\CodeIgniter.php(355): CodeIgniter\CodeIgniter->handleRequest(null, Object(Config\Cache), false)
 5 SYSTEMPATH\Boot.php(334): CodeIgniter\CodeIgniter->run()
 6 SYSTEMPATH\Boot.php(67): CodeIgniter\Boot::runCodeIgniter(Object(CodeIgniter\CodeIgniter))
 7 FCPATH\index.php(56): CodeIgniter\Boot::bootWeb(Object(Config\Paths))
CRITICAL - 2025-08-27 06:29:37 --> ErrorException: Undefined array key 0
[Method: GET, Route: Dashboard/add_object_vehicle/assets/plugins/fileuploads/css/dropify.css]
in APPPATH\Controllers\Dashboard.php on line 1289.
 1 APPPATH\Controllers\Dashboard.php(1289): CodeIgniter\Debug\Exceptions->errorHandler(2, 'Undefined array key 0', 'C:\\wamp64\\www\\khm\\app\\Controllers\\Dashboard.php', 1289)
 2 SYSTEMPATH\CodeIgniter.php(933): App\Controllers\Dashboard->add_object_vehicle('assets', 'plugins', 'fileuploads', 'css', 'dropify.css')
 3 SYSTEMPATH\CodeIgniter.php(509): CodeIgniter\CodeIgniter->runController(Object(App\Controllers\Dashboard))
 4 SYSTEMPATH\CodeIgniter.php(355): CodeIgniter\CodeIgniter->handleRequest(null, Object(Config\Cache), false)
 5 SYSTEMPATH\Boot.php(334): CodeIgniter\CodeIgniter->run()
 6 SYSTEMPATH\Boot.php(67): CodeIgniter\Boot::runCodeIgniter(Object(CodeIgniter\CodeIgniter))
 7 FCPATH\index.php(56): CodeIgniter\Boot::bootWeb(Object(Config\Paths))
CRITICAL - 2025-08-27 06:29:37 --> ErrorException: Undefined array key 0
[Method: GET, Route: Dashboard/add_object_vehicle/assets/plugins/jquery-nice-select/css/nice-select.css]
in APPPATH\Controllers\Dashboard.php on line 1289.
 1 APPPATH\Controllers\Dashboard.php(1289): CodeIgniter\Debug\Exceptions->errorHandler(2, 'Undefined array key 0', 'C:\\wamp64\\www\\khm\\app\\Controllers\\Dashboard.php', 1289)
 2 SYSTEMPATH\CodeIgniter.php(933): App\Controllers\Dashboard->add_object_vehicle('assets', 'plugins', 'jquery-nice-select', 'css', 'nice-select.css')
 3 SYSTEMPATH\CodeIgniter.php(509): CodeIgniter\CodeIgniter->runController(Object(App\Controllers\Dashboard))
 4 SYSTEMPATH\CodeIgniter.php(355): CodeIgniter\CodeIgniter->handleRequest(null, Object(Config\Cache), false)
 5 SYSTEMPATH\Boot.php(334): CodeIgniter\CodeIgniter->run()
 6 SYSTEMPATH\Boot.php(67): CodeIgniter\Boot::runCodeIgniter(Object(CodeIgniter\CodeIgniter))
 7 FCPATH\index.php(56): CodeIgniter\Boot::bootWeb(Object(Config\Paths))
CRITICAL - 2025-08-27 06:29:37 --> ErrorException: Undefined array key 0
[Method: GET, Route: Dashboard/add_object_vehicle/assets/plugins/datatable/jquery.dataTables.min.js]
in APPPATH\Controllers\Dashboard.php on line 1289.
 1 APPPATH\Controllers\Dashboard.php(1289): CodeIgniter\Debug\Exceptions->errorHandler(2, 'Undefined array key 0', 'C:\\wamp64\\www\\khm\\app\\Controllers\\Dashboard.php', 1289)
 2 SYSTEMPATH\CodeIgniter.php(933): App\Controllers\Dashboard->add_object_vehicle('assets', 'plugins', 'datatable', 'jquery.dataTables.min.js')
 3 SYSTEMPATH\CodeIgniter.php(509): CodeIgniter\CodeIgniter->runController(Object(App\Controllers\Dashboard))
 4 SYSTEMPATH\CodeIgniter.php(355): CodeIgniter\CodeIgniter->handleRequest(null, Object(Config\Cache), false)
 5 SYSTEMPATH\Boot.php(334): CodeIgniter\CodeIgniter->run()
 6 SYSTEMPATH\Boot.php(67): CodeIgniter\Boot::runCodeIgniter(Object(CodeIgniter\CodeIgniter))
 7 FCPATH\index.php(56): CodeIgniter\Boot::bootWeb(Object(Config\Paths))
CRITICAL - 2025-08-27 06:29:37 --> ErrorException: Undefined array key 0
[Method: GET, Route: Dashboard/add_object_vehicle/assets/plugins/datatable/dataTables.bootstrap4.min.js]
in APPPATH\Controllers\Dashboard.php on line 1289.
 1 APPPATH\Controllers\Dashboard.php(1289): CodeIgniter\Debug\Exceptions->errorHandler(2, 'Undefined array key 0', 'C:\\wamp64\\www\\khm\\app\\Controllers\\Dashboard.php', 1289)
 2 SYSTEMPATH\CodeIgniter.php(933): App\Controllers\Dashboard->add_object_vehicle('assets', 'plugins', 'datatable', 'dataTables.bootstrap4.min.js')
 3 SYSTEMPATH\CodeIgniter.php(509): CodeIgniter\CodeIgniter->runController(Object(App\Controllers\Dashboard))
 4 SYSTEMPATH\CodeIgniter.php(355): CodeIgniter\CodeIgniter->handleRequest(null, Object(Config\Cache), false)
 5 SYSTEMPATH\Boot.php(334): CodeIgniter\CodeIgniter->run()
 6 SYSTEMPATH\Boot.php(67): CodeIgniter\Boot::runCodeIgniter(Object(CodeIgniter\CodeIgniter))
 7 FCPATH\index.php(56): CodeIgniter\Boot::bootWeb(Object(Config\Paths))
CRITICAL - 2025-08-27 06:29:37 --> ErrorException: Undefined array key 0
[Method: GET, Route: Dashboard/add_object_vehicle/assets/plugins/datatable/datatable.js]
in APPPATH\Controllers\Dashboard.php on line 1289.
 1 APPPATH\Controllers\Dashboard.php(1289): CodeIgniter\Debug\Exceptions->errorHandler(2, 'Undefined array key 0', 'C:\\wamp64\\www\\khm\\app\\Controllers\\Dashboard.php', 1289)
 2 SYSTEMPATH\CodeIgniter.php(933): App\Controllers\Dashboard->add_object_vehicle('assets', 'plugins', 'datatable', 'datatable.js')
 3 SYSTEMPATH\CodeIgniter.php(509): CodeIgniter\CodeIgniter->runController(Object(App\Controllers\Dashboard))
 4 SYSTEMPATH\CodeIgniter.php(355): CodeIgniter\CodeIgniter->handleRequest(null, Object(Config\Cache), false)
 5 SYSTEMPATH\Boot.php(334): CodeIgniter\CodeIgniter->run()
 6 SYSTEMPATH\Boot.php(67): CodeIgniter\Boot::runCodeIgniter(Object(CodeIgniter\CodeIgniter))
 7 FCPATH\index.php(56): CodeIgniter\Boot::bootWeb(Object(Config\Paths))
CRITICAL - 2025-08-27 06:30:49 --> ErrorException: Undefined array key "draw"
[Method: GET, Route: Dashboard/veh_seasons_modal]
in APPPATH\Models\Dashboard_m.php on line 1809.
 1 APPPATH\Models\Dashboard_m.php(1809): CodeIgniter\Debug\Exceptions->errorHandler(2, 'Undefined array key "draw"', 'C:\\wamp64\\www\\khm\\app\\Models\\Dashboard_m.php', 1809)
 2 APPPATH\Controllers\Dashboard.php(2784): App\Models\Dashboard_m->get_veh_seasons_table([])
 3 SYSTEMPATH\CodeIgniter.php(933): App\Controllers\Dashboard->veh_seasons_modal()
 4 SYSTEMPATH\CodeIgniter.php(509): CodeIgniter\CodeIgniter->runController(Object(App\Controllers\Dashboard))
 5 SYSTEMPATH\CodeIgniter.php(355): CodeIgniter\CodeIgniter->handleRequest(null, Object(Config\Cache), false)
 6 SYSTEMPATH\Boot.php(334): CodeIgniter\CodeIgniter->run()
 7 SYSTEMPATH\Boot.php(67): CodeIgniter\Boot::runCodeIgniter(Object(CodeIgniter\CodeIgniter))
 8 FCPATH\index.php(56): CodeIgniter\Boot::bootWeb(Object(Config\Paths))
CRITICAL - 2025-08-27 09:09:03 --> ErrorException: Undefined array key 0
[Method: GET, Route: Dashboard/add_object_vehicle/assets/plugins/bootstrap-colorpicker/bootstrap-colorpicker.min.css]
in APPPATH\Controllers\Dashboard.php on line 1289.
 1 APPPATH\Controllers\Dashboard.php(1289): CodeIgniter\Debug\Exceptions->errorHandler(2, 'Undefined array key 0', 'C:\\wamp64\\www\\khm\\app\\Controllers\\Dashboard.php', 1289)
 2 SYSTEMPATH\CodeIgniter.php(933): App\Controllers\Dashboard->add_object_vehicle('assets', 'plugins', 'bootstrap-colorpicker', 'bootstrap-colorpicker.min.css')
 3 SYSTEMPATH\CodeIgniter.php(509): CodeIgniter\CodeIgniter->runController(Object(App\Controllers\Dashboard))
 4 SYSTEMPATH\CodeIgniter.php(355): CodeIgniter\CodeIgniter->handleRequest(null, Object(Config\Cache), false)
 5 SYSTEMPATH\Boot.php(334): CodeIgniter\CodeIgniter->run()
 6 SYSTEMPATH\Boot.php(67): CodeIgniter\Boot::runCodeIgniter(Object(CodeIgniter\CodeIgniter))
 7 FCPATH\index.php(56): CodeIgniter\Boot::bootWeb(Object(Config\Paths))
CRITICAL - 2025-08-27 09:09:03 --> ErrorException: Undefined array key 0
[Method: GET, Route: Dashboard/add_object_vehicle/assets/plugins/select2/select2.min.css]
in APPPATH\Controllers\Dashboard.php on line 1289.
 1 APPPATH\Controllers\Dashboard.php(1289): CodeIgniter\Debug\Exceptions->errorHandler(2, 'Undefined array key 0', 'C:\\wamp64\\www\\khm\\app\\Controllers\\Dashboard.php', 1289)
 2 SYSTEMPATH\CodeIgniter.php(933): App\Controllers\Dashboard->add_object_vehicle('assets', 'plugins', 'select2', 'select2.min.css')
 3 SYSTEMPATH\CodeIgniter.php(509): CodeIgniter\CodeIgniter->runController(Object(App\Controllers\Dashboard))
 4 SYSTEMPATH\CodeIgniter.php(355): CodeIgniter\CodeIgniter->handleRequest(null, Object(Config\Cache), false)
 5 SYSTEMPATH\Boot.php(334): CodeIgniter\CodeIgniter->run()
 6 SYSTEMPATH\Boot.php(67): CodeIgniter\Boot::runCodeIgniter(Object(CodeIgniter\CodeIgniter))
 7 FCPATH\index.php(56): CodeIgniter\Boot::bootWeb(Object(Config\Paths))
CRITICAL - 2025-08-27 09:09:03 --> ErrorException: Undefined array key 0
[Method: GET, Route: Dashboard/add_object_vehicle/assets/plugins/sidemenu-responsive-tabs/css/sidemenu-responsive-tabs.css]
in APPPATH\Controllers\Dashboard.php on line 1289.
 1 APPPATH\Controllers\Dashboard.php(1289): CodeIgniter\Debug\Exceptions->errorHandler(2, 'Undefined array key 0', 'C:\\wamp64\\www\\khm\\app\\Controllers\\Dashboard.php', 1289)
 2 SYSTEMPATH\CodeIgniter.php(933): App\Controllers\Dashboard->add_object_vehicle('assets', 'plugins', 'sidemenu-responsive-tabs', 'css', 'sidemenu-responsive-tabs.css')
 3 SYSTEMPATH\CodeIgniter.php(509): CodeIgniter\CodeIgniter->runController(Object(App\Controllers\Dashboard))
 4 SYSTEMPATH\CodeIgniter.php(355): CodeIgniter\CodeIgniter->handleRequest(null, Object(Config\Cache), false)
 5 SYSTEMPATH\Boot.php(334): CodeIgniter\CodeIgniter->run()
 6 SYSTEMPATH\Boot.php(67): CodeIgniter\Boot::runCodeIgniter(Object(CodeIgniter\CodeIgniter))
 7 FCPATH\index.php(56): CodeIgniter\Boot::bootWeb(Object(Config\Paths))
CRITICAL - 2025-08-27 09:09:03 --> ErrorException: Undefined array key 0
[Method: GET, Route: Dashboard/add_object_vehicle/assets/plugins/time-picker/jquery.timepicker.css]
in APPPATH\Controllers\Dashboard.php on line 1289.
 1 APPPATH\Controllers\Dashboard.php(1289): CodeIgniter\Debug\Exceptions->errorHandler(2, 'Undefined array key 0', 'C:\\wamp64\\www\\khm\\app\\Controllers\\Dashboard.php', 1289)
 2 SYSTEMPATH\CodeIgniter.php(933): App\Controllers\Dashboard->add_object_vehicle('assets', 'plugins', 'time-picker', 'jquery.timepicker.css')
 3 SYSTEMPATH\CodeIgniter.php(509): CodeIgniter\CodeIgniter->runController(Object(App\Controllers\Dashboard))
 4 SYSTEMPATH\CodeIgniter.php(355): CodeIgniter\CodeIgniter->handleRequest(null, Object(Config\Cache), false)
 5 SYSTEMPATH\Boot.php(334): CodeIgniter\CodeIgniter->run()
 6 SYSTEMPATH\Boot.php(67): CodeIgniter\Boot::runCodeIgniter(Object(CodeIgniter\CodeIgniter))
 7 FCPATH\index.php(56): CodeIgniter\Boot::bootWeb(Object(Config\Paths))
CRITICAL - 2025-08-27 09:09:03 --> ErrorException: Undefined array key 0
[Method: GET, Route: Dashboard/add_object_vehicle/assets/plugins/date-picker/date-picker.css]
in APPPATH\Controllers\Dashboard.php on line 1289.
 1 APPPATH\Controllers\Dashboard.php(1289): CodeIgniter\Debug\Exceptions->errorHandler(2, 'Undefined array key 0', 'C:\\wamp64\\www\\khm\\app\\Controllers\\Dashboard.php', 1289)
 2 SYSTEMPATH\CodeIgniter.php(933): App\Controllers\Dashboard->add_object_vehicle('assets', 'plugins', 'date-picker', 'date-picker.css')
 3 SYSTEMPATH\CodeIgniter.php(509): CodeIgniter\CodeIgniter->runController(Object(App\Controllers\Dashboard))
 4 SYSTEMPATH\CodeIgniter.php(355): CodeIgniter\CodeIgniter->handleRequest(null, Object(Config\Cache), false)
 5 SYSTEMPATH\Boot.php(334): CodeIgniter\CodeIgniter->run()
 6 SYSTEMPATH\Boot.php(67): CodeIgniter\Boot::runCodeIgniter(Object(CodeIgniter\CodeIgniter))
 7 FCPATH\index.php(56): CodeIgniter\Boot::bootWeb(Object(Config\Paths))
CRITICAL - 2025-08-27 09:09:03 --> ErrorException: Undefined array key 0
[Method: GET, Route: Dashboard/add_object_vehicle/assets/plugins/datatable/dataTables.bootstrap4.min.css]
in APPPATH\Controllers\Dashboard.php on line 1289.
 1 APPPATH\Controllers\Dashboard.php(1289): CodeIgniter\Debug\Exceptions->errorHandler(2, 'Undefined array key 0', 'C:\\wamp64\\www\\khm\\app\\Controllers\\Dashboard.php', 1289)
 2 SYSTEMPATH\CodeIgniter.php(933): App\Controllers\Dashboard->add_object_vehicle('assets', 'plugins', 'datatable', 'dataTables.bootstrap4.min.css')
 3 SYSTEMPATH\CodeIgniter.php(509): CodeIgniter\CodeIgniter->runController(Object(App\Controllers\Dashboard))
 4 SYSTEMPATH\CodeIgniter.php(355): CodeIgniter\CodeIgniter->handleRequest(null, Object(Config\Cache), false)
 5 SYSTEMPATH\Boot.php(334): CodeIgniter\CodeIgniter->run()
 6 SYSTEMPATH\Boot.php(67): CodeIgniter\Boot::runCodeIgniter(Object(CodeIgniter\CodeIgniter))
 7 FCPATH\index.php(56): CodeIgniter\Boot::bootWeb(Object(Config\Paths))
CRITICAL - 2025-08-27 09:09:03 --> ErrorException: Undefined array key 0
[Method: GET, Route: Dashboard/add_object_vehicle/assets/plugins/multipleselect/multiple-select.css]
in APPPATH\Controllers\Dashboard.php on line 1289.
 1 APPPATH\Controllers\Dashboard.php(1289): CodeIgniter\Debug\Exceptions->errorHandler(2, 'Undefined array key 0', 'C:\\wamp64\\www\\khm\\app\\Controllers\\Dashboard.php', 1289)
 2 SYSTEMPATH\CodeIgniter.php(933): App\Controllers\Dashboard->add_object_vehicle('assets', 'plugins', 'multipleselect', 'multiple-select.css')
 3 SYSTEMPATH\CodeIgniter.php(509): CodeIgniter\CodeIgniter->runController(Object(App\Controllers\Dashboard))
 4 SYSTEMPATH\CodeIgniter.php(355): CodeIgniter\CodeIgniter->handleRequest(null, Object(Config\Cache), false)
 5 SYSTEMPATH\Boot.php(334): CodeIgniter\CodeIgniter->run()
 6 SYSTEMPATH\Boot.php(67): CodeIgniter\Boot::runCodeIgniter(Object(CodeIgniter\CodeIgniter))
 7 FCPATH\index.php(56): CodeIgniter\Boot::bootWeb(Object(Config\Paths))
CRITICAL - 2025-08-27 09:09:03 --> ErrorException: Undefined array key 0
[Method: GET, Route: Dashboard/add_object_vehicle/assets/plugins/fileuploads/css/dropify.css]
in APPPATH\Controllers\Dashboard.php on line 1289.
 1 APPPATH\Controllers\Dashboard.php(1289): CodeIgniter\Debug\Exceptions->errorHandler(2, 'Undefined array key 0', 'C:\\wamp64\\www\\khm\\app\\Controllers\\Dashboard.php', 1289)
 2 SYSTEMPATH\CodeIgniter.php(933): App\Controllers\Dashboard->add_object_vehicle('assets', 'plugins', 'fileuploads', 'css', 'dropify.css')
 3 SYSTEMPATH\CodeIgniter.php(509): CodeIgniter\CodeIgniter->runController(Object(App\Controllers\Dashboard))
 4 SYSTEMPATH\CodeIgniter.php(355): CodeIgniter\CodeIgniter->handleRequest(null, Object(Config\Cache), false)
 5 SYSTEMPATH\Boot.php(334): CodeIgniter\CodeIgniter->run()
 6 SYSTEMPATH\Boot.php(67): CodeIgniter\Boot::runCodeIgniter(Object(CodeIgniter\CodeIgniter))
 7 FCPATH\index.php(56): CodeIgniter\Boot::bootWeb(Object(Config\Paths))
CRITICAL - 2025-08-27 09:09:03 --> ErrorException: Undefined array key 0
[Method: GET, Route: Dashboard/add_object_vehicle/assets/plugins/jquery-nice-select/css/nice-select.css]
in APPPATH\Controllers\Dashboard.php on line 1289.
 1 APPPATH\Controllers\Dashboard.php(1289): CodeIgniter\Debug\Exceptions->errorHandler(2, 'Undefined array key 0', 'C:\\wamp64\\www\\khm\\app\\Controllers\\Dashboard.php', 1289)
 2 SYSTEMPATH\CodeIgniter.php(933): App\Controllers\Dashboard->add_object_vehicle('assets', 'plugins', 'jquery-nice-select', 'css', 'nice-select.css')
 3 SYSTEMPATH\CodeIgniter.php(509): CodeIgniter\CodeIgniter->runController(Object(App\Controllers\Dashboard))
 4 SYSTEMPATH\CodeIgniter.php(355): CodeIgniter\CodeIgniter->handleRequest(null, Object(Config\Cache), false)
 5 SYSTEMPATH\Boot.php(334): CodeIgniter\CodeIgniter->run()
 6 SYSTEMPATH\Boot.php(67): CodeIgniter\Boot::runCodeIgniter(Object(CodeIgniter\CodeIgniter))
 7 FCPATH\index.php(56): CodeIgniter\Boot::bootWeb(Object(Config\Paths))
CRITICAL - 2025-08-27 09:09:03 --> ErrorException: Undefined array key 0
[Method: GET, Route: Dashboard/add_object_vehicle/assets/plugins/datatable/jquery.dataTables.min.js]
in APPPATH\Controllers\Dashboard.php on line 1289.
 1 APPPATH\Controllers\Dashboard.php(1289): CodeIgniter\Debug\Exceptions->errorHandler(2, 'Undefined array key 0', 'C:\\wamp64\\www\\khm\\app\\Controllers\\Dashboard.php', 1289)
 2 SYSTEMPATH\CodeIgniter.php(933): App\Controllers\Dashboard->add_object_vehicle('assets', 'plugins', 'datatable', 'jquery.dataTables.min.js')
 3 SYSTEMPATH\CodeIgniter.php(509): CodeIgniter\CodeIgniter->runController(Object(App\Controllers\Dashboard))
 4 SYSTEMPATH\CodeIgniter.php(355): CodeIgniter\CodeIgniter->handleRequest(null, Object(Config\Cache), false)
 5 SYSTEMPATH\Boot.php(334): CodeIgniter\CodeIgniter->run()
 6 SYSTEMPATH\Boot.php(67): CodeIgniter\Boot::runCodeIgniter(Object(CodeIgniter\CodeIgniter))
 7 FCPATH\index.php(56): CodeIgniter\Boot::bootWeb(Object(Config\Paths))
CRITICAL - 2025-08-27 09:09:03 --> ErrorException: Undefined array key 0
[Method: GET, Route: Dashboard/add_object_vehicle/assets/plugins/datatable/dataTables.bootstrap4.min.js]
in APPPATH\Controllers\Dashboard.php on line 1289.
 1 APPPATH\Controllers\Dashboard.php(1289): CodeIgniter\Debug\Exceptions->errorHandler(2, 'Undefined array key 0', 'C:\\wamp64\\www\\khm\\app\\Controllers\\Dashboard.php', 1289)
 2 SYSTEMPATH\CodeIgniter.php(933): App\Controllers\Dashboard->add_object_vehicle('assets', 'plugins', 'datatable', 'dataTables.bootstrap4.min.js')
 3 SYSTEMPATH\CodeIgniter.php(509): CodeIgniter\CodeIgniter->runController(Object(App\Controllers\Dashboard))
 4 SYSTEMPATH\CodeIgniter.php(355): CodeIgniter\CodeIgniter->handleRequest(null, Object(Config\Cache), false)
 5 SYSTEMPATH\Boot.php(334): CodeIgniter\CodeIgniter->run()
 6 SYSTEMPATH\Boot.php(67): CodeIgniter\Boot::runCodeIgniter(Object(CodeIgniter\CodeIgniter))
 7 FCPATH\index.php(56): CodeIgniter\Boot::bootWeb(Object(Config\Paths))
CRITICAL - 2025-08-27 09:09:03 --> ErrorException: Undefined array key 0
[Method: GET, Route: Dashboard/add_object_vehicle/assets/plugins/datatable/datatable.js]
in APPPATH\Controllers\Dashboard.php on line 1289.
 1 APPPATH\Controllers\Dashboard.php(1289): CodeIgniter\Debug\Exceptions->errorHandler(2, 'Undefined array key 0', 'C:\\wamp64\\www\\khm\\app\\Controllers\\Dashboard.php', 1289)
 2 SYSTEMPATH\CodeIgniter.php(933): App\Controllers\Dashboard->add_object_vehicle('assets', 'plugins', 'datatable', 'datatable.js')
 3 SYSTEMPATH\CodeIgniter.php(509): CodeIgniter\CodeIgniter->runController(Object(App\Controllers\Dashboard))
 4 SYSTEMPATH\CodeIgniter.php(355): CodeIgniter\CodeIgniter->handleRequest(null, Object(Config\Cache), false)
 5 SYSTEMPATH\Boot.php(334): CodeIgniter\CodeIgniter->run()
 6 SYSTEMPATH\Boot.php(67): CodeIgniter\Boot::runCodeIgniter(Object(CodeIgniter\CodeIgniter))
 7 FCPATH\index.php(56): CodeIgniter\Boot::bootWeb(Object(Config\Paths))
