ERROR - 2025-07-14 04:14:16 --> mysqli_sql_exception: Unknown column 'deleted_at' in 'where clause' in C:\wamp64\www\khm\system\Database\MySQLi\Connection.php:312
Stack trace:
#0 C:\wamp64\www\khm\system\Database\MySQLi\Connection.php(312): mysqli->query('SELECT *\nFROM `...', 0)
#1 C:\wamp64\www\khm\system\Database\BaseConnection.php(734): CodeIgniter\Database\MySQLi\Connection->execute('SELECT *\nFROM `...')
#2 C:\wamp64\www\khm\system\Database\BaseConnection.php(648): CodeIgniter\Database\BaseConnection->simpleQuery('SELECT *\nFROM `...')
#3 C:\wamp64\www\khm\system\Database\BaseBuilder.php(1644): CodeIgniter\Database\BaseConnection->query('SELECT *\nFROM `...', Array, false)
#4 C:\wamp64\www\khm\app\Models\TerritoryModel.php(73): CodeIgniter\Database\BaseBuilder->get()
#5 C:\wamp64\www\khm\app\Controllers\TerritoryController.php(60): App\Models\TerritoryModel->getLocationsLevel4()
#6 C:\wamp64\www\khm\system\CodeIgniter.php(933): App\Controllers\TerritoryController->index()
#7 C:\wamp64\www\khm\system\CodeIgniter.php(509): CodeIgniter\CodeIgniter->runController(Object(App\Controllers\TerritoryController))
#8 C:\wamp64\www\khm\system\CodeIgniter.php(355): CodeIgniter\CodeIgniter->handleRequest(NULL, Object(Config\Cache), false)
#9 C:\wamp64\www\khm\system\Boot.php(334): CodeIgniter\CodeIgniter->run()
#10 C:\wamp64\www\khm\system\Boot.php(67): CodeIgniter\Boot::runCodeIgniter(Object(CodeIgniter\CodeIgniter))
#11 C:\wamp64\www\khm\public\index.php(56): CodeIgniter\Boot::bootWeb(Object(Config\Paths))
#12 {main}
CRITICAL - 2025-07-14 04:14:16 --> CodeIgniter\Database\Exceptions\DatabaseException: Unknown column 'deleted_at' in 'where clause'
[Method: GET, Route: TerritoryController]
in SYSTEMPATH\Database\BaseConnection.php on line 688.
 1 SYSTEMPATH\Database\BaseBuilder.php(1644): CodeIgniter\Database\BaseConnection->query('SELECT *
FROM `khm_loc_mst_geography`
WHERE `geog_level_id` = :geog_level_id:
AND `deleted_at` = :deleted_at:', [...], false)
 2 APPPATH\Models\TerritoryModel.php(73): CodeIgniter\Database\BaseBuilder->get()
 3 APPPATH\Controllers\TerritoryController.php(60): App\Models\TerritoryModel->getLocationsLevel4()
 4 SYSTEMPATH\CodeIgniter.php(933): App\Controllers\TerritoryController->index()
 5 SYSTEMPATH\CodeIgniter.php(509): CodeIgniter\CodeIgniter->runController(Object(App\Controllers\TerritoryController))
 6 SYSTEMPATH\CodeIgniter.php(355): CodeIgniter\CodeIgniter->handleRequest(null, Object(Config\Cache), false)
 7 SYSTEMPATH\Boot.php(334): CodeIgniter\CodeIgniter->run()
 8 SYSTEMPATH\Boot.php(67): CodeIgniter\Boot::runCodeIgniter(Object(CodeIgniter\CodeIgniter))
 9 FCPATH\index.php(56): CodeIgniter\Boot::bootWeb(Object(Config\Paths))
CRITICAL - 2025-07-14 04:14:16 --> [Caused by] CodeIgniter\Database\Exceptions\DatabaseException: Unknown column 'deleted_at' in 'where clause'
in SYSTEMPATH\Database\MySQLi\Connection.php on line 317.
 1 SYSTEMPATH\Database\BaseConnection.php(734): CodeIgniter\Database\MySQLi\Connection->execute('SELECT *
FROM `khm_loc_mst_geography`
WHERE `geog_level_id` = 4
AND `deleted_at` = 0')
 2 SYSTEMPATH\Database\BaseConnection.php(648): CodeIgniter\Database\BaseConnection->simpleQuery('SELECT *
FROM `khm_loc_mst_geography`
WHERE `geog_level_id` = 4
AND `deleted_at` = 0')
 3 SYSTEMPATH\Database\BaseBuilder.php(1644): CodeIgniter\Database\BaseConnection->query('SELECT *
FROM `khm_loc_mst_geography`
WHERE `geog_level_id` = :geog_level_id:
AND `deleted_at` = :deleted_at:', [...], false)
 4 APPPATH\Models\TerritoryModel.php(73): CodeIgniter\Database\BaseBuilder->get()
 5 APPPATH\Controllers\TerritoryController.php(60): App\Models\TerritoryModel->getLocationsLevel4()
 6 SYSTEMPATH\CodeIgniter.php(933): App\Controllers\TerritoryController->index()
 7 SYSTEMPATH\CodeIgniter.php(509): CodeIgniter\CodeIgniter->runController(Object(App\Controllers\TerritoryController))
 8 SYSTEMPATH\CodeIgniter.php(355): CodeIgniter\CodeIgniter->handleRequest(null, Object(Config\Cache), false)
 9 SYSTEMPATH\Boot.php(334): CodeIgniter\CodeIgniter->run()
10 SYSTEMPATH\Boot.php(67): CodeIgniter\Boot::runCodeIgniter(Object(CodeIgniter\CodeIgniter))
11 FCPATH\index.php(56): CodeIgniter\Boot::bootWeb(Object(Config\Paths))
CRITICAL - 2025-07-14 04:14:16 --> [Caused by] mysqli_sql_exception: Unknown column 'deleted_at' in 'where clause'
in SYSTEMPATH\Database\MySQLi\Connection.php on line 312.
 1 SYSTEMPATH\Database\MySQLi\Connection.php(312): mysqli->query('SELECT *
FROM `khm_loc_mst_geography`
WHERE `geog_level_id` = 4
AND `deleted_at` = 0', 0)
 2 SYSTEMPATH\Database\BaseConnection.php(734): CodeIgniter\Database\MySQLi\Connection->execute('SELECT *
FROM `khm_loc_mst_geography`
WHERE `geog_level_id` = 4
AND `deleted_at` = 0')
 3 SYSTEMPATH\Database\BaseConnection.php(648): CodeIgniter\Database\BaseConnection->simpleQuery('SELECT *
FROM `khm_loc_mst_geography`
WHERE `geog_level_id` = 4
AND `deleted_at` = 0')
 4 SYSTEMPATH\Database\BaseBuilder.php(1644): CodeIgniter\Database\BaseConnection->query('SELECT *
FROM `khm_loc_mst_geography`
WHERE `geog_level_id` = :geog_level_id:
AND `deleted_at` = :deleted_at:', [...], false)
 5 APPPATH\Models\TerritoryModel.php(73): CodeIgniter\Database\BaseBuilder->get()
 6 APPPATH\Controllers\TerritoryController.php(60): App\Models\TerritoryModel->getLocationsLevel4()
 7 SYSTEMPATH\CodeIgniter.php(933): App\Controllers\TerritoryController->index()
 8 SYSTEMPATH\CodeIgniter.php(509): CodeIgniter\CodeIgniter->runController(Object(App\Controllers\TerritoryController))
 9 SYSTEMPATH\CodeIgniter.php(355): CodeIgniter\CodeIgniter->handleRequest(null, Object(Config\Cache), false)
10 SYSTEMPATH\Boot.php(334): CodeIgniter\CodeIgniter->run()
11 SYSTEMPATH\Boot.php(67): CodeIgniter\Boot::runCodeIgniter(Object(CodeIgniter\CodeIgniter))
12 FCPATH\index.php(56): CodeIgniter\Boot::bootWeb(Object(Config\Paths))
ERROR - 2025-07-14 10:34:33 --> mysqli_sql_exception: Unknown column 'hl.deleted_at' in 'where clause' in C:\wamp64\www\khm\system\Database\MySQLi\Connection.php:312
Stack trace:
#0 C:\wamp64\www\khm\system\Database\MySQLi\Connection.php(312): mysqli->query('SELECT `hl`.*, ...', 0)
#1 C:\wamp64\www\khm\system\Database\BaseConnection.php(734): CodeIgniter\Database\MySQLi\Connection->execute('SELECT `hl`.*, ...')
#2 C:\wamp64\www\khm\system\Database\BaseConnection.php(648): CodeIgniter\Database\BaseConnection->simpleQuery('SELECT `hl`.*, ...')
#3 C:\wamp64\www\khm\system\Database\BaseBuilder.php(1644): CodeIgniter\Database\BaseConnection->query('SELECT `hl`.*, ...', Array, false)
#4 C:\wamp64\www\khm\system\Model.php(928): CodeIgniter\Database\BaseBuilder->get()
#5 C:\wamp64\www\khm\app\Models\HubLocationModel.php(34): CodeIgniter\Model->__call('get', Array)
#6 C:\wamp64\www\khm\app\Controllers\HubLocation.php(39): App\Models\HubLocationModel->getAll()
#7 C:\wamp64\www\khm\system\CodeIgniter.php(933): App\Controllers\HubLocation->list()
#8 C:\wamp64\www\khm\system\CodeIgniter.php(509): CodeIgniter\CodeIgniter->runController(Object(App\Controllers\HubLocation))
#9 C:\wamp64\www\khm\system\CodeIgniter.php(355): CodeIgniter\CodeIgniter->handleRequest(NULL, Object(Config\Cache), false)
#10 C:\wamp64\www\khm\system\Boot.php(334): CodeIgniter\CodeIgniter->run()
#11 C:\wamp64\www\khm\system\Boot.php(67): CodeIgniter\Boot::runCodeIgniter(Object(CodeIgniter\CodeIgniter))
#12 C:\wamp64\www\khm\public\index.php(56): CodeIgniter\Boot::bootWeb(Object(Config\Paths))
#13 {main}
CRITICAL - 2025-07-14 10:34:33 --> CodeIgniter\Database\Exceptions\DatabaseException: Unknown column 'hl.deleted_at' in 'where clause'
[Method: GET, Route: HubLocation/list]
in SYSTEMPATH\Database\BaseConnection.php on line 688.
 1 SYSTEMPATH\Database\BaseBuilder.php(1644): CodeIgniter\Database\BaseConnection->query('SELECT `hl`.*, `mg`.`geog_name`
FROM (`khm_obj_mst_vehicle_hub_location`, `khm_obj_mst_vehicle_hub_location` AS `hl`)
LEFT JOIN `khm_loc_mst_geography` `mg` ON `mg`.`geog_id` = `hl`.`geog_id`
WHERE `hl`.`deleted_at` IS NULL
ORDER BY `hl`.`hub_location_name` ASC', [], false)
 2 SYSTEMPATH\Model.php(928): CodeIgniter\Database\BaseBuilder->get()
 3 APPPATH\Models\HubLocationModel.php(34): CodeIgniter\Model->__call('get', [])
 4 APPPATH\Controllers\HubLocation.php(39): App\Models\HubLocationModel->getAll()
 5 SYSTEMPATH\CodeIgniter.php(933): App\Controllers\HubLocation->list()
 6 SYSTEMPATH\CodeIgniter.php(509): CodeIgniter\CodeIgniter->runController(Object(App\Controllers\HubLocation))
 7 SYSTEMPATH\CodeIgniter.php(355): CodeIgniter\CodeIgniter->handleRequest(null, Object(Config\Cache), false)
 8 SYSTEMPATH\Boot.php(334): CodeIgniter\CodeIgniter->run()
 9 SYSTEMPATH\Boot.php(67): CodeIgniter\Boot::runCodeIgniter(Object(CodeIgniter\CodeIgniter))
10 FCPATH\index.php(56): CodeIgniter\Boot::bootWeb(Object(Config\Paths))
CRITICAL - 2025-07-14 10:34:33 --> [Caused by] CodeIgniter\Database\Exceptions\DatabaseException: Unknown column 'hl.deleted_at' in 'where clause'
in SYSTEMPATH\Database\MySQLi\Connection.php on line 317.
 1 SYSTEMPATH\Database\BaseConnection.php(734): CodeIgniter\Database\MySQLi\Connection->execute('SELECT `hl`.*, `mg`.`geog_name`
FROM (`khm_obj_mst_vehicle_hub_location`, `khm_obj_mst_vehicle_hub_location` AS `hl`)
LEFT JOIN `khm_loc_mst_geography` `mg` ON `mg`.`geog_id` = `hl`.`geog_id`
WHERE `hl`.`deleted_at` IS NULL
ORDER BY `hl`.`hub_location_name` ASC')
 2 SYSTEMPATH\Database\BaseConnection.php(648): CodeIgniter\Database\BaseConnection->simpleQuery('SELECT `hl`.*, `mg`.`geog_name`
FROM (`khm_obj_mst_vehicle_hub_location`, `khm_obj_mst_vehicle_hub_location` AS `hl`)
LEFT JOIN `khm_loc_mst_geography` `mg` ON `mg`.`geog_id` = `hl`.`geog_id`
WHERE `hl`.`deleted_at` IS NULL
ORDER BY `hl`.`hub_location_name` ASC')
 3 SYSTEMPATH\Database\BaseBuilder.php(1644): CodeIgniter\Database\BaseConnection->query('SELECT `hl`.*, `mg`.`geog_name`
FROM (`khm_obj_mst_vehicle_hub_location`, `khm_obj_mst_vehicle_hub_location` AS `hl`)
LEFT JOIN `khm_loc_mst_geography` `mg` ON `mg`.`geog_id` = `hl`.`geog_id`
WHERE `hl`.`deleted_at` IS NULL
ORDER BY `hl`.`hub_location_name` ASC', [], false)
 4 SYSTEMPATH\Model.php(928): CodeIgniter\Database\BaseBuilder->get()
 5 APPPATH\Models\HubLocationModel.php(34): CodeIgniter\Model->__call('get', [])
 6 APPPATH\Controllers\HubLocation.php(39): App\Models\HubLocationModel->getAll()
 7 SYSTEMPATH\CodeIgniter.php(933): App\Controllers\HubLocation->list()
 8 SYSTEMPATH\CodeIgniter.php(509): CodeIgniter\CodeIgniter->runController(Object(App\Controllers\HubLocation))
 9 SYSTEMPATH\CodeIgniter.php(355): CodeIgniter\CodeIgniter->handleRequest(null, Object(Config\Cache), false)
10 SYSTEMPATH\Boot.php(334): CodeIgniter\CodeIgniter->run()
11 SYSTEMPATH\Boot.php(67): CodeIgniter\Boot::runCodeIgniter(Object(CodeIgniter\CodeIgniter))
12 FCPATH\index.php(56): CodeIgniter\Boot::bootWeb(Object(Config\Paths))
CRITICAL - 2025-07-14 10:34:33 --> [Caused by] mysqli_sql_exception: Unknown column 'hl.deleted_at' in 'where clause'
in SYSTEMPATH\Database\MySQLi\Connection.php on line 312.
 1 SYSTEMPATH\Database\MySQLi\Connection.php(312): mysqli->query('SELECT `hl`.*, `mg`.`geog_name`
FROM (`khm_obj_mst_vehicle_hub_location`, `khm_obj_mst_vehicle_hub_location` AS `hl`)
LEFT JOIN `khm_loc_mst_geography` `mg` ON `mg`.`geog_id` = `hl`.`geog_id`
WHERE `hl`.`deleted_at` IS NULL
ORDER BY `hl`.`hub_location_name` ASC', 0)
 2 SYSTEMPATH\Database\BaseConnection.php(734): CodeIgniter\Database\MySQLi\Connection->execute('SELECT `hl`.*, `mg`.`geog_name`
FROM (`khm_obj_mst_vehicle_hub_location`, `khm_obj_mst_vehicle_hub_location` AS `hl`)
LEFT JOIN `khm_loc_mst_geography` `mg` ON `mg`.`geog_id` = `hl`.`geog_id`
WHERE `hl`.`deleted_at` IS NULL
ORDER BY `hl`.`hub_location_name` ASC')
 3 SYSTEMPATH\Database\BaseConnection.php(648): CodeIgniter\Database\BaseConnection->simpleQuery('SELECT `hl`.*, `mg`.`geog_name`
FROM (`khm_obj_mst_vehicle_hub_location`, `khm_obj_mst_vehicle_hub_location` AS `hl`)
LEFT JOIN `khm_loc_mst_geography` `mg` ON `mg`.`geog_id` = `hl`.`geog_id`
WHERE `hl`.`deleted_at` IS NULL
ORDER BY `hl`.`hub_location_name` ASC')
 4 SYSTEMPATH\Database\BaseBuilder.php(1644): CodeIgniter\Database\BaseConnection->query('SELECT `hl`.*, `mg`.`geog_name`
FROM (`khm_obj_mst_vehicle_hub_location`, `khm_obj_mst_vehicle_hub_location` AS `hl`)
LEFT JOIN `khm_loc_mst_geography` `mg` ON `mg`.`geog_id` = `hl`.`geog_id`
WHERE `hl`.`deleted_at` IS NULL
ORDER BY `hl`.`hub_location_name` ASC', [], false)
 5 SYSTEMPATH\Model.php(928): CodeIgniter\Database\BaseBuilder->get()
 6 APPPATH\Models\HubLocationModel.php(34): CodeIgniter\Model->__call('get', [])
 7 APPPATH\Controllers\HubLocation.php(39): App\Models\HubLocationModel->getAll()
 8 SYSTEMPATH\CodeIgniter.php(933): App\Controllers\HubLocation->list()
 9 SYSTEMPATH\CodeIgniter.php(509): CodeIgniter\CodeIgniter->runController(Object(App\Controllers\HubLocation))
10 SYSTEMPATH\CodeIgniter.php(355): CodeIgniter\CodeIgniter->handleRequest(null, Object(Config\Cache), false)
11 SYSTEMPATH\Boot.php(334): CodeIgniter\CodeIgniter->run()
12 SYSTEMPATH\Boot.php(67): CodeIgniter\Boot::runCodeIgniter(Object(CodeIgniter\CodeIgniter))
13 FCPATH\index.php(56): CodeIgniter\Boot::bootWeb(Object(Config\Paths))
