ERROR - 2025-05-23 04:48:12 --> mysqli_sql_exception: Unknown column 't.is_active,1' in 'where clause' in C:\wamp64\www\khm\system\Database\MySQLi\Connection.php:312
Stack trace:
#0 C:\wamp64\www\khm\system\Database\MySQLi\Connection.php(312): mysqli->query('SELECT `t`.`tou...', 0)
#1 C:\wamp64\www\khm\system\Database\BaseConnection.php(734): CodeIgniter\Database\MySQLi\Connection->execute('SELECT `t`.`tou...')
#2 C:\wamp64\www\khm\system\Database\BaseConnection.php(648): CodeIgniter\Database\BaseConnection->simpleQuery('SELECT `t`.`tou...')
#3 C:\wamp64\www\khm\system\Database\BaseBuilder.php(1644): CodeIgniter\Database\BaseConnection->query('SELECT `t`.`tou...', Array, false)
#4 C:\wamp64\www\khm\app\Models\BestDestinationReportModel.php(84): CodeIgniter\Database\BaseBuilder->get()
#5 C:\wamp64\www\khm\app\Controllers\BestDestinationReport.php(103): App\Models\BestDestinationReportModel->getByDateRange('2019-01-01 00:0...', '2025-05-22 04:4...', 'all')
#6 C:\wamp64\www\khm\system\CodeIgniter.php(933): App\Controllers\BestDestinationReport->data()
#7 C:\wamp64\www\khm\system\CodeIgniter.php(509): CodeIgniter\CodeIgniter->runController(Object(App\Controllers\BestDestinationReport))
#8 C:\wamp64\www\khm\system\CodeIgniter.php(355): CodeIgniter\CodeIgniter->handleRequest(NULL, Object(Config\Cache), false)
#9 C:\wamp64\www\khm\system\Boot.php(334): CodeIgniter\CodeIgniter->run()
#10 C:\wamp64\www\khm\system\Boot.php(67): CodeIgniter\Boot::runCodeIgniter(Object(CodeIgniter\CodeIgniter))
#11 C:\wamp64\www\khm\public\index.php(56): CodeIgniter\Boot::bootWeb(Object(Config\Paths))
#12 {main}
CRITICAL - 2025-05-23 04:48:12 --> CodeIgniter\Database\Exceptions\DatabaseException: Unknown column 't.is_active,1' in 'where clause'
[Method: GET, Route: BestDestinationReport/data]
in SYSTEMPATH\Database\BaseConnection.php on line 688.
 1 SYSTEMPATH\Database\BaseBuilder.php(1644): CodeIgniter\Database\BaseConnection->query('SELECT `t`.`tour_details_id`, `t`.`tour_location`, `t`.`is_active`, `t`.`check_in_date`, `t`.`check_out_date`, `g`.`geog_name`, COUNT(DISTINCT t.tour_details_id) AS total_tourenq
FROM `khm_obj_enquiry_tour_details` AS `t`
LEFT JOIN `khm_loc_mst_geography` AS `g` ON `g`.`geog_id` = `t`.`tour_location`
WHERE `t`.`is_active,1` IS NULL
AND `t`.`check_in_date` >= :t.check_in_date:
AND `t`.`check_in_date` <= :t.check_in_date.1:
AND `t`.`check_out_date` <= :t.check_out_date:
AND `t`.`check_out_date` >= :t.check_out_date.1:
GROUP BY `t`.`tour_details_id`, `g`.`geog_name`
ORDER BY `total_tourenq` DESC', [...], false)
 2 APPPATH\Models\BestDestinationReportModel.php(84): CodeIgniter\Database\BaseBuilder->get()
 3 APPPATH\Controllers\BestDestinationReport.php(103): App\Models\BestDestinationReportModel->getByDateRange('2019-01-01 00:00:00', '2025-05-22 04:48:12', 'all')
 4 SYSTEMPATH\CodeIgniter.php(933): App\Controllers\BestDestinationReport->data()
 5 SYSTEMPATH\CodeIgniter.php(509): CodeIgniter\CodeIgniter->runController(Object(App\Controllers\BestDestinationReport))
 6 SYSTEMPATH\CodeIgniter.php(355): CodeIgniter\CodeIgniter->handleRequest(null, Object(Config\Cache), false)
 7 SYSTEMPATH\Boot.php(334): CodeIgniter\CodeIgniter->run()
 8 SYSTEMPATH\Boot.php(67): CodeIgniter\Boot::runCodeIgniter(Object(CodeIgniter\CodeIgniter))
 9 FCPATH\index.php(56): CodeIgniter\Boot::bootWeb(Object(Config\Paths))
CRITICAL - 2025-05-23 04:48:12 --> [Caused by] CodeIgniter\Database\Exceptions\DatabaseException: Unknown column 't.is_active,1' in 'where clause'
in SYSTEMPATH\Database\MySQLi\Connection.php on line 317.
 1 SYSTEMPATH\Database\BaseConnection.php(734): CodeIgniter\Database\MySQLi\Connection->execute('SELECT `t`.`tour_details_id`, `t`.`tour_location`, `t`.`is_active`, `t`.`check_in_date`, `t`.`check_out_date`, `g`.`geog_name`, COUNT(DISTINCT t.tour_details_id) AS total_tourenq
FROM `khm_obj_enquiry_tour_details` AS `t`
LEFT JOIN `khm_loc_mst_geography` AS `g` ON `g`.`geog_id` = `t`.`tour_location`
WHERE `t`.`is_active,1` IS NULL
AND `t`.`check_in_date` >= \'2019-01-01 00:00:00\'
AND `t`.`check_in_date` <= \'2025-05-22 04:48:12\'
AND `t`.`check_out_date` <= \'2025-05-22 04:48:12\'
AND `t`.`check_out_date` >= \'2019-01-01 00:00:00\'
GROUP BY `t`.`tour_details_id`, `g`.`geog_name`
ORDER BY `total_tourenq` DESC')
 2 SYSTEMPATH\Database\BaseConnection.php(648): CodeIgniter\Database\BaseConnection->simpleQuery('SELECT `t`.`tour_details_id`, `t`.`tour_location`, `t`.`is_active`, `t`.`check_in_date`, `t`.`check_out_date`, `g`.`geog_name`, COUNT(DISTINCT t.tour_details_id) AS total_tourenq
FROM `khm_obj_enquiry_tour_details` AS `t`
LEFT JOIN `khm_loc_mst_geography` AS `g` ON `g`.`geog_id` = `t`.`tour_location`
WHERE `t`.`is_active,1` IS NULL
AND `t`.`check_in_date` >= \'2019-01-01 00:00:00\'
AND `t`.`check_in_date` <= \'2025-05-22 04:48:12\'
AND `t`.`check_out_date` <= \'2025-05-22 04:48:12\'
AND `t`.`check_out_date` >= \'2019-01-01 00:00:00\'
GROUP BY `t`.`tour_details_id`, `g`.`geog_name`
ORDER BY `total_tourenq` DESC')
 3 SYSTEMPATH\Database\BaseBuilder.php(1644): CodeIgniter\Database\BaseConnection->query('SELECT `t`.`tour_details_id`, `t`.`tour_location`, `t`.`is_active`, `t`.`check_in_date`, `t`.`check_out_date`, `g`.`geog_name`, COUNT(DISTINCT t.tour_details_id) AS total_tourenq
FROM `khm_obj_enquiry_tour_details` AS `t`
LEFT JOIN `khm_loc_mst_geography` AS `g` ON `g`.`geog_id` = `t`.`tour_location`
WHERE `t`.`is_active,1` IS NULL
AND `t`.`check_in_date` >= :t.check_in_date:
AND `t`.`check_in_date` <= :t.check_in_date.1:
AND `t`.`check_out_date` <= :t.check_out_date:
AND `t`.`check_out_date` >= :t.check_out_date.1:
GROUP BY `t`.`tour_details_id`, `g`.`geog_name`
ORDER BY `total_tourenq` DESC', [...], false)
 4 APPPATH\Models\BestDestinationReportModel.php(84): CodeIgniter\Database\BaseBuilder->get()
 5 APPPATH\Controllers\BestDestinationReport.php(103): App\Models\BestDestinationReportModel->getByDateRange('2019-01-01 00:00:00', '2025-05-22 04:48:12', 'all')
 6 SYSTEMPATH\CodeIgniter.php(933): App\Controllers\BestDestinationReport->data()
 7 SYSTEMPATH\CodeIgniter.php(509): CodeIgniter\CodeIgniter->runController(Object(App\Controllers\BestDestinationReport))
 8 SYSTEMPATH\CodeIgniter.php(355): CodeIgniter\CodeIgniter->handleRequest(null, Object(Config\Cache), false)
 9 SYSTEMPATH\Boot.php(334): CodeIgniter\CodeIgniter->run()
10 SYSTEMPATH\Boot.php(67): CodeIgniter\Boot::runCodeIgniter(Object(CodeIgniter\CodeIgniter))
11 FCPATH\index.php(56): CodeIgniter\Boot::bootWeb(Object(Config\Paths))
CRITICAL - 2025-05-23 04:48:12 --> [Caused by] mysqli_sql_exception: Unknown column 't.is_active,1' in 'where clause'
in SYSTEMPATH\Database\MySQLi\Connection.php on line 312.
 1 SYSTEMPATH\Database\MySQLi\Connection.php(312): mysqli->query('SELECT `t`.`tour_details_id`, `t`.`tour_location`, `t`.`is_active`, `t`.`check_in_date`, `t`.`check_out_date`, `g`.`geog_name`, COUNT(DISTINCT t.tour_details_id) AS total_tourenq
FROM `khm_obj_enquiry_tour_details` AS `t`
LEFT JOIN `khm_loc_mst_geography` AS `g` ON `g`.`geog_id` = `t`.`tour_location`
WHERE `t`.`is_active,1` IS NULL
AND `t`.`check_in_date` >= \'2019-01-01 00:00:00\'
AND `t`.`check_in_date` <= \'2025-05-22 04:48:12\'
AND `t`.`check_out_date` <= \'2025-05-22 04:48:12\'
AND `t`.`check_out_date` >= \'2019-01-01 00:00:00\'
GROUP BY `t`.`tour_details_id`, `g`.`geog_name`
ORDER BY `total_tourenq` DESC', 0)
 2 SYSTEMPATH\Database\BaseConnection.php(734): CodeIgniter\Database\MySQLi\Connection->execute('SELECT `t`.`tour_details_id`, `t`.`tour_location`, `t`.`is_active`, `t`.`check_in_date`, `t`.`check_out_date`, `g`.`geog_name`, COUNT(DISTINCT t.tour_details_id) AS total_tourenq
FROM `khm_obj_enquiry_tour_details` AS `t`
LEFT JOIN `khm_loc_mst_geography` AS `g` ON `g`.`geog_id` = `t`.`tour_location`
WHERE `t`.`is_active,1` IS NULL
AND `t`.`check_in_date` >= \'2019-01-01 00:00:00\'
AND `t`.`check_in_date` <= \'2025-05-22 04:48:12\'
AND `t`.`check_out_date` <= \'2025-05-22 04:48:12\'
AND `t`.`check_out_date` >= \'2019-01-01 00:00:00\'
GROUP BY `t`.`tour_details_id`, `g`.`geog_name`
ORDER BY `total_tourenq` DESC')
 3 SYSTEMPATH\Database\BaseConnection.php(648): CodeIgniter\Database\BaseConnection->simpleQuery('SELECT `t`.`tour_details_id`, `t`.`tour_location`, `t`.`is_active`, `t`.`check_in_date`, `t`.`check_out_date`, `g`.`geog_name`, COUNT(DISTINCT t.tour_details_id) AS total_tourenq
FROM `khm_obj_enquiry_tour_details` AS `t`
LEFT JOIN `khm_loc_mst_geography` AS `g` ON `g`.`geog_id` = `t`.`tour_location`
WHERE `t`.`is_active,1` IS NULL
AND `t`.`check_in_date` >= \'2019-01-01 00:00:00\'
AND `t`.`check_in_date` <= \'2025-05-22 04:48:12\'
AND `t`.`check_out_date` <= \'2025-05-22 04:48:12\'
AND `t`.`check_out_date` >= \'2019-01-01 00:00:00\'
GROUP BY `t`.`tour_details_id`, `g`.`geog_name`
ORDER BY `total_tourenq` DESC')
 4 SYSTEMPATH\Database\BaseBuilder.php(1644): CodeIgniter\Database\BaseConnection->query('SELECT `t`.`tour_details_id`, `t`.`tour_location`, `t`.`is_active`, `t`.`check_in_date`, `t`.`check_out_date`, `g`.`geog_name`, COUNT(DISTINCT t.tour_details_id) AS total_tourenq
FROM `khm_obj_enquiry_tour_details` AS `t`
LEFT JOIN `khm_loc_mst_geography` AS `g` ON `g`.`geog_id` = `t`.`tour_location`
WHERE `t`.`is_active,1` IS NULL
AND `t`.`check_in_date` >= :t.check_in_date:
AND `t`.`check_in_date` <= :t.check_in_date.1:
AND `t`.`check_out_date` <= :t.check_out_date:
AND `t`.`check_out_date` >= :t.check_out_date.1:
GROUP BY `t`.`tour_details_id`, `g`.`geog_name`
ORDER BY `total_tourenq` DESC', [...], false)
 5 APPPATH\Models\BestDestinationReportModel.php(84): CodeIgniter\Database\BaseBuilder->get()
 6 APPPATH\Controllers\BestDestinationReport.php(103): App\Models\BestDestinationReportModel->getByDateRange('2019-01-01 00:00:00', '2025-05-22 04:48:12', 'all')
 7 SYSTEMPATH\CodeIgniter.php(933): App\Controllers\BestDestinationReport->data()
 8 SYSTEMPATH\CodeIgniter.php(509): CodeIgniter\CodeIgniter->runController(Object(App\Controllers\BestDestinationReport))
 9 SYSTEMPATH\CodeIgniter.php(355): CodeIgniter\CodeIgniter->handleRequest(null, Object(Config\Cache), false)
10 SYSTEMPATH\Boot.php(334): CodeIgniter\CodeIgniter->run()
11 SYSTEMPATH\Boot.php(67): CodeIgniter\Boot::runCodeIgniter(Object(CodeIgniter\CodeIgniter))
12 FCPATH\index.php(56): CodeIgniter\Boot::bootWeb(Object(Config\Paths))
