CRITICAL - 2025-07-24 05:10:44 --> CodeIgniter\View\Exceptions\ViewException: Invalid file: "login/login_page.php"
[Method: GET, Route: /]
in SYSTEMPATH\Exceptions\FrameworkException.php on line 41.
 1 SYSTEMPATH\View\View.php(222): CodeIgniter\Exceptions\FrameworkException::forInvalidFile('login/login_page.php')
 2 SYSTEMPATH\Common.php(1171): CodeIgniter\View\View->render('login/login_page', [], true)
 3 APPPATH\Controllers\Login.php(12): view('login/login_page')
 4 SYSTEMPATH\CodeIgniter.php(933): App\Controllers\Login->index()
 5 SYSTEMPATH\CodeIgniter.php(509): CodeIgniter\CodeIgniter->runController(Object(App\Controllers\Login))
 6 SYSTEMPATH\CodeIgniter.php(355): CodeIgniter\CodeIgniter->handleRequest(null, Object(Config\Cache), false)
 7 SYSTEMPATH\Boot.php(334): CodeIgniter\CodeIgniter->run()
 8 SYSTEMPATH\Boot.php(67): CodeIgniter\Boot::runCodeIgniter(Object(CodeIgniter\CodeIgniter))
 9 FCPATH\index.php(56): CodeIgniter\Boot::bootWeb(Object(Config\Paths))
CRITICAL - 2025-07-24 05:10:49 --> CodeIgniter\View\Exceptions\ViewException: Invalid file: "login/login_page.php"
[Method: GET, Route: /]
in SYSTEMPATH\Exceptions\FrameworkException.php on line 41.
 1 SYSTEMPATH\View\View.php(222): CodeIgniter\Exceptions\FrameworkException::forInvalidFile('login/login_page.php')
 2 SYSTEMPATH\Common.php(1171): CodeIgniter\View\View->render('login/login_page', [], true)
 3 APPPATH\Controllers\Login.php(12): view('login/login_page')
 4 SYSTEMPATH\CodeIgniter.php(933): App\Controllers\Login->index()
 5 SYSTEMPATH\CodeIgniter.php(509): CodeIgniter\CodeIgniter->runController(Object(App\Controllers\Login))
 6 SYSTEMPATH\CodeIgniter.php(355): CodeIgniter\CodeIgniter->handleRequest(null, Object(Config\Cache), false)
 7 SYSTEMPATH\Boot.php(334): CodeIgniter\CodeIgniter->run()
 8 SYSTEMPATH\Boot.php(67): CodeIgniter\Boot::runCodeIgniter(Object(CodeIgniter\CodeIgniter))
 9 FCPATH\index.php(56): CodeIgniter\Boot::bootWeb(Object(Config\Paths))
CRITICAL - 2025-07-24 07:13:19 --> ErrorException: Undefined array key 0
[Method: GET, Route: Dashboard/add_object/assets/plugins/bootstrap-colorpicker/bootstrap-colorpicker.min.css]
in APPPATH\Controllers\Dashboard.php on line 1255.
 1 APPPATH\Controllers\Dashboard.php(1255): CodeIgniter\Debug\Exceptions->errorHandler(2, 'Undefined array key 0', 'C:\\wamp64\\www\\khm\\app\\Controllers\\Dashboard.php', 1255)
 2 SYSTEMPATH\CodeIgniter.php(933): App\Controllers\Dashboard->add_object('assets', 'plugins', 'bootstrap-colorpicker', 'bootstrap-colorpicker.min.css')
 3 SYSTEMPATH\CodeIgniter.php(509): CodeIgniter\CodeIgniter->runController(Object(App\Controllers\Dashboard))
 4 SYSTEMPATH\CodeIgniter.php(355): CodeIgniter\CodeIgniter->handleRequest(null, Object(Config\Cache), false)
 5 SYSTEMPATH\Boot.php(334): CodeIgniter\CodeIgniter->run()
 6 SYSTEMPATH\Boot.php(67): CodeIgniter\Boot::runCodeIgniter(Object(CodeIgniter\CodeIgniter))
 7 FCPATH\index.php(56): CodeIgniter\Boot::bootWeb(Object(Config\Paths))
CRITICAL - 2025-07-24 07:13:19 --> ErrorException: Undefined array key 0
[Method: GET, Route: Dashboard/add_object/assets/plugins/datatable/dataTables.bootstrap4.min.css]
in APPPATH\Controllers\Dashboard.php on line 1255.
 1 APPPATH\Controllers\Dashboard.php(1255): CodeIgniter\Debug\Exceptions->errorHandler(2, 'Undefined array key 0', 'C:\\wamp64\\www\\khm\\app\\Controllers\\Dashboard.php', 1255)
 2 SYSTEMPATH\CodeIgniter.php(933): App\Controllers\Dashboard->add_object('assets', 'plugins', 'datatable', 'dataTables.bootstrap4.min.css')
 3 SYSTEMPATH\CodeIgniter.php(509): CodeIgniter\CodeIgniter->runController(Object(App\Controllers\Dashboard))
 4 SYSTEMPATH\CodeIgniter.php(355): CodeIgniter\CodeIgniter->handleRequest(null, Object(Config\Cache), false)
 5 SYSTEMPATH\Boot.php(334): CodeIgniter\CodeIgniter->run()
 6 SYSTEMPATH\Boot.php(67): CodeIgniter\Boot::runCodeIgniter(Object(CodeIgniter\CodeIgniter))
 7 FCPATH\index.php(56): CodeIgniter\Boot::bootWeb(Object(Config\Paths))
CRITICAL - 2025-07-24 07:13:19 --> ErrorException: Undefined array key 0
[Method: GET, Route: Dashboard/add_object/assets/plugins/sidemenu-responsive-tabs/css/sidemenu-responsive-tabs.css]
in APPPATH\Controllers\Dashboard.php on line 1255.
 1 APPPATH\Controllers\Dashboard.php(1255): CodeIgniter\Debug\Exceptions->errorHandler(2, 'Undefined array key 0', 'C:\\wamp64\\www\\khm\\app\\Controllers\\Dashboard.php', 1255)
 2 SYSTEMPATH\CodeIgniter.php(933): App\Controllers\Dashboard->add_object('assets', 'plugins', 'sidemenu-responsive-tabs', 'css', 'sidemenu-responsive-tabs.css')
 3 SYSTEMPATH\CodeIgniter.php(509): CodeIgniter\CodeIgniter->runController(Object(App\Controllers\Dashboard))
 4 SYSTEMPATH\CodeIgniter.php(355): CodeIgniter\CodeIgniter->handleRequest(null, Object(Config\Cache), false)
 5 SYSTEMPATH\Boot.php(334): CodeIgniter\CodeIgniter->run()
 6 SYSTEMPATH\Boot.php(67): CodeIgniter\Boot::runCodeIgniter(Object(CodeIgniter\CodeIgniter))
 7 FCPATH\index.php(56): CodeIgniter\Boot::bootWeb(Object(Config\Paths))
CRITICAL - 2025-07-24 07:13:19 --> ErrorException: Undefined array key 0
[Method: GET, Route: Dashboard/add_object/assets/plugins/select2/select2.min.css]
in APPPATH\Controllers\Dashboard.php on line 1255.
 1 APPPATH\Controllers\Dashboard.php(1255): CodeIgniter\Debug\Exceptions->errorHandler(2, 'Undefined array key 0', 'C:\\wamp64\\www\\khm\\app\\Controllers\\Dashboard.php', 1255)
 2 SYSTEMPATH\CodeIgniter.php(933): App\Controllers\Dashboard->add_object('assets', 'plugins', 'select2', 'select2.min.css')
 3 SYSTEMPATH\CodeIgniter.php(509): CodeIgniter\CodeIgniter->runController(Object(App\Controllers\Dashboard))
 4 SYSTEMPATH\CodeIgniter.php(355): CodeIgniter\CodeIgniter->handleRequest(null, Object(Config\Cache), false)
 5 SYSTEMPATH\Boot.php(334): CodeIgniter\CodeIgniter->run()
 6 SYSTEMPATH\Boot.php(67): CodeIgniter\Boot::runCodeIgniter(Object(CodeIgniter\CodeIgniter))
 7 FCPATH\index.php(56): CodeIgniter\Boot::bootWeb(Object(Config\Paths))
CRITICAL - 2025-07-24 07:13:19 --> ErrorException: Undefined array key 0
[Method: GET, Route: Dashboard/add_object/assets/plugins/date-picker/date-picker.css]
in APPPATH\Controllers\Dashboard.php on line 1255.
 1 APPPATH\Controllers\Dashboard.php(1255): CodeIgniter\Debug\Exceptions->errorHandler(2, 'Undefined array key 0', 'C:\\wamp64\\www\\khm\\app\\Controllers\\Dashboard.php', 1255)
 2 SYSTEMPATH\CodeIgniter.php(933): App\Controllers\Dashboard->add_object('assets', 'plugins', 'date-picker', 'date-picker.css')
 3 SYSTEMPATH\CodeIgniter.php(509): CodeIgniter\CodeIgniter->runController(Object(App\Controllers\Dashboard))
 4 SYSTEMPATH\CodeIgniter.php(355): CodeIgniter\CodeIgniter->handleRequest(null, Object(Config\Cache), false)
 5 SYSTEMPATH\Boot.php(334): CodeIgniter\CodeIgniter->run()
 6 SYSTEMPATH\Boot.php(67): CodeIgniter\Boot::runCodeIgniter(Object(CodeIgniter\CodeIgniter))
 7 FCPATH\index.php(56): CodeIgniter\Boot::bootWeb(Object(Config\Paths))
CRITICAL - 2025-07-24 07:13:19 --> ErrorException: Undefined array key 0
[Method: GET, Route: Dashboard/add_object/assets/plugins/time-picker/jquery.timepicker.css]
in APPPATH\Controllers\Dashboard.php on line 1255.
 1 APPPATH\Controllers\Dashboard.php(1255): CodeIgniter\Debug\Exceptions->errorHandler(2, 'Undefined array key 0', 'C:\\wamp64\\www\\khm\\app\\Controllers\\Dashboard.php', 1255)
 2 SYSTEMPATH\CodeIgniter.php(933): App\Controllers\Dashboard->add_object('assets', 'plugins', 'time-picker', 'jquery.timepicker.css')
 3 SYSTEMPATH\CodeIgniter.php(509): CodeIgniter\CodeIgniter->runController(Object(App\Controllers\Dashboard))
 4 SYSTEMPATH\CodeIgniter.php(355): CodeIgniter\CodeIgniter->handleRequest(null, Object(Config\Cache), false)
 5 SYSTEMPATH\Boot.php(334): CodeIgniter\CodeIgniter->run()
 6 SYSTEMPATH\Boot.php(67): CodeIgniter\Boot::runCodeIgniter(Object(CodeIgniter\CodeIgniter))
 7 FCPATH\index.php(56): CodeIgniter\Boot::bootWeb(Object(Config\Paths))
CRITICAL - 2025-07-24 07:13:19 --> ErrorException: Undefined array key 0
[Method: GET, Route: Dashboard/add_object/assets/plugins/multipleselect/multiple-select.css]
in APPPATH\Controllers\Dashboard.php on line 1255.
 1 APPPATH\Controllers\Dashboard.php(1255): CodeIgniter\Debug\Exceptions->errorHandler(2, 'Undefined array key 0', 'C:\\wamp64\\www\\khm\\app\\Controllers\\Dashboard.php', 1255)
 2 SYSTEMPATH\CodeIgniter.php(933): App\Controllers\Dashboard->add_object('assets', 'plugins', 'multipleselect', 'multiple-select.css')
 3 SYSTEMPATH\CodeIgniter.php(509): CodeIgniter\CodeIgniter->runController(Object(App\Controllers\Dashboard))
 4 SYSTEMPATH\CodeIgniter.php(355): CodeIgniter\CodeIgniter->handleRequest(null, Object(Config\Cache), false)
 5 SYSTEMPATH\Boot.php(334): CodeIgniter\CodeIgniter->run()
 6 SYSTEMPATH\Boot.php(67): CodeIgniter\Boot::runCodeIgniter(Object(CodeIgniter\CodeIgniter))
 7 FCPATH\index.php(56): CodeIgniter\Boot::bootWeb(Object(Config\Paths))
CRITICAL - 2025-07-24 07:13:19 --> ErrorException: Undefined array key 0
[Method: GET, Route: Dashboard/add_object/assets/plugins/fileuploads/css/dropify.css]
in APPPATH\Controllers\Dashboard.php on line 1255.
 1 APPPATH\Controllers\Dashboard.php(1255): CodeIgniter\Debug\Exceptions->errorHandler(2, 'Undefined array key 0', 'C:\\wamp64\\www\\khm\\app\\Controllers\\Dashboard.php', 1255)
 2 SYSTEMPATH\CodeIgniter.php(933): App\Controllers\Dashboard->add_object('assets', 'plugins', 'fileuploads', 'css', 'dropify.css')
 3 SYSTEMPATH\CodeIgniter.php(509): CodeIgniter\CodeIgniter->runController(Object(App\Controllers\Dashboard))
 4 SYSTEMPATH\CodeIgniter.php(355): CodeIgniter\CodeIgniter->handleRequest(null, Object(Config\Cache), false)
 5 SYSTEMPATH\Boot.php(334): CodeIgniter\CodeIgniter->run()
 6 SYSTEMPATH\Boot.php(67): CodeIgniter\Boot::runCodeIgniter(Object(CodeIgniter\CodeIgniter))
 7 FCPATH\index.php(56): CodeIgniter\Boot::bootWeb(Object(Config\Paths))
CRITICAL - 2025-07-24 07:13:19 --> ErrorException: Undefined array key 0
[Method: GET, Route: Dashboard/add_object/assets/plugins/jquery-nice-select/css/nice-select.css]
in APPPATH\Controllers\Dashboard.php on line 1255.
 1 APPPATH\Controllers\Dashboard.php(1255): CodeIgniter\Debug\Exceptions->errorHandler(2, 'Undefined array key 0', 'C:\\wamp64\\www\\khm\\app\\Controllers\\Dashboard.php', 1255)
 2 SYSTEMPATH\CodeIgniter.php(933): App\Controllers\Dashboard->add_object('assets', 'plugins', 'jquery-nice-select', 'css', 'nice-select.css')
 3 SYSTEMPATH\CodeIgniter.php(509): CodeIgniter\CodeIgniter->runController(Object(App\Controllers\Dashboard))
 4 SYSTEMPATH\CodeIgniter.php(355): CodeIgniter\CodeIgniter->handleRequest(null, Object(Config\Cache), false)
 5 SYSTEMPATH\Boot.php(334): CodeIgniter\CodeIgniter->run()
 6 SYSTEMPATH\Boot.php(67): CodeIgniter\Boot::runCodeIgniter(Object(CodeIgniter\CodeIgniter))
 7 FCPATH\index.php(56): CodeIgniter\Boot::bootWeb(Object(Config\Paths))
CRITICAL - 2025-07-24 07:13:19 --> ErrorException: Undefined array key 0
[Method: GET, Route: Dashboard/add_object/assets/plugins/datatable/jquery.dataTables.min.js]
in APPPATH\Controllers\Dashboard.php on line 1255.
 1 APPPATH\Controllers\Dashboard.php(1255): CodeIgniter\Debug\Exceptions->errorHandler(2, 'Undefined array key 0', 'C:\\wamp64\\www\\khm\\app\\Controllers\\Dashboard.php', 1255)
 2 SYSTEMPATH\CodeIgniter.php(933): App\Controllers\Dashboard->add_object('assets', 'plugins', 'datatable', 'jquery.dataTables.min.js')
 3 SYSTEMPATH\CodeIgniter.php(509): CodeIgniter\CodeIgniter->runController(Object(App\Controllers\Dashboard))
 4 SYSTEMPATH\CodeIgniter.php(355): CodeIgniter\CodeIgniter->handleRequest(null, Object(Config\Cache), false)
 5 SYSTEMPATH\Boot.php(334): CodeIgniter\CodeIgniter->run()
 6 SYSTEMPATH\Boot.php(67): CodeIgniter\Boot::runCodeIgniter(Object(CodeIgniter\CodeIgniter))
 7 FCPATH\index.php(56): CodeIgniter\Boot::bootWeb(Object(Config\Paths))
CRITICAL - 2025-07-24 07:13:20 --> ErrorException: Undefined array key 0
[Method: GET, Route: Dashboard/add_object/assets/plugins/datatable/dataTables.bootstrap4.min.js]
in APPPATH\Controllers\Dashboard.php on line 1255.
 1 APPPATH\Controllers\Dashboard.php(1255): CodeIgniter\Debug\Exceptions->errorHandler(2, 'Undefined array key 0', 'C:\\wamp64\\www\\khm\\app\\Controllers\\Dashboard.php', 1255)
 2 SYSTEMPATH\CodeIgniter.php(933): App\Controllers\Dashboard->add_object('assets', 'plugins', 'datatable', 'dataTables.bootstrap4.min.js')
 3 SYSTEMPATH\CodeIgniter.php(509): CodeIgniter\CodeIgniter->runController(Object(App\Controllers\Dashboard))
 4 SYSTEMPATH\CodeIgniter.php(355): CodeIgniter\CodeIgniter->handleRequest(null, Object(Config\Cache), false)
 5 SYSTEMPATH\Boot.php(334): CodeIgniter\CodeIgniter->run()
 6 SYSTEMPATH\Boot.php(67): CodeIgniter\Boot::runCodeIgniter(Object(CodeIgniter\CodeIgniter))
 7 FCPATH\index.php(56): CodeIgniter\Boot::bootWeb(Object(Config\Paths))
CRITICAL - 2025-07-24 07:13:20 --> ErrorException: Undefined array key 0
[Method: GET, Route: Dashboard/add_object/assets/plugins/datatable/datatable.js]
in APPPATH\Controllers\Dashboard.php on line 1255.
 1 APPPATH\Controllers\Dashboard.php(1255): CodeIgniter\Debug\Exceptions->errorHandler(2, 'Undefined array key 0', 'C:\\wamp64\\www\\khm\\app\\Controllers\\Dashboard.php', 1255)
 2 SYSTEMPATH\CodeIgniter.php(933): App\Controllers\Dashboard->add_object('assets', 'plugins', 'datatable', 'datatable.js')
 3 SYSTEMPATH\CodeIgniter.php(509): CodeIgniter\CodeIgniter->runController(Object(App\Controllers\Dashboard))
 4 SYSTEMPATH\CodeIgniter.php(355): CodeIgniter\CodeIgniter->handleRequest(null, Object(Config\Cache), false)
 5 SYSTEMPATH\Boot.php(334): CodeIgniter\CodeIgniter->run()
 6 SYSTEMPATH\Boot.php(67): CodeIgniter\Boot::runCodeIgniter(Object(CodeIgniter\CodeIgniter))
 7 FCPATH\index.php(56): CodeIgniter\Boot::bootWeb(Object(Config\Paths))
CRITICAL - 2025-07-24 07:20:44 --> ParseError: syntax error, unexpected token "<"
[Method: GET, Route: dashboard/view_tariff/1470]
in APPPATH\Views\dashboard\tariff_generation.php on line 429.
 1 SYSTEMPATH\View\View.php(237): CodeIgniter\View\View->CodeIgniter\View\{closure}()
 2 SYSTEMPATH\Common.php(1171): CodeIgniter\View\View->render('dashboard/tariff_generation', [], true)
 3 APPPATH\Controllers\Dashboard.php(530): view('dashboard/tariff_generation', [...])
 4 SYSTEMPATH\CodeIgniter.php(933): App\Controllers\Dashboard->view_tariff('1470')
 5 SYSTEMPATH\CodeIgniter.php(509): CodeIgniter\CodeIgniter->runController(Object(App\Controllers\Dashboard))
 6 SYSTEMPATH\CodeIgniter.php(355): CodeIgniter\CodeIgniter->handleRequest(null, Object(Config\Cache), false)
 7 SYSTEMPATH\Boot.php(334): CodeIgniter\CodeIgniter->run()
 8 SYSTEMPATH\Boot.php(67): CodeIgniter\Boot::runCodeIgniter(Object(CodeIgniter\CodeIgniter))
 9 FCPATH\index.php(56): CodeIgniter\Boot::bootWeb(Object(Config\Paths))
CRITICAL - 2025-07-24 07:38:19 --> CodeIgniter\View\Exceptions\ViewException: Invalid file: "dashboard/view_hotels.php"
[Method: GET, Route: Dashboard/view_hotels/1]
in SYSTEMPATH\Exceptions\FrameworkException.php on line 41.
 1 SYSTEMPATH\View\View.php(222): CodeIgniter\Exceptions\FrameworkException::forInvalidFile('dashboard/view_hotels.php')
 2 SYSTEMPATH\Common.php(1171): CodeIgniter\View\View->render('dashboard/view_hotels', [], true)
 3 APPPATH\Controllers\Dashboard.php(637): view('dashboard/view_hotels', [...])
 4 SYSTEMPATH\CodeIgniter.php(933): App\Controllers\Dashboard->view_hotels('1')
 5 SYSTEMPATH\CodeIgniter.php(509): CodeIgniter\CodeIgniter->runController(Object(App\Controllers\Dashboard))
 6 SYSTEMPATH\CodeIgniter.php(355): CodeIgniter\CodeIgniter->handleRequest(null, Object(Config\Cache), false)
 7 SYSTEMPATH\Boot.php(334): CodeIgniter\CodeIgniter->run()
 8 SYSTEMPATH\Boot.php(67): CodeIgniter\Boot::runCodeIgniter(Object(CodeIgniter\CodeIgniter))
 9 FCPATH\index.php(56): CodeIgniter\Boot::bootWeb(Object(Config\Paths))
CRITICAL - 2025-07-24 07:38:24 --> CodeIgniter\View\Exceptions\ViewException: Invalid file: "dashboard/view_hotels.php"
[Method: GET, Route: Dashboard/view_hotels/1]
in SYSTEMPATH\Exceptions\FrameworkException.php on line 41.
 1 SYSTEMPATH\View\View.php(222): CodeIgniter\Exceptions\FrameworkException::forInvalidFile('dashboard/view_hotels.php')
 2 SYSTEMPATH\Common.php(1171): CodeIgniter\View\View->render('dashboard/view_hotels', [], true)
 3 APPPATH\Controllers\Dashboard.php(637): view('dashboard/view_hotels', [...])
 4 SYSTEMPATH\CodeIgniter.php(933): App\Controllers\Dashboard->view_hotels('1')
 5 SYSTEMPATH\CodeIgniter.php(509): CodeIgniter\CodeIgniter->runController(Object(App\Controllers\Dashboard))
 6 SYSTEMPATH\CodeIgniter.php(355): CodeIgniter\CodeIgniter->handleRequest(null, Object(Config\Cache), false)
 7 SYSTEMPATH\Boot.php(334): CodeIgniter\CodeIgniter->run()
 8 SYSTEMPATH\Boot.php(67): CodeIgniter\Boot::runCodeIgniter(Object(CodeIgniter\CodeIgniter))
 9 FCPATH\index.php(56): CodeIgniter\Boot::bootWeb(Object(Config\Paths))
CRITICAL - 2025-07-24 07:38:28 --> CodeIgniter\View\Exceptions\ViewException: Invalid file: "dashboard/view_hotels.php"
[Method: GET, Route: Dashboard/view_hotels/1]
in SYSTEMPATH\Exceptions\FrameworkException.php on line 41.
 1 SYSTEMPATH\View\View.php(222): CodeIgniter\Exceptions\FrameworkException::forInvalidFile('dashboard/view_hotels.php')
 2 SYSTEMPATH\Common.php(1171): CodeIgniter\View\View->render('dashboard/view_hotels', [], true)
 3 APPPATH\Controllers\Dashboard.php(637): view('dashboard/view_hotels', [...])
 4 SYSTEMPATH\CodeIgniter.php(933): App\Controllers\Dashboard->view_hotels('1')
 5 SYSTEMPATH\CodeIgniter.php(509): CodeIgniter\CodeIgniter->runController(Object(App\Controllers\Dashboard))
 6 SYSTEMPATH\CodeIgniter.php(355): CodeIgniter\CodeIgniter->handleRequest(null, Object(Config\Cache), false)
 7 SYSTEMPATH\Boot.php(334): CodeIgniter\CodeIgniter->run()
 8 SYSTEMPATH\Boot.php(67): CodeIgniter\Boot::runCodeIgniter(Object(CodeIgniter\CodeIgniter))
 9 FCPATH\index.php(56): CodeIgniter\Boot::bootWeb(Object(Config\Paths))
CRITICAL - 2025-07-24 07:38:29 --> CodeIgniter\View\Exceptions\ViewException: Invalid file: "dashboard/view_hotels.php"
[Method: GET, Route: Dashboard/view_hotels/1]
in SYSTEMPATH\Exceptions\FrameworkException.php on line 41.
 1 SYSTEMPATH\View\View.php(222): CodeIgniter\Exceptions\FrameworkException::forInvalidFile('dashboard/view_hotels.php')
 2 SYSTEMPATH\Common.php(1171): CodeIgniter\View\View->render('dashboard/view_hotels', [], true)
 3 APPPATH\Controllers\Dashboard.php(637): view('dashboard/view_hotels', [...])
 4 SYSTEMPATH\CodeIgniter.php(933): App\Controllers\Dashboard->view_hotels('1')
 5 SYSTEMPATH\CodeIgniter.php(509): CodeIgniter\CodeIgniter->runController(Object(App\Controllers\Dashboard))
 6 SYSTEMPATH\CodeIgniter.php(355): CodeIgniter\CodeIgniter->handleRequest(null, Object(Config\Cache), false)
 7 SYSTEMPATH\Boot.php(334): CodeIgniter\CodeIgniter->run()
 8 SYSTEMPATH\Boot.php(67): CodeIgniter\Boot::runCodeIgniter(Object(CodeIgniter\CodeIgniter))
 9 FCPATH\index.php(56): CodeIgniter\Boot::bootWeb(Object(Config\Paths))
CRITICAL - 2025-07-24 07:38:46 --> CodeIgniter\View\Exceptions\ViewException: Invalid file: "dashboard/view_hotels.php"
[Method: GET, Route: Dashboard/view_hotels/1]
in SYSTEMPATH\Exceptions\FrameworkException.php on line 41.
 1 SYSTEMPATH\View\View.php(222): CodeIgniter\Exceptions\FrameworkException::forInvalidFile('dashboard/view_hotels.php')
 2 SYSTEMPATH\Common.php(1171): CodeIgniter\View\View->render('dashboard/view_hotels', [], true)
 3 APPPATH\Controllers\Dashboard.php(637): view('dashboard/view_hotels', [...])
 4 SYSTEMPATH\CodeIgniter.php(933): App\Controllers\Dashboard->view_hotels('1')
 5 SYSTEMPATH\CodeIgniter.php(509): CodeIgniter\CodeIgniter->runController(Object(App\Controllers\Dashboard))
 6 SYSTEMPATH\CodeIgniter.php(355): CodeIgniter\CodeIgniter->handleRequest(null, Object(Config\Cache), false)
 7 SYSTEMPATH\Boot.php(334): CodeIgniter\CodeIgniter->run()
 8 SYSTEMPATH\Boot.php(67): CodeIgniter\Boot::runCodeIgniter(Object(CodeIgniter\CodeIgniter))
 9 FCPATH\index.php(56): CodeIgniter\Boot::bootWeb(Object(Config\Paths))
ERROR - 2025-07-24 07:43:39 --> mysqli_sql_exception: Unknown column 'rc.sort_order' in 'order clause' in C:\wamp64\www\khm\system\Database\MySQLi\Connection.php:312
Stack trace:
#0 C:\wamp64\www\khm\system\Database\MySQLi\Connection.php(312): mysqli->query('SELECT `a`.*, `...', 0)
#1 C:\wamp64\www\khm\system\Database\BaseConnection.php(734): CodeIgniter\Database\MySQLi\Connection->execute('SELECT `a`.*, `...')
#2 C:\wamp64\www\khm\system\Database\BaseConnection.php(648): CodeIgniter\Database\BaseConnection->simpleQuery('SELECT `a`.*, `...')
#3 C:\wamp64\www\khm\system\Database\BaseBuilder.php(1644): CodeIgniter\Database\BaseConnection->query('SELECT `a`.*, `...', Array, false)
#4 C:\wamp64\www\khm\app\Models\Dashboard_m.php(2086): CodeIgniter\Database\BaseBuilder->get()
#5 C:\wamp64\www\khm\app\Controllers\Dashboard.php(3353): App\Models\Dashboard_m->get_room_basic_tariff_season('707')
#6 C:\wamp64\www\khm\system\CodeIgniter.php(933): App\Controllers\Dashboard->getRoomfunctionSeason()
#7 C:\wamp64\www\khm\system\CodeIgniter.php(509): CodeIgniter\CodeIgniter->runController(Object(App\Controllers\Dashboard))
#8 C:\wamp64\www\khm\system\CodeIgniter.php(355): CodeIgniter\CodeIgniter->handleRequest(NULL, Object(Config\Cache), false)
#9 C:\wamp64\www\khm\system\Boot.php(334): CodeIgniter\CodeIgniter->run()
#10 C:\wamp64\www\khm\system\Boot.php(67): CodeIgniter\Boot::runCodeIgniter(Object(CodeIgniter\CodeIgniter))
#11 C:\wamp64\www\khm\public\index.php(56): CodeIgniter\Boot::bootWeb(Object(Config\Paths))
#12 {main}
CRITICAL - 2025-07-24 07:43:39 --> CodeIgniter\Database\Exceptions\DatabaseException: Unknown column 'rc.sort_order' in 'order clause'
[Method: POST, Route: Dashboard/getRoomfunctionSeason]
in SYSTEMPATH\Database\BaseConnection.php on line 688.
 1 SYSTEMPATH\Database\BaseBuilder.php(1644): CodeIgniter\Database\BaseConnection->query('SELECT `a`.*, `mp`.`meal_plan_name`, `rc`.`room_category_name`, `rc`.`room_category_id`, `rt`.`room_type_name`
FROM `khm_obj_hotel_room_meal` `a`
LEFT JOIN `khm_obj_room` `r` ON `r`.`room_id` = `a`.`room_id`
LEFT JOIN `khm_obj_mst_hotel_room_category` `rc` ON `rc`.`room_category_id` = `r`.`room_category_id`
LEFT JOIN `khm_obj_mst_room_type` `rt` ON `rt`.`room_type_id` = `r`.`room_type_id`
LEFT JOIN `khm_obj_meal_plan` `mp` ON `mp`.`meal_plan_id` = `a`.`meal_plan_id`
WHERE `r`.`object_id` = :r.object_id:
ORDER BY `rc`.`sort_order` ASC', [...], false)
 2 APPPATH\Models\Dashboard_m.php(2086): CodeIgniter\Database\BaseBuilder->get()
 3 APPPATH\Controllers\Dashboard.php(3353): App\Models\Dashboard_m->get_room_basic_tariff_season('707')
 4 SYSTEMPATH\CodeIgniter.php(933): App\Controllers\Dashboard->getRoomfunctionSeason()
 5 SYSTEMPATH\CodeIgniter.php(509): CodeIgniter\CodeIgniter->runController(Object(App\Controllers\Dashboard))
 6 SYSTEMPATH\CodeIgniter.php(355): CodeIgniter\CodeIgniter->handleRequest(null, Object(Config\Cache), false)
 7 SYSTEMPATH\Boot.php(334): CodeIgniter\CodeIgniter->run()
 8 SYSTEMPATH\Boot.php(67): CodeIgniter\Boot::runCodeIgniter(Object(CodeIgniter\CodeIgniter))
 9 FCPATH\index.php(56): CodeIgniter\Boot::bootWeb(Object(Config\Paths))
CRITICAL - 2025-07-24 07:43:39 --> [Caused by] CodeIgniter\Database\Exceptions\DatabaseException: Unknown column 'rc.sort_order' in 'order clause'
in SYSTEMPATH\Database\MySQLi\Connection.php on line 317.
 1 SYSTEMPATH\Database\BaseConnection.php(734): CodeIgniter\Database\MySQLi\Connection->execute('SELECT `a`.*, `mp`.`meal_plan_name`, `rc`.`room_category_name`, `rc`.`room_category_id`, `rt`.`room_type_name`
FROM `khm_obj_hotel_room_meal` `a`
LEFT JOIN `khm_obj_room` `r` ON `r`.`room_id` = `a`.`room_id`
LEFT JOIN `khm_obj_mst_hotel_room_category` `rc` ON `rc`.`room_category_id` = `r`.`room_category_id`
LEFT JOIN `khm_obj_mst_room_type` `rt` ON `rt`.`room_type_id` = `r`.`room_type_id`
LEFT JOIN `khm_obj_meal_plan` `mp` ON `mp`.`meal_plan_id` = `a`.`meal_plan_id`
WHERE `r`.`object_id` = \'707\'
ORDER BY `rc`.`sort_order` ASC')
 2 SYSTEMPATH\Database\BaseConnection.php(648): CodeIgniter\Database\BaseConnection->simpleQuery('SELECT `a`.*, `mp`.`meal_plan_name`, `rc`.`room_category_name`, `rc`.`room_category_id`, `rt`.`room_type_name`
FROM `khm_obj_hotel_room_meal` `a`
LEFT JOIN `khm_obj_room` `r` ON `r`.`room_id` = `a`.`room_id`
LEFT JOIN `khm_obj_mst_hotel_room_category` `rc` ON `rc`.`room_category_id` = `r`.`room_category_id`
LEFT JOIN `khm_obj_mst_room_type` `rt` ON `rt`.`room_type_id` = `r`.`room_type_id`
LEFT JOIN `khm_obj_meal_plan` `mp` ON `mp`.`meal_plan_id` = `a`.`meal_plan_id`
WHERE `r`.`object_id` = \'707\'
ORDER BY `rc`.`sort_order` ASC')
 3 SYSTEMPATH\Database\BaseBuilder.php(1644): CodeIgniter\Database\BaseConnection->query('SELECT `a`.*, `mp`.`meal_plan_name`, `rc`.`room_category_name`, `rc`.`room_category_id`, `rt`.`room_type_name`
FROM `khm_obj_hotel_room_meal` `a`
LEFT JOIN `khm_obj_room` `r` ON `r`.`room_id` = `a`.`room_id`
LEFT JOIN `khm_obj_mst_hotel_room_category` `rc` ON `rc`.`room_category_id` = `r`.`room_category_id`
LEFT JOIN `khm_obj_mst_room_type` `rt` ON `rt`.`room_type_id` = `r`.`room_type_id`
LEFT JOIN `khm_obj_meal_plan` `mp` ON `mp`.`meal_plan_id` = `a`.`meal_plan_id`
WHERE `r`.`object_id` = :r.object_id:
ORDER BY `rc`.`sort_order` ASC', [...], false)
 4 APPPATH\Models\Dashboard_m.php(2086): CodeIgniter\Database\BaseBuilder->get()
 5 APPPATH\Controllers\Dashboard.php(3353): App\Models\Dashboard_m->get_room_basic_tariff_season('707')
 6 SYSTEMPATH\CodeIgniter.php(933): App\Controllers\Dashboard->getRoomfunctionSeason()
 7 SYSTEMPATH\CodeIgniter.php(509): CodeIgniter\CodeIgniter->runController(Object(App\Controllers\Dashboard))
 8 SYSTEMPATH\CodeIgniter.php(355): CodeIgniter\CodeIgniter->handleRequest(null, Object(Config\Cache), false)
 9 SYSTEMPATH\Boot.php(334): CodeIgniter\CodeIgniter->run()
10 SYSTEMPATH\Boot.php(67): CodeIgniter\Boot::runCodeIgniter(Object(CodeIgniter\CodeIgniter))
11 FCPATH\index.php(56): CodeIgniter\Boot::bootWeb(Object(Config\Paths))
CRITICAL - 2025-07-24 07:43:39 --> [Caused by] mysqli_sql_exception: Unknown column 'rc.sort_order' in 'order clause'
in SYSTEMPATH\Database\MySQLi\Connection.php on line 312.
 1 SYSTEMPATH\Database\MySQLi\Connection.php(312): mysqli->query('SELECT `a`.*, `mp`.`meal_plan_name`, `rc`.`room_category_name`, `rc`.`room_category_id`, `rt`.`room_type_name`
FROM `khm_obj_hotel_room_meal` `a`
LEFT JOIN `khm_obj_room` `r` ON `r`.`room_id` = `a`.`room_id`
LEFT JOIN `khm_obj_mst_hotel_room_category` `rc` ON `rc`.`room_category_id` = `r`.`room_category_id`
LEFT JOIN `khm_obj_mst_room_type` `rt` ON `rt`.`room_type_id` = `r`.`room_type_id`
LEFT JOIN `khm_obj_meal_plan` `mp` ON `mp`.`meal_plan_id` = `a`.`meal_plan_id`
WHERE `r`.`object_id` = \'707\'
ORDER BY `rc`.`sort_order` ASC', 0)
 2 SYSTEMPATH\Database\BaseConnection.php(734): CodeIgniter\Database\MySQLi\Connection->execute('SELECT `a`.*, `mp`.`meal_plan_name`, `rc`.`room_category_name`, `rc`.`room_category_id`, `rt`.`room_type_name`
FROM `khm_obj_hotel_room_meal` `a`
LEFT JOIN `khm_obj_room` `r` ON `r`.`room_id` = `a`.`room_id`
LEFT JOIN `khm_obj_mst_hotel_room_category` `rc` ON `rc`.`room_category_id` = `r`.`room_category_id`
LEFT JOIN `khm_obj_mst_room_type` `rt` ON `rt`.`room_type_id` = `r`.`room_type_id`
LEFT JOIN `khm_obj_meal_plan` `mp` ON `mp`.`meal_plan_id` = `a`.`meal_plan_id`
WHERE `r`.`object_id` = \'707\'
ORDER BY `rc`.`sort_order` ASC')
 3 SYSTEMPATH\Database\BaseConnection.php(648): CodeIgniter\Database\BaseConnection->simpleQuery('SELECT `a`.*, `mp`.`meal_plan_name`, `rc`.`room_category_name`, `rc`.`room_category_id`, `rt`.`room_type_name`
FROM `khm_obj_hotel_room_meal` `a`
LEFT JOIN `khm_obj_room` `r` ON `r`.`room_id` = `a`.`room_id`
LEFT JOIN `khm_obj_mst_hotel_room_category` `rc` ON `rc`.`room_category_id` = `r`.`room_category_id`
LEFT JOIN `khm_obj_mst_room_type` `rt` ON `rt`.`room_type_id` = `r`.`room_type_id`
LEFT JOIN `khm_obj_meal_plan` `mp` ON `mp`.`meal_plan_id` = `a`.`meal_plan_id`
WHERE `r`.`object_id` = \'707\'
ORDER BY `rc`.`sort_order` ASC')
 4 SYSTEMPATH\Database\BaseBuilder.php(1644): CodeIgniter\Database\BaseConnection->query('SELECT `a`.*, `mp`.`meal_plan_name`, `rc`.`room_category_name`, `rc`.`room_category_id`, `rt`.`room_type_name`
FROM `khm_obj_hotel_room_meal` `a`
LEFT JOIN `khm_obj_room` `r` ON `r`.`room_id` = `a`.`room_id`
LEFT JOIN `khm_obj_mst_hotel_room_category` `rc` ON `rc`.`room_category_id` = `r`.`room_category_id`
LEFT JOIN `khm_obj_mst_room_type` `rt` ON `rt`.`room_type_id` = `r`.`room_type_id`
LEFT JOIN `khm_obj_meal_plan` `mp` ON `mp`.`meal_plan_id` = `a`.`meal_plan_id`
WHERE `r`.`object_id` = :r.object_id:
ORDER BY `rc`.`sort_order` ASC', [...], false)
 5 APPPATH\Models\Dashboard_m.php(2086): CodeIgniter\Database\BaseBuilder->get()
 6 APPPATH\Controllers\Dashboard.php(3353): App\Models\Dashboard_m->get_room_basic_tariff_season('707')
 7 SYSTEMPATH\CodeIgniter.php(933): App\Controllers\Dashboard->getRoomfunctionSeason()
 8 SYSTEMPATH\CodeIgniter.php(509): CodeIgniter\CodeIgniter->runController(Object(App\Controllers\Dashboard))
 9 SYSTEMPATH\CodeIgniter.php(355): CodeIgniter\CodeIgniter->handleRequest(null, Object(Config\Cache), false)
10 SYSTEMPATH\Boot.php(334): CodeIgniter\CodeIgniter->run()
11 SYSTEMPATH\Boot.php(67): CodeIgniter\Boot::runCodeIgniter(Object(CodeIgniter\CodeIgniter))
12 FCPATH\index.php(56): CodeIgniter\Boot::bootWeb(Object(Config\Paths))
ERROR - 2025-07-24 07:43:42 --> mysqli_sql_exception: Unknown column 'rc.sort_order' in 'order clause' in C:\wamp64\www\khm\system\Database\MySQLi\Connection.php:312
Stack trace:
#0 C:\wamp64\www\khm\system\Database\MySQLi\Connection.php(312): mysqli->query('SELECT `a`.*, `...', 0)
#1 C:\wamp64\www\khm\system\Database\BaseConnection.php(734): CodeIgniter\Database\MySQLi\Connection->execute('SELECT `a`.*, `...')
#2 C:\wamp64\www\khm\system\Database\BaseConnection.php(648): CodeIgniter\Database\BaseConnection->simpleQuery('SELECT `a`.*, `...')
#3 C:\wamp64\www\khm\system\Database\BaseBuilder.php(1644): CodeIgniter\Database\BaseConnection->query('SELECT `a`.*, `...', Array, false)
#4 C:\wamp64\www\khm\app\Models\Dashboard_m.php(2086): CodeIgniter\Database\BaseBuilder->get()
#5 C:\wamp64\www\khm\app\Controllers\Dashboard.php(3353): App\Models\Dashboard_m->get_room_basic_tariff_season('707')
#6 C:\wamp64\www\khm\system\CodeIgniter.php(933): App\Controllers\Dashboard->getRoomfunctionSeason()
#7 C:\wamp64\www\khm\system\CodeIgniter.php(509): CodeIgniter\CodeIgniter->runController(Object(App\Controllers\Dashboard))
#8 C:\wamp64\www\khm\system\CodeIgniter.php(355): CodeIgniter\CodeIgniter->handleRequest(NULL, Object(Config\Cache), false)
#9 C:\wamp64\www\khm\system\Boot.php(334): CodeIgniter\CodeIgniter->run()
#10 C:\wamp64\www\khm\system\Boot.php(67): CodeIgniter\Boot::runCodeIgniter(Object(CodeIgniter\CodeIgniter))
#11 C:\wamp64\www\khm\public\index.php(56): CodeIgniter\Boot::bootWeb(Object(Config\Paths))
#12 {main}
CRITICAL - 2025-07-24 07:43:42 --> CodeIgniter\Database\Exceptions\DatabaseException: Unknown column 'rc.sort_order' in 'order clause'
[Method: POST, Route: Dashboard/getRoomfunctionSeason]
in SYSTEMPATH\Database\BaseConnection.php on line 688.
 1 SYSTEMPATH\Database\BaseBuilder.php(1644): CodeIgniter\Database\BaseConnection->query('SELECT `a`.*, `mp`.`meal_plan_name`, `rc`.`room_category_name`, `rc`.`room_category_id`, `rt`.`room_type_name`
FROM `khm_obj_hotel_room_meal` `a`
LEFT JOIN `khm_obj_room` `r` ON `r`.`room_id` = `a`.`room_id`
LEFT JOIN `khm_obj_mst_hotel_room_category` `rc` ON `rc`.`room_category_id` = `r`.`room_category_id`
LEFT JOIN `khm_obj_mst_room_type` `rt` ON `rt`.`room_type_id` = `r`.`room_type_id`
LEFT JOIN `khm_obj_meal_plan` `mp` ON `mp`.`meal_plan_id` = `a`.`meal_plan_id`
WHERE `r`.`object_id` = :r.object_id:
ORDER BY `rc`.`sort_order` ASC', [...], false)
 2 APPPATH\Models\Dashboard_m.php(2086): CodeIgniter\Database\BaseBuilder->get()
 3 APPPATH\Controllers\Dashboard.php(3353): App\Models\Dashboard_m->get_room_basic_tariff_season('707')
 4 SYSTEMPATH\CodeIgniter.php(933): App\Controllers\Dashboard->getRoomfunctionSeason()
 5 SYSTEMPATH\CodeIgniter.php(509): CodeIgniter\CodeIgniter->runController(Object(App\Controllers\Dashboard))
 6 SYSTEMPATH\CodeIgniter.php(355): CodeIgniter\CodeIgniter->handleRequest(null, Object(Config\Cache), false)
 7 SYSTEMPATH\Boot.php(334): CodeIgniter\CodeIgniter->run()
 8 SYSTEMPATH\Boot.php(67): CodeIgniter\Boot::runCodeIgniter(Object(CodeIgniter\CodeIgniter))
 9 FCPATH\index.php(56): CodeIgniter\Boot::bootWeb(Object(Config\Paths))
CRITICAL - 2025-07-24 07:43:42 --> [Caused by] CodeIgniter\Database\Exceptions\DatabaseException: Unknown column 'rc.sort_order' in 'order clause'
in SYSTEMPATH\Database\MySQLi\Connection.php on line 317.
 1 SYSTEMPATH\Database\BaseConnection.php(734): CodeIgniter\Database\MySQLi\Connection->execute('SELECT `a`.*, `mp`.`meal_plan_name`, `rc`.`room_category_name`, `rc`.`room_category_id`, `rt`.`room_type_name`
FROM `khm_obj_hotel_room_meal` `a`
LEFT JOIN `khm_obj_room` `r` ON `r`.`room_id` = `a`.`room_id`
LEFT JOIN `khm_obj_mst_hotel_room_category` `rc` ON `rc`.`room_category_id` = `r`.`room_category_id`
LEFT JOIN `khm_obj_mst_room_type` `rt` ON `rt`.`room_type_id` = `r`.`room_type_id`
LEFT JOIN `khm_obj_meal_plan` `mp` ON `mp`.`meal_plan_id` = `a`.`meal_plan_id`
WHERE `r`.`object_id` = \'707\'
ORDER BY `rc`.`sort_order` ASC')
 2 SYSTEMPATH\Database\BaseConnection.php(648): CodeIgniter\Database\BaseConnection->simpleQuery('SELECT `a`.*, `mp`.`meal_plan_name`, `rc`.`room_category_name`, `rc`.`room_category_id`, `rt`.`room_type_name`
FROM `khm_obj_hotel_room_meal` `a`
LEFT JOIN `khm_obj_room` `r` ON `r`.`room_id` = `a`.`room_id`
LEFT JOIN `khm_obj_mst_hotel_room_category` `rc` ON `rc`.`room_category_id` = `r`.`room_category_id`
LEFT JOIN `khm_obj_mst_room_type` `rt` ON `rt`.`room_type_id` = `r`.`room_type_id`
LEFT JOIN `khm_obj_meal_plan` `mp` ON `mp`.`meal_plan_id` = `a`.`meal_plan_id`
WHERE `r`.`object_id` = \'707\'
ORDER BY `rc`.`sort_order` ASC')
 3 SYSTEMPATH\Database\BaseBuilder.php(1644): CodeIgniter\Database\BaseConnection->query('SELECT `a`.*, `mp`.`meal_plan_name`, `rc`.`room_category_name`, `rc`.`room_category_id`, `rt`.`room_type_name`
FROM `khm_obj_hotel_room_meal` `a`
LEFT JOIN `khm_obj_room` `r` ON `r`.`room_id` = `a`.`room_id`
LEFT JOIN `khm_obj_mst_hotel_room_category` `rc` ON `rc`.`room_category_id` = `r`.`room_category_id`
LEFT JOIN `khm_obj_mst_room_type` `rt` ON `rt`.`room_type_id` = `r`.`room_type_id`
LEFT JOIN `khm_obj_meal_plan` `mp` ON `mp`.`meal_plan_id` = `a`.`meal_plan_id`
WHERE `r`.`object_id` = :r.object_id:
ORDER BY `rc`.`sort_order` ASC', [...], false)
 4 APPPATH\Models\Dashboard_m.php(2086): CodeIgniter\Database\BaseBuilder->get()
 5 APPPATH\Controllers\Dashboard.php(3353): App\Models\Dashboard_m->get_room_basic_tariff_season('707')
 6 SYSTEMPATH\CodeIgniter.php(933): App\Controllers\Dashboard->getRoomfunctionSeason()
 7 SYSTEMPATH\CodeIgniter.php(509): CodeIgniter\CodeIgniter->runController(Object(App\Controllers\Dashboard))
 8 SYSTEMPATH\CodeIgniter.php(355): CodeIgniter\CodeIgniter->handleRequest(null, Object(Config\Cache), false)
 9 SYSTEMPATH\Boot.php(334): CodeIgniter\CodeIgniter->run()
10 SYSTEMPATH\Boot.php(67): CodeIgniter\Boot::runCodeIgniter(Object(CodeIgniter\CodeIgniter))
11 FCPATH\index.php(56): CodeIgniter\Boot::bootWeb(Object(Config\Paths))
CRITICAL - 2025-07-24 07:43:42 --> [Caused by] mysqli_sql_exception: Unknown column 'rc.sort_order' in 'order clause'
in SYSTEMPATH\Database\MySQLi\Connection.php on line 312.
 1 SYSTEMPATH\Database\MySQLi\Connection.php(312): mysqli->query('SELECT `a`.*, `mp`.`meal_plan_name`, `rc`.`room_category_name`, `rc`.`room_category_id`, `rt`.`room_type_name`
FROM `khm_obj_hotel_room_meal` `a`
LEFT JOIN `khm_obj_room` `r` ON `r`.`room_id` = `a`.`room_id`
LEFT JOIN `khm_obj_mst_hotel_room_category` `rc` ON `rc`.`room_category_id` = `r`.`room_category_id`
LEFT JOIN `khm_obj_mst_room_type` `rt` ON `rt`.`room_type_id` = `r`.`room_type_id`
LEFT JOIN `khm_obj_meal_plan` `mp` ON `mp`.`meal_plan_id` = `a`.`meal_plan_id`
WHERE `r`.`object_id` = \'707\'
ORDER BY `rc`.`sort_order` ASC', 0)
 2 SYSTEMPATH\Database\BaseConnection.php(734): CodeIgniter\Database\MySQLi\Connection->execute('SELECT `a`.*, `mp`.`meal_plan_name`, `rc`.`room_category_name`, `rc`.`room_category_id`, `rt`.`room_type_name`
FROM `khm_obj_hotel_room_meal` `a`
LEFT JOIN `khm_obj_room` `r` ON `r`.`room_id` = `a`.`room_id`
LEFT JOIN `khm_obj_mst_hotel_room_category` `rc` ON `rc`.`room_category_id` = `r`.`room_category_id`
LEFT JOIN `khm_obj_mst_room_type` `rt` ON `rt`.`room_type_id` = `r`.`room_type_id`
LEFT JOIN `khm_obj_meal_plan` `mp` ON `mp`.`meal_plan_id` = `a`.`meal_plan_id`
WHERE `r`.`object_id` = \'707\'
ORDER BY `rc`.`sort_order` ASC')
 3 SYSTEMPATH\Database\BaseConnection.php(648): CodeIgniter\Database\BaseConnection->simpleQuery('SELECT `a`.*, `mp`.`meal_plan_name`, `rc`.`room_category_name`, `rc`.`room_category_id`, `rt`.`room_type_name`
FROM `khm_obj_hotel_room_meal` `a`
LEFT JOIN `khm_obj_room` `r` ON `r`.`room_id` = `a`.`room_id`
LEFT JOIN `khm_obj_mst_hotel_room_category` `rc` ON `rc`.`room_category_id` = `r`.`room_category_id`
LEFT JOIN `khm_obj_mst_room_type` `rt` ON `rt`.`room_type_id` = `r`.`room_type_id`
LEFT JOIN `khm_obj_meal_plan` `mp` ON `mp`.`meal_plan_id` = `a`.`meal_plan_id`
WHERE `r`.`object_id` = \'707\'
ORDER BY `rc`.`sort_order` ASC')
 4 SYSTEMPATH\Database\BaseBuilder.php(1644): CodeIgniter\Database\BaseConnection->query('SELECT `a`.*, `mp`.`meal_plan_name`, `rc`.`room_category_name`, `rc`.`room_category_id`, `rt`.`room_type_name`
FROM `khm_obj_hotel_room_meal` `a`
LEFT JOIN `khm_obj_room` `r` ON `r`.`room_id` = `a`.`room_id`
LEFT JOIN `khm_obj_mst_hotel_room_category` `rc` ON `rc`.`room_category_id` = `r`.`room_category_id`
LEFT JOIN `khm_obj_mst_room_type` `rt` ON `rt`.`room_type_id` = `r`.`room_type_id`
LEFT JOIN `khm_obj_meal_plan` `mp` ON `mp`.`meal_plan_id` = `a`.`meal_plan_id`
WHERE `r`.`object_id` = :r.object_id:
ORDER BY `rc`.`sort_order` ASC', [...], false)
 5 APPPATH\Models\Dashboard_m.php(2086): CodeIgniter\Database\BaseBuilder->get()
 6 APPPATH\Controllers\Dashboard.php(3353): App\Models\Dashboard_m->get_room_basic_tariff_season('707')
 7 SYSTEMPATH\CodeIgniter.php(933): App\Controllers\Dashboard->getRoomfunctionSeason()
 8 SYSTEMPATH\CodeIgniter.php(509): CodeIgniter\CodeIgniter->runController(Object(App\Controllers\Dashboard))
 9 SYSTEMPATH\CodeIgniter.php(355): CodeIgniter\CodeIgniter->handleRequest(null, Object(Config\Cache), false)
10 SYSTEMPATH\Boot.php(334): CodeIgniter\CodeIgniter->run()
11 SYSTEMPATH\Boot.php(67): CodeIgniter\Boot::runCodeIgniter(Object(CodeIgniter\CodeIgniter))
12 FCPATH\index.php(56): CodeIgniter\Boot::bootWeb(Object(Config\Paths))
ERROR - 2025-07-24 07:43:43 --> mysqli_sql_exception: Unknown column 'rc.sort_order' in 'order clause' in C:\wamp64\www\khm\system\Database\MySQLi\Connection.php:312
Stack trace:
#0 C:\wamp64\www\khm\system\Database\MySQLi\Connection.php(312): mysqli->query('SELECT `a`.*, `...', 0)
#1 C:\wamp64\www\khm\system\Database\BaseConnection.php(734): CodeIgniter\Database\MySQLi\Connection->execute('SELECT `a`.*, `...')
#2 C:\wamp64\www\khm\system\Database\BaseConnection.php(648): CodeIgniter\Database\BaseConnection->simpleQuery('SELECT `a`.*, `...')
#3 C:\wamp64\www\khm\system\Database\BaseBuilder.php(1644): CodeIgniter\Database\BaseConnection->query('SELECT `a`.*, `...', Array, false)
#4 C:\wamp64\www\khm\app\Models\Dashboard_m.php(2086): CodeIgniter\Database\BaseBuilder->get()
#5 C:\wamp64\www\khm\app\Controllers\Dashboard.php(3353): App\Models\Dashboard_m->get_room_basic_tariff_season('707')
#6 C:\wamp64\www\khm\system\CodeIgniter.php(933): App\Controllers\Dashboard->getRoomfunctionSeason()
#7 C:\wamp64\www\khm\system\CodeIgniter.php(509): CodeIgniter\CodeIgniter->runController(Object(App\Controllers\Dashboard))
#8 C:\wamp64\www\khm\system\CodeIgniter.php(355): CodeIgniter\CodeIgniter->handleRequest(NULL, Object(Config\Cache), false)
#9 C:\wamp64\www\khm\system\Boot.php(334): CodeIgniter\CodeIgniter->run()
#10 C:\wamp64\www\khm\system\Boot.php(67): CodeIgniter\Boot::runCodeIgniter(Object(CodeIgniter\CodeIgniter))
#11 C:\wamp64\www\khm\public\index.php(56): CodeIgniter\Boot::bootWeb(Object(Config\Paths))
#12 {main}
CRITICAL - 2025-07-24 07:43:43 --> CodeIgniter\Database\Exceptions\DatabaseException: Unknown column 'rc.sort_order' in 'order clause'
[Method: POST, Route: Dashboard/getRoomfunctionSeason]
in SYSTEMPATH\Database\BaseConnection.php on line 688.
 1 SYSTEMPATH\Database\BaseBuilder.php(1644): CodeIgniter\Database\BaseConnection->query('SELECT `a`.*, `mp`.`meal_plan_name`, `rc`.`room_category_name`, `rc`.`room_category_id`, `rt`.`room_type_name`
FROM `khm_obj_hotel_room_meal` `a`
LEFT JOIN `khm_obj_room` `r` ON `r`.`room_id` = `a`.`room_id`
LEFT JOIN `khm_obj_mst_hotel_room_category` `rc` ON `rc`.`room_category_id` = `r`.`room_category_id`
LEFT JOIN `khm_obj_mst_room_type` `rt` ON `rt`.`room_type_id` = `r`.`room_type_id`
LEFT JOIN `khm_obj_meal_plan` `mp` ON `mp`.`meal_plan_id` = `a`.`meal_plan_id`
WHERE `r`.`object_id` = :r.object_id:
ORDER BY `rc`.`sort_order` ASC', [...], false)
 2 APPPATH\Models\Dashboard_m.php(2086): CodeIgniter\Database\BaseBuilder->get()
 3 APPPATH\Controllers\Dashboard.php(3353): App\Models\Dashboard_m->get_room_basic_tariff_season('707')
 4 SYSTEMPATH\CodeIgniter.php(933): App\Controllers\Dashboard->getRoomfunctionSeason()
 5 SYSTEMPATH\CodeIgniter.php(509): CodeIgniter\CodeIgniter->runController(Object(App\Controllers\Dashboard))
 6 SYSTEMPATH\CodeIgniter.php(355): CodeIgniter\CodeIgniter->handleRequest(null, Object(Config\Cache), false)
 7 SYSTEMPATH\Boot.php(334): CodeIgniter\CodeIgniter->run()
 8 SYSTEMPATH\Boot.php(67): CodeIgniter\Boot::runCodeIgniter(Object(CodeIgniter\CodeIgniter))
 9 FCPATH\index.php(56): CodeIgniter\Boot::bootWeb(Object(Config\Paths))
CRITICAL - 2025-07-24 07:43:43 --> [Caused by] CodeIgniter\Database\Exceptions\DatabaseException: Unknown column 'rc.sort_order' in 'order clause'
in SYSTEMPATH\Database\MySQLi\Connection.php on line 317.
 1 SYSTEMPATH\Database\BaseConnection.php(734): CodeIgniter\Database\MySQLi\Connection->execute('SELECT `a`.*, `mp`.`meal_plan_name`, `rc`.`room_category_name`, `rc`.`room_category_id`, `rt`.`room_type_name`
FROM `khm_obj_hotel_room_meal` `a`
LEFT JOIN `khm_obj_room` `r` ON `r`.`room_id` = `a`.`room_id`
LEFT JOIN `khm_obj_mst_hotel_room_category` `rc` ON `rc`.`room_category_id` = `r`.`room_category_id`
LEFT JOIN `khm_obj_mst_room_type` `rt` ON `rt`.`room_type_id` = `r`.`room_type_id`
LEFT JOIN `khm_obj_meal_plan` `mp` ON `mp`.`meal_plan_id` = `a`.`meal_plan_id`
WHERE `r`.`object_id` = \'707\'
ORDER BY `rc`.`sort_order` ASC')
 2 SYSTEMPATH\Database\BaseConnection.php(648): CodeIgniter\Database\BaseConnection->simpleQuery('SELECT `a`.*, `mp`.`meal_plan_name`, `rc`.`room_category_name`, `rc`.`room_category_id`, `rt`.`room_type_name`
FROM `khm_obj_hotel_room_meal` `a`
LEFT JOIN `khm_obj_room` `r` ON `r`.`room_id` = `a`.`room_id`
LEFT JOIN `khm_obj_mst_hotel_room_category` `rc` ON `rc`.`room_category_id` = `r`.`room_category_id`
LEFT JOIN `khm_obj_mst_room_type` `rt` ON `rt`.`room_type_id` = `r`.`room_type_id`
LEFT JOIN `khm_obj_meal_plan` `mp` ON `mp`.`meal_plan_id` = `a`.`meal_plan_id`
WHERE `r`.`object_id` = \'707\'
ORDER BY `rc`.`sort_order` ASC')
 3 SYSTEMPATH\Database\BaseBuilder.php(1644): CodeIgniter\Database\BaseConnection->query('SELECT `a`.*, `mp`.`meal_plan_name`, `rc`.`room_category_name`, `rc`.`room_category_id`, `rt`.`room_type_name`
FROM `khm_obj_hotel_room_meal` `a`
LEFT JOIN `khm_obj_room` `r` ON `r`.`room_id` = `a`.`room_id`
LEFT JOIN `khm_obj_mst_hotel_room_category` `rc` ON `rc`.`room_category_id` = `r`.`room_category_id`
LEFT JOIN `khm_obj_mst_room_type` `rt` ON `rt`.`room_type_id` = `r`.`room_type_id`
LEFT JOIN `khm_obj_meal_plan` `mp` ON `mp`.`meal_plan_id` = `a`.`meal_plan_id`
WHERE `r`.`object_id` = :r.object_id:
ORDER BY `rc`.`sort_order` ASC', [...], false)
 4 APPPATH\Models\Dashboard_m.php(2086): CodeIgniter\Database\BaseBuilder->get()
 5 APPPATH\Controllers\Dashboard.php(3353): App\Models\Dashboard_m->get_room_basic_tariff_season('707')
 6 SYSTEMPATH\CodeIgniter.php(933): App\Controllers\Dashboard->getRoomfunctionSeason()
 7 SYSTEMPATH\CodeIgniter.php(509): CodeIgniter\CodeIgniter->runController(Object(App\Controllers\Dashboard))
 8 SYSTEMPATH\CodeIgniter.php(355): CodeIgniter\CodeIgniter->handleRequest(null, Object(Config\Cache), false)
 9 SYSTEMPATH\Boot.php(334): CodeIgniter\CodeIgniter->run()
10 SYSTEMPATH\Boot.php(67): CodeIgniter\Boot::runCodeIgniter(Object(CodeIgniter\CodeIgniter))
11 FCPATH\index.php(56): CodeIgniter\Boot::bootWeb(Object(Config\Paths))
CRITICAL - 2025-07-24 07:43:43 --> [Caused by] mysqli_sql_exception: Unknown column 'rc.sort_order' in 'order clause'
in SYSTEMPATH\Database\MySQLi\Connection.php on line 312.
 1 SYSTEMPATH\Database\MySQLi\Connection.php(312): mysqli->query('SELECT `a`.*, `mp`.`meal_plan_name`, `rc`.`room_category_name`, `rc`.`room_category_id`, `rt`.`room_type_name`
FROM `khm_obj_hotel_room_meal` `a`
LEFT JOIN `khm_obj_room` `r` ON `r`.`room_id` = `a`.`room_id`
LEFT JOIN `khm_obj_mst_hotel_room_category` `rc` ON `rc`.`room_category_id` = `r`.`room_category_id`
LEFT JOIN `khm_obj_mst_room_type` `rt` ON `rt`.`room_type_id` = `r`.`room_type_id`
LEFT JOIN `khm_obj_meal_plan` `mp` ON `mp`.`meal_plan_id` = `a`.`meal_plan_id`
WHERE `r`.`object_id` = \'707\'
ORDER BY `rc`.`sort_order` ASC', 0)
 2 SYSTEMPATH\Database\BaseConnection.php(734): CodeIgniter\Database\MySQLi\Connection->execute('SELECT `a`.*, `mp`.`meal_plan_name`, `rc`.`room_category_name`, `rc`.`room_category_id`, `rt`.`room_type_name`
FROM `khm_obj_hotel_room_meal` `a`
LEFT JOIN `khm_obj_room` `r` ON `r`.`room_id` = `a`.`room_id`
LEFT JOIN `khm_obj_mst_hotel_room_category` `rc` ON `rc`.`room_category_id` = `r`.`room_category_id`
LEFT JOIN `khm_obj_mst_room_type` `rt` ON `rt`.`room_type_id` = `r`.`room_type_id`
LEFT JOIN `khm_obj_meal_plan` `mp` ON `mp`.`meal_plan_id` = `a`.`meal_plan_id`
WHERE `r`.`object_id` = \'707\'
ORDER BY `rc`.`sort_order` ASC')
 3 SYSTEMPATH\Database\BaseConnection.php(648): CodeIgniter\Database\BaseConnection->simpleQuery('SELECT `a`.*, `mp`.`meal_plan_name`, `rc`.`room_category_name`, `rc`.`room_category_id`, `rt`.`room_type_name`
FROM `khm_obj_hotel_room_meal` `a`
LEFT JOIN `khm_obj_room` `r` ON `r`.`room_id` = `a`.`room_id`
LEFT JOIN `khm_obj_mst_hotel_room_category` `rc` ON `rc`.`room_category_id` = `r`.`room_category_id`
LEFT JOIN `khm_obj_mst_room_type` `rt` ON `rt`.`room_type_id` = `r`.`room_type_id`
LEFT JOIN `khm_obj_meal_plan` `mp` ON `mp`.`meal_plan_id` = `a`.`meal_plan_id`
WHERE `r`.`object_id` = \'707\'
ORDER BY `rc`.`sort_order` ASC')
 4 SYSTEMPATH\Database\BaseBuilder.php(1644): CodeIgniter\Database\BaseConnection->query('SELECT `a`.*, `mp`.`meal_plan_name`, `rc`.`room_category_name`, `rc`.`room_category_id`, `rt`.`room_type_name`
FROM `khm_obj_hotel_room_meal` `a`
LEFT JOIN `khm_obj_room` `r` ON `r`.`room_id` = `a`.`room_id`
LEFT JOIN `khm_obj_mst_hotel_room_category` `rc` ON `rc`.`room_category_id` = `r`.`room_category_id`
LEFT JOIN `khm_obj_mst_room_type` `rt` ON `rt`.`room_type_id` = `r`.`room_type_id`
LEFT JOIN `khm_obj_meal_plan` `mp` ON `mp`.`meal_plan_id` = `a`.`meal_plan_id`
WHERE `r`.`object_id` = :r.object_id:
ORDER BY `rc`.`sort_order` ASC', [...], false)
 5 APPPATH\Models\Dashboard_m.php(2086): CodeIgniter\Database\BaseBuilder->get()
 6 APPPATH\Controllers\Dashboard.php(3353): App\Models\Dashboard_m->get_room_basic_tariff_season('707')
 7 SYSTEMPATH\CodeIgniter.php(933): App\Controllers\Dashboard->getRoomfunctionSeason()
 8 SYSTEMPATH\CodeIgniter.php(509): CodeIgniter\CodeIgniter->runController(Object(App\Controllers\Dashboard))
 9 SYSTEMPATH\CodeIgniter.php(355): CodeIgniter\CodeIgniter->handleRequest(null, Object(Config\Cache), false)
10 SYSTEMPATH\Boot.php(334): CodeIgniter\CodeIgniter->run()
11 SYSTEMPATH\Boot.php(67): CodeIgniter\Boot::runCodeIgniter(Object(CodeIgniter\CodeIgniter))
12 FCPATH\index.php(56): CodeIgniter\Boot::bootWeb(Object(Config\Paths))
ERROR - 2025-07-24 07:43:45 --> mysqli_sql_exception: Unknown column 'rc.sort_order' in 'order clause' in C:\wamp64\www\khm\system\Database\MySQLi\Connection.php:312
Stack trace:
#0 C:\wamp64\www\khm\system\Database\MySQLi\Connection.php(312): mysqli->query('SELECT `a`.*, `...', 0)
#1 C:\wamp64\www\khm\system\Database\BaseConnection.php(734): CodeIgniter\Database\MySQLi\Connection->execute('SELECT `a`.*, `...')
#2 C:\wamp64\www\khm\system\Database\BaseConnection.php(648): CodeIgniter\Database\BaseConnection->simpleQuery('SELECT `a`.*, `...')
#3 C:\wamp64\www\khm\system\Database\BaseBuilder.php(1644): CodeIgniter\Database\BaseConnection->query('SELECT `a`.*, `...', Array, false)
#4 C:\wamp64\www\khm\app\Models\Dashboard_m.php(2086): CodeIgniter\Database\BaseBuilder->get()
#5 C:\wamp64\www\khm\app\Controllers\Dashboard.php(3353): App\Models\Dashboard_m->get_room_basic_tariff_season('707')
#6 C:\wamp64\www\khm\system\CodeIgniter.php(933): App\Controllers\Dashboard->getRoomfunctionSeason()
#7 C:\wamp64\www\khm\system\CodeIgniter.php(509): CodeIgniter\CodeIgniter->runController(Object(App\Controllers\Dashboard))
#8 C:\wamp64\www\khm\system\CodeIgniter.php(355): CodeIgniter\CodeIgniter->handleRequest(NULL, Object(Config\Cache), false)
#9 C:\wamp64\www\khm\system\Boot.php(334): CodeIgniter\CodeIgniter->run()
#10 C:\wamp64\www\khm\system\Boot.php(67): CodeIgniter\Boot::runCodeIgniter(Object(CodeIgniter\CodeIgniter))
#11 C:\wamp64\www\khm\public\index.php(56): CodeIgniter\Boot::bootWeb(Object(Config\Paths))
#12 {main}
CRITICAL - 2025-07-24 07:43:45 --> CodeIgniter\Database\Exceptions\DatabaseException: Unknown column 'rc.sort_order' in 'order clause'
[Method: POST, Route: Dashboard/getRoomfunctionSeason]
in SYSTEMPATH\Database\BaseConnection.php on line 688.
 1 SYSTEMPATH\Database\BaseBuilder.php(1644): CodeIgniter\Database\BaseConnection->query('SELECT `a`.*, `mp`.`meal_plan_name`, `rc`.`room_category_name`, `rc`.`room_category_id`, `rt`.`room_type_name`
FROM `khm_obj_hotel_room_meal` `a`
LEFT JOIN `khm_obj_room` `r` ON `r`.`room_id` = `a`.`room_id`
LEFT JOIN `khm_obj_mst_hotel_room_category` `rc` ON `rc`.`room_category_id` = `r`.`room_category_id`
LEFT JOIN `khm_obj_mst_room_type` `rt` ON `rt`.`room_type_id` = `r`.`room_type_id`
LEFT JOIN `khm_obj_meal_plan` `mp` ON `mp`.`meal_plan_id` = `a`.`meal_plan_id`
WHERE `r`.`object_id` = :r.object_id:
ORDER BY `rc`.`sort_order` ASC', [...], false)
 2 APPPATH\Models\Dashboard_m.php(2086): CodeIgniter\Database\BaseBuilder->get()
 3 APPPATH\Controllers\Dashboard.php(3353): App\Models\Dashboard_m->get_room_basic_tariff_season('707')
 4 SYSTEMPATH\CodeIgniter.php(933): App\Controllers\Dashboard->getRoomfunctionSeason()
 5 SYSTEMPATH\CodeIgniter.php(509): CodeIgniter\CodeIgniter->runController(Object(App\Controllers\Dashboard))
 6 SYSTEMPATH\CodeIgniter.php(355): CodeIgniter\CodeIgniter->handleRequest(null, Object(Config\Cache), false)
 7 SYSTEMPATH\Boot.php(334): CodeIgniter\CodeIgniter->run()
 8 SYSTEMPATH\Boot.php(67): CodeIgniter\Boot::runCodeIgniter(Object(CodeIgniter\CodeIgniter))
 9 FCPATH\index.php(56): CodeIgniter\Boot::bootWeb(Object(Config\Paths))
CRITICAL - 2025-07-24 07:43:45 --> [Caused by] CodeIgniter\Database\Exceptions\DatabaseException: Unknown column 'rc.sort_order' in 'order clause'
in SYSTEMPATH\Database\MySQLi\Connection.php on line 317.
 1 SYSTEMPATH\Database\BaseConnection.php(734): CodeIgniter\Database\MySQLi\Connection->execute('SELECT `a`.*, `mp`.`meal_plan_name`, `rc`.`room_category_name`, `rc`.`room_category_id`, `rt`.`room_type_name`
FROM `khm_obj_hotel_room_meal` `a`
LEFT JOIN `khm_obj_room` `r` ON `r`.`room_id` = `a`.`room_id`
LEFT JOIN `khm_obj_mst_hotel_room_category` `rc` ON `rc`.`room_category_id` = `r`.`room_category_id`
LEFT JOIN `khm_obj_mst_room_type` `rt` ON `rt`.`room_type_id` = `r`.`room_type_id`
LEFT JOIN `khm_obj_meal_plan` `mp` ON `mp`.`meal_plan_id` = `a`.`meal_plan_id`
WHERE `r`.`object_id` = \'707\'
ORDER BY `rc`.`sort_order` ASC')
 2 SYSTEMPATH\Database\BaseConnection.php(648): CodeIgniter\Database\BaseConnection->simpleQuery('SELECT `a`.*, `mp`.`meal_plan_name`, `rc`.`room_category_name`, `rc`.`room_category_id`, `rt`.`room_type_name`
FROM `khm_obj_hotel_room_meal` `a`
LEFT JOIN `khm_obj_room` `r` ON `r`.`room_id` = `a`.`room_id`
LEFT JOIN `khm_obj_mst_hotel_room_category` `rc` ON `rc`.`room_category_id` = `r`.`room_category_id`
LEFT JOIN `khm_obj_mst_room_type` `rt` ON `rt`.`room_type_id` = `r`.`room_type_id`
LEFT JOIN `khm_obj_meal_plan` `mp` ON `mp`.`meal_plan_id` = `a`.`meal_plan_id`
WHERE `r`.`object_id` = \'707\'
ORDER BY `rc`.`sort_order` ASC')
 3 SYSTEMPATH\Database\BaseBuilder.php(1644): CodeIgniter\Database\BaseConnection->query('SELECT `a`.*, `mp`.`meal_plan_name`, `rc`.`room_category_name`, `rc`.`room_category_id`, `rt`.`room_type_name`
FROM `khm_obj_hotel_room_meal` `a`
LEFT JOIN `khm_obj_room` `r` ON `r`.`room_id` = `a`.`room_id`
LEFT JOIN `khm_obj_mst_hotel_room_category` `rc` ON `rc`.`room_category_id` = `r`.`room_category_id`
LEFT JOIN `khm_obj_mst_room_type` `rt` ON `rt`.`room_type_id` = `r`.`room_type_id`
LEFT JOIN `khm_obj_meal_plan` `mp` ON `mp`.`meal_plan_id` = `a`.`meal_plan_id`
WHERE `r`.`object_id` = :r.object_id:
ORDER BY `rc`.`sort_order` ASC', [...], false)
 4 APPPATH\Models\Dashboard_m.php(2086): CodeIgniter\Database\BaseBuilder->get()
 5 APPPATH\Controllers\Dashboard.php(3353): App\Models\Dashboard_m->get_room_basic_tariff_season('707')
 6 SYSTEMPATH\CodeIgniter.php(933): App\Controllers\Dashboard->getRoomfunctionSeason()
 7 SYSTEMPATH\CodeIgniter.php(509): CodeIgniter\CodeIgniter->runController(Object(App\Controllers\Dashboard))
 8 SYSTEMPATH\CodeIgniter.php(355): CodeIgniter\CodeIgniter->handleRequest(null, Object(Config\Cache), false)
 9 SYSTEMPATH\Boot.php(334): CodeIgniter\CodeIgniter->run()
10 SYSTEMPATH\Boot.php(67): CodeIgniter\Boot::runCodeIgniter(Object(CodeIgniter\CodeIgniter))
11 FCPATH\index.php(56): CodeIgniter\Boot::bootWeb(Object(Config\Paths))
CRITICAL - 2025-07-24 07:43:45 --> [Caused by] mysqli_sql_exception: Unknown column 'rc.sort_order' in 'order clause'
in SYSTEMPATH\Database\MySQLi\Connection.php on line 312.
 1 SYSTEMPATH\Database\MySQLi\Connection.php(312): mysqli->query('SELECT `a`.*, `mp`.`meal_plan_name`, `rc`.`room_category_name`, `rc`.`room_category_id`, `rt`.`room_type_name`
FROM `khm_obj_hotel_room_meal` `a`
LEFT JOIN `khm_obj_room` `r` ON `r`.`room_id` = `a`.`room_id`
LEFT JOIN `khm_obj_mst_hotel_room_category` `rc` ON `rc`.`room_category_id` = `r`.`room_category_id`
LEFT JOIN `khm_obj_mst_room_type` `rt` ON `rt`.`room_type_id` = `r`.`room_type_id`
LEFT JOIN `khm_obj_meal_plan` `mp` ON `mp`.`meal_plan_id` = `a`.`meal_plan_id`
WHERE `r`.`object_id` = \'707\'
ORDER BY `rc`.`sort_order` ASC', 0)
 2 SYSTEMPATH\Database\BaseConnection.php(734): CodeIgniter\Database\MySQLi\Connection->execute('SELECT `a`.*, `mp`.`meal_plan_name`, `rc`.`room_category_name`, `rc`.`room_category_id`, `rt`.`room_type_name`
FROM `khm_obj_hotel_room_meal` `a`
LEFT JOIN `khm_obj_room` `r` ON `r`.`room_id` = `a`.`room_id`
LEFT JOIN `khm_obj_mst_hotel_room_category` `rc` ON `rc`.`room_category_id` = `r`.`room_category_id`
LEFT JOIN `khm_obj_mst_room_type` `rt` ON `rt`.`room_type_id` = `r`.`room_type_id`
LEFT JOIN `khm_obj_meal_plan` `mp` ON `mp`.`meal_plan_id` = `a`.`meal_plan_id`
WHERE `r`.`object_id` = \'707\'
ORDER BY `rc`.`sort_order` ASC')
 3 SYSTEMPATH\Database\BaseConnection.php(648): CodeIgniter\Database\BaseConnection->simpleQuery('SELECT `a`.*, `mp`.`meal_plan_name`, `rc`.`room_category_name`, `rc`.`room_category_id`, `rt`.`room_type_name`
FROM `khm_obj_hotel_room_meal` `a`
LEFT JOIN `khm_obj_room` `r` ON `r`.`room_id` = `a`.`room_id`
LEFT JOIN `khm_obj_mst_hotel_room_category` `rc` ON `rc`.`room_category_id` = `r`.`room_category_id`
LEFT JOIN `khm_obj_mst_room_type` `rt` ON `rt`.`room_type_id` = `r`.`room_type_id`
LEFT JOIN `khm_obj_meal_plan` `mp` ON `mp`.`meal_plan_id` = `a`.`meal_plan_id`
WHERE `r`.`object_id` = \'707\'
ORDER BY `rc`.`sort_order` ASC')
 4 SYSTEMPATH\Database\BaseBuilder.php(1644): CodeIgniter\Database\BaseConnection->query('SELECT `a`.*, `mp`.`meal_plan_name`, `rc`.`room_category_name`, `rc`.`room_category_id`, `rt`.`room_type_name`
FROM `khm_obj_hotel_room_meal` `a`
LEFT JOIN `khm_obj_room` `r` ON `r`.`room_id` = `a`.`room_id`
LEFT JOIN `khm_obj_mst_hotel_room_category` `rc` ON `rc`.`room_category_id` = `r`.`room_category_id`
LEFT JOIN `khm_obj_mst_room_type` `rt` ON `rt`.`room_type_id` = `r`.`room_type_id`
LEFT JOIN `khm_obj_meal_plan` `mp` ON `mp`.`meal_plan_id` = `a`.`meal_plan_id`
WHERE `r`.`object_id` = :r.object_id:
ORDER BY `rc`.`sort_order` ASC', [...], false)
 5 APPPATH\Models\Dashboard_m.php(2086): CodeIgniter\Database\BaseBuilder->get()
 6 APPPATH\Controllers\Dashboard.php(3353): App\Models\Dashboard_m->get_room_basic_tariff_season('707')
 7 SYSTEMPATH\CodeIgniter.php(933): App\Controllers\Dashboard->getRoomfunctionSeason()
 8 SYSTEMPATH\CodeIgniter.php(509): CodeIgniter\CodeIgniter->runController(Object(App\Controllers\Dashboard))
 9 SYSTEMPATH\CodeIgniter.php(355): CodeIgniter\CodeIgniter->handleRequest(null, Object(Config\Cache), false)
10 SYSTEMPATH\Boot.php(334): CodeIgniter\CodeIgniter->run()
11 SYSTEMPATH\Boot.php(67): CodeIgniter\Boot::runCodeIgniter(Object(CodeIgniter\CodeIgniter))
12 FCPATH\index.php(56): CodeIgniter\Boot::bootWeb(Object(Config\Paths))
ERROR - 2025-07-24 07:43:55 --> mysqli_sql_exception: Unknown column 'rc.sort_order' in 'order clause' in C:\wamp64\www\khm\system\Database\MySQLi\Connection.php:312
Stack trace:
#0 C:\wamp64\www\khm\system\Database\MySQLi\Connection.php(312): mysqli->query('SELECT `a`.*, `...', 0)
#1 C:\wamp64\www\khm\system\Database\BaseConnection.php(734): CodeIgniter\Database\MySQLi\Connection->execute('SELECT `a`.*, `...')
#2 C:\wamp64\www\khm\system\Database\BaseConnection.php(648): CodeIgniter\Database\BaseConnection->simpleQuery('SELECT `a`.*, `...')
#3 C:\wamp64\www\khm\system\Database\BaseBuilder.php(1644): CodeIgniter\Database\BaseConnection->query('SELECT `a`.*, `...', Array, false)
#4 C:\wamp64\www\khm\app\Models\Dashboard_m.php(2086): CodeIgniter\Database\BaseBuilder->get()
#5 C:\wamp64\www\khm\app\Controllers\Dashboard.php(3353): App\Models\Dashboard_m->get_room_basic_tariff_season('707')
#6 C:\wamp64\www\khm\system\CodeIgniter.php(933): App\Controllers\Dashboard->getRoomfunctionSeason()
#7 C:\wamp64\www\khm\system\CodeIgniter.php(509): CodeIgniter\CodeIgniter->runController(Object(App\Controllers\Dashboard))
#8 C:\wamp64\www\khm\system\CodeIgniter.php(355): CodeIgniter\CodeIgniter->handleRequest(NULL, Object(Config\Cache), false)
#9 C:\wamp64\www\khm\system\Boot.php(334): CodeIgniter\CodeIgniter->run()
#10 C:\wamp64\www\khm\system\Boot.php(67): CodeIgniter\Boot::runCodeIgniter(Object(CodeIgniter\CodeIgniter))
#11 C:\wamp64\www\khm\public\index.php(56): CodeIgniter\Boot::bootWeb(Object(Config\Paths))
#12 {main}
CRITICAL - 2025-07-24 07:43:55 --> CodeIgniter\Database\Exceptions\DatabaseException: Unknown column 'rc.sort_order' in 'order clause'
[Method: POST, Route: Dashboard/getRoomfunctionSeason]
in SYSTEMPATH\Database\BaseConnection.php on line 688.
 1 SYSTEMPATH\Database\BaseBuilder.php(1644): CodeIgniter\Database\BaseConnection->query('SELECT `a`.*, `mp`.`meal_plan_name`, `rc`.`room_category_name`, `rc`.`room_category_id`, `rt`.`room_type_name`
FROM `khm_obj_hotel_room_meal` `a`
LEFT JOIN `khm_obj_room` `r` ON `r`.`room_id` = `a`.`room_id`
LEFT JOIN `khm_obj_mst_hotel_room_category` `rc` ON `rc`.`room_category_id` = `r`.`room_category_id`
LEFT JOIN `khm_obj_mst_room_type` `rt` ON `rt`.`room_type_id` = `r`.`room_type_id`
LEFT JOIN `khm_obj_meal_plan` `mp` ON `mp`.`meal_plan_id` = `a`.`meal_plan_id`
WHERE `r`.`object_id` = :r.object_id:
ORDER BY `rc`.`sort_order` ASC', [...], false)
 2 APPPATH\Models\Dashboard_m.php(2086): CodeIgniter\Database\BaseBuilder->get()
 3 APPPATH\Controllers\Dashboard.php(3353): App\Models\Dashboard_m->get_room_basic_tariff_season('707')
 4 SYSTEMPATH\CodeIgniter.php(933): App\Controllers\Dashboard->getRoomfunctionSeason()
 5 SYSTEMPATH\CodeIgniter.php(509): CodeIgniter\CodeIgniter->runController(Object(App\Controllers\Dashboard))
 6 SYSTEMPATH\CodeIgniter.php(355): CodeIgniter\CodeIgniter->handleRequest(null, Object(Config\Cache), false)
 7 SYSTEMPATH\Boot.php(334): CodeIgniter\CodeIgniter->run()
 8 SYSTEMPATH\Boot.php(67): CodeIgniter\Boot::runCodeIgniter(Object(CodeIgniter\CodeIgniter))
 9 FCPATH\index.php(56): CodeIgniter\Boot::bootWeb(Object(Config\Paths))
CRITICAL - 2025-07-24 07:43:55 --> [Caused by] CodeIgniter\Database\Exceptions\DatabaseException: Unknown column 'rc.sort_order' in 'order clause'
in SYSTEMPATH\Database\MySQLi\Connection.php on line 317.
 1 SYSTEMPATH\Database\BaseConnection.php(734): CodeIgniter\Database\MySQLi\Connection->execute('SELECT `a`.*, `mp`.`meal_plan_name`, `rc`.`room_category_name`, `rc`.`room_category_id`, `rt`.`room_type_name`
FROM `khm_obj_hotel_room_meal` `a`
LEFT JOIN `khm_obj_room` `r` ON `r`.`room_id` = `a`.`room_id`
LEFT JOIN `khm_obj_mst_hotel_room_category` `rc` ON `rc`.`room_category_id` = `r`.`room_category_id`
LEFT JOIN `khm_obj_mst_room_type` `rt` ON `rt`.`room_type_id` = `r`.`room_type_id`
LEFT JOIN `khm_obj_meal_plan` `mp` ON `mp`.`meal_plan_id` = `a`.`meal_plan_id`
WHERE `r`.`object_id` = \'707\'
ORDER BY `rc`.`sort_order` ASC')
 2 SYSTEMPATH\Database\BaseConnection.php(648): CodeIgniter\Database\BaseConnection->simpleQuery('SELECT `a`.*, `mp`.`meal_plan_name`, `rc`.`room_category_name`, `rc`.`room_category_id`, `rt`.`room_type_name`
FROM `khm_obj_hotel_room_meal` `a`
LEFT JOIN `khm_obj_room` `r` ON `r`.`room_id` = `a`.`room_id`
LEFT JOIN `khm_obj_mst_hotel_room_category` `rc` ON `rc`.`room_category_id` = `r`.`room_category_id`
LEFT JOIN `khm_obj_mst_room_type` `rt` ON `rt`.`room_type_id` = `r`.`room_type_id`
LEFT JOIN `khm_obj_meal_plan` `mp` ON `mp`.`meal_plan_id` = `a`.`meal_plan_id`
WHERE `r`.`object_id` = \'707\'
ORDER BY `rc`.`sort_order` ASC')
 3 SYSTEMPATH\Database\BaseBuilder.php(1644): CodeIgniter\Database\BaseConnection->query('SELECT `a`.*, `mp`.`meal_plan_name`, `rc`.`room_category_name`, `rc`.`room_category_id`, `rt`.`room_type_name`
FROM `khm_obj_hotel_room_meal` `a`
LEFT JOIN `khm_obj_room` `r` ON `r`.`room_id` = `a`.`room_id`
LEFT JOIN `khm_obj_mst_hotel_room_category` `rc` ON `rc`.`room_category_id` = `r`.`room_category_id`
LEFT JOIN `khm_obj_mst_room_type` `rt` ON `rt`.`room_type_id` = `r`.`room_type_id`
LEFT JOIN `khm_obj_meal_plan` `mp` ON `mp`.`meal_plan_id` = `a`.`meal_plan_id`
WHERE `r`.`object_id` = :r.object_id:
ORDER BY `rc`.`sort_order` ASC', [...], false)
 4 APPPATH\Models\Dashboard_m.php(2086): CodeIgniter\Database\BaseBuilder->get()
 5 APPPATH\Controllers\Dashboard.php(3353): App\Models\Dashboard_m->get_room_basic_tariff_season('707')
 6 SYSTEMPATH\CodeIgniter.php(933): App\Controllers\Dashboard->getRoomfunctionSeason()
 7 SYSTEMPATH\CodeIgniter.php(509): CodeIgniter\CodeIgniter->runController(Object(App\Controllers\Dashboard))
 8 SYSTEMPATH\CodeIgniter.php(355): CodeIgniter\CodeIgniter->handleRequest(null, Object(Config\Cache), false)
 9 SYSTEMPATH\Boot.php(334): CodeIgniter\CodeIgniter->run()
10 SYSTEMPATH\Boot.php(67): CodeIgniter\Boot::runCodeIgniter(Object(CodeIgniter\CodeIgniter))
11 FCPATH\index.php(56): CodeIgniter\Boot::bootWeb(Object(Config\Paths))
CRITICAL - 2025-07-24 07:43:55 --> [Caused by] mysqli_sql_exception: Unknown column 'rc.sort_order' in 'order clause'
in SYSTEMPATH\Database\MySQLi\Connection.php on line 312.
 1 SYSTEMPATH\Database\MySQLi\Connection.php(312): mysqli->query('SELECT `a`.*, `mp`.`meal_plan_name`, `rc`.`room_category_name`, `rc`.`room_category_id`, `rt`.`room_type_name`
FROM `khm_obj_hotel_room_meal` `a`
LEFT JOIN `khm_obj_room` `r` ON `r`.`room_id` = `a`.`room_id`
LEFT JOIN `khm_obj_mst_hotel_room_category` `rc` ON `rc`.`room_category_id` = `r`.`room_category_id`
LEFT JOIN `khm_obj_mst_room_type` `rt` ON `rt`.`room_type_id` = `r`.`room_type_id`
LEFT JOIN `khm_obj_meal_plan` `mp` ON `mp`.`meal_plan_id` = `a`.`meal_plan_id`
WHERE `r`.`object_id` = \'707\'
ORDER BY `rc`.`sort_order` ASC', 0)
 2 SYSTEMPATH\Database\BaseConnection.php(734): CodeIgniter\Database\MySQLi\Connection->execute('SELECT `a`.*, `mp`.`meal_plan_name`, `rc`.`room_category_name`, `rc`.`room_category_id`, `rt`.`room_type_name`
FROM `khm_obj_hotel_room_meal` `a`
LEFT JOIN `khm_obj_room` `r` ON `r`.`room_id` = `a`.`room_id`
LEFT JOIN `khm_obj_mst_hotel_room_category` `rc` ON `rc`.`room_category_id` = `r`.`room_category_id`
LEFT JOIN `khm_obj_mst_room_type` `rt` ON `rt`.`room_type_id` = `r`.`room_type_id`
LEFT JOIN `khm_obj_meal_plan` `mp` ON `mp`.`meal_plan_id` = `a`.`meal_plan_id`
WHERE `r`.`object_id` = \'707\'
ORDER BY `rc`.`sort_order` ASC')
 3 SYSTEMPATH\Database\BaseConnection.php(648): CodeIgniter\Database\BaseConnection->simpleQuery('SELECT `a`.*, `mp`.`meal_plan_name`, `rc`.`room_category_name`, `rc`.`room_category_id`, `rt`.`room_type_name`
FROM `khm_obj_hotel_room_meal` `a`
LEFT JOIN `khm_obj_room` `r` ON `r`.`room_id` = `a`.`room_id`
LEFT JOIN `khm_obj_mst_hotel_room_category` `rc` ON `rc`.`room_category_id` = `r`.`room_category_id`
LEFT JOIN `khm_obj_mst_room_type` `rt` ON `rt`.`room_type_id` = `r`.`room_type_id`
LEFT JOIN `khm_obj_meal_plan` `mp` ON `mp`.`meal_plan_id` = `a`.`meal_plan_id`
WHERE `r`.`object_id` = \'707\'
ORDER BY `rc`.`sort_order` ASC')
 4 SYSTEMPATH\Database\BaseBuilder.php(1644): CodeIgniter\Database\BaseConnection->query('SELECT `a`.*, `mp`.`meal_plan_name`, `rc`.`room_category_name`, `rc`.`room_category_id`, `rt`.`room_type_name`
FROM `khm_obj_hotel_room_meal` `a`
LEFT JOIN `khm_obj_room` `r` ON `r`.`room_id` = `a`.`room_id`
LEFT JOIN `khm_obj_mst_hotel_room_category` `rc` ON `rc`.`room_category_id` = `r`.`room_category_id`
LEFT JOIN `khm_obj_mst_room_type` `rt` ON `rt`.`room_type_id` = `r`.`room_type_id`
LEFT JOIN `khm_obj_meal_plan` `mp` ON `mp`.`meal_plan_id` = `a`.`meal_plan_id`
WHERE `r`.`object_id` = :r.object_id:
ORDER BY `rc`.`sort_order` ASC', [...], false)
 5 APPPATH\Models\Dashboard_m.php(2086): CodeIgniter\Database\BaseBuilder->get()
 6 APPPATH\Controllers\Dashboard.php(3353): App\Models\Dashboard_m->get_room_basic_tariff_season('707')
 7 SYSTEMPATH\CodeIgniter.php(933): App\Controllers\Dashboard->getRoomfunctionSeason()
 8 SYSTEMPATH\CodeIgniter.php(509): CodeIgniter\CodeIgniter->runController(Object(App\Controllers\Dashboard))
 9 SYSTEMPATH\CodeIgniter.php(355): CodeIgniter\CodeIgniter->handleRequest(null, Object(Config\Cache), false)
10 SYSTEMPATH\Boot.php(334): CodeIgniter\CodeIgniter->run()
11 SYSTEMPATH\Boot.php(67): CodeIgniter\Boot::runCodeIgniter(Object(CodeIgniter\CodeIgniter))
12 FCPATH\index.php(56): CodeIgniter\Boot::bootWeb(Object(Config\Paths))
ERROR - 2025-07-24 07:49:51 --> mysqli_sql_exception: Unknown column 'r.hotel_id' in 'on clause' in C:\wamp64\www\khm\system\Database\MySQLi\Connection.php:312
Stack trace:
#0 C:\wamp64\www\khm\system\Database\MySQLi\Connection.php(312): mysqli->query('SELECT DISTINCT...', 0)
#1 C:\wamp64\www\khm\system\Database\BaseConnection.php(734): CodeIgniter\Database\MySQLi\Connection->execute('SELECT DISTINCT...')
#2 C:\wamp64\www\khm\system\Database\BaseConnection.php(648): CodeIgniter\Database\BaseConnection->simpleQuery('SELECT DISTINCT...')
#3 C:\wamp64\www\khm\system\Database\BaseBuilder.php(1644): CodeIgniter\Database\BaseConnection->query('SELECT DISTINCT...', Array, false)
#4 C:\wamp64\www\khm\app\Models\Dashboard_m.php(2101): CodeIgniter\Database\BaseBuilder->get()
#5 C:\wamp64\www\khm\app\Controllers\Dashboard.php(3353): App\Models\Dashboard_m->get_room_basic_tariff_season('707')
#6 C:\wamp64\www\khm\system\CodeIgniter.php(933): App\Controllers\Dashboard->getRoomfunctionSeason()
#7 C:\wamp64\www\khm\system\CodeIgniter.php(509): CodeIgniter\CodeIgniter->runController(Object(App\Controllers\Dashboard))
#8 C:\wamp64\www\khm\system\CodeIgniter.php(355): CodeIgniter\CodeIgniter->handleRequest(NULL, Object(Config\Cache), false)
#9 C:\wamp64\www\khm\system\Boot.php(334): CodeIgniter\CodeIgniter->run()
#10 C:\wamp64\www\khm\system\Boot.php(67): CodeIgniter\Boot::runCodeIgniter(Object(CodeIgniter\CodeIgniter))
#11 C:\wamp64\www\khm\public\index.php(56): CodeIgniter\Boot::bootWeb(Object(Config\Paths))
#12 {main}
CRITICAL - 2025-07-24 07:49:51 --> CodeIgniter\Database\Exceptions\DatabaseException: Unknown column 'r.hotel_id' in 'on clause'
[Method: POST, Route: Dashboard/getRoomfunctionSeason]
in SYSTEMPATH\Database\BaseConnection.php on line 688.
 1 SYSTEMPATH\Database\BaseBuilder.php(1644): CodeIgniter\Database\BaseConnection->query('SELECT DISTINCT `a`.*, `mp`.`meal_plan_name`, `rc`.`room_category_name`, `rc`.`room_category_id`, `rt`.`room_type_name`, `hrc`.`sort_order`
FROM `khm_obj_hotel_room_meal` `a`
LEFT JOIN `khm_obj_room` `r` ON `r`.`room_id` = `a`.`room_id`
LEFT JOIN `khm_obj_mst_hotel_room_category` `rc` ON `rc`.`room_category_id` = `r`.`room_category_id`
LEFT JOIN `khm_obj_mst_room_type` `rt` ON `rt`.`room_type_id` = `r`.`room_type_id`
LEFT JOIN `khm_obj_meal_plan` `mp` ON `mp`.`meal_plan_id` = `a`.`meal_plan_id`
LEFT JOIN `khm_obj_hotel_room_category` `hrc` ON `hrc`.`room_category_id` = `rc`.`room_category_id` AND `hrc`.`hotel_id` = `r`.`hotel_id`
WHERE `r`.`object_id` = :r.object_id:
ORDER BY `hrc`.`sort_order` ASC', [...], false)
 2 APPPATH\Models\Dashboard_m.php(2101): CodeIgniter\Database\BaseBuilder->get()
 3 APPPATH\Controllers\Dashboard.php(3353): App\Models\Dashboard_m->get_room_basic_tariff_season('707')
 4 SYSTEMPATH\CodeIgniter.php(933): App\Controllers\Dashboard->getRoomfunctionSeason()
 5 SYSTEMPATH\CodeIgniter.php(509): CodeIgniter\CodeIgniter->runController(Object(App\Controllers\Dashboard))
 6 SYSTEMPATH\CodeIgniter.php(355): CodeIgniter\CodeIgniter->handleRequest(null, Object(Config\Cache), false)
 7 SYSTEMPATH\Boot.php(334): CodeIgniter\CodeIgniter->run()
 8 SYSTEMPATH\Boot.php(67): CodeIgniter\Boot::runCodeIgniter(Object(CodeIgniter\CodeIgniter))
 9 FCPATH\index.php(56): CodeIgniter\Boot::bootWeb(Object(Config\Paths))
CRITICAL - 2025-07-24 07:49:51 --> [Caused by] CodeIgniter\Database\Exceptions\DatabaseException: Unknown column 'r.hotel_id' in 'on clause'
in SYSTEMPATH\Database\MySQLi\Connection.php on line 317.
 1 SYSTEMPATH\Database\BaseConnection.php(734): CodeIgniter\Database\MySQLi\Connection->execute('SELECT DISTINCT `a`.*, `mp`.`meal_plan_name`, `rc`.`room_category_name`, `rc`.`room_category_id`, `rt`.`room_type_name`, `hrc`.`sort_order`
FROM `khm_obj_hotel_room_meal` `a`
LEFT JOIN `khm_obj_room` `r` ON `r`.`room_id` = `a`.`room_id`
LEFT JOIN `khm_obj_mst_hotel_room_category` `rc` ON `rc`.`room_category_id` = `r`.`room_category_id`
LEFT JOIN `khm_obj_mst_room_type` `rt` ON `rt`.`room_type_id` = `r`.`room_type_id`
LEFT JOIN `khm_obj_meal_plan` `mp` ON `mp`.`meal_plan_id` = `a`.`meal_plan_id`
LEFT JOIN `khm_obj_hotel_room_category` `hrc` ON `hrc`.`room_category_id` = `rc`.`room_category_id` AND `hrc`.`hotel_id` = `r`.`hotel_id`
WHERE `r`.`object_id` = \'707\'
ORDER BY `hrc`.`sort_order` ASC')
 2 SYSTEMPATH\Database\BaseConnection.php(648): CodeIgniter\Database\BaseConnection->simpleQuery('SELECT DISTINCT `a`.*, `mp`.`meal_plan_name`, `rc`.`room_category_name`, `rc`.`room_category_id`, `rt`.`room_type_name`, `hrc`.`sort_order`
FROM `khm_obj_hotel_room_meal` `a`
LEFT JOIN `khm_obj_room` `r` ON `r`.`room_id` = `a`.`room_id`
LEFT JOIN `khm_obj_mst_hotel_room_category` `rc` ON `rc`.`room_category_id` = `r`.`room_category_id`
LEFT JOIN `khm_obj_mst_room_type` `rt` ON `rt`.`room_type_id` = `r`.`room_type_id`
LEFT JOIN `khm_obj_meal_plan` `mp` ON `mp`.`meal_plan_id` = `a`.`meal_plan_id`
LEFT JOIN `khm_obj_hotel_room_category` `hrc` ON `hrc`.`room_category_id` = `rc`.`room_category_id` AND `hrc`.`hotel_id` = `r`.`hotel_id`
WHERE `r`.`object_id` = \'707\'
ORDER BY `hrc`.`sort_order` ASC')
 3 SYSTEMPATH\Database\BaseBuilder.php(1644): CodeIgniter\Database\BaseConnection->query('SELECT DISTINCT `a`.*, `mp`.`meal_plan_name`, `rc`.`room_category_name`, `rc`.`room_category_id`, `rt`.`room_type_name`, `hrc`.`sort_order`
FROM `khm_obj_hotel_room_meal` `a`
LEFT JOIN `khm_obj_room` `r` ON `r`.`room_id` = `a`.`room_id`
LEFT JOIN `khm_obj_mst_hotel_room_category` `rc` ON `rc`.`room_category_id` = `r`.`room_category_id`
LEFT JOIN `khm_obj_mst_room_type` `rt` ON `rt`.`room_type_id` = `r`.`room_type_id`
LEFT JOIN `khm_obj_meal_plan` `mp` ON `mp`.`meal_plan_id` = `a`.`meal_plan_id`
LEFT JOIN `khm_obj_hotel_room_category` `hrc` ON `hrc`.`room_category_id` = `rc`.`room_category_id` AND `hrc`.`hotel_id` = `r`.`hotel_id`
WHERE `r`.`object_id` = :r.object_id:
ORDER BY `hrc`.`sort_order` ASC', [...], false)
 4 APPPATH\Models\Dashboard_m.php(2101): CodeIgniter\Database\BaseBuilder->get()
 5 APPPATH\Controllers\Dashboard.php(3353): App\Models\Dashboard_m->get_room_basic_tariff_season('707')
 6 SYSTEMPATH\CodeIgniter.php(933): App\Controllers\Dashboard->getRoomfunctionSeason()
 7 SYSTEMPATH\CodeIgniter.php(509): CodeIgniter\CodeIgniter->runController(Object(App\Controllers\Dashboard))
 8 SYSTEMPATH\CodeIgniter.php(355): CodeIgniter\CodeIgniter->handleRequest(null, Object(Config\Cache), false)
 9 SYSTEMPATH\Boot.php(334): CodeIgniter\CodeIgniter->run()
10 SYSTEMPATH\Boot.php(67): CodeIgniter\Boot::runCodeIgniter(Object(CodeIgniter\CodeIgniter))
11 FCPATH\index.php(56): CodeIgniter\Boot::bootWeb(Object(Config\Paths))
CRITICAL - 2025-07-24 07:49:51 --> [Caused by] mysqli_sql_exception: Unknown column 'r.hotel_id' in 'on clause'
in SYSTEMPATH\Database\MySQLi\Connection.php on line 312.
 1 SYSTEMPATH\Database\MySQLi\Connection.php(312): mysqli->query('SELECT DISTINCT `a`.*, `mp`.`meal_plan_name`, `rc`.`room_category_name`, `rc`.`room_category_id`, `rt`.`room_type_name`, `hrc`.`sort_order`
FROM `khm_obj_hotel_room_meal` `a`
LEFT JOIN `khm_obj_room` `r` ON `r`.`room_id` = `a`.`room_id`
LEFT JOIN `khm_obj_mst_hotel_room_category` `rc` ON `rc`.`room_category_id` = `r`.`room_category_id`
LEFT JOIN `khm_obj_mst_room_type` `rt` ON `rt`.`room_type_id` = `r`.`room_type_id`
LEFT JOIN `khm_obj_meal_plan` `mp` ON `mp`.`meal_plan_id` = `a`.`meal_plan_id`
LEFT JOIN `khm_obj_hotel_room_category` `hrc` ON `hrc`.`room_category_id` = `rc`.`room_category_id` AND `hrc`.`hotel_id` = `r`.`hotel_id`
WHERE `r`.`object_id` = \'707\'
ORDER BY `hrc`.`sort_order` ASC', 0)
 2 SYSTEMPATH\Database\BaseConnection.php(734): CodeIgniter\Database\MySQLi\Connection->execute('SELECT DISTINCT `a`.*, `mp`.`meal_plan_name`, `rc`.`room_category_name`, `rc`.`room_category_id`, `rt`.`room_type_name`, `hrc`.`sort_order`
FROM `khm_obj_hotel_room_meal` `a`
LEFT JOIN `khm_obj_room` `r` ON `r`.`room_id` = `a`.`room_id`
LEFT JOIN `khm_obj_mst_hotel_room_category` `rc` ON `rc`.`room_category_id` = `r`.`room_category_id`
LEFT JOIN `khm_obj_mst_room_type` `rt` ON `rt`.`room_type_id` = `r`.`room_type_id`
LEFT JOIN `khm_obj_meal_plan` `mp` ON `mp`.`meal_plan_id` = `a`.`meal_plan_id`
LEFT JOIN `khm_obj_hotel_room_category` `hrc` ON `hrc`.`room_category_id` = `rc`.`room_category_id` AND `hrc`.`hotel_id` = `r`.`hotel_id`
WHERE `r`.`object_id` = \'707\'
ORDER BY `hrc`.`sort_order` ASC')
 3 SYSTEMPATH\Database\BaseConnection.php(648): CodeIgniter\Database\BaseConnection->simpleQuery('SELECT DISTINCT `a`.*, `mp`.`meal_plan_name`, `rc`.`room_category_name`, `rc`.`room_category_id`, `rt`.`room_type_name`, `hrc`.`sort_order`
FROM `khm_obj_hotel_room_meal` `a`
LEFT JOIN `khm_obj_room` `r` ON `r`.`room_id` = `a`.`room_id`
LEFT JOIN `khm_obj_mst_hotel_room_category` `rc` ON `rc`.`room_category_id` = `r`.`room_category_id`
LEFT JOIN `khm_obj_mst_room_type` `rt` ON `rt`.`room_type_id` = `r`.`room_type_id`
LEFT JOIN `khm_obj_meal_plan` `mp` ON `mp`.`meal_plan_id` = `a`.`meal_plan_id`
LEFT JOIN `khm_obj_hotel_room_category` `hrc` ON `hrc`.`room_category_id` = `rc`.`room_category_id` AND `hrc`.`hotel_id` = `r`.`hotel_id`
WHERE `r`.`object_id` = \'707\'
ORDER BY `hrc`.`sort_order` ASC')
 4 SYSTEMPATH\Database\BaseBuilder.php(1644): CodeIgniter\Database\BaseConnection->query('SELECT DISTINCT `a`.*, `mp`.`meal_plan_name`, `rc`.`room_category_name`, `rc`.`room_category_id`, `rt`.`room_type_name`, `hrc`.`sort_order`
FROM `khm_obj_hotel_room_meal` `a`
LEFT JOIN `khm_obj_room` `r` ON `r`.`room_id` = `a`.`room_id`
LEFT JOIN `khm_obj_mst_hotel_room_category` `rc` ON `rc`.`room_category_id` = `r`.`room_category_id`
LEFT JOIN `khm_obj_mst_room_type` `rt` ON `rt`.`room_type_id` = `r`.`room_type_id`
LEFT JOIN `khm_obj_meal_plan` `mp` ON `mp`.`meal_plan_id` = `a`.`meal_plan_id`
LEFT JOIN `khm_obj_hotel_room_category` `hrc` ON `hrc`.`room_category_id` = `rc`.`room_category_id` AND `hrc`.`hotel_id` = `r`.`hotel_id`
WHERE `r`.`object_id` = :r.object_id:
ORDER BY `hrc`.`sort_order` ASC', [...], false)
 5 APPPATH\Models\Dashboard_m.php(2101): CodeIgniter\Database\BaseBuilder->get()
 6 APPPATH\Controllers\Dashboard.php(3353): App\Models\Dashboard_m->get_room_basic_tariff_season('707')
 7 SYSTEMPATH\CodeIgniter.php(933): App\Controllers\Dashboard->getRoomfunctionSeason()
 8 SYSTEMPATH\CodeIgniter.php(509): CodeIgniter\CodeIgniter->runController(Object(App\Controllers\Dashboard))
 9 SYSTEMPATH\CodeIgniter.php(355): CodeIgniter\CodeIgniter->handleRequest(null, Object(Config\Cache), false)
10 SYSTEMPATH\Boot.php(334): CodeIgniter\CodeIgniter->run()
11 SYSTEMPATH\Boot.php(67): CodeIgniter\Boot::runCodeIgniter(Object(CodeIgniter\CodeIgniter))
12 FCPATH\index.php(56): CodeIgniter\Boot::bootWeb(Object(Config\Paths))
CRITICAL - 2025-07-24 09:24:29 --> ErrorException: Cannot redeclare App\Models\Dashboard_m::get_room_basic_tariff()
[Method: GET, Route: dashboard/view_tariff/707]
in APPPATH\Models\Dashboard_m.php on line 2088.
 1 [internal function]: CodeIgniter\Debug\Exceptions->shutdownHandler()
