CRITICAL - 2025-06-17 10:41:39 --> Error: Call to protected App\Controllers\SuperAdminEntityBoolean::__construct() from scope CodeIgniter\CodeIgniter
[Method: GET, Route: SuperAdminEntityBoolean]
in SYSTEMPATH\CodeIgniter.php on line 903.
 1 SYSTEMPATH\CodeIgniter.php(500): CodeIgniter\CodeIgniter->createController()
 2 SYSTEMPATH\CodeIgniter.php(355): CodeIgniter\CodeIgniter->handleRequest(null, Object(Config\Cache), false)
 3 SYSTEMPATH\Boot.php(334): CodeIgniter\CodeIgniter->run()
 4 SYSTEMPATH\Boot.php(67): CodeIgniter\Boot::runCodeIgniter(Object(CodeIgniter\CodeIgniter))
 5 FCPATH\index.php(56): CodeIgniter\Boot::bootWeb(Object(Config\Paths))
CRITICAL - 2025-06-17 10:41:47 --> Error: Call to protected App\Controllers\SuperAdminEntityBoolean::__construct() from scope CodeIgniter\CodeIgniter
[Method: GET, Route: SuperAdminEntityBoolean]
in SYSTEMPATH\CodeIgniter.php on line 903.
 1 SYSTEMPATH\CodeIgniter.php(500): CodeIgniter\CodeIgniter->createController()
 2 SYSTEMPATH\CodeIgniter.php(355): CodeIgniter\CodeIgniter->handleRequest(null, Object(Config\Cache), false)
 3 SYSTEMPATH\Boot.php(334): CodeIgniter\CodeIgniter->run()
 4 SYSTEMPATH\Boot.php(67): CodeIgniter\Boot::runCodeIgniter(Object(CodeIgniter\CodeIgniter))
 5 FCPATH\index.php(56): CodeIgniter\Boot::bootWeb(Object(Config\Paths))
ERROR - 2025-06-17 11:32:35 --> mysqli_sql_exception: Unknown column 'omc.object_class_id' in 'field list' in C:\wamp64\www\khm\system\Database\MySQLi\Connection.php:312
Stack trace:
#0 C:\wamp64\www\khm\system\Database\MySQLi\Connection.php(312): mysqli->query('SELECT `omc`.`o...', 0)
#1 C:\wamp64\www\khm\system\Database\BaseConnection.php(734): CodeIgniter\Database\MySQLi\Connection->execute('SELECT `omc`.`o...')
#2 C:\wamp64\www\khm\system\Database\BaseConnection.php(648): CodeIgniter\Database\BaseConnection->simpleQuery('SELECT `omc`.`o...')
#3 C:\wamp64\www\khm\system\Database\BaseBuilder.php(1644): CodeIgniter\Database\BaseConnection->query('SELECT `omc`.`o...', Array, false)
#4 C:\wamp64\www\khm\app\Models\SuperAdminObjectBooleanModel.php(44): CodeIgniter\Database\BaseBuilder->get()
#5 C:\wamp64\www\khm\app\Controllers\SuperAdminObjectBoolean.php(50): App\Models\SuperAdminObjectBooleanModel->getClass()
#6 C:\wamp64\www\khm\system\CodeIgniter.php(933): App\Controllers\SuperAdminObjectBoolean->objClass()
#7 C:\wamp64\www\khm\system\CodeIgniter.php(509): CodeIgniter\CodeIgniter->runController(Object(App\Controllers\SuperAdminObjectBoolean))
#8 C:\wamp64\www\khm\system\CodeIgniter.php(355): CodeIgniter\CodeIgniter->handleRequest(NULL, Object(Config\Cache), false)
#9 C:\wamp64\www\khm\system\Boot.php(334): CodeIgniter\CodeIgniter->run()
#10 C:\wamp64\www\khm\system\Boot.php(67): CodeIgniter\Boot::runCodeIgniter(Object(CodeIgniter\CodeIgniter))
#11 C:\wamp64\www\khm\public\index.php(56): CodeIgniter\Boot::bootWeb(Object(Config\Paths))
#12 {main}
CRITICAL - 2025-06-17 11:32:35 --> CodeIgniter\Database\Exceptions\DatabaseException: Unknown column 'omc.object_class_id' in 'field list'
[Method: GET, Route: SuperAdminObjectBoolean/objClass]
in SYSTEMPATH\Database\BaseConnection.php on line 688.
 1 SYSTEMPATH\Database\BaseBuilder.php(1644): CodeIgniter\Database\BaseConnection->query('SELECT `omc`.`object_class_id`, `omc`.`object_class_name`
FROM `khm_obj_mst_class` AS `0mc`', [], false)
 2 APPPATH\Models\SuperAdminObjectBooleanModel.php(44): CodeIgniter\Database\BaseBuilder->get()
 3 APPPATH\Controllers\SuperAdminObjectBoolean.php(50): App\Models\SuperAdminObjectBooleanModel->getClass()
 4 SYSTEMPATH\CodeIgniter.php(933): App\Controllers\SuperAdminObjectBoolean->objClass()
 5 SYSTEMPATH\CodeIgniter.php(509): CodeIgniter\CodeIgniter->runController(Object(App\Controllers\SuperAdminObjectBoolean))
 6 SYSTEMPATH\CodeIgniter.php(355): CodeIgniter\CodeIgniter->handleRequest(null, Object(Config\Cache), false)
 7 SYSTEMPATH\Boot.php(334): CodeIgniter\CodeIgniter->run()
 8 SYSTEMPATH\Boot.php(67): CodeIgniter\Boot::runCodeIgniter(Object(CodeIgniter\CodeIgniter))
 9 FCPATH\index.php(56): CodeIgniter\Boot::bootWeb(Object(Config\Paths))
CRITICAL - 2025-06-17 11:32:35 --> [Caused by] CodeIgniter\Database\Exceptions\DatabaseException: Unknown column 'omc.object_class_id' in 'field list'
in SYSTEMPATH\Database\MySQLi\Connection.php on line 317.
 1 SYSTEMPATH\Database\BaseConnection.php(734): CodeIgniter\Database\MySQLi\Connection->execute('SELECT `omc`.`object_class_id`, `omc`.`object_class_name`
FROM `khm_obj_mst_class` AS `0mc`')
 2 SYSTEMPATH\Database\BaseConnection.php(648): CodeIgniter\Database\BaseConnection->simpleQuery('SELECT `omc`.`object_class_id`, `omc`.`object_class_name`
FROM `khm_obj_mst_class` AS `0mc`')
 3 SYSTEMPATH\Database\BaseBuilder.php(1644): CodeIgniter\Database\BaseConnection->query('SELECT `omc`.`object_class_id`, `omc`.`object_class_name`
FROM `khm_obj_mst_class` AS `0mc`', [], false)
 4 APPPATH\Models\SuperAdminObjectBooleanModel.php(44): CodeIgniter\Database\BaseBuilder->get()
 5 APPPATH\Controllers\SuperAdminObjectBoolean.php(50): App\Models\SuperAdminObjectBooleanModel->getClass()
 6 SYSTEMPATH\CodeIgniter.php(933): App\Controllers\SuperAdminObjectBoolean->objClass()
 7 SYSTEMPATH\CodeIgniter.php(509): CodeIgniter\CodeIgniter->runController(Object(App\Controllers\SuperAdminObjectBoolean))
 8 SYSTEMPATH\CodeIgniter.php(355): CodeIgniter\CodeIgniter->handleRequest(null, Object(Config\Cache), false)
 9 SYSTEMPATH\Boot.php(334): CodeIgniter\CodeIgniter->run()
10 SYSTEMPATH\Boot.php(67): CodeIgniter\Boot::runCodeIgniter(Object(CodeIgniter\CodeIgniter))
11 FCPATH\index.php(56): CodeIgniter\Boot::bootWeb(Object(Config\Paths))
CRITICAL - 2025-06-17 11:32:35 --> [Caused by] mysqli_sql_exception: Unknown column 'omc.object_class_id' in 'field list'
in SYSTEMPATH\Database\MySQLi\Connection.php on line 312.
 1 SYSTEMPATH\Database\MySQLi\Connection.php(312): mysqli->query('SELECT `omc`.`object_class_id`, `omc`.`object_class_name`
FROM `khm_obj_mst_class` AS `0mc`', 0)
 2 SYSTEMPATH\Database\BaseConnection.php(734): CodeIgniter\Database\MySQLi\Connection->execute('SELECT `omc`.`object_class_id`, `omc`.`object_class_name`
FROM `khm_obj_mst_class` AS `0mc`')
 3 SYSTEMPATH\Database\BaseConnection.php(648): CodeIgniter\Database\BaseConnection->simpleQuery('SELECT `omc`.`object_class_id`, `omc`.`object_class_name`
FROM `khm_obj_mst_class` AS `0mc`')
 4 SYSTEMPATH\Database\BaseBuilder.php(1644): CodeIgniter\Database\BaseConnection->query('SELECT `omc`.`object_class_id`, `omc`.`object_class_name`
FROM `khm_obj_mst_class` AS `0mc`', [], false)
 5 APPPATH\Models\SuperAdminObjectBooleanModel.php(44): CodeIgniter\Database\BaseBuilder->get()
 6 APPPATH\Controllers\SuperAdminObjectBoolean.php(50): App\Models\SuperAdminObjectBooleanModel->getClass()
 7 SYSTEMPATH\CodeIgniter.php(933): App\Controllers\SuperAdminObjectBoolean->objClass()
 8 SYSTEMPATH\CodeIgniter.php(509): CodeIgniter\CodeIgniter->runController(Object(App\Controllers\SuperAdminObjectBoolean))
 9 SYSTEMPATH\CodeIgniter.php(355): CodeIgniter\CodeIgniter->handleRequest(null, Object(Config\Cache), false)
10 SYSTEMPATH\Boot.php(334): CodeIgniter\CodeIgniter->run()
11 SYSTEMPATH\Boot.php(67): CodeIgniter\Boot::runCodeIgniter(Object(CodeIgniter\CodeIgniter))
12 FCPATH\index.php(56): CodeIgniter\Boot::bootWeb(Object(Config\Paths))
ERROR - 2025-06-17 11:33:10 --> mysqli_sql_exception: Unknown column 'omc.object_class_id' in 'field list' in C:\wamp64\www\khm\system\Database\MySQLi\Connection.php:312
Stack trace:
#0 C:\wamp64\www\khm\system\Database\MySQLi\Connection.php(312): mysqli->query('SELECT `omc`.`o...', 0)
#1 C:\wamp64\www\khm\system\Database\BaseConnection.php(734): CodeIgniter\Database\MySQLi\Connection->execute('SELECT `omc`.`o...')
#2 C:\wamp64\www\khm\system\Database\BaseConnection.php(648): CodeIgniter\Database\BaseConnection->simpleQuery('SELECT `omc`.`o...')
#3 C:\wamp64\www\khm\system\Database\BaseBuilder.php(1644): CodeIgniter\Database\BaseConnection->query('SELECT `omc`.`o...', Array, false)
#4 C:\wamp64\www\khm\app\Models\SuperAdminObjectBooleanModel.php(44): CodeIgniter\Database\BaseBuilder->get()
#5 C:\wamp64\www\khm\app\Controllers\SuperAdminObjectBoolean.php(50): App\Models\SuperAdminObjectBooleanModel->getClass()
#6 C:\wamp64\www\khm\system\CodeIgniter.php(933): App\Controllers\SuperAdminObjectBoolean->objClass()
#7 C:\wamp64\www\khm\system\CodeIgniter.php(509): CodeIgniter\CodeIgniter->runController(Object(App\Controllers\SuperAdminObjectBoolean))
#8 C:\wamp64\www\khm\system\CodeIgniter.php(355): CodeIgniter\CodeIgniter->handleRequest(NULL, Object(Config\Cache), false)
#9 C:\wamp64\www\khm\system\Boot.php(334): CodeIgniter\CodeIgniter->run()
#10 C:\wamp64\www\khm\system\Boot.php(67): CodeIgniter\Boot::runCodeIgniter(Object(CodeIgniter\CodeIgniter))
#11 C:\wamp64\www\khm\public\index.php(56): CodeIgniter\Boot::bootWeb(Object(Config\Paths))
#12 {main}
CRITICAL - 2025-06-17 11:33:10 --> CodeIgniter\Database\Exceptions\DatabaseException: Unknown column 'omc.object_class_id' in 'field list'
[Method: GET, Route: SuperAdminObjectBoolean/objClass]
in SYSTEMPATH\Database\BaseConnection.php on line 688.
 1 SYSTEMPATH\Database\BaseBuilder.php(1644): CodeIgniter\Database\BaseConnection->query('SELECT `omc`.`object_class_id`, `omc`.`object_class_name`
FROM `khm_obj_mst_class` AS `0mc`', [], false)
 2 APPPATH\Models\SuperAdminObjectBooleanModel.php(44): CodeIgniter\Database\BaseBuilder->get()
 3 APPPATH\Controllers\SuperAdminObjectBoolean.php(50): App\Models\SuperAdminObjectBooleanModel->getClass()
 4 SYSTEMPATH\CodeIgniter.php(933): App\Controllers\SuperAdminObjectBoolean->objClass()
 5 SYSTEMPATH\CodeIgniter.php(509): CodeIgniter\CodeIgniter->runController(Object(App\Controllers\SuperAdminObjectBoolean))
 6 SYSTEMPATH\CodeIgniter.php(355): CodeIgniter\CodeIgniter->handleRequest(null, Object(Config\Cache), false)
 7 SYSTEMPATH\Boot.php(334): CodeIgniter\CodeIgniter->run()
 8 SYSTEMPATH\Boot.php(67): CodeIgniter\Boot::runCodeIgniter(Object(CodeIgniter\CodeIgniter))
 9 FCPATH\index.php(56): CodeIgniter\Boot::bootWeb(Object(Config\Paths))
CRITICAL - 2025-06-17 11:33:10 --> [Caused by] CodeIgniter\Database\Exceptions\DatabaseException: Unknown column 'omc.object_class_id' in 'field list'
in SYSTEMPATH\Database\MySQLi\Connection.php on line 317.
 1 SYSTEMPATH\Database\BaseConnection.php(734): CodeIgniter\Database\MySQLi\Connection->execute('SELECT `omc`.`object_class_id`, `omc`.`object_class_name`
FROM `khm_obj_mst_class` AS `0mc`')
 2 SYSTEMPATH\Database\BaseConnection.php(648): CodeIgniter\Database\BaseConnection->simpleQuery('SELECT `omc`.`object_class_id`, `omc`.`object_class_name`
FROM `khm_obj_mst_class` AS `0mc`')
 3 SYSTEMPATH\Database\BaseBuilder.php(1644): CodeIgniter\Database\BaseConnection->query('SELECT `omc`.`object_class_id`, `omc`.`object_class_name`
FROM `khm_obj_mst_class` AS `0mc`', [], false)
 4 APPPATH\Models\SuperAdminObjectBooleanModel.php(44): CodeIgniter\Database\BaseBuilder->get()
 5 APPPATH\Controllers\SuperAdminObjectBoolean.php(50): App\Models\SuperAdminObjectBooleanModel->getClass()
 6 SYSTEMPATH\CodeIgniter.php(933): App\Controllers\SuperAdminObjectBoolean->objClass()
 7 SYSTEMPATH\CodeIgniter.php(509): CodeIgniter\CodeIgniter->runController(Object(App\Controllers\SuperAdminObjectBoolean))
 8 SYSTEMPATH\CodeIgniter.php(355): CodeIgniter\CodeIgniter->handleRequest(null, Object(Config\Cache), false)
 9 SYSTEMPATH\Boot.php(334): CodeIgniter\CodeIgniter->run()
10 SYSTEMPATH\Boot.php(67): CodeIgniter\Boot::runCodeIgniter(Object(CodeIgniter\CodeIgniter))
11 FCPATH\index.php(56): CodeIgniter\Boot::bootWeb(Object(Config\Paths))
CRITICAL - 2025-06-17 11:33:10 --> [Caused by] mysqli_sql_exception: Unknown column 'omc.object_class_id' in 'field list'
in SYSTEMPATH\Database\MySQLi\Connection.php on line 312.
 1 SYSTEMPATH\Database\MySQLi\Connection.php(312): mysqli->query('SELECT `omc`.`object_class_id`, `omc`.`object_class_name`
FROM `khm_obj_mst_class` AS `0mc`', 0)
 2 SYSTEMPATH\Database\BaseConnection.php(734): CodeIgniter\Database\MySQLi\Connection->execute('SELECT `omc`.`object_class_id`, `omc`.`object_class_name`
FROM `khm_obj_mst_class` AS `0mc`')
 3 SYSTEMPATH\Database\BaseConnection.php(648): CodeIgniter\Database\BaseConnection->simpleQuery('SELECT `omc`.`object_class_id`, `omc`.`object_class_name`
FROM `khm_obj_mst_class` AS `0mc`')
 4 SYSTEMPATH\Database\BaseBuilder.php(1644): CodeIgniter\Database\BaseConnection->query('SELECT `omc`.`object_class_id`, `omc`.`object_class_name`
FROM `khm_obj_mst_class` AS `0mc`', [], false)
 5 APPPATH\Models\SuperAdminObjectBooleanModel.php(44): CodeIgniter\Database\BaseBuilder->get()
 6 APPPATH\Controllers\SuperAdminObjectBoolean.php(50): App\Models\SuperAdminObjectBooleanModel->getClass()
 7 SYSTEMPATH\CodeIgniter.php(933): App\Controllers\SuperAdminObjectBoolean->objClass()
 8 SYSTEMPATH\CodeIgniter.php(509): CodeIgniter\CodeIgniter->runController(Object(App\Controllers\SuperAdminObjectBoolean))
 9 SYSTEMPATH\CodeIgniter.php(355): CodeIgniter\CodeIgniter->handleRequest(null, Object(Config\Cache), false)
10 SYSTEMPATH\Boot.php(334): CodeIgniter\CodeIgniter->run()
11 SYSTEMPATH\Boot.php(67): CodeIgniter\Boot::runCodeIgniter(Object(CodeIgniter\CodeIgniter))
12 FCPATH\index.php(56): CodeIgniter\Boot::bootWeb(Object(Config\Paths))
