ERROR - 2025-04-14 03:48:14 --> mysqli_sql_exception: Unknown column 'deleted' in 'where clause' in C:\wamp64\www\khm\system\Database\MySQLi\Connection.php:312
Stack trace:
#0 C:\wamp64\www\khm\system\Database\MySQLi\Connection.php(312): mysqli->query('SELECT *\nFROM `...', 0)
#1 C:\wamp64\www\khm\system\Database\BaseConnection.php(734): CodeIgniter\Database\MySQLi\Connection->execute('SELECT *\nFROM `...')
#2 C:\wamp64\www\khm\system\Database\BaseConnection.php(648): CodeIgniter\Database\BaseConnection->simpleQuery('SELECT *\nFROM `...')
#3 C:\wamp64\www\khm\system\Database\BaseBuilder.php(1644): CodeIgniter\Database\BaseConnection->query('SELECT *\nFROM `...', Array, false)
#4 C:\wamp64\www\khm\app\Models\TerritoryModel.php(72): CodeIgniter\Database\BaseBuilder->get()
#5 C:\wamp64\www\khm\app\Controllers\TerritoryController.php(60): App\Models\TerritoryModel->getLocationsLevel4()
#6 C:\wamp64\www\khm\system\CodeIgniter.php(933): App\Controllers\TerritoryController->index()
#7 C:\wamp64\www\khm\system\CodeIgniter.php(509): CodeIgniter\CodeIgniter->runController(Object(App\Controllers\TerritoryController))
#8 C:\wamp64\www\khm\system\CodeIgniter.php(355): CodeIgniter\CodeIgniter->handleRequest(NULL, Object(Config\Cache), false)
#9 C:\wamp64\www\khm\system\Boot.php(334): CodeIgniter\CodeIgniter->run()
#10 C:\wamp64\www\khm\system\Boot.php(67): CodeIgniter\Boot::runCodeIgniter(Object(CodeIgniter\CodeIgniter))
#11 C:\wamp64\www\khm\public\index.php(56): CodeIgniter\Boot::bootWeb(Object(Config\Paths))
#12 {main}
CRITICAL - 2025-04-14 03:48:14 --> CodeIgniter\Database\Exceptions\DatabaseException: Unknown column 'deleted' in 'where clause'
[Method: GET, Route: TerritoryController]
in SYSTEMPATH\Database\BaseConnection.php on line 688.
 1 SYSTEMPATH\Database\BaseBuilder.php(1644): CodeIgniter\Database\BaseConnection->query('SELECT *
FROM `khm_loc_mst_geography`
WHERE `geog_level_id` = :geog_level_id:
AND deleted IS NULL', [...], false)
 2 APPPATH\Models\TerritoryModel.php(72): CodeIgniter\Database\BaseBuilder->get()
 3 APPPATH\Controllers\TerritoryController.php(60): App\Models\TerritoryModel->getLocationsLevel4()
 4 SYSTEMPATH\CodeIgniter.php(933): App\Controllers\TerritoryController->index()
 5 SYSTEMPATH\CodeIgniter.php(509): CodeIgniter\CodeIgniter->runController(Object(App\Controllers\TerritoryController))
 6 SYSTEMPATH\CodeIgniter.php(355): CodeIgniter\CodeIgniter->handleRequest(null, Object(Config\Cache), false)
 7 SYSTEMPATH\Boot.php(334): CodeIgniter\CodeIgniter->run()
 8 SYSTEMPATH\Boot.php(67): CodeIgniter\Boot::runCodeIgniter(Object(CodeIgniter\CodeIgniter))
 9 FCPATH\index.php(56): CodeIgniter\Boot::bootWeb(Object(Config\Paths))
CRITICAL - 2025-04-14 03:48:14 --> [Caused by] CodeIgniter\Database\Exceptions\DatabaseException: Unknown column 'deleted' in 'where clause'
in SYSTEMPATH\Database\MySQLi\Connection.php on line 317.
 1 SYSTEMPATH\Database\BaseConnection.php(734): CodeIgniter\Database\MySQLi\Connection->execute('SELECT *
FROM `khm_loc_mst_geography`
WHERE `geog_level_id` = 4
AND deleted IS NULL')
 2 SYSTEMPATH\Database\BaseConnection.php(648): CodeIgniter\Database\BaseConnection->simpleQuery('SELECT *
FROM `khm_loc_mst_geography`
WHERE `geog_level_id` = 4
AND deleted IS NULL')
 3 SYSTEMPATH\Database\BaseBuilder.php(1644): CodeIgniter\Database\BaseConnection->query('SELECT *
FROM `khm_loc_mst_geography`
WHERE `geog_level_id` = :geog_level_id:
AND deleted IS NULL', [...], false)
 4 APPPATH\Models\TerritoryModel.php(72): CodeIgniter\Database\BaseBuilder->get()
 5 APPPATH\Controllers\TerritoryController.php(60): App\Models\TerritoryModel->getLocationsLevel4()
 6 SYSTEMPATH\CodeIgniter.php(933): App\Controllers\TerritoryController->index()
 7 SYSTEMPATH\CodeIgniter.php(509): CodeIgniter\CodeIgniter->runController(Object(App\Controllers\TerritoryController))
 8 SYSTEMPATH\CodeIgniter.php(355): CodeIgniter\CodeIgniter->handleRequest(null, Object(Config\Cache), false)
 9 SYSTEMPATH\Boot.php(334): CodeIgniter\CodeIgniter->run()
10 SYSTEMPATH\Boot.php(67): CodeIgniter\Boot::runCodeIgniter(Object(CodeIgniter\CodeIgniter))
11 FCPATH\index.php(56): CodeIgniter\Boot::bootWeb(Object(Config\Paths))
CRITICAL - 2025-04-14 03:48:14 --> [Caused by] mysqli_sql_exception: Unknown column 'deleted' in 'where clause'
in SYSTEMPATH\Database\MySQLi\Connection.php on line 312.
 1 SYSTEMPATH\Database\MySQLi\Connection.php(312): mysqli->query('SELECT *
FROM `khm_loc_mst_geography`
WHERE `geog_level_id` = 4
AND deleted IS NULL', 0)
 2 SYSTEMPATH\Database\BaseConnection.php(734): CodeIgniter\Database\MySQLi\Connection->execute('SELECT *
FROM `khm_loc_mst_geography`
WHERE `geog_level_id` = 4
AND deleted IS NULL')
 3 SYSTEMPATH\Database\BaseConnection.php(648): CodeIgniter\Database\BaseConnection->simpleQuery('SELECT *
FROM `khm_loc_mst_geography`
WHERE `geog_level_id` = 4
AND deleted IS NULL')
 4 SYSTEMPATH\Database\BaseBuilder.php(1644): CodeIgniter\Database\BaseConnection->query('SELECT *
FROM `khm_loc_mst_geography`
WHERE `geog_level_id` = :geog_level_id:
AND deleted IS NULL', [...], false)
 5 APPPATH\Models\TerritoryModel.php(72): CodeIgniter\Database\BaseBuilder->get()
 6 APPPATH\Controllers\TerritoryController.php(60): App\Models\TerritoryModel->getLocationsLevel4()
 7 SYSTEMPATH\CodeIgniter.php(933): App\Controllers\TerritoryController->index()
 8 SYSTEMPATH\CodeIgniter.php(509): CodeIgniter\CodeIgniter->runController(Object(App\Controllers\TerritoryController))
 9 SYSTEMPATH\CodeIgniter.php(355): CodeIgniter\CodeIgniter->handleRequest(null, Object(Config\Cache), false)
10 SYSTEMPATH\Boot.php(334): CodeIgniter\CodeIgniter->run()
11 SYSTEMPATH\Boot.php(67): CodeIgniter\Boot::runCodeIgniter(Object(CodeIgniter\CodeIgniter))
12 FCPATH\index.php(56): CodeIgniter\Boot::bootWeb(Object(Config\Paths))
ERROR - 2025-04-14 03:48:17 --> mysqli_sql_exception: Unknown column 'deleted' in 'where clause' in C:\wamp64\www\khm\system\Database\MySQLi\Connection.php:312
Stack trace:
#0 C:\wamp64\www\khm\system\Database\MySQLi\Connection.php(312): mysqli->query('SELECT *\nFROM `...', 0)
#1 C:\wamp64\www\khm\system\Database\BaseConnection.php(734): CodeIgniter\Database\MySQLi\Connection->execute('SELECT *\nFROM `...')
#2 C:\wamp64\www\khm\system\Database\BaseConnection.php(648): CodeIgniter\Database\BaseConnection->simpleQuery('SELECT *\nFROM `...')
#3 C:\wamp64\www\khm\system\Database\BaseBuilder.php(1644): CodeIgniter\Database\BaseConnection->query('SELECT *\nFROM `...', Array, false)
#4 C:\wamp64\www\khm\app\Models\TerritoryModel.php(72): CodeIgniter\Database\BaseBuilder->get()
#5 C:\wamp64\www\khm\app\Controllers\TerritoryController.php(60): App\Models\TerritoryModel->getLocationsLevel4()
#6 C:\wamp64\www\khm\system\CodeIgniter.php(933): App\Controllers\TerritoryController->index()
#7 C:\wamp64\www\khm\system\CodeIgniter.php(509): CodeIgniter\CodeIgniter->runController(Object(App\Controllers\TerritoryController))
#8 C:\wamp64\www\khm\system\CodeIgniter.php(355): CodeIgniter\CodeIgniter->handleRequest(NULL, Object(Config\Cache), false)
#9 C:\wamp64\www\khm\system\Boot.php(334): CodeIgniter\CodeIgniter->run()
#10 C:\wamp64\www\khm\system\Boot.php(67): CodeIgniter\Boot::runCodeIgniter(Object(CodeIgniter\CodeIgniter))
#11 C:\wamp64\www\khm\public\index.php(56): CodeIgniter\Boot::bootWeb(Object(Config\Paths))
#12 {main}
CRITICAL - 2025-04-14 03:48:17 --> CodeIgniter\Database\Exceptions\DatabaseException: Unknown column 'deleted' in 'where clause'
[Method: GET, Route: TerritoryController]
in SYSTEMPATH\Database\BaseConnection.php on line 688.
 1 SYSTEMPATH\Database\BaseBuilder.php(1644): CodeIgniter\Database\BaseConnection->query('SELECT *
FROM `khm_loc_mst_geography`
WHERE `geog_level_id` = :geog_level_id:
AND deleted IS NULL', [...], false)
 2 APPPATH\Models\TerritoryModel.php(72): CodeIgniter\Database\BaseBuilder->get()
 3 APPPATH\Controllers\TerritoryController.php(60): App\Models\TerritoryModel->getLocationsLevel4()
 4 SYSTEMPATH\CodeIgniter.php(933): App\Controllers\TerritoryController->index()
 5 SYSTEMPATH\CodeIgniter.php(509): CodeIgniter\CodeIgniter->runController(Object(App\Controllers\TerritoryController))
 6 SYSTEMPATH\CodeIgniter.php(355): CodeIgniter\CodeIgniter->handleRequest(null, Object(Config\Cache), false)
 7 SYSTEMPATH\Boot.php(334): CodeIgniter\CodeIgniter->run()
 8 SYSTEMPATH\Boot.php(67): CodeIgniter\Boot::runCodeIgniter(Object(CodeIgniter\CodeIgniter))
 9 FCPATH\index.php(56): CodeIgniter\Boot::bootWeb(Object(Config\Paths))
CRITICAL - 2025-04-14 03:48:17 --> [Caused by] CodeIgniter\Database\Exceptions\DatabaseException: Unknown column 'deleted' in 'where clause'
in SYSTEMPATH\Database\MySQLi\Connection.php on line 317.
 1 SYSTEMPATH\Database\BaseConnection.php(734): CodeIgniter\Database\MySQLi\Connection->execute('SELECT *
FROM `khm_loc_mst_geography`
WHERE `geog_level_id` = 4
AND deleted IS NULL')
 2 SYSTEMPATH\Database\BaseConnection.php(648): CodeIgniter\Database\BaseConnection->simpleQuery('SELECT *
FROM `khm_loc_mst_geography`
WHERE `geog_level_id` = 4
AND deleted IS NULL')
 3 SYSTEMPATH\Database\BaseBuilder.php(1644): CodeIgniter\Database\BaseConnection->query('SELECT *
FROM `khm_loc_mst_geography`
WHERE `geog_level_id` = :geog_level_id:
AND deleted IS NULL', [...], false)
 4 APPPATH\Models\TerritoryModel.php(72): CodeIgniter\Database\BaseBuilder->get()
 5 APPPATH\Controllers\TerritoryController.php(60): App\Models\TerritoryModel->getLocationsLevel4()
 6 SYSTEMPATH\CodeIgniter.php(933): App\Controllers\TerritoryController->index()
 7 SYSTEMPATH\CodeIgniter.php(509): CodeIgniter\CodeIgniter->runController(Object(App\Controllers\TerritoryController))
 8 SYSTEMPATH\CodeIgniter.php(355): CodeIgniter\CodeIgniter->handleRequest(null, Object(Config\Cache), false)
 9 SYSTEMPATH\Boot.php(334): CodeIgniter\CodeIgniter->run()
10 SYSTEMPATH\Boot.php(67): CodeIgniter\Boot::runCodeIgniter(Object(CodeIgniter\CodeIgniter))
11 FCPATH\index.php(56): CodeIgniter\Boot::bootWeb(Object(Config\Paths))
CRITICAL - 2025-04-14 03:48:17 --> [Caused by] mysqli_sql_exception: Unknown column 'deleted' in 'where clause'
in SYSTEMPATH\Database\MySQLi\Connection.php on line 312.
 1 SYSTEMPATH\Database\MySQLi\Connection.php(312): mysqli->query('SELECT *
FROM `khm_loc_mst_geography`
WHERE `geog_level_id` = 4
AND deleted IS NULL', 0)
 2 SYSTEMPATH\Database\BaseConnection.php(734): CodeIgniter\Database\MySQLi\Connection->execute('SELECT *
FROM `khm_loc_mst_geography`
WHERE `geog_level_id` = 4
AND deleted IS NULL')
 3 SYSTEMPATH\Database\BaseConnection.php(648): CodeIgniter\Database\BaseConnection->simpleQuery('SELECT *
FROM `khm_loc_mst_geography`
WHERE `geog_level_id` = 4
AND deleted IS NULL')
 4 SYSTEMPATH\Database\BaseBuilder.php(1644): CodeIgniter\Database\BaseConnection->query('SELECT *
FROM `khm_loc_mst_geography`
WHERE `geog_level_id` = :geog_level_id:
AND deleted IS NULL', [...], false)
 5 APPPATH\Models\TerritoryModel.php(72): CodeIgniter\Database\BaseBuilder->get()
 6 APPPATH\Controllers\TerritoryController.php(60): App\Models\TerritoryModel->getLocationsLevel4()
 7 SYSTEMPATH\CodeIgniter.php(933): App\Controllers\TerritoryController->index()
 8 SYSTEMPATH\CodeIgniter.php(509): CodeIgniter\CodeIgniter->runController(Object(App\Controllers\TerritoryController))
 9 SYSTEMPATH\CodeIgniter.php(355): CodeIgniter\CodeIgniter->handleRequest(null, Object(Config\Cache), false)
10 SYSTEMPATH\Boot.php(334): CodeIgniter\CodeIgniter->run()
11 SYSTEMPATH\Boot.php(67): CodeIgniter\Boot::runCodeIgniter(Object(CodeIgniter\CodeIgniter))
12 FCPATH\index.php(56): CodeIgniter\Boot::bootWeb(Object(Config\Paths))
ERROR - 2025-04-14 03:48:23 --> mysqli_sql_exception: Unknown column 'deleted' in 'where clause' in C:\wamp64\www\khm\system\Database\MySQLi\Connection.php:312
Stack trace:
#0 C:\wamp64\www\khm\system\Database\MySQLi\Connection.php(312): mysqli->query('SELECT *\nFROM `...', 0)
#1 C:\wamp64\www\khm\system\Database\BaseConnection.php(734): CodeIgniter\Database\MySQLi\Connection->execute('SELECT *\nFROM `...')
#2 C:\wamp64\www\khm\system\Database\BaseConnection.php(648): CodeIgniter\Database\BaseConnection->simpleQuery('SELECT *\nFROM `...')
#3 C:\wamp64\www\khm\system\Database\BaseBuilder.php(1644): CodeIgniter\Database\BaseConnection->query('SELECT *\nFROM `...', Array, false)
#4 C:\wamp64\www\khm\app\Models\TerritoryModel.php(72): CodeIgniter\Database\BaseBuilder->get()
#5 C:\wamp64\www\khm\app\Controllers\TerritoryController.php(60): App\Models\TerritoryModel->getLocationsLevel4()
#6 C:\wamp64\www\khm\system\CodeIgniter.php(933): App\Controllers\TerritoryController->index()
#7 C:\wamp64\www\khm\system\CodeIgniter.php(509): CodeIgniter\CodeIgniter->runController(Object(App\Controllers\TerritoryController))
#8 C:\wamp64\www\khm\system\CodeIgniter.php(355): CodeIgniter\CodeIgniter->handleRequest(NULL, Object(Config\Cache), false)
#9 C:\wamp64\www\khm\system\Boot.php(334): CodeIgniter\CodeIgniter->run()
#10 C:\wamp64\www\khm\system\Boot.php(67): CodeIgniter\Boot::runCodeIgniter(Object(CodeIgniter\CodeIgniter))
#11 C:\wamp64\www\khm\public\index.php(56): CodeIgniter\Boot::bootWeb(Object(Config\Paths))
#12 {main}
CRITICAL - 2025-04-14 03:48:23 --> CodeIgniter\Database\Exceptions\DatabaseException: Unknown column 'deleted' in 'where clause'
[Method: GET, Route: TerritoryController]
in SYSTEMPATH\Database\BaseConnection.php on line 688.
 1 SYSTEMPATH\Database\BaseBuilder.php(1644): CodeIgniter\Database\BaseConnection->query('SELECT *
FROM `khm_loc_mst_geography`
WHERE `geog_level_id` = :geog_level_id:
AND deleted IS NULL', [...], false)
 2 APPPATH\Models\TerritoryModel.php(72): CodeIgniter\Database\BaseBuilder->get()
 3 APPPATH\Controllers\TerritoryController.php(60): App\Models\TerritoryModel->getLocationsLevel4()
 4 SYSTEMPATH\CodeIgniter.php(933): App\Controllers\TerritoryController->index()
 5 SYSTEMPATH\CodeIgniter.php(509): CodeIgniter\CodeIgniter->runController(Object(App\Controllers\TerritoryController))
 6 SYSTEMPATH\CodeIgniter.php(355): CodeIgniter\CodeIgniter->handleRequest(null, Object(Config\Cache), false)
 7 SYSTEMPATH\Boot.php(334): CodeIgniter\CodeIgniter->run()
 8 SYSTEMPATH\Boot.php(67): CodeIgniter\Boot::runCodeIgniter(Object(CodeIgniter\CodeIgniter))
 9 FCPATH\index.php(56): CodeIgniter\Boot::bootWeb(Object(Config\Paths))
CRITICAL - 2025-04-14 03:48:23 --> [Caused by] CodeIgniter\Database\Exceptions\DatabaseException: Unknown column 'deleted' in 'where clause'
in SYSTEMPATH\Database\MySQLi\Connection.php on line 317.
 1 SYSTEMPATH\Database\BaseConnection.php(734): CodeIgniter\Database\MySQLi\Connection->execute('SELECT *
FROM `khm_loc_mst_geography`
WHERE `geog_level_id` = 4
AND deleted IS NULL')
 2 SYSTEMPATH\Database\BaseConnection.php(648): CodeIgniter\Database\BaseConnection->simpleQuery('SELECT *
FROM `khm_loc_mst_geography`
WHERE `geog_level_id` = 4
AND deleted IS NULL')
 3 SYSTEMPATH\Database\BaseBuilder.php(1644): CodeIgniter\Database\BaseConnection->query('SELECT *
FROM `khm_loc_mst_geography`
WHERE `geog_level_id` = :geog_level_id:
AND deleted IS NULL', [...], false)
 4 APPPATH\Models\TerritoryModel.php(72): CodeIgniter\Database\BaseBuilder->get()
 5 APPPATH\Controllers\TerritoryController.php(60): App\Models\TerritoryModel->getLocationsLevel4()
 6 SYSTEMPATH\CodeIgniter.php(933): App\Controllers\TerritoryController->index()
 7 SYSTEMPATH\CodeIgniter.php(509): CodeIgniter\CodeIgniter->runController(Object(App\Controllers\TerritoryController))
 8 SYSTEMPATH\CodeIgniter.php(355): CodeIgniter\CodeIgniter->handleRequest(null, Object(Config\Cache), false)
 9 SYSTEMPATH\Boot.php(334): CodeIgniter\CodeIgniter->run()
10 SYSTEMPATH\Boot.php(67): CodeIgniter\Boot::runCodeIgniter(Object(CodeIgniter\CodeIgniter))
11 FCPATH\index.php(56): CodeIgniter\Boot::bootWeb(Object(Config\Paths))
CRITICAL - 2025-04-14 03:48:23 --> [Caused by] mysqli_sql_exception: Unknown column 'deleted' in 'where clause'
in SYSTEMPATH\Database\MySQLi\Connection.php on line 312.
 1 SYSTEMPATH\Database\MySQLi\Connection.php(312): mysqli->query('SELECT *
FROM `khm_loc_mst_geography`
WHERE `geog_level_id` = 4
AND deleted IS NULL', 0)
 2 SYSTEMPATH\Database\BaseConnection.php(734): CodeIgniter\Database\MySQLi\Connection->execute('SELECT *
FROM `khm_loc_mst_geography`
WHERE `geog_level_id` = 4
AND deleted IS NULL')
 3 SYSTEMPATH\Database\BaseConnection.php(648): CodeIgniter\Database\BaseConnection->simpleQuery('SELECT *
FROM `khm_loc_mst_geography`
WHERE `geog_level_id` = 4
AND deleted IS NULL')
 4 SYSTEMPATH\Database\BaseBuilder.php(1644): CodeIgniter\Database\BaseConnection->query('SELECT *
FROM `khm_loc_mst_geography`
WHERE `geog_level_id` = :geog_level_id:
AND deleted IS NULL', [...], false)
 5 APPPATH\Models\TerritoryModel.php(72): CodeIgniter\Database\BaseBuilder->get()
 6 APPPATH\Controllers\TerritoryController.php(60): App\Models\TerritoryModel->getLocationsLevel4()
 7 SYSTEMPATH\CodeIgniter.php(933): App\Controllers\TerritoryController->index()
 8 SYSTEMPATH\CodeIgniter.php(509): CodeIgniter\CodeIgniter->runController(Object(App\Controllers\TerritoryController))
 9 SYSTEMPATH\CodeIgniter.php(355): CodeIgniter\CodeIgniter->handleRequest(null, Object(Config\Cache), false)
10 SYSTEMPATH\Boot.php(334): CodeIgniter\CodeIgniter->run()
11 SYSTEMPATH\Boot.php(67): CodeIgniter\Boot::runCodeIgniter(Object(CodeIgniter\CodeIgniter))
12 FCPATH\index.php(56): CodeIgniter\Boot::bootWeb(Object(Config\Paths))
ERROR - 2025-04-14 03:49:47 --> mysqli_sql_exception: Unknown column 'deleted' in 'where clause' in C:\wamp64\www\khm\system\Database\MySQLi\Connection.php:312
Stack trace:
#0 C:\wamp64\www\khm\system\Database\MySQLi\Connection.php(312): mysqli->query('SELECT *\nFROM `...', 0)
#1 C:\wamp64\www\khm\system\Database\BaseConnection.php(734): CodeIgniter\Database\MySQLi\Connection->execute('SELECT *\nFROM `...')
#2 C:\wamp64\www\khm\system\Database\BaseConnection.php(648): CodeIgniter\Database\BaseConnection->simpleQuery('SELECT *\nFROM `...')
#3 C:\wamp64\www\khm\system\Database\BaseBuilder.php(1644): CodeIgniter\Database\BaseConnection->query('SELECT *\nFROM `...', Array, false)
#4 C:\wamp64\www\khm\app\Models\TerritoryModel.php(72): CodeIgniter\Database\BaseBuilder->get()
#5 C:\wamp64\www\khm\app\Controllers\TerritoryController.php(60): App\Models\TerritoryModel->getLocationsLevel4()
#6 C:\wamp64\www\khm\system\CodeIgniter.php(933): App\Controllers\TerritoryController->index()
#7 C:\wamp64\www\khm\system\CodeIgniter.php(509): CodeIgniter\CodeIgniter->runController(Object(App\Controllers\TerritoryController))
#8 C:\wamp64\www\khm\system\CodeIgniter.php(355): CodeIgniter\CodeIgniter->handleRequest(NULL, Object(Config\Cache), false)
#9 C:\wamp64\www\khm\system\Boot.php(334): CodeIgniter\CodeIgniter->run()
#10 C:\wamp64\www\khm\system\Boot.php(67): CodeIgniter\Boot::runCodeIgniter(Object(CodeIgniter\CodeIgniter))
#11 C:\wamp64\www\khm\public\index.php(56): CodeIgniter\Boot::bootWeb(Object(Config\Paths))
#12 {main}
CRITICAL - 2025-04-14 03:49:47 --> CodeIgniter\Database\Exceptions\DatabaseException: Unknown column 'deleted' in 'where clause'
[Method: GET, Route: TerritoryController]
in SYSTEMPATH\Database\BaseConnection.php on line 688.
 1 SYSTEMPATH\Database\BaseBuilder.php(1644): CodeIgniter\Database\BaseConnection->query('SELECT *
FROM `khm_loc_mst_geography`
WHERE `geog_level_id` = :geog_level_id:
AND deleted IS NULL', [...], false)
 2 APPPATH\Models\TerritoryModel.php(72): CodeIgniter\Database\BaseBuilder->get()
 3 APPPATH\Controllers\TerritoryController.php(60): App\Models\TerritoryModel->getLocationsLevel4()
 4 SYSTEMPATH\CodeIgniter.php(933): App\Controllers\TerritoryController->index()
 5 SYSTEMPATH\CodeIgniter.php(509): CodeIgniter\CodeIgniter->runController(Object(App\Controllers\TerritoryController))
 6 SYSTEMPATH\CodeIgniter.php(355): CodeIgniter\CodeIgniter->handleRequest(null, Object(Config\Cache), false)
 7 SYSTEMPATH\Boot.php(334): CodeIgniter\CodeIgniter->run()
 8 SYSTEMPATH\Boot.php(67): CodeIgniter\Boot::runCodeIgniter(Object(CodeIgniter\CodeIgniter))
 9 FCPATH\index.php(56): CodeIgniter\Boot::bootWeb(Object(Config\Paths))
CRITICAL - 2025-04-14 03:49:47 --> [Caused by] CodeIgniter\Database\Exceptions\DatabaseException: Unknown column 'deleted' in 'where clause'
in SYSTEMPATH\Database\MySQLi\Connection.php on line 317.
 1 SYSTEMPATH\Database\BaseConnection.php(734): CodeIgniter\Database\MySQLi\Connection->execute('SELECT *
FROM `khm_loc_mst_geography`
WHERE `geog_level_id` = 4
AND deleted IS NULL')
 2 SYSTEMPATH\Database\BaseConnection.php(648): CodeIgniter\Database\BaseConnection->simpleQuery('SELECT *
FROM `khm_loc_mst_geography`
WHERE `geog_level_id` = 4
AND deleted IS NULL')
 3 SYSTEMPATH\Database\BaseBuilder.php(1644): CodeIgniter\Database\BaseConnection->query('SELECT *
FROM `khm_loc_mst_geography`
WHERE `geog_level_id` = :geog_level_id:
AND deleted IS NULL', [...], false)
 4 APPPATH\Models\TerritoryModel.php(72): CodeIgniter\Database\BaseBuilder->get()
 5 APPPATH\Controllers\TerritoryController.php(60): App\Models\TerritoryModel->getLocationsLevel4()
 6 SYSTEMPATH\CodeIgniter.php(933): App\Controllers\TerritoryController->index()
 7 SYSTEMPATH\CodeIgniter.php(509): CodeIgniter\CodeIgniter->runController(Object(App\Controllers\TerritoryController))
 8 SYSTEMPATH\CodeIgniter.php(355): CodeIgniter\CodeIgniter->handleRequest(null, Object(Config\Cache), false)
 9 SYSTEMPATH\Boot.php(334): CodeIgniter\CodeIgniter->run()
10 SYSTEMPATH\Boot.php(67): CodeIgniter\Boot::runCodeIgniter(Object(CodeIgniter\CodeIgniter))
11 FCPATH\index.php(56): CodeIgniter\Boot::bootWeb(Object(Config\Paths))
CRITICAL - 2025-04-14 03:49:47 --> [Caused by] mysqli_sql_exception: Unknown column 'deleted' in 'where clause'
in SYSTEMPATH\Database\MySQLi\Connection.php on line 312.
 1 SYSTEMPATH\Database\MySQLi\Connection.php(312): mysqli->query('SELECT *
FROM `khm_loc_mst_geography`
WHERE `geog_level_id` = 4
AND deleted IS NULL', 0)
 2 SYSTEMPATH\Database\BaseConnection.php(734): CodeIgniter\Database\MySQLi\Connection->execute('SELECT *
FROM `khm_loc_mst_geography`
WHERE `geog_level_id` = 4
AND deleted IS NULL')
 3 SYSTEMPATH\Database\BaseConnection.php(648): CodeIgniter\Database\BaseConnection->simpleQuery('SELECT *
FROM `khm_loc_mst_geography`
WHERE `geog_level_id` = 4
AND deleted IS NULL')
 4 SYSTEMPATH\Database\BaseBuilder.php(1644): CodeIgniter\Database\BaseConnection->query('SELECT *
FROM `khm_loc_mst_geography`
WHERE `geog_level_id` = :geog_level_id:
AND deleted IS NULL', [...], false)
 5 APPPATH\Models\TerritoryModel.php(72): CodeIgniter\Database\BaseBuilder->get()
 6 APPPATH\Controllers\TerritoryController.php(60): App\Models\TerritoryModel->getLocationsLevel4()
 7 SYSTEMPATH\CodeIgniter.php(933): App\Controllers\TerritoryController->index()
 8 SYSTEMPATH\CodeIgniter.php(509): CodeIgniter\CodeIgniter->runController(Object(App\Controllers\TerritoryController))
 9 SYSTEMPATH\CodeIgniter.php(355): CodeIgniter\CodeIgniter->handleRequest(null, Object(Config\Cache), false)
10 SYSTEMPATH\Boot.php(334): CodeIgniter\CodeIgniter->run()
11 SYSTEMPATH\Boot.php(67): CodeIgniter\Boot::runCodeIgniter(Object(CodeIgniter\CodeIgniter))
12 FCPATH\index.php(56): CodeIgniter\Boot::bootWeb(Object(Config\Paths))
ERROR - 2025-04-14 04:00:38 --> mysqli_sql_exception: You have an error in your SQL syntax; check the manual that corresponds to your MySQL server version for the right syntax to use near ',0' at line 4 in C:\wamp64\www\khm\system\Database\MySQLi\Connection.php:312
Stack trace:
#0 C:\wamp64\www\khm\system\Database\MySQLi\Connection.php(312): mysqli->query('SELECT *\nFROM `...', 0)
#1 C:\wamp64\www\khm\system\Database\BaseConnection.php(734): CodeIgniter\Database\MySQLi\Connection->execute('SELECT *\nFROM `...')
#2 C:\wamp64\www\khm\system\Database\BaseConnection.php(648): CodeIgniter\Database\BaseConnection->simpleQuery('SELECT *\nFROM `...')
#3 C:\wamp64\www\khm\system\Database\BaseBuilder.php(1644): CodeIgniter\Database\BaseConnection->query('SELECT *\nFROM `...', Array, false)
#4 C:\wamp64\www\khm\app\Models\TerritoryModel.php(72): CodeIgniter\Database\BaseBuilder->get()
#5 C:\wamp64\www\khm\app\Controllers\TerritoryController.php(60): App\Models\TerritoryModel->getLocationsLevel4()
#6 C:\wamp64\www\khm\system\CodeIgniter.php(933): App\Controllers\TerritoryController->index()
#7 C:\wamp64\www\khm\system\CodeIgniter.php(509): CodeIgniter\CodeIgniter->runController(Object(App\Controllers\TerritoryController))
#8 C:\wamp64\www\khm\system\CodeIgniter.php(355): CodeIgniter\CodeIgniter->handleRequest(NULL, Object(Config\Cache), false)
#9 C:\wamp64\www\khm\system\Boot.php(334): CodeIgniter\CodeIgniter->run()
#10 C:\wamp64\www\khm\system\Boot.php(67): CodeIgniter\Boot::runCodeIgniter(Object(CodeIgniter\CodeIgniter))
#11 C:\wamp64\www\khm\public\index.php(56): CodeIgniter\Boot::bootWeb(Object(Config\Paths))
#12 {main}
CRITICAL - 2025-04-14 04:00:38 --> CodeIgniter\Database\Exceptions\DatabaseException: You have an error in your SQL syntax; check the manual that corresponds to your MySQL server version for the right syntax to use near ',0' at line 4
[Method: GET, Route: TerritoryController]
in SYSTEMPATH\Database\BaseConnection.php on line 688.
 1 SYSTEMPATH\Database\BaseBuilder.php(1644): CodeIgniter\Database\BaseConnection->query('SELECT *
FROM `khm_loc_mst_geography`
WHERE `geog_level_id` = :geog_level_id:
AND deleted_at IS NULL,0', [...], false)
 2 APPPATH\Models\TerritoryModel.php(72): CodeIgniter\Database\BaseBuilder->get()
 3 APPPATH\Controllers\TerritoryController.php(60): App\Models\TerritoryModel->getLocationsLevel4()
 4 SYSTEMPATH\CodeIgniter.php(933): App\Controllers\TerritoryController->index()
 5 SYSTEMPATH\CodeIgniter.php(509): CodeIgniter\CodeIgniter->runController(Object(App\Controllers\TerritoryController))
 6 SYSTEMPATH\CodeIgniter.php(355): CodeIgniter\CodeIgniter->handleRequest(null, Object(Config\Cache), false)
 7 SYSTEMPATH\Boot.php(334): CodeIgniter\CodeIgniter->run()
 8 SYSTEMPATH\Boot.php(67): CodeIgniter\Boot::runCodeIgniter(Object(CodeIgniter\CodeIgniter))
 9 FCPATH\index.php(56): CodeIgniter\Boot::bootWeb(Object(Config\Paths))
CRITICAL - 2025-04-14 04:00:38 --> [Caused by] CodeIgniter\Database\Exceptions\DatabaseException: You have an error in your SQL syntax; check the manual that corresponds to your MySQL server version for the right syntax to use near ',0' at line 4
in SYSTEMPATH\Database\MySQLi\Connection.php on line 317.
 1 SYSTEMPATH\Database\BaseConnection.php(734): CodeIgniter\Database\MySQLi\Connection->execute('SELECT *
FROM `khm_loc_mst_geography`
WHERE `geog_level_id` = 4
AND deleted_at IS NULL,0')
 2 SYSTEMPATH\Database\BaseConnection.php(648): CodeIgniter\Database\BaseConnection->simpleQuery('SELECT *
FROM `khm_loc_mst_geography`
WHERE `geog_level_id` = 4
AND deleted_at IS NULL,0')
 3 SYSTEMPATH\Database\BaseBuilder.php(1644): CodeIgniter\Database\BaseConnection->query('SELECT *
FROM `khm_loc_mst_geography`
WHERE `geog_level_id` = :geog_level_id:
AND deleted_at IS NULL,0', [...], false)
 4 APPPATH\Models\TerritoryModel.php(72): CodeIgniter\Database\BaseBuilder->get()
 5 APPPATH\Controllers\TerritoryController.php(60): App\Models\TerritoryModel->getLocationsLevel4()
 6 SYSTEMPATH\CodeIgniter.php(933): App\Controllers\TerritoryController->index()
 7 SYSTEMPATH\CodeIgniter.php(509): CodeIgniter\CodeIgniter->runController(Object(App\Controllers\TerritoryController))
 8 SYSTEMPATH\CodeIgniter.php(355): CodeIgniter\CodeIgniter->handleRequest(null, Object(Config\Cache), false)
 9 SYSTEMPATH\Boot.php(334): CodeIgniter\CodeIgniter->run()
10 SYSTEMPATH\Boot.php(67): CodeIgniter\Boot::runCodeIgniter(Object(CodeIgniter\CodeIgniter))
11 FCPATH\index.php(56): CodeIgniter\Boot::bootWeb(Object(Config\Paths))
CRITICAL - 2025-04-14 04:00:38 --> [Caused by] mysqli_sql_exception: You have an error in your SQL syntax; check the manual that corresponds to your MySQL server version for the right syntax to use near ',0' at line 4
in SYSTEMPATH\Database\MySQLi\Connection.php on line 312.
 1 SYSTEMPATH\Database\MySQLi\Connection.php(312): mysqli->query('SELECT *
FROM `khm_loc_mst_geography`
WHERE `geog_level_id` = 4
AND deleted_at IS NULL,0', 0)
 2 SYSTEMPATH\Database\BaseConnection.php(734): CodeIgniter\Database\MySQLi\Connection->execute('SELECT *
FROM `khm_loc_mst_geography`
WHERE `geog_level_id` = 4
AND deleted_at IS NULL,0')
 3 SYSTEMPATH\Database\BaseConnection.php(648): CodeIgniter\Database\BaseConnection->simpleQuery('SELECT *
FROM `khm_loc_mst_geography`
WHERE `geog_level_id` = 4
AND deleted_at IS NULL,0')
 4 SYSTEMPATH\Database\BaseBuilder.php(1644): CodeIgniter\Database\BaseConnection->query('SELECT *
FROM `khm_loc_mst_geography`
WHERE `geog_level_id` = :geog_level_id:
AND deleted_at IS NULL,0', [...], false)
 5 APPPATH\Models\TerritoryModel.php(72): CodeIgniter\Database\BaseBuilder->get()
 6 APPPATH\Controllers\TerritoryController.php(60): App\Models\TerritoryModel->getLocationsLevel4()
 7 SYSTEMPATH\CodeIgniter.php(933): App\Controllers\TerritoryController->index()
 8 SYSTEMPATH\CodeIgniter.php(509): CodeIgniter\CodeIgniter->runController(Object(App\Controllers\TerritoryController))
 9 SYSTEMPATH\CodeIgniter.php(355): CodeIgniter\CodeIgniter->handleRequest(null, Object(Config\Cache), false)
10 SYSTEMPATH\Boot.php(334): CodeIgniter\CodeIgniter->run()
11 SYSTEMPATH\Boot.php(67): CodeIgniter\Boot::runCodeIgniter(Object(CodeIgniter\CodeIgniter))
12 FCPATH\index.php(56): CodeIgniter\Boot::bootWeb(Object(Config\Paths))
