ERROR - 2025-04-15 07:13:14 --> mysqli_sql_exception: Unknown column 'deleted_at' in 'field list' in C:\wamp64\www\khm\system\Database\MySQLi\Connection.php:312
Stack trace:
#0 C:\wamp64\www\khm\system\Database\MySQLi\Connection.php(312): mysqli->query('INSERT INTO `kh...', 0)
#1 C:\wamp64\www\khm\system\Database\BaseConnection.php(734): CodeIgniter\Database\MySQLi\Connection->execute('INSERT INTO `kh...')
#2 C:\wamp64\www\khm\system\Database\BaseConnection.php(648): CodeIgniter\Database\BaseConnection->simpleQuery('INSERT INTO `kh...')
#3 C:\wamp64\www\khm\system\Database\BaseBuilder.php(2340): CodeIgniter\Database\BaseConnection->query('INSERT INTO `kh...', Array, false)
#4 C:\wamp64\www\khm\app\Models\EditRequestReasonModel.php(50): CodeIgniter\Database\BaseBuilder->insert(Array)
#5 C:\wamp64\www\khm\app\Controllers\EditRequestReasonController.php(84): App\Models\EditRequestReasonModel->insertEditRequestReason('HELLO')
#6 C:\wamp64\www\khm\system\CodeIgniter.php(933): App\Controllers\EditRequestReasonController->save()
#7 C:\wamp64\www\khm\system\CodeIgniter.php(509): CodeIgniter\CodeIgniter->runController(Object(App\Controllers\EditRequestReasonController))
#8 C:\wamp64\www\khm\system\CodeIgniter.php(355): CodeIgniter\CodeIgniter->handleRequest(NULL, Object(Config\Cache), false)
#9 C:\wamp64\www\khm\system\Boot.php(334): CodeIgniter\CodeIgniter->run()
#10 C:\wamp64\www\khm\system\Boot.php(67): CodeIgniter\Boot::runCodeIgniter(Object(CodeIgniter\CodeIgniter))
#11 C:\wamp64\www\khm\public\index.php(56): CodeIgniter\Boot::bootWeb(Object(Config\Paths))
#12 {main}
CRITICAL - 2025-04-15 07:13:15 --> CodeIgniter\Database\Exceptions\DatabaseException: Unknown column 'deleted_at' in 'field list'
[Method: POST, Route: EditRequestReasonController/save]
in SYSTEMPATH\Database\BaseConnection.php on line 688.
 1 SYSTEMPATH\Database\BaseBuilder.php(2340): CodeIgniter\Database\BaseConnection->query('INSERT INTO `khm_obj_mst` (`object_type_id`, `object_class_id`, `object_name`, `deleted_at`, `enterprise_id`) VALUES (:object_type_id:, :object_class_id:, :object_name:, :deleted_at:, :enterprise_id:)', [...], false)
 2 APPPATH\Models\EditRequestReasonModel.php(50): CodeIgniter\Database\BaseBuilder->insert([...])
 3 APPPATH\Controllers\EditRequestReasonController.php(84): App\Models\EditRequestReasonModel->insertEditRequestReason('HELLO')
 4 SYSTEMPATH\CodeIgniter.php(933): App\Controllers\EditRequestReasonController->save()
 5 SYSTEMPATH\CodeIgniter.php(509): CodeIgniter\CodeIgniter->runController(Object(App\Controllers\EditRequestReasonController))
 6 SYSTEMPATH\CodeIgniter.php(355): CodeIgniter\CodeIgniter->handleRequest(null, Object(Config\Cache), false)
 7 SYSTEMPATH\Boot.php(334): CodeIgniter\CodeIgniter->run()
 8 SYSTEMPATH\Boot.php(67): CodeIgniter\Boot::runCodeIgniter(Object(CodeIgniter\CodeIgniter))
 9 FCPATH\index.php(56): CodeIgniter\Boot::bootWeb(Object(Config\Paths))
CRITICAL - 2025-04-15 07:13:15 --> [Caused by] CodeIgniter\Database\Exceptions\DatabaseException: Unknown column 'deleted_at' in 'field list'
in SYSTEMPATH\Database\MySQLi\Connection.php on line 317.
 1 SYSTEMPATH\Database\BaseConnection.php(734): CodeIgniter\Database\MySQLi\Connection->execute('INSERT INTO `khm_obj_mst` (`object_type_id`, `object_class_id`, `object_name`, `deleted_at`, `enterprise_id`) VALUES (5, 16, \'HELLO\', 0, 1)')
 2 SYSTEMPATH\Database\BaseConnection.php(648): CodeIgniter\Database\BaseConnection->simpleQuery('INSERT INTO `khm_obj_mst` (`object_type_id`, `object_class_id`, `object_name`, `deleted_at`, `enterprise_id`) VALUES (5, 16, \'HELLO\', 0, 1)')
 3 SYSTEMPATH\Database\BaseBuilder.php(2340): CodeIgniter\Database\BaseConnection->query('INSERT INTO `khm_obj_mst` (`object_type_id`, `object_class_id`, `object_name`, `deleted_at`, `enterprise_id`) VALUES (:object_type_id:, :object_class_id:, :object_name:, :deleted_at:, :enterprise_id:)', [...], false)
 4 APPPATH\Models\EditRequestReasonModel.php(50): CodeIgniter\Database\BaseBuilder->insert([...])
 5 APPPATH\Controllers\EditRequestReasonController.php(84): App\Models\EditRequestReasonModel->insertEditRequestReason('HELLO')
 6 SYSTEMPATH\CodeIgniter.php(933): App\Controllers\EditRequestReasonController->save()
 7 SYSTEMPATH\CodeIgniter.php(509): CodeIgniter\CodeIgniter->runController(Object(App\Controllers\EditRequestReasonController))
 8 SYSTEMPATH\CodeIgniter.php(355): CodeIgniter\CodeIgniter->handleRequest(null, Object(Config\Cache), false)
 9 SYSTEMPATH\Boot.php(334): CodeIgniter\CodeIgniter->run()
10 SYSTEMPATH\Boot.php(67): CodeIgniter\Boot::runCodeIgniter(Object(CodeIgniter\CodeIgniter))
11 FCPATH\index.php(56): CodeIgniter\Boot::bootWeb(Object(Config\Paths))
CRITICAL - 2025-04-15 07:13:15 --> [Caused by] mysqli_sql_exception: Unknown column 'deleted_at' in 'field list'
in SYSTEMPATH\Database\MySQLi\Connection.php on line 312.
 1 SYSTEMPATH\Database\MySQLi\Connection.php(312): mysqli->query('INSERT INTO `khm_obj_mst` (`object_type_id`, `object_class_id`, `object_name`, `deleted_at`, `enterprise_id`) VALUES (5, 16, \'HELLO\', 0, 1)', 0)
 2 SYSTEMPATH\Database\BaseConnection.php(734): CodeIgniter\Database\MySQLi\Connection->execute('INSERT INTO `khm_obj_mst` (`object_type_id`, `object_class_id`, `object_name`, `deleted_at`, `enterprise_id`) VALUES (5, 16, \'HELLO\', 0, 1)')
 3 SYSTEMPATH\Database\BaseConnection.php(648): CodeIgniter\Database\BaseConnection->simpleQuery('INSERT INTO `khm_obj_mst` (`object_type_id`, `object_class_id`, `object_name`, `deleted_at`, `enterprise_id`) VALUES (5, 16, \'HELLO\', 0, 1)')
 4 SYSTEMPATH\Database\BaseBuilder.php(2340): CodeIgniter\Database\BaseConnection->query('INSERT INTO `khm_obj_mst` (`object_type_id`, `object_class_id`, `object_name`, `deleted_at`, `enterprise_id`) VALUES (:object_type_id:, :object_class_id:, :object_name:, :deleted_at:, :enterprise_id:)', [...], false)
 5 APPPATH\Models\EditRequestReasonModel.php(50): CodeIgniter\Database\BaseBuilder->insert([...])
 6 APPPATH\Controllers\EditRequestReasonController.php(84): App\Models\EditRequestReasonModel->insertEditRequestReason('HELLO')
 7 SYSTEMPATH\CodeIgniter.php(933): App\Controllers\EditRequestReasonController->save()
 8 SYSTEMPATH\CodeIgniter.php(509): CodeIgniter\CodeIgniter->runController(Object(App\Controllers\EditRequestReasonController))
 9 SYSTEMPATH\CodeIgniter.php(355): CodeIgniter\CodeIgniter->handleRequest(null, Object(Config\Cache), false)
10 SYSTEMPATH\Boot.php(334): CodeIgniter\CodeIgniter->run()
11 SYSTEMPATH\Boot.php(67): CodeIgniter\Boot::runCodeIgniter(Object(CodeIgniter\CodeIgniter))
12 FCPATH\index.php(56): CodeIgniter\Boot::bootWeb(Object(Config\Paths))
ERROR - 2025-04-15 07:13:16 --> mysqli_sql_exception: Unknown column 'deleted_at' in 'field list' in C:\wamp64\www\khm\system\Database\MySQLi\Connection.php:312
Stack trace:
#0 C:\wamp64\www\khm\system\Database\MySQLi\Connection.php(312): mysqli->query('INSERT INTO `kh...', 0)
#1 C:\wamp64\www\khm\system\Database\BaseConnection.php(734): CodeIgniter\Database\MySQLi\Connection->execute('INSERT INTO `kh...')
#2 C:\wamp64\www\khm\system\Database\BaseConnection.php(648): CodeIgniter\Database\BaseConnection->simpleQuery('INSERT INTO `kh...')
#3 C:\wamp64\www\khm\system\Database\BaseBuilder.php(2340): CodeIgniter\Database\BaseConnection->query('INSERT INTO `kh...', Array, false)
#4 C:\wamp64\www\khm\app\Models\EditRequestReasonModel.php(50): CodeIgniter\Database\BaseBuilder->insert(Array)
#5 C:\wamp64\www\khm\app\Controllers\EditRequestReasonController.php(84): App\Models\EditRequestReasonModel->insertEditRequestReason('HELLO')
#6 C:\wamp64\www\khm\system\CodeIgniter.php(933): App\Controllers\EditRequestReasonController->save()
#7 C:\wamp64\www\khm\system\CodeIgniter.php(509): CodeIgniter\CodeIgniter->runController(Object(App\Controllers\EditRequestReasonController))
#8 C:\wamp64\www\khm\system\CodeIgniter.php(355): CodeIgniter\CodeIgniter->handleRequest(NULL, Object(Config\Cache), false)
#9 C:\wamp64\www\khm\system\Boot.php(334): CodeIgniter\CodeIgniter->run()
#10 C:\wamp64\www\khm\system\Boot.php(67): CodeIgniter\Boot::runCodeIgniter(Object(CodeIgniter\CodeIgniter))
#11 C:\wamp64\www\khm\public\index.php(56): CodeIgniter\Boot::bootWeb(Object(Config\Paths))
#12 {main}
CRITICAL - 2025-04-15 07:13:16 --> CodeIgniter\Database\Exceptions\DatabaseException: Unknown column 'deleted_at' in 'field list'
[Method: POST, Route: EditRequestReasonController/save]
in SYSTEMPATH\Database\BaseConnection.php on line 688.
 1 SYSTEMPATH\Database\BaseBuilder.php(2340): CodeIgniter\Database\BaseConnection->query('INSERT INTO `khm_obj_mst` (`object_type_id`, `object_class_id`, `object_name`, `deleted_at`, `enterprise_id`) VALUES (:object_type_id:, :object_class_id:, :object_name:, :deleted_at:, :enterprise_id:)', [...], false)
 2 APPPATH\Models\EditRequestReasonModel.php(50): CodeIgniter\Database\BaseBuilder->insert([...])
 3 APPPATH\Controllers\EditRequestReasonController.php(84): App\Models\EditRequestReasonModel->insertEditRequestReason('HELLO')
 4 SYSTEMPATH\CodeIgniter.php(933): App\Controllers\EditRequestReasonController->save()
 5 SYSTEMPATH\CodeIgniter.php(509): CodeIgniter\CodeIgniter->runController(Object(App\Controllers\EditRequestReasonController))
 6 SYSTEMPATH\CodeIgniter.php(355): CodeIgniter\CodeIgniter->handleRequest(null, Object(Config\Cache), false)
 7 SYSTEMPATH\Boot.php(334): CodeIgniter\CodeIgniter->run()
 8 SYSTEMPATH\Boot.php(67): CodeIgniter\Boot::runCodeIgniter(Object(CodeIgniter\CodeIgniter))
 9 FCPATH\index.php(56): CodeIgniter\Boot::bootWeb(Object(Config\Paths))
CRITICAL - 2025-04-15 07:13:16 --> [Caused by] CodeIgniter\Database\Exceptions\DatabaseException: Unknown column 'deleted_at' in 'field list'
in SYSTEMPATH\Database\MySQLi\Connection.php on line 317.
 1 SYSTEMPATH\Database\BaseConnection.php(734): CodeIgniter\Database\MySQLi\Connection->execute('INSERT INTO `khm_obj_mst` (`object_type_id`, `object_class_id`, `object_name`, `deleted_at`, `enterprise_id`) VALUES (5, 16, \'HELLO\', 0, 1)')
 2 SYSTEMPATH\Database\BaseConnection.php(648): CodeIgniter\Database\BaseConnection->simpleQuery('INSERT INTO `khm_obj_mst` (`object_type_id`, `object_class_id`, `object_name`, `deleted_at`, `enterprise_id`) VALUES (5, 16, \'HELLO\', 0, 1)')
 3 SYSTEMPATH\Database\BaseBuilder.php(2340): CodeIgniter\Database\BaseConnection->query('INSERT INTO `khm_obj_mst` (`object_type_id`, `object_class_id`, `object_name`, `deleted_at`, `enterprise_id`) VALUES (:object_type_id:, :object_class_id:, :object_name:, :deleted_at:, :enterprise_id:)', [...], false)
 4 APPPATH\Models\EditRequestReasonModel.php(50): CodeIgniter\Database\BaseBuilder->insert([...])
 5 APPPATH\Controllers\EditRequestReasonController.php(84): App\Models\EditRequestReasonModel->insertEditRequestReason('HELLO')
 6 SYSTEMPATH\CodeIgniter.php(933): App\Controllers\EditRequestReasonController->save()
 7 SYSTEMPATH\CodeIgniter.php(509): CodeIgniter\CodeIgniter->runController(Object(App\Controllers\EditRequestReasonController))
 8 SYSTEMPATH\CodeIgniter.php(355): CodeIgniter\CodeIgniter->handleRequest(null, Object(Config\Cache), false)
 9 SYSTEMPATH\Boot.php(334): CodeIgniter\CodeIgniter->run()
10 SYSTEMPATH\Boot.php(67): CodeIgniter\Boot::runCodeIgniter(Object(CodeIgniter\CodeIgniter))
11 FCPATH\index.php(56): CodeIgniter\Boot::bootWeb(Object(Config\Paths))
CRITICAL - 2025-04-15 07:13:16 --> [Caused by] mysqli_sql_exception: Unknown column 'deleted_at' in 'field list'
in SYSTEMPATH\Database\MySQLi\Connection.php on line 312.
 1 SYSTEMPATH\Database\MySQLi\Connection.php(312): mysqli->query('INSERT INTO `khm_obj_mst` (`object_type_id`, `object_class_id`, `object_name`, `deleted_at`, `enterprise_id`) VALUES (5, 16, \'HELLO\', 0, 1)', 0)
 2 SYSTEMPATH\Database\BaseConnection.php(734): CodeIgniter\Database\MySQLi\Connection->execute('INSERT INTO `khm_obj_mst` (`object_type_id`, `object_class_id`, `object_name`, `deleted_at`, `enterprise_id`) VALUES (5, 16, \'HELLO\', 0, 1)')
 3 SYSTEMPATH\Database\BaseConnection.php(648): CodeIgniter\Database\BaseConnection->simpleQuery('INSERT INTO `khm_obj_mst` (`object_type_id`, `object_class_id`, `object_name`, `deleted_at`, `enterprise_id`) VALUES (5, 16, \'HELLO\', 0, 1)')
 4 SYSTEMPATH\Database\BaseBuilder.php(2340): CodeIgniter\Database\BaseConnection->query('INSERT INTO `khm_obj_mst` (`object_type_id`, `object_class_id`, `object_name`, `deleted_at`, `enterprise_id`) VALUES (:object_type_id:, :object_class_id:, :object_name:, :deleted_at:, :enterprise_id:)', [...], false)
 5 APPPATH\Models\EditRequestReasonModel.php(50): CodeIgniter\Database\BaseBuilder->insert([...])
 6 APPPATH\Controllers\EditRequestReasonController.php(84): App\Models\EditRequestReasonModel->insertEditRequestReason('HELLO')
 7 SYSTEMPATH\CodeIgniter.php(933): App\Controllers\EditRequestReasonController->save()
 8 SYSTEMPATH\CodeIgniter.php(509): CodeIgniter\CodeIgniter->runController(Object(App\Controllers\EditRequestReasonController))
 9 SYSTEMPATH\CodeIgniter.php(355): CodeIgniter\CodeIgniter->handleRequest(null, Object(Config\Cache), false)
10 SYSTEMPATH\Boot.php(334): CodeIgniter\CodeIgniter->run()
11 SYSTEMPATH\Boot.php(67): CodeIgniter\Boot::runCodeIgniter(Object(CodeIgniter\CodeIgniter))
12 FCPATH\index.php(56): CodeIgniter\Boot::bootWeb(Object(Config\Paths))
ERROR - 2025-04-15 07:13:17 --> mysqli_sql_exception: Unknown column 'deleted_at' in 'field list' in C:\wamp64\www\khm\system\Database\MySQLi\Connection.php:312
Stack trace:
#0 C:\wamp64\www\khm\system\Database\MySQLi\Connection.php(312): mysqli->query('INSERT INTO `kh...', 0)
#1 C:\wamp64\www\khm\system\Database\BaseConnection.php(734): CodeIgniter\Database\MySQLi\Connection->execute('INSERT INTO `kh...')
#2 C:\wamp64\www\khm\system\Database\BaseConnection.php(648): CodeIgniter\Database\BaseConnection->simpleQuery('INSERT INTO `kh...')
#3 C:\wamp64\www\khm\system\Database\BaseBuilder.php(2340): CodeIgniter\Database\BaseConnection->query('INSERT INTO `kh...', Array, false)
#4 C:\wamp64\www\khm\app\Models\EditRequestReasonModel.php(50): CodeIgniter\Database\BaseBuilder->insert(Array)
#5 C:\wamp64\www\khm\app\Controllers\EditRequestReasonController.php(84): App\Models\EditRequestReasonModel->insertEditRequestReason('HELLO')
#6 C:\wamp64\www\khm\system\CodeIgniter.php(933): App\Controllers\EditRequestReasonController->save()
#7 C:\wamp64\www\khm\system\CodeIgniter.php(509): CodeIgniter\CodeIgniter->runController(Object(App\Controllers\EditRequestReasonController))
#8 C:\wamp64\www\khm\system\CodeIgniter.php(355): CodeIgniter\CodeIgniter->handleRequest(NULL, Object(Config\Cache), false)
#9 C:\wamp64\www\khm\system\Boot.php(334): CodeIgniter\CodeIgniter->run()
#10 C:\wamp64\www\khm\system\Boot.php(67): CodeIgniter\Boot::runCodeIgniter(Object(CodeIgniter\CodeIgniter))
#11 C:\wamp64\www\khm\public\index.php(56): CodeIgniter\Boot::bootWeb(Object(Config\Paths))
#12 {main}
CRITICAL - 2025-04-15 07:13:17 --> CodeIgniter\Database\Exceptions\DatabaseException: Unknown column 'deleted_at' in 'field list'
[Method: POST, Route: EditRequestReasonController/save]
in SYSTEMPATH\Database\BaseConnection.php on line 688.
 1 SYSTEMPATH\Database\BaseBuilder.php(2340): CodeIgniter\Database\BaseConnection->query('INSERT INTO `khm_obj_mst` (`object_type_id`, `object_class_id`, `object_name`, `deleted_at`, `enterprise_id`) VALUES (:object_type_id:, :object_class_id:, :object_name:, :deleted_at:, :enterprise_id:)', [...], false)
 2 APPPATH\Models\EditRequestReasonModel.php(50): CodeIgniter\Database\BaseBuilder->insert([...])
 3 APPPATH\Controllers\EditRequestReasonController.php(84): App\Models\EditRequestReasonModel->insertEditRequestReason('HELLO')
 4 SYSTEMPATH\CodeIgniter.php(933): App\Controllers\EditRequestReasonController->save()
 5 SYSTEMPATH\CodeIgniter.php(509): CodeIgniter\CodeIgniter->runController(Object(App\Controllers\EditRequestReasonController))
 6 SYSTEMPATH\CodeIgniter.php(355): CodeIgniter\CodeIgniter->handleRequest(null, Object(Config\Cache), false)
 7 SYSTEMPATH\Boot.php(334): CodeIgniter\CodeIgniter->run()
 8 SYSTEMPATH\Boot.php(67): CodeIgniter\Boot::runCodeIgniter(Object(CodeIgniter\CodeIgniter))
 9 FCPATH\index.php(56): CodeIgniter\Boot::bootWeb(Object(Config\Paths))
CRITICAL - 2025-04-15 07:13:17 --> [Caused by] CodeIgniter\Database\Exceptions\DatabaseException: Unknown column 'deleted_at' in 'field list'
in SYSTEMPATH\Database\MySQLi\Connection.php on line 317.
 1 SYSTEMPATH\Database\BaseConnection.php(734): CodeIgniter\Database\MySQLi\Connection->execute('INSERT INTO `khm_obj_mst` (`object_type_id`, `object_class_id`, `object_name`, `deleted_at`, `enterprise_id`) VALUES (5, 16, \'HELLO\', 0, 1)')
 2 SYSTEMPATH\Database\BaseConnection.php(648): CodeIgniter\Database\BaseConnection->simpleQuery('INSERT INTO `khm_obj_mst` (`object_type_id`, `object_class_id`, `object_name`, `deleted_at`, `enterprise_id`) VALUES (5, 16, \'HELLO\', 0, 1)')
 3 SYSTEMPATH\Database\BaseBuilder.php(2340): CodeIgniter\Database\BaseConnection->query('INSERT INTO `khm_obj_mst` (`object_type_id`, `object_class_id`, `object_name`, `deleted_at`, `enterprise_id`) VALUES (:object_type_id:, :object_class_id:, :object_name:, :deleted_at:, :enterprise_id:)', [...], false)
 4 APPPATH\Models\EditRequestReasonModel.php(50): CodeIgniter\Database\BaseBuilder->insert([...])
 5 APPPATH\Controllers\EditRequestReasonController.php(84): App\Models\EditRequestReasonModel->insertEditRequestReason('HELLO')
 6 SYSTEMPATH\CodeIgniter.php(933): App\Controllers\EditRequestReasonController->save()
 7 SYSTEMPATH\CodeIgniter.php(509): CodeIgniter\CodeIgniter->runController(Object(App\Controllers\EditRequestReasonController))
 8 SYSTEMPATH\CodeIgniter.php(355): CodeIgniter\CodeIgniter->handleRequest(null, Object(Config\Cache), false)
 9 SYSTEMPATH\Boot.php(334): CodeIgniter\CodeIgniter->run()
10 SYSTEMPATH\Boot.php(67): CodeIgniter\Boot::runCodeIgniter(Object(CodeIgniter\CodeIgniter))
11 FCPATH\index.php(56): CodeIgniter\Boot::bootWeb(Object(Config\Paths))
CRITICAL - 2025-04-15 07:13:17 --> [Caused by] mysqli_sql_exception: Unknown column 'deleted_at' in 'field list'
in SYSTEMPATH\Database\MySQLi\Connection.php on line 312.
 1 SYSTEMPATH\Database\MySQLi\Connection.php(312): mysqli->query('INSERT INTO `khm_obj_mst` (`object_type_id`, `object_class_id`, `object_name`, `deleted_at`, `enterprise_id`) VALUES (5, 16, \'HELLO\', 0, 1)', 0)
 2 SYSTEMPATH\Database\BaseConnection.php(734): CodeIgniter\Database\MySQLi\Connection->execute('INSERT INTO `khm_obj_mst` (`object_type_id`, `object_class_id`, `object_name`, `deleted_at`, `enterprise_id`) VALUES (5, 16, \'HELLO\', 0, 1)')
 3 SYSTEMPATH\Database\BaseConnection.php(648): CodeIgniter\Database\BaseConnection->simpleQuery('INSERT INTO `khm_obj_mst` (`object_type_id`, `object_class_id`, `object_name`, `deleted_at`, `enterprise_id`) VALUES (5, 16, \'HELLO\', 0, 1)')
 4 SYSTEMPATH\Database\BaseBuilder.php(2340): CodeIgniter\Database\BaseConnection->query('INSERT INTO `khm_obj_mst` (`object_type_id`, `object_class_id`, `object_name`, `deleted_at`, `enterprise_id`) VALUES (:object_type_id:, :object_class_id:, :object_name:, :deleted_at:, :enterprise_id:)', [...], false)
 5 APPPATH\Models\EditRequestReasonModel.php(50): CodeIgniter\Database\BaseBuilder->insert([...])
 6 APPPATH\Controllers\EditRequestReasonController.php(84): App\Models\EditRequestReasonModel->insertEditRequestReason('HELLO')
 7 SYSTEMPATH\CodeIgniter.php(933): App\Controllers\EditRequestReasonController->save()
 8 SYSTEMPATH\CodeIgniter.php(509): CodeIgniter\CodeIgniter->runController(Object(App\Controllers\EditRequestReasonController))
 9 SYSTEMPATH\CodeIgniter.php(355): CodeIgniter\CodeIgniter->handleRequest(null, Object(Config\Cache), false)
10 SYSTEMPATH\Boot.php(334): CodeIgniter\CodeIgniter->run()
11 SYSTEMPATH\Boot.php(67): CodeIgniter\Boot::runCodeIgniter(Object(CodeIgniter\CodeIgniter))
12 FCPATH\index.php(56): CodeIgniter\Boot::bootWeb(Object(Config\Paths))
ERROR - 2025-04-15 07:13:17 --> mysqli_sql_exception: Unknown column 'deleted_at' in 'field list' in C:\wamp64\www\khm\system\Database\MySQLi\Connection.php:312
Stack trace:
#0 C:\wamp64\www\khm\system\Database\MySQLi\Connection.php(312): mysqli->query('INSERT INTO `kh...', 0)
#1 C:\wamp64\www\khm\system\Database\BaseConnection.php(734): CodeIgniter\Database\MySQLi\Connection->execute('INSERT INTO `kh...')
#2 C:\wamp64\www\khm\system\Database\BaseConnection.php(648): CodeIgniter\Database\BaseConnection->simpleQuery('INSERT INTO `kh...')
#3 C:\wamp64\www\khm\system\Database\BaseBuilder.php(2340): CodeIgniter\Database\BaseConnection->query('INSERT INTO `kh...', Array, false)
#4 C:\wamp64\www\khm\app\Models\EditRequestReasonModel.php(50): CodeIgniter\Database\BaseBuilder->insert(Array)
#5 C:\wamp64\www\khm\app\Controllers\EditRequestReasonController.php(84): App\Models\EditRequestReasonModel->insertEditRequestReason('HELLO')
#6 C:\wamp64\www\khm\system\CodeIgniter.php(933): App\Controllers\EditRequestReasonController->save()
#7 C:\wamp64\www\khm\system\CodeIgniter.php(509): CodeIgniter\CodeIgniter->runController(Object(App\Controllers\EditRequestReasonController))
#8 C:\wamp64\www\khm\system\CodeIgniter.php(355): CodeIgniter\CodeIgniter->handleRequest(NULL, Object(Config\Cache), false)
#9 C:\wamp64\www\khm\system\Boot.php(334): CodeIgniter\CodeIgniter->run()
#10 C:\wamp64\www\khm\system\Boot.php(67): CodeIgniter\Boot::runCodeIgniter(Object(CodeIgniter\CodeIgniter))
#11 C:\wamp64\www\khm\public\index.php(56): CodeIgniter\Boot::bootWeb(Object(Config\Paths))
#12 {main}
CRITICAL - 2025-04-15 07:13:17 --> CodeIgniter\Database\Exceptions\DatabaseException: Unknown column 'deleted_at' in 'field list'
[Method: POST, Route: EditRequestReasonController/save]
in SYSTEMPATH\Database\BaseConnection.php on line 688.
 1 SYSTEMPATH\Database\BaseBuilder.php(2340): CodeIgniter\Database\BaseConnection->query('INSERT INTO `khm_obj_mst` (`object_type_id`, `object_class_id`, `object_name`, `deleted_at`, `enterprise_id`) VALUES (:object_type_id:, :object_class_id:, :object_name:, :deleted_at:, :enterprise_id:)', [...], false)
 2 APPPATH\Models\EditRequestReasonModel.php(50): CodeIgniter\Database\BaseBuilder->insert([...])
 3 APPPATH\Controllers\EditRequestReasonController.php(84): App\Models\EditRequestReasonModel->insertEditRequestReason('HELLO')
 4 SYSTEMPATH\CodeIgniter.php(933): App\Controllers\EditRequestReasonController->save()
 5 SYSTEMPATH\CodeIgniter.php(509): CodeIgniter\CodeIgniter->runController(Object(App\Controllers\EditRequestReasonController))
 6 SYSTEMPATH\CodeIgniter.php(355): CodeIgniter\CodeIgniter->handleRequest(null, Object(Config\Cache), false)
 7 SYSTEMPATH\Boot.php(334): CodeIgniter\CodeIgniter->run()
 8 SYSTEMPATH\Boot.php(67): CodeIgniter\Boot::runCodeIgniter(Object(CodeIgniter\CodeIgniter))
 9 FCPATH\index.php(56): CodeIgniter\Boot::bootWeb(Object(Config\Paths))
CRITICAL - 2025-04-15 07:13:17 --> [Caused by] CodeIgniter\Database\Exceptions\DatabaseException: Unknown column 'deleted_at' in 'field list'
in SYSTEMPATH\Database\MySQLi\Connection.php on line 317.
 1 SYSTEMPATH\Database\BaseConnection.php(734): CodeIgniter\Database\MySQLi\Connection->execute('INSERT INTO `khm_obj_mst` (`object_type_id`, `object_class_id`, `object_name`, `deleted_at`, `enterprise_id`) VALUES (5, 16, \'HELLO\', 0, 1)')
 2 SYSTEMPATH\Database\BaseConnection.php(648): CodeIgniter\Database\BaseConnection->simpleQuery('INSERT INTO `khm_obj_mst` (`object_type_id`, `object_class_id`, `object_name`, `deleted_at`, `enterprise_id`) VALUES (5, 16, \'HELLO\', 0, 1)')
 3 SYSTEMPATH\Database\BaseBuilder.php(2340): CodeIgniter\Database\BaseConnection->query('INSERT INTO `khm_obj_mst` (`object_type_id`, `object_class_id`, `object_name`, `deleted_at`, `enterprise_id`) VALUES (:object_type_id:, :object_class_id:, :object_name:, :deleted_at:, :enterprise_id:)', [...], false)
 4 APPPATH\Models\EditRequestReasonModel.php(50): CodeIgniter\Database\BaseBuilder->insert([...])
 5 APPPATH\Controllers\EditRequestReasonController.php(84): App\Models\EditRequestReasonModel->insertEditRequestReason('HELLO')
 6 SYSTEMPATH\CodeIgniter.php(933): App\Controllers\EditRequestReasonController->save()
 7 SYSTEMPATH\CodeIgniter.php(509): CodeIgniter\CodeIgniter->runController(Object(App\Controllers\EditRequestReasonController))
 8 SYSTEMPATH\CodeIgniter.php(355): CodeIgniter\CodeIgniter->handleRequest(null, Object(Config\Cache), false)
 9 SYSTEMPATH\Boot.php(334): CodeIgniter\CodeIgniter->run()
10 SYSTEMPATH\Boot.php(67): CodeIgniter\Boot::runCodeIgniter(Object(CodeIgniter\CodeIgniter))
11 FCPATH\index.php(56): CodeIgniter\Boot::bootWeb(Object(Config\Paths))
CRITICAL - 2025-04-15 07:13:17 --> [Caused by] mysqli_sql_exception: Unknown column 'deleted_at' in 'field list'
in SYSTEMPATH\Database\MySQLi\Connection.php on line 312.
 1 SYSTEMPATH\Database\MySQLi\Connection.php(312): mysqli->query('INSERT INTO `khm_obj_mst` (`object_type_id`, `object_class_id`, `object_name`, `deleted_at`, `enterprise_id`) VALUES (5, 16, \'HELLO\', 0, 1)', 0)
 2 SYSTEMPATH\Database\BaseConnection.php(734): CodeIgniter\Database\MySQLi\Connection->execute('INSERT INTO `khm_obj_mst` (`object_type_id`, `object_class_id`, `object_name`, `deleted_at`, `enterprise_id`) VALUES (5, 16, \'HELLO\', 0, 1)')
 3 SYSTEMPATH\Database\BaseConnection.php(648): CodeIgniter\Database\BaseConnection->simpleQuery('INSERT INTO `khm_obj_mst` (`object_type_id`, `object_class_id`, `object_name`, `deleted_at`, `enterprise_id`) VALUES (5, 16, \'HELLO\', 0, 1)')
 4 SYSTEMPATH\Database\BaseBuilder.php(2340): CodeIgniter\Database\BaseConnection->query('INSERT INTO `khm_obj_mst` (`object_type_id`, `object_class_id`, `object_name`, `deleted_at`, `enterprise_id`) VALUES (:object_type_id:, :object_class_id:, :object_name:, :deleted_at:, :enterprise_id:)', [...], false)
 5 APPPATH\Models\EditRequestReasonModel.php(50): CodeIgniter\Database\BaseBuilder->insert([...])
 6 APPPATH\Controllers\EditRequestReasonController.php(84): App\Models\EditRequestReasonModel->insertEditRequestReason('HELLO')
 7 SYSTEMPATH\CodeIgniter.php(933): App\Controllers\EditRequestReasonController->save()
 8 SYSTEMPATH\CodeIgniter.php(509): CodeIgniter\CodeIgniter->runController(Object(App\Controllers\EditRequestReasonController))
 9 SYSTEMPATH\CodeIgniter.php(355): CodeIgniter\CodeIgniter->handleRequest(null, Object(Config\Cache), false)
10 SYSTEMPATH\Boot.php(334): CodeIgniter\CodeIgniter->run()
11 SYSTEMPATH\Boot.php(67): CodeIgniter\Boot::runCodeIgniter(Object(CodeIgniter\CodeIgniter))
12 FCPATH\index.php(56): CodeIgniter\Boot::bootWeb(Object(Config\Paths))
ERROR - 2025-04-15 07:13:17 --> mysqli_sql_exception: Unknown column 'deleted_at' in 'field list' in C:\wamp64\www\khm\system\Database\MySQLi\Connection.php:312
Stack trace:
#0 C:\wamp64\www\khm\system\Database\MySQLi\Connection.php(312): mysqli->query('INSERT INTO `kh...', 0)
#1 C:\wamp64\www\khm\system\Database\BaseConnection.php(734): CodeIgniter\Database\MySQLi\Connection->execute('INSERT INTO `kh...')
#2 C:\wamp64\www\khm\system\Database\BaseConnection.php(648): CodeIgniter\Database\BaseConnection->simpleQuery('INSERT INTO `kh...')
#3 C:\wamp64\www\khm\system\Database\BaseBuilder.php(2340): CodeIgniter\Database\BaseConnection->query('INSERT INTO `kh...', Array, false)
#4 C:\wamp64\www\khm\app\Models\EditRequestReasonModel.php(50): CodeIgniter\Database\BaseBuilder->insert(Array)
#5 C:\wamp64\www\khm\app\Controllers\EditRequestReasonController.php(84): App\Models\EditRequestReasonModel->insertEditRequestReason('HELLO')
#6 C:\wamp64\www\khm\system\CodeIgniter.php(933): App\Controllers\EditRequestReasonController->save()
#7 C:\wamp64\www\khm\system\CodeIgniter.php(509): CodeIgniter\CodeIgniter->runController(Object(App\Controllers\EditRequestReasonController))
#8 C:\wamp64\www\khm\system\CodeIgniter.php(355): CodeIgniter\CodeIgniter->handleRequest(NULL, Object(Config\Cache), false)
#9 C:\wamp64\www\khm\system\Boot.php(334): CodeIgniter\CodeIgniter->run()
#10 C:\wamp64\www\khm\system\Boot.php(67): CodeIgniter\Boot::runCodeIgniter(Object(CodeIgniter\CodeIgniter))
#11 C:\wamp64\www\khm\public\index.php(56): CodeIgniter\Boot::bootWeb(Object(Config\Paths))
#12 {main}
CRITICAL - 2025-04-15 07:13:17 --> CodeIgniter\Database\Exceptions\DatabaseException: Unknown column 'deleted_at' in 'field list'
[Method: POST, Route: EditRequestReasonController/save]
in SYSTEMPATH\Database\BaseConnection.php on line 688.
 1 SYSTEMPATH\Database\BaseBuilder.php(2340): CodeIgniter\Database\BaseConnection->query('INSERT INTO `khm_obj_mst` (`object_type_id`, `object_class_id`, `object_name`, `deleted_at`, `enterprise_id`) VALUES (:object_type_id:, :object_class_id:, :object_name:, :deleted_at:, :enterprise_id:)', [...], false)
 2 APPPATH\Models\EditRequestReasonModel.php(50): CodeIgniter\Database\BaseBuilder->insert([...])
 3 APPPATH\Controllers\EditRequestReasonController.php(84): App\Models\EditRequestReasonModel->insertEditRequestReason('HELLO')
 4 SYSTEMPATH\CodeIgniter.php(933): App\Controllers\EditRequestReasonController->save()
 5 SYSTEMPATH\CodeIgniter.php(509): CodeIgniter\CodeIgniter->runController(Object(App\Controllers\EditRequestReasonController))
 6 SYSTEMPATH\CodeIgniter.php(355): CodeIgniter\CodeIgniter->handleRequest(null, Object(Config\Cache), false)
 7 SYSTEMPATH\Boot.php(334): CodeIgniter\CodeIgniter->run()
 8 SYSTEMPATH\Boot.php(67): CodeIgniter\Boot::runCodeIgniter(Object(CodeIgniter\CodeIgniter))
 9 FCPATH\index.php(56): CodeIgniter\Boot::bootWeb(Object(Config\Paths))
CRITICAL - 2025-04-15 07:13:17 --> [Caused by] CodeIgniter\Database\Exceptions\DatabaseException: Unknown column 'deleted_at' in 'field list'
in SYSTEMPATH\Database\MySQLi\Connection.php on line 317.
 1 SYSTEMPATH\Database\BaseConnection.php(734): CodeIgniter\Database\MySQLi\Connection->execute('INSERT INTO `khm_obj_mst` (`object_type_id`, `object_class_id`, `object_name`, `deleted_at`, `enterprise_id`) VALUES (5, 16, \'HELLO\', 0, 1)')
 2 SYSTEMPATH\Database\BaseConnection.php(648): CodeIgniter\Database\BaseConnection->simpleQuery('INSERT INTO `khm_obj_mst` (`object_type_id`, `object_class_id`, `object_name`, `deleted_at`, `enterprise_id`) VALUES (5, 16, \'HELLO\', 0, 1)')
 3 SYSTEMPATH\Database\BaseBuilder.php(2340): CodeIgniter\Database\BaseConnection->query('INSERT INTO `khm_obj_mst` (`object_type_id`, `object_class_id`, `object_name`, `deleted_at`, `enterprise_id`) VALUES (:object_type_id:, :object_class_id:, :object_name:, :deleted_at:, :enterprise_id:)', [...], false)
 4 APPPATH\Models\EditRequestReasonModel.php(50): CodeIgniter\Database\BaseBuilder->insert([...])
 5 APPPATH\Controllers\EditRequestReasonController.php(84): App\Models\EditRequestReasonModel->insertEditRequestReason('HELLO')
 6 SYSTEMPATH\CodeIgniter.php(933): App\Controllers\EditRequestReasonController->save()
 7 SYSTEMPATH\CodeIgniter.php(509): CodeIgniter\CodeIgniter->runController(Object(App\Controllers\EditRequestReasonController))
 8 SYSTEMPATH\CodeIgniter.php(355): CodeIgniter\CodeIgniter->handleRequest(null, Object(Config\Cache), false)
 9 SYSTEMPATH\Boot.php(334): CodeIgniter\CodeIgniter->run()
10 SYSTEMPATH\Boot.php(67): CodeIgniter\Boot::runCodeIgniter(Object(CodeIgniter\CodeIgniter))
11 FCPATH\index.php(56): CodeIgniter\Boot::bootWeb(Object(Config\Paths))
CRITICAL - 2025-04-15 07:13:17 --> [Caused by] mysqli_sql_exception: Unknown column 'deleted_at' in 'field list'
in SYSTEMPATH\Database\MySQLi\Connection.php on line 312.
 1 SYSTEMPATH\Database\MySQLi\Connection.php(312): mysqli->query('INSERT INTO `khm_obj_mst` (`object_type_id`, `object_class_id`, `object_name`, `deleted_at`, `enterprise_id`) VALUES (5, 16, \'HELLO\', 0, 1)', 0)
 2 SYSTEMPATH\Database\BaseConnection.php(734): CodeIgniter\Database\MySQLi\Connection->execute('INSERT INTO `khm_obj_mst` (`object_type_id`, `object_class_id`, `object_name`, `deleted_at`, `enterprise_id`) VALUES (5, 16, \'HELLO\', 0, 1)')
 3 SYSTEMPATH\Database\BaseConnection.php(648): CodeIgniter\Database\BaseConnection->simpleQuery('INSERT INTO `khm_obj_mst` (`object_type_id`, `object_class_id`, `object_name`, `deleted_at`, `enterprise_id`) VALUES (5, 16, \'HELLO\', 0, 1)')
 4 SYSTEMPATH\Database\BaseBuilder.php(2340): CodeIgniter\Database\BaseConnection->query('INSERT INTO `khm_obj_mst` (`object_type_id`, `object_class_id`, `object_name`, `deleted_at`, `enterprise_id`) VALUES (:object_type_id:, :object_class_id:, :object_name:, :deleted_at:, :enterprise_id:)', [...], false)
 5 APPPATH\Models\EditRequestReasonModel.php(50): CodeIgniter\Database\BaseBuilder->insert([...])
 6 APPPATH\Controllers\EditRequestReasonController.php(84): App\Models\EditRequestReasonModel->insertEditRequestReason('HELLO')
 7 SYSTEMPATH\CodeIgniter.php(933): App\Controllers\EditRequestReasonController->save()
 8 SYSTEMPATH\CodeIgniter.php(509): CodeIgniter\CodeIgniter->runController(Object(App\Controllers\EditRequestReasonController))
 9 SYSTEMPATH\CodeIgniter.php(355): CodeIgniter\CodeIgniter->handleRequest(null, Object(Config\Cache), false)
10 SYSTEMPATH\Boot.php(334): CodeIgniter\CodeIgniter->run()
11 SYSTEMPATH\Boot.php(67): CodeIgniter\Boot::runCodeIgniter(Object(CodeIgniter\CodeIgniter))
12 FCPATH\index.php(56): CodeIgniter\Boot::bootWeb(Object(Config\Paths))
ERROR - 2025-04-15 07:13:17 --> mysqli_sql_exception: Unknown column 'deleted_at' in 'field list' in C:\wamp64\www\khm\system\Database\MySQLi\Connection.php:312
Stack trace:
#0 C:\wamp64\www\khm\system\Database\MySQLi\Connection.php(312): mysqli->query('INSERT INTO `kh...', 0)
#1 C:\wamp64\www\khm\system\Database\BaseConnection.php(734): CodeIgniter\Database\MySQLi\Connection->execute('INSERT INTO `kh...')
#2 C:\wamp64\www\khm\system\Database\BaseConnection.php(648): CodeIgniter\Database\BaseConnection->simpleQuery('INSERT INTO `kh...')
#3 C:\wamp64\www\khm\system\Database\BaseBuilder.php(2340): CodeIgniter\Database\BaseConnection->query('INSERT INTO `kh...', Array, false)
#4 C:\wamp64\www\khm\app\Models\EditRequestReasonModel.php(50): CodeIgniter\Database\BaseBuilder->insert(Array)
#5 C:\wamp64\www\khm\app\Controllers\EditRequestReasonController.php(84): App\Models\EditRequestReasonModel->insertEditRequestReason('HELLO')
#6 C:\wamp64\www\khm\system\CodeIgniter.php(933): App\Controllers\EditRequestReasonController->save()
#7 C:\wamp64\www\khm\system\CodeIgniter.php(509): CodeIgniter\CodeIgniter->runController(Object(App\Controllers\EditRequestReasonController))
#8 C:\wamp64\www\khm\system\CodeIgniter.php(355): CodeIgniter\CodeIgniter->handleRequest(NULL, Object(Config\Cache), false)
#9 C:\wamp64\www\khm\system\Boot.php(334): CodeIgniter\CodeIgniter->run()
#10 C:\wamp64\www\khm\system\Boot.php(67): CodeIgniter\Boot::runCodeIgniter(Object(CodeIgniter\CodeIgniter))
#11 C:\wamp64\www\khm\public\index.php(56): CodeIgniter\Boot::bootWeb(Object(Config\Paths))
#12 {main}
CRITICAL - 2025-04-15 07:13:17 --> CodeIgniter\Database\Exceptions\DatabaseException: Unknown column 'deleted_at' in 'field list'
[Method: POST, Route: EditRequestReasonController/save]
in SYSTEMPATH\Database\BaseConnection.php on line 688.
 1 SYSTEMPATH\Database\BaseBuilder.php(2340): CodeIgniter\Database\BaseConnection->query('INSERT INTO `khm_obj_mst` (`object_type_id`, `object_class_id`, `object_name`, `deleted_at`, `enterprise_id`) VALUES (:object_type_id:, :object_class_id:, :object_name:, :deleted_at:, :enterprise_id:)', [...], false)
 2 APPPATH\Models\EditRequestReasonModel.php(50): CodeIgniter\Database\BaseBuilder->insert([...])
 3 APPPATH\Controllers\EditRequestReasonController.php(84): App\Models\EditRequestReasonModel->insertEditRequestReason('HELLO')
 4 SYSTEMPATH\CodeIgniter.php(933): App\Controllers\EditRequestReasonController->save()
 5 SYSTEMPATH\CodeIgniter.php(509): CodeIgniter\CodeIgniter->runController(Object(App\Controllers\EditRequestReasonController))
 6 SYSTEMPATH\CodeIgniter.php(355): CodeIgniter\CodeIgniter->handleRequest(null, Object(Config\Cache), false)
 7 SYSTEMPATH\Boot.php(334): CodeIgniter\CodeIgniter->run()
 8 SYSTEMPATH\Boot.php(67): CodeIgniter\Boot::runCodeIgniter(Object(CodeIgniter\CodeIgniter))
 9 FCPATH\index.php(56): CodeIgniter\Boot::bootWeb(Object(Config\Paths))
CRITICAL - 2025-04-15 07:13:17 --> [Caused by] CodeIgniter\Database\Exceptions\DatabaseException: Unknown column 'deleted_at' in 'field list'
in SYSTEMPATH\Database\MySQLi\Connection.php on line 317.
 1 SYSTEMPATH\Database\BaseConnection.php(734): CodeIgniter\Database\MySQLi\Connection->execute('INSERT INTO `khm_obj_mst` (`object_type_id`, `object_class_id`, `object_name`, `deleted_at`, `enterprise_id`) VALUES (5, 16, \'HELLO\', 0, 1)')
 2 SYSTEMPATH\Database\BaseConnection.php(648): CodeIgniter\Database\BaseConnection->simpleQuery('INSERT INTO `khm_obj_mst` (`object_type_id`, `object_class_id`, `object_name`, `deleted_at`, `enterprise_id`) VALUES (5, 16, \'HELLO\', 0, 1)')
 3 SYSTEMPATH\Database\BaseBuilder.php(2340): CodeIgniter\Database\BaseConnection->query('INSERT INTO `khm_obj_mst` (`object_type_id`, `object_class_id`, `object_name`, `deleted_at`, `enterprise_id`) VALUES (:object_type_id:, :object_class_id:, :object_name:, :deleted_at:, :enterprise_id:)', [...], false)
 4 APPPATH\Models\EditRequestReasonModel.php(50): CodeIgniter\Database\BaseBuilder->insert([...])
 5 APPPATH\Controllers\EditRequestReasonController.php(84): App\Models\EditRequestReasonModel->insertEditRequestReason('HELLO')
 6 SYSTEMPATH\CodeIgniter.php(933): App\Controllers\EditRequestReasonController->save()
 7 SYSTEMPATH\CodeIgniter.php(509): CodeIgniter\CodeIgniter->runController(Object(App\Controllers\EditRequestReasonController))
 8 SYSTEMPATH\CodeIgniter.php(355): CodeIgniter\CodeIgniter->handleRequest(null, Object(Config\Cache), false)
 9 SYSTEMPATH\Boot.php(334): CodeIgniter\CodeIgniter->run()
10 SYSTEMPATH\Boot.php(67): CodeIgniter\Boot::runCodeIgniter(Object(CodeIgniter\CodeIgniter))
11 FCPATH\index.php(56): CodeIgniter\Boot::bootWeb(Object(Config\Paths))
CRITICAL - 2025-04-15 07:13:17 --> [Caused by] mysqli_sql_exception: Unknown column 'deleted_at' in 'field list'
in SYSTEMPATH\Database\MySQLi\Connection.php on line 312.
 1 SYSTEMPATH\Database\MySQLi\Connection.php(312): mysqli->query('INSERT INTO `khm_obj_mst` (`object_type_id`, `object_class_id`, `object_name`, `deleted_at`, `enterprise_id`) VALUES (5, 16, \'HELLO\', 0, 1)', 0)
 2 SYSTEMPATH\Database\BaseConnection.php(734): CodeIgniter\Database\MySQLi\Connection->execute('INSERT INTO `khm_obj_mst` (`object_type_id`, `object_class_id`, `object_name`, `deleted_at`, `enterprise_id`) VALUES (5, 16, \'HELLO\', 0, 1)')
 3 SYSTEMPATH\Database\BaseConnection.php(648): CodeIgniter\Database\BaseConnection->simpleQuery('INSERT INTO `khm_obj_mst` (`object_type_id`, `object_class_id`, `object_name`, `deleted_at`, `enterprise_id`) VALUES (5, 16, \'HELLO\', 0, 1)')
 4 SYSTEMPATH\Database\BaseBuilder.php(2340): CodeIgniter\Database\BaseConnection->query('INSERT INTO `khm_obj_mst` (`object_type_id`, `object_class_id`, `object_name`, `deleted_at`, `enterprise_id`) VALUES (:object_type_id:, :object_class_id:, :object_name:, :deleted_at:, :enterprise_id:)', [...], false)
 5 APPPATH\Models\EditRequestReasonModel.php(50): CodeIgniter\Database\BaseBuilder->insert([...])
 6 APPPATH\Controllers\EditRequestReasonController.php(84): App\Models\EditRequestReasonModel->insertEditRequestReason('HELLO')
 7 SYSTEMPATH\CodeIgniter.php(933): App\Controllers\EditRequestReasonController->save()
 8 SYSTEMPATH\CodeIgniter.php(509): CodeIgniter\CodeIgniter->runController(Object(App\Controllers\EditRequestReasonController))
 9 SYSTEMPATH\CodeIgniter.php(355): CodeIgniter\CodeIgniter->handleRequest(null, Object(Config\Cache), false)
10 SYSTEMPATH\Boot.php(334): CodeIgniter\CodeIgniter->run()
11 SYSTEMPATH\Boot.php(67): CodeIgniter\Boot::runCodeIgniter(Object(CodeIgniter\CodeIgniter))
12 FCPATH\index.php(56): CodeIgniter\Boot::bootWeb(Object(Config\Paths))
ERROR - 2025-04-15 07:13:17 --> mysqli_sql_exception: Unknown column 'deleted_at' in 'field list' in C:\wamp64\www\khm\system\Database\MySQLi\Connection.php:312
Stack trace:
#0 C:\wamp64\www\khm\system\Database\MySQLi\Connection.php(312): mysqli->query('INSERT INTO `kh...', 0)
#1 C:\wamp64\www\khm\system\Database\BaseConnection.php(734): CodeIgniter\Database\MySQLi\Connection->execute('INSERT INTO `kh...')
#2 C:\wamp64\www\khm\system\Database\BaseConnection.php(648): CodeIgniter\Database\BaseConnection->simpleQuery('INSERT INTO `kh...')
#3 C:\wamp64\www\khm\system\Database\BaseBuilder.php(2340): CodeIgniter\Database\BaseConnection->query('INSERT INTO `kh...', Array, false)
#4 C:\wamp64\www\khm\app\Models\EditRequestReasonModel.php(50): CodeIgniter\Database\BaseBuilder->insert(Array)
#5 C:\wamp64\www\khm\app\Controllers\EditRequestReasonController.php(84): App\Models\EditRequestReasonModel->insertEditRequestReason('HELLO')
#6 C:\wamp64\www\khm\system\CodeIgniter.php(933): App\Controllers\EditRequestReasonController->save()
#7 C:\wamp64\www\khm\system\CodeIgniter.php(509): CodeIgniter\CodeIgniter->runController(Object(App\Controllers\EditRequestReasonController))
#8 C:\wamp64\www\khm\system\CodeIgniter.php(355): CodeIgniter\CodeIgniter->handleRequest(NULL, Object(Config\Cache), false)
#9 C:\wamp64\www\khm\system\Boot.php(334): CodeIgniter\CodeIgniter->run()
#10 C:\wamp64\www\khm\system\Boot.php(67): CodeIgniter\Boot::runCodeIgniter(Object(CodeIgniter\CodeIgniter))
#11 C:\wamp64\www\khm\public\index.php(56): CodeIgniter\Boot::bootWeb(Object(Config\Paths))
#12 {main}
CRITICAL - 2025-04-15 07:13:17 --> CodeIgniter\Database\Exceptions\DatabaseException: Unknown column 'deleted_at' in 'field list'
[Method: POST, Route: EditRequestReasonController/save]
in SYSTEMPATH\Database\BaseConnection.php on line 688.
 1 SYSTEMPATH\Database\BaseBuilder.php(2340): CodeIgniter\Database\BaseConnection->query('INSERT INTO `khm_obj_mst` (`object_type_id`, `object_class_id`, `object_name`, `deleted_at`, `enterprise_id`) VALUES (:object_type_id:, :object_class_id:, :object_name:, :deleted_at:, :enterprise_id:)', [...], false)
 2 APPPATH\Models\EditRequestReasonModel.php(50): CodeIgniter\Database\BaseBuilder->insert([...])
 3 APPPATH\Controllers\EditRequestReasonController.php(84): App\Models\EditRequestReasonModel->insertEditRequestReason('HELLO')
 4 SYSTEMPATH\CodeIgniter.php(933): App\Controllers\EditRequestReasonController->save()
 5 SYSTEMPATH\CodeIgniter.php(509): CodeIgniter\CodeIgniter->runController(Object(App\Controllers\EditRequestReasonController))
 6 SYSTEMPATH\CodeIgniter.php(355): CodeIgniter\CodeIgniter->handleRequest(null, Object(Config\Cache), false)
 7 SYSTEMPATH\Boot.php(334): CodeIgniter\CodeIgniter->run()
 8 SYSTEMPATH\Boot.php(67): CodeIgniter\Boot::runCodeIgniter(Object(CodeIgniter\CodeIgniter))
 9 FCPATH\index.php(56): CodeIgniter\Boot::bootWeb(Object(Config\Paths))
CRITICAL - 2025-04-15 07:13:17 --> [Caused by] CodeIgniter\Database\Exceptions\DatabaseException: Unknown column 'deleted_at' in 'field list'
in SYSTEMPATH\Database\MySQLi\Connection.php on line 317.
 1 SYSTEMPATH\Database\BaseConnection.php(734): CodeIgniter\Database\MySQLi\Connection->execute('INSERT INTO `khm_obj_mst` (`object_type_id`, `object_class_id`, `object_name`, `deleted_at`, `enterprise_id`) VALUES (5, 16, \'HELLO\', 0, 1)')
 2 SYSTEMPATH\Database\BaseConnection.php(648): CodeIgniter\Database\BaseConnection->simpleQuery('INSERT INTO `khm_obj_mst` (`object_type_id`, `object_class_id`, `object_name`, `deleted_at`, `enterprise_id`) VALUES (5, 16, \'HELLO\', 0, 1)')
 3 SYSTEMPATH\Database\BaseBuilder.php(2340): CodeIgniter\Database\BaseConnection->query('INSERT INTO `khm_obj_mst` (`object_type_id`, `object_class_id`, `object_name`, `deleted_at`, `enterprise_id`) VALUES (:object_type_id:, :object_class_id:, :object_name:, :deleted_at:, :enterprise_id:)', [...], false)
 4 APPPATH\Models\EditRequestReasonModel.php(50): CodeIgniter\Database\BaseBuilder->insert([...])
 5 APPPATH\Controllers\EditRequestReasonController.php(84): App\Models\EditRequestReasonModel->insertEditRequestReason('HELLO')
 6 SYSTEMPATH\CodeIgniter.php(933): App\Controllers\EditRequestReasonController->save()
 7 SYSTEMPATH\CodeIgniter.php(509): CodeIgniter\CodeIgniter->runController(Object(App\Controllers\EditRequestReasonController))
 8 SYSTEMPATH\CodeIgniter.php(355): CodeIgniter\CodeIgniter->handleRequest(null, Object(Config\Cache), false)
 9 SYSTEMPATH\Boot.php(334): CodeIgniter\CodeIgniter->run()
10 SYSTEMPATH\Boot.php(67): CodeIgniter\Boot::runCodeIgniter(Object(CodeIgniter\CodeIgniter))
11 FCPATH\index.php(56): CodeIgniter\Boot::bootWeb(Object(Config\Paths))
CRITICAL - 2025-04-15 07:13:17 --> [Caused by] mysqli_sql_exception: Unknown column 'deleted_at' in 'field list'
in SYSTEMPATH\Database\MySQLi\Connection.php on line 312.
 1 SYSTEMPATH\Database\MySQLi\Connection.php(312): mysqli->query('INSERT INTO `khm_obj_mst` (`object_type_id`, `object_class_id`, `object_name`, `deleted_at`, `enterprise_id`) VALUES (5, 16, \'HELLO\', 0, 1)', 0)
 2 SYSTEMPATH\Database\BaseConnection.php(734): CodeIgniter\Database\MySQLi\Connection->execute('INSERT INTO `khm_obj_mst` (`object_type_id`, `object_class_id`, `object_name`, `deleted_at`, `enterprise_id`) VALUES (5, 16, \'HELLO\', 0, 1)')
 3 SYSTEMPATH\Database\BaseConnection.php(648): CodeIgniter\Database\BaseConnection->simpleQuery('INSERT INTO `khm_obj_mst` (`object_type_id`, `object_class_id`, `object_name`, `deleted_at`, `enterprise_id`) VALUES (5, 16, \'HELLO\', 0, 1)')
 4 SYSTEMPATH\Database\BaseBuilder.php(2340): CodeIgniter\Database\BaseConnection->query('INSERT INTO `khm_obj_mst` (`object_type_id`, `object_class_id`, `object_name`, `deleted_at`, `enterprise_id`) VALUES (:object_type_id:, :object_class_id:, :object_name:, :deleted_at:, :enterprise_id:)', [...], false)
 5 APPPATH\Models\EditRequestReasonModel.php(50): CodeIgniter\Database\BaseBuilder->insert([...])
 6 APPPATH\Controllers\EditRequestReasonController.php(84): App\Models\EditRequestReasonModel->insertEditRequestReason('HELLO')
 7 SYSTEMPATH\CodeIgniter.php(933): App\Controllers\EditRequestReasonController->save()
 8 SYSTEMPATH\CodeIgniter.php(509): CodeIgniter\CodeIgniter->runController(Object(App\Controllers\EditRequestReasonController))
 9 SYSTEMPATH\CodeIgniter.php(355): CodeIgniter\CodeIgniter->handleRequest(null, Object(Config\Cache), false)
10 SYSTEMPATH\Boot.php(334): CodeIgniter\CodeIgniter->run()
11 SYSTEMPATH\Boot.php(67): CodeIgniter\Boot::runCodeIgniter(Object(CodeIgniter\CodeIgniter))
12 FCPATH\index.php(56): CodeIgniter\Boot::bootWeb(Object(Config\Paths))
ERROR - 2025-04-15 07:13:17 --> mysqli_sql_exception: Unknown column 'deleted_at' in 'field list' in C:\wamp64\www\khm\system\Database\MySQLi\Connection.php:312
Stack trace:
#0 C:\wamp64\www\khm\system\Database\MySQLi\Connection.php(312): mysqli->query('INSERT INTO `kh...', 0)
#1 C:\wamp64\www\khm\system\Database\BaseConnection.php(734): CodeIgniter\Database\MySQLi\Connection->execute('INSERT INTO `kh...')
#2 C:\wamp64\www\khm\system\Database\BaseConnection.php(648): CodeIgniter\Database\BaseConnection->simpleQuery('INSERT INTO `kh...')
#3 C:\wamp64\www\khm\system\Database\BaseBuilder.php(2340): CodeIgniter\Database\BaseConnection->query('INSERT INTO `kh...', Array, false)
#4 C:\wamp64\www\khm\app\Models\EditRequestReasonModel.php(50): CodeIgniter\Database\BaseBuilder->insert(Array)
#5 C:\wamp64\www\khm\app\Controllers\EditRequestReasonController.php(84): App\Models\EditRequestReasonModel->insertEditRequestReason('HELLO')
#6 C:\wamp64\www\khm\system\CodeIgniter.php(933): App\Controllers\EditRequestReasonController->save()
#7 C:\wamp64\www\khm\system\CodeIgniter.php(509): CodeIgniter\CodeIgniter->runController(Object(App\Controllers\EditRequestReasonController))
#8 C:\wamp64\www\khm\system\CodeIgniter.php(355): CodeIgniter\CodeIgniter->handleRequest(NULL, Object(Config\Cache), false)
#9 C:\wamp64\www\khm\system\Boot.php(334): CodeIgniter\CodeIgniter->run()
#10 C:\wamp64\www\khm\system\Boot.php(67): CodeIgniter\Boot::runCodeIgniter(Object(CodeIgniter\CodeIgniter))
#11 C:\wamp64\www\khm\public\index.php(56): CodeIgniter\Boot::bootWeb(Object(Config\Paths))
#12 {main}
CRITICAL - 2025-04-15 07:13:17 --> CodeIgniter\Database\Exceptions\DatabaseException: Unknown column 'deleted_at' in 'field list'
[Method: POST, Route: EditRequestReasonController/save]
in SYSTEMPATH\Database\BaseConnection.php on line 688.
 1 SYSTEMPATH\Database\BaseBuilder.php(2340): CodeIgniter\Database\BaseConnection->query('INSERT INTO `khm_obj_mst` (`object_type_id`, `object_class_id`, `object_name`, `deleted_at`, `enterprise_id`) VALUES (:object_type_id:, :object_class_id:, :object_name:, :deleted_at:, :enterprise_id:)', [...], false)
 2 APPPATH\Models\EditRequestReasonModel.php(50): CodeIgniter\Database\BaseBuilder->insert([...])
 3 APPPATH\Controllers\EditRequestReasonController.php(84): App\Models\EditRequestReasonModel->insertEditRequestReason('HELLO')
 4 SYSTEMPATH\CodeIgniter.php(933): App\Controllers\EditRequestReasonController->save()
 5 SYSTEMPATH\CodeIgniter.php(509): CodeIgniter\CodeIgniter->runController(Object(App\Controllers\EditRequestReasonController))
 6 SYSTEMPATH\CodeIgniter.php(355): CodeIgniter\CodeIgniter->handleRequest(null, Object(Config\Cache), false)
 7 SYSTEMPATH\Boot.php(334): CodeIgniter\CodeIgniter->run()
 8 SYSTEMPATH\Boot.php(67): CodeIgniter\Boot::runCodeIgniter(Object(CodeIgniter\CodeIgniter))
 9 FCPATH\index.php(56): CodeIgniter\Boot::bootWeb(Object(Config\Paths))
CRITICAL - 2025-04-15 07:13:17 --> [Caused by] CodeIgniter\Database\Exceptions\DatabaseException: Unknown column 'deleted_at' in 'field list'
in SYSTEMPATH\Database\MySQLi\Connection.php on line 317.
 1 SYSTEMPATH\Database\BaseConnection.php(734): CodeIgniter\Database\MySQLi\Connection->execute('INSERT INTO `khm_obj_mst` (`object_type_id`, `object_class_id`, `object_name`, `deleted_at`, `enterprise_id`) VALUES (5, 16, \'HELLO\', 0, 1)')
 2 SYSTEMPATH\Database\BaseConnection.php(648): CodeIgniter\Database\BaseConnection->simpleQuery('INSERT INTO `khm_obj_mst` (`object_type_id`, `object_class_id`, `object_name`, `deleted_at`, `enterprise_id`) VALUES (5, 16, \'HELLO\', 0, 1)')
 3 SYSTEMPATH\Database\BaseBuilder.php(2340): CodeIgniter\Database\BaseConnection->query('INSERT INTO `khm_obj_mst` (`object_type_id`, `object_class_id`, `object_name`, `deleted_at`, `enterprise_id`) VALUES (:object_type_id:, :object_class_id:, :object_name:, :deleted_at:, :enterprise_id:)', [...], false)
 4 APPPATH\Models\EditRequestReasonModel.php(50): CodeIgniter\Database\BaseBuilder->insert([...])
 5 APPPATH\Controllers\EditRequestReasonController.php(84): App\Models\EditRequestReasonModel->insertEditRequestReason('HELLO')
 6 SYSTEMPATH\CodeIgniter.php(933): App\Controllers\EditRequestReasonController->save()
 7 SYSTEMPATH\CodeIgniter.php(509): CodeIgniter\CodeIgniter->runController(Object(App\Controllers\EditRequestReasonController))
 8 SYSTEMPATH\CodeIgniter.php(355): CodeIgniter\CodeIgniter->handleRequest(null, Object(Config\Cache), false)
 9 SYSTEMPATH\Boot.php(334): CodeIgniter\CodeIgniter->run()
10 SYSTEMPATH\Boot.php(67): CodeIgniter\Boot::runCodeIgniter(Object(CodeIgniter\CodeIgniter))
11 FCPATH\index.php(56): CodeIgniter\Boot::bootWeb(Object(Config\Paths))
CRITICAL - 2025-04-15 07:13:17 --> [Caused by] mysqli_sql_exception: Unknown column 'deleted_at' in 'field list'
in SYSTEMPATH\Database\MySQLi\Connection.php on line 312.
 1 SYSTEMPATH\Database\MySQLi\Connection.php(312): mysqli->query('INSERT INTO `khm_obj_mst` (`object_type_id`, `object_class_id`, `object_name`, `deleted_at`, `enterprise_id`) VALUES (5, 16, \'HELLO\', 0, 1)', 0)
 2 SYSTEMPATH\Database\BaseConnection.php(734): CodeIgniter\Database\MySQLi\Connection->execute('INSERT INTO `khm_obj_mst` (`object_type_id`, `object_class_id`, `object_name`, `deleted_at`, `enterprise_id`) VALUES (5, 16, \'HELLO\', 0, 1)')
 3 SYSTEMPATH\Database\BaseConnection.php(648): CodeIgniter\Database\BaseConnection->simpleQuery('INSERT INTO `khm_obj_mst` (`object_type_id`, `object_class_id`, `object_name`, `deleted_at`, `enterprise_id`) VALUES (5, 16, \'HELLO\', 0, 1)')
 4 SYSTEMPATH\Database\BaseBuilder.php(2340): CodeIgniter\Database\BaseConnection->query('INSERT INTO `khm_obj_mst` (`object_type_id`, `object_class_id`, `object_name`, `deleted_at`, `enterprise_id`) VALUES (:object_type_id:, :object_class_id:, :object_name:, :deleted_at:, :enterprise_id:)', [...], false)
 5 APPPATH\Models\EditRequestReasonModel.php(50): CodeIgniter\Database\BaseBuilder->insert([...])
 6 APPPATH\Controllers\EditRequestReasonController.php(84): App\Models\EditRequestReasonModel->insertEditRequestReason('HELLO')
 7 SYSTEMPATH\CodeIgniter.php(933): App\Controllers\EditRequestReasonController->save()
 8 SYSTEMPATH\CodeIgniter.php(509): CodeIgniter\CodeIgniter->runController(Object(App\Controllers\EditRequestReasonController))
 9 SYSTEMPATH\CodeIgniter.php(355): CodeIgniter\CodeIgniter->handleRequest(null, Object(Config\Cache), false)
10 SYSTEMPATH\Boot.php(334): CodeIgniter\CodeIgniter->run()
11 SYSTEMPATH\Boot.php(67): CodeIgniter\Boot::runCodeIgniter(Object(CodeIgniter\CodeIgniter))
12 FCPATH\index.php(56): CodeIgniter\Boot::bootWeb(Object(Config\Paths))
ERROR - 2025-04-15 07:13:17 --> mysqli_sql_exception: Unknown column 'deleted_at' in 'field list' in C:\wamp64\www\khm\system\Database\MySQLi\Connection.php:312
Stack trace:
#0 C:\wamp64\www\khm\system\Database\MySQLi\Connection.php(312): mysqli->query('INSERT INTO `kh...', 0)
#1 C:\wamp64\www\khm\system\Database\BaseConnection.php(734): CodeIgniter\Database\MySQLi\Connection->execute('INSERT INTO `kh...')
#2 C:\wamp64\www\khm\system\Database\BaseConnection.php(648): CodeIgniter\Database\BaseConnection->simpleQuery('INSERT INTO `kh...')
#3 C:\wamp64\www\khm\system\Database\BaseBuilder.php(2340): CodeIgniter\Database\BaseConnection->query('INSERT INTO `kh...', Array, false)
#4 C:\wamp64\www\khm\app\Models\EditRequestReasonModel.php(50): CodeIgniter\Database\BaseBuilder->insert(Array)
#5 C:\wamp64\www\khm\app\Controllers\EditRequestReasonController.php(84): App\Models\EditRequestReasonModel->insertEditRequestReason('HELLO')
#6 C:\wamp64\www\khm\system\CodeIgniter.php(933): App\Controllers\EditRequestReasonController->save()
#7 C:\wamp64\www\khm\system\CodeIgniter.php(509): CodeIgniter\CodeIgniter->runController(Object(App\Controllers\EditRequestReasonController))
#8 C:\wamp64\www\khm\system\CodeIgniter.php(355): CodeIgniter\CodeIgniter->handleRequest(NULL, Object(Config\Cache), false)
#9 C:\wamp64\www\khm\system\Boot.php(334): CodeIgniter\CodeIgniter->run()
#10 C:\wamp64\www\khm\system\Boot.php(67): CodeIgniter\Boot::runCodeIgniter(Object(CodeIgniter\CodeIgniter))
#11 C:\wamp64\www\khm\public\index.php(56): CodeIgniter\Boot::bootWeb(Object(Config\Paths))
#12 {main}
CRITICAL - 2025-04-15 07:13:17 --> CodeIgniter\Database\Exceptions\DatabaseException: Unknown column 'deleted_at' in 'field list'
[Method: POST, Route: EditRequestReasonController/save]
in SYSTEMPATH\Database\BaseConnection.php on line 688.
 1 SYSTEMPATH\Database\BaseBuilder.php(2340): CodeIgniter\Database\BaseConnection->query('INSERT INTO `khm_obj_mst` (`object_type_id`, `object_class_id`, `object_name`, `deleted_at`, `enterprise_id`) VALUES (:object_type_id:, :object_class_id:, :object_name:, :deleted_at:, :enterprise_id:)', [...], false)
 2 APPPATH\Models\EditRequestReasonModel.php(50): CodeIgniter\Database\BaseBuilder->insert([...])
 3 APPPATH\Controllers\EditRequestReasonController.php(84): App\Models\EditRequestReasonModel->insertEditRequestReason('HELLO')
 4 SYSTEMPATH\CodeIgniter.php(933): App\Controllers\EditRequestReasonController->save()
 5 SYSTEMPATH\CodeIgniter.php(509): CodeIgniter\CodeIgniter->runController(Object(App\Controllers\EditRequestReasonController))
 6 SYSTEMPATH\CodeIgniter.php(355): CodeIgniter\CodeIgniter->handleRequest(null, Object(Config\Cache), false)
 7 SYSTEMPATH\Boot.php(334): CodeIgniter\CodeIgniter->run()
 8 SYSTEMPATH\Boot.php(67): CodeIgniter\Boot::runCodeIgniter(Object(CodeIgniter\CodeIgniter))
 9 FCPATH\index.php(56): CodeIgniter\Boot::bootWeb(Object(Config\Paths))
CRITICAL - 2025-04-15 07:13:17 --> [Caused by] CodeIgniter\Database\Exceptions\DatabaseException: Unknown column 'deleted_at' in 'field list'
in SYSTEMPATH\Database\MySQLi\Connection.php on line 317.
 1 SYSTEMPATH\Database\BaseConnection.php(734): CodeIgniter\Database\MySQLi\Connection->execute('INSERT INTO `khm_obj_mst` (`object_type_id`, `object_class_id`, `object_name`, `deleted_at`, `enterprise_id`) VALUES (5, 16, \'HELLO\', 0, 1)')
 2 SYSTEMPATH\Database\BaseConnection.php(648): CodeIgniter\Database\BaseConnection->simpleQuery('INSERT INTO `khm_obj_mst` (`object_type_id`, `object_class_id`, `object_name`, `deleted_at`, `enterprise_id`) VALUES (5, 16, \'HELLO\', 0, 1)')
 3 SYSTEMPATH\Database\BaseBuilder.php(2340): CodeIgniter\Database\BaseConnection->query('INSERT INTO `khm_obj_mst` (`object_type_id`, `object_class_id`, `object_name`, `deleted_at`, `enterprise_id`) VALUES (:object_type_id:, :object_class_id:, :object_name:, :deleted_at:, :enterprise_id:)', [...], false)
 4 APPPATH\Models\EditRequestReasonModel.php(50): CodeIgniter\Database\BaseBuilder->insert([...])
 5 APPPATH\Controllers\EditRequestReasonController.php(84): App\Models\EditRequestReasonModel->insertEditRequestReason('HELLO')
 6 SYSTEMPATH\CodeIgniter.php(933): App\Controllers\EditRequestReasonController->save()
 7 SYSTEMPATH\CodeIgniter.php(509): CodeIgniter\CodeIgniter->runController(Object(App\Controllers\EditRequestReasonController))
 8 SYSTEMPATH\CodeIgniter.php(355): CodeIgniter\CodeIgniter->handleRequest(null, Object(Config\Cache), false)
 9 SYSTEMPATH\Boot.php(334): CodeIgniter\CodeIgniter->run()
10 SYSTEMPATH\Boot.php(67): CodeIgniter\Boot::runCodeIgniter(Object(CodeIgniter\CodeIgniter))
11 FCPATH\index.php(56): CodeIgniter\Boot::bootWeb(Object(Config\Paths))
CRITICAL - 2025-04-15 07:13:17 --> [Caused by] mysqli_sql_exception: Unknown column 'deleted_at' in 'field list'
in SYSTEMPATH\Database\MySQLi\Connection.php on line 312.
 1 SYSTEMPATH\Database\MySQLi\Connection.php(312): mysqli->query('INSERT INTO `khm_obj_mst` (`object_type_id`, `object_class_id`, `object_name`, `deleted_at`, `enterprise_id`) VALUES (5, 16, \'HELLO\', 0, 1)', 0)
 2 SYSTEMPATH\Database\BaseConnection.php(734): CodeIgniter\Database\MySQLi\Connection->execute('INSERT INTO `khm_obj_mst` (`object_type_id`, `object_class_id`, `object_name`, `deleted_at`, `enterprise_id`) VALUES (5, 16, \'HELLO\', 0, 1)')
 3 SYSTEMPATH\Database\BaseConnection.php(648): CodeIgniter\Database\BaseConnection->simpleQuery('INSERT INTO `khm_obj_mst` (`object_type_id`, `object_class_id`, `object_name`, `deleted_at`, `enterprise_id`) VALUES (5, 16, \'HELLO\', 0, 1)')
 4 SYSTEMPATH\Database\BaseBuilder.php(2340): CodeIgniter\Database\BaseConnection->query('INSERT INTO `khm_obj_mst` (`object_type_id`, `object_class_id`, `object_name`, `deleted_at`, `enterprise_id`) VALUES (:object_type_id:, :object_class_id:, :object_name:, :deleted_at:, :enterprise_id:)', [...], false)
 5 APPPATH\Models\EditRequestReasonModel.php(50): CodeIgniter\Database\BaseBuilder->insert([...])
 6 APPPATH\Controllers\EditRequestReasonController.php(84): App\Models\EditRequestReasonModel->insertEditRequestReason('HELLO')
 7 SYSTEMPATH\CodeIgniter.php(933): App\Controllers\EditRequestReasonController->save()
 8 SYSTEMPATH\CodeIgniter.php(509): CodeIgniter\CodeIgniter->runController(Object(App\Controllers\EditRequestReasonController))
 9 SYSTEMPATH\CodeIgniter.php(355): CodeIgniter\CodeIgniter->handleRequest(null, Object(Config\Cache), false)
10 SYSTEMPATH\Boot.php(334): CodeIgniter\CodeIgniter->run()
11 SYSTEMPATH\Boot.php(67): CodeIgniter\Boot::runCodeIgniter(Object(CodeIgniter\CodeIgniter))
12 FCPATH\index.php(56): CodeIgniter\Boot::bootWeb(Object(Config\Paths))
ERROR - 2025-04-15 07:13:18 --> mysqli_sql_exception: Unknown column 'deleted_at' in 'field list' in C:\wamp64\www\khm\system\Database\MySQLi\Connection.php:312
Stack trace:
#0 C:\wamp64\www\khm\system\Database\MySQLi\Connection.php(312): mysqli->query('INSERT INTO `kh...', 0)
#1 C:\wamp64\www\khm\system\Database\BaseConnection.php(734): CodeIgniter\Database\MySQLi\Connection->execute('INSERT INTO `kh...')
#2 C:\wamp64\www\khm\system\Database\BaseConnection.php(648): CodeIgniter\Database\BaseConnection->simpleQuery('INSERT INTO `kh...')
#3 C:\wamp64\www\khm\system\Database\BaseBuilder.php(2340): CodeIgniter\Database\BaseConnection->query('INSERT INTO `kh...', Array, false)
#4 C:\wamp64\www\khm\app\Models\EditRequestReasonModel.php(50): CodeIgniter\Database\BaseBuilder->insert(Array)
#5 C:\wamp64\www\khm\app\Controllers\EditRequestReasonController.php(84): App\Models\EditRequestReasonModel->insertEditRequestReason('HELLO')
#6 C:\wamp64\www\khm\system\CodeIgniter.php(933): App\Controllers\EditRequestReasonController->save()
#7 C:\wamp64\www\khm\system\CodeIgniter.php(509): CodeIgniter\CodeIgniter->runController(Object(App\Controllers\EditRequestReasonController))
#8 C:\wamp64\www\khm\system\CodeIgniter.php(355): CodeIgniter\CodeIgniter->handleRequest(NULL, Object(Config\Cache), false)
#9 C:\wamp64\www\khm\system\Boot.php(334): CodeIgniter\CodeIgniter->run()
#10 C:\wamp64\www\khm\system\Boot.php(67): CodeIgniter\Boot::runCodeIgniter(Object(CodeIgniter\CodeIgniter))
#11 C:\wamp64\www\khm\public\index.php(56): CodeIgniter\Boot::bootWeb(Object(Config\Paths))
#12 {main}
CRITICAL - 2025-04-15 07:13:18 --> CodeIgniter\Database\Exceptions\DatabaseException: Unknown column 'deleted_at' in 'field list'
[Method: POST, Route: EditRequestReasonController/save]
in SYSTEMPATH\Database\BaseConnection.php on line 688.
 1 SYSTEMPATH\Database\BaseBuilder.php(2340): CodeIgniter\Database\BaseConnection->query('INSERT INTO `khm_obj_mst` (`object_type_id`, `object_class_id`, `object_name`, `deleted_at`, `enterprise_id`) VALUES (:object_type_id:, :object_class_id:, :object_name:, :deleted_at:, :enterprise_id:)', [...], false)
 2 APPPATH\Models\EditRequestReasonModel.php(50): CodeIgniter\Database\BaseBuilder->insert([...])
 3 APPPATH\Controllers\EditRequestReasonController.php(84): App\Models\EditRequestReasonModel->insertEditRequestReason('HELLO')
 4 SYSTEMPATH\CodeIgniter.php(933): App\Controllers\EditRequestReasonController->save()
 5 SYSTEMPATH\CodeIgniter.php(509): CodeIgniter\CodeIgniter->runController(Object(App\Controllers\EditRequestReasonController))
 6 SYSTEMPATH\CodeIgniter.php(355): CodeIgniter\CodeIgniter->handleRequest(null, Object(Config\Cache), false)
 7 SYSTEMPATH\Boot.php(334): CodeIgniter\CodeIgniter->run()
 8 SYSTEMPATH\Boot.php(67): CodeIgniter\Boot::runCodeIgniter(Object(CodeIgniter\CodeIgniter))
 9 FCPATH\index.php(56): CodeIgniter\Boot::bootWeb(Object(Config\Paths))
CRITICAL - 2025-04-15 07:13:18 --> [Caused by] CodeIgniter\Database\Exceptions\DatabaseException: Unknown column 'deleted_at' in 'field list'
in SYSTEMPATH\Database\MySQLi\Connection.php on line 317.
 1 SYSTEMPATH\Database\BaseConnection.php(734): CodeIgniter\Database\MySQLi\Connection->execute('INSERT INTO `khm_obj_mst` (`object_type_id`, `object_class_id`, `object_name`, `deleted_at`, `enterprise_id`) VALUES (5, 16, \'HELLO\', 0, 1)')
 2 SYSTEMPATH\Database\BaseConnection.php(648): CodeIgniter\Database\BaseConnection->simpleQuery('INSERT INTO `khm_obj_mst` (`object_type_id`, `object_class_id`, `object_name`, `deleted_at`, `enterprise_id`) VALUES (5, 16, \'HELLO\', 0, 1)')
 3 SYSTEMPATH\Database\BaseBuilder.php(2340): CodeIgniter\Database\BaseConnection->query('INSERT INTO `khm_obj_mst` (`object_type_id`, `object_class_id`, `object_name`, `deleted_at`, `enterprise_id`) VALUES (:object_type_id:, :object_class_id:, :object_name:, :deleted_at:, :enterprise_id:)', [...], false)
 4 APPPATH\Models\EditRequestReasonModel.php(50): CodeIgniter\Database\BaseBuilder->insert([...])
 5 APPPATH\Controllers\EditRequestReasonController.php(84): App\Models\EditRequestReasonModel->insertEditRequestReason('HELLO')
 6 SYSTEMPATH\CodeIgniter.php(933): App\Controllers\EditRequestReasonController->save()
 7 SYSTEMPATH\CodeIgniter.php(509): CodeIgniter\CodeIgniter->runController(Object(App\Controllers\EditRequestReasonController))
 8 SYSTEMPATH\CodeIgniter.php(355): CodeIgniter\CodeIgniter->handleRequest(null, Object(Config\Cache), false)
 9 SYSTEMPATH\Boot.php(334): CodeIgniter\CodeIgniter->run()
10 SYSTEMPATH\Boot.php(67): CodeIgniter\Boot::runCodeIgniter(Object(CodeIgniter\CodeIgniter))
11 FCPATH\index.php(56): CodeIgniter\Boot::bootWeb(Object(Config\Paths))
CRITICAL - 2025-04-15 07:13:18 --> [Caused by] mysqli_sql_exception: Unknown column 'deleted_at' in 'field list'
in SYSTEMPATH\Database\MySQLi\Connection.php on line 312.
 1 SYSTEMPATH\Database\MySQLi\Connection.php(312): mysqli->query('INSERT INTO `khm_obj_mst` (`object_type_id`, `object_class_id`, `object_name`, `deleted_at`, `enterprise_id`) VALUES (5, 16, \'HELLO\', 0, 1)', 0)
 2 SYSTEMPATH\Database\BaseConnection.php(734): CodeIgniter\Database\MySQLi\Connection->execute('INSERT INTO `khm_obj_mst` (`object_type_id`, `object_class_id`, `object_name`, `deleted_at`, `enterprise_id`) VALUES (5, 16, \'HELLO\', 0, 1)')
 3 SYSTEMPATH\Database\BaseConnection.php(648): CodeIgniter\Database\BaseConnection->simpleQuery('INSERT INTO `khm_obj_mst` (`object_type_id`, `object_class_id`, `object_name`, `deleted_at`, `enterprise_id`) VALUES (5, 16, \'HELLO\', 0, 1)')
 4 SYSTEMPATH\Database\BaseBuilder.php(2340): CodeIgniter\Database\BaseConnection->query('INSERT INTO `khm_obj_mst` (`object_type_id`, `object_class_id`, `object_name`, `deleted_at`, `enterprise_id`) VALUES (:object_type_id:, :object_class_id:, :object_name:, :deleted_at:, :enterprise_id:)', [...], false)
 5 APPPATH\Models\EditRequestReasonModel.php(50): CodeIgniter\Database\BaseBuilder->insert([...])
 6 APPPATH\Controllers\EditRequestReasonController.php(84): App\Models\EditRequestReasonModel->insertEditRequestReason('HELLO')
 7 SYSTEMPATH\CodeIgniter.php(933): App\Controllers\EditRequestReasonController->save()
 8 SYSTEMPATH\CodeIgniter.php(509): CodeIgniter\CodeIgniter->runController(Object(App\Controllers\EditRequestReasonController))
 9 SYSTEMPATH\CodeIgniter.php(355): CodeIgniter\CodeIgniter->handleRequest(null, Object(Config\Cache), false)
10 SYSTEMPATH\Boot.php(334): CodeIgniter\CodeIgniter->run()
11 SYSTEMPATH\Boot.php(67): CodeIgniter\Boot::runCodeIgniter(Object(CodeIgniter\CodeIgniter))
12 FCPATH\index.php(56): CodeIgniter\Boot::bootWeb(Object(Config\Paths))
ERROR - 2025-04-15 07:13:18 --> mysqli_sql_exception: Unknown column 'deleted_at' in 'field list' in C:\wamp64\www\khm\system\Database\MySQLi\Connection.php:312
Stack trace:
#0 C:\wamp64\www\khm\system\Database\MySQLi\Connection.php(312): mysqli->query('INSERT INTO `kh...', 0)
#1 C:\wamp64\www\khm\system\Database\BaseConnection.php(734): CodeIgniter\Database\MySQLi\Connection->execute('INSERT INTO `kh...')
#2 C:\wamp64\www\khm\system\Database\BaseConnection.php(648): CodeIgniter\Database\BaseConnection->simpleQuery('INSERT INTO `kh...')
#3 C:\wamp64\www\khm\system\Database\BaseBuilder.php(2340): CodeIgniter\Database\BaseConnection->query('INSERT INTO `kh...', Array, false)
#4 C:\wamp64\www\khm\app\Models\EditRequestReasonModel.php(50): CodeIgniter\Database\BaseBuilder->insert(Array)
#5 C:\wamp64\www\khm\app\Controllers\EditRequestReasonController.php(84): App\Models\EditRequestReasonModel->insertEditRequestReason('HELLO')
#6 C:\wamp64\www\khm\system\CodeIgniter.php(933): App\Controllers\EditRequestReasonController->save()
#7 C:\wamp64\www\khm\system\CodeIgniter.php(509): CodeIgniter\CodeIgniter->runController(Object(App\Controllers\EditRequestReasonController))
#8 C:\wamp64\www\khm\system\CodeIgniter.php(355): CodeIgniter\CodeIgniter->handleRequest(NULL, Object(Config\Cache), false)
#9 C:\wamp64\www\khm\system\Boot.php(334): CodeIgniter\CodeIgniter->run()
#10 C:\wamp64\www\khm\system\Boot.php(67): CodeIgniter\Boot::runCodeIgniter(Object(CodeIgniter\CodeIgniter))
#11 C:\wamp64\www\khm\public\index.php(56): CodeIgniter\Boot::bootWeb(Object(Config\Paths))
#12 {main}
CRITICAL - 2025-04-15 07:13:18 --> CodeIgniter\Database\Exceptions\DatabaseException: Unknown column 'deleted_at' in 'field list'
[Method: POST, Route: EditRequestReasonController/save]
in SYSTEMPATH\Database\BaseConnection.php on line 688.
 1 SYSTEMPATH\Database\BaseBuilder.php(2340): CodeIgniter\Database\BaseConnection->query('INSERT INTO `khm_obj_mst` (`object_type_id`, `object_class_id`, `object_name`, `deleted_at`, `enterprise_id`) VALUES (:object_type_id:, :object_class_id:, :object_name:, :deleted_at:, :enterprise_id:)', [...], false)
 2 APPPATH\Models\EditRequestReasonModel.php(50): CodeIgniter\Database\BaseBuilder->insert([...])
 3 APPPATH\Controllers\EditRequestReasonController.php(84): App\Models\EditRequestReasonModel->insertEditRequestReason('HELLO')
 4 SYSTEMPATH\CodeIgniter.php(933): App\Controllers\EditRequestReasonController->save()
 5 SYSTEMPATH\CodeIgniter.php(509): CodeIgniter\CodeIgniter->runController(Object(App\Controllers\EditRequestReasonController))
 6 SYSTEMPATH\CodeIgniter.php(355): CodeIgniter\CodeIgniter->handleRequest(null, Object(Config\Cache), false)
 7 SYSTEMPATH\Boot.php(334): CodeIgniter\CodeIgniter->run()
 8 SYSTEMPATH\Boot.php(67): CodeIgniter\Boot::runCodeIgniter(Object(CodeIgniter\CodeIgniter))
 9 FCPATH\index.php(56): CodeIgniter\Boot::bootWeb(Object(Config\Paths))
CRITICAL - 2025-04-15 07:13:18 --> [Caused by] CodeIgniter\Database\Exceptions\DatabaseException: Unknown column 'deleted_at' in 'field list'
in SYSTEMPATH\Database\MySQLi\Connection.php on line 317.
 1 SYSTEMPATH\Database\BaseConnection.php(734): CodeIgniter\Database\MySQLi\Connection->execute('INSERT INTO `khm_obj_mst` (`object_type_id`, `object_class_id`, `object_name`, `deleted_at`, `enterprise_id`) VALUES (5, 16, \'HELLO\', 0, 1)')
 2 SYSTEMPATH\Database\BaseConnection.php(648): CodeIgniter\Database\BaseConnection->simpleQuery('INSERT INTO `khm_obj_mst` (`object_type_id`, `object_class_id`, `object_name`, `deleted_at`, `enterprise_id`) VALUES (5, 16, \'HELLO\', 0, 1)')
 3 SYSTEMPATH\Database\BaseBuilder.php(2340): CodeIgniter\Database\BaseConnection->query('INSERT INTO `khm_obj_mst` (`object_type_id`, `object_class_id`, `object_name`, `deleted_at`, `enterprise_id`) VALUES (:object_type_id:, :object_class_id:, :object_name:, :deleted_at:, :enterprise_id:)', [...], false)
 4 APPPATH\Models\EditRequestReasonModel.php(50): CodeIgniter\Database\BaseBuilder->insert([...])
 5 APPPATH\Controllers\EditRequestReasonController.php(84): App\Models\EditRequestReasonModel->insertEditRequestReason('HELLO')
 6 SYSTEMPATH\CodeIgniter.php(933): App\Controllers\EditRequestReasonController->save()
 7 SYSTEMPATH\CodeIgniter.php(509): CodeIgniter\CodeIgniter->runController(Object(App\Controllers\EditRequestReasonController))
 8 SYSTEMPATH\CodeIgniter.php(355): CodeIgniter\CodeIgniter->handleRequest(null, Object(Config\Cache), false)
 9 SYSTEMPATH\Boot.php(334): CodeIgniter\CodeIgniter->run()
10 SYSTEMPATH\Boot.php(67): CodeIgniter\Boot::runCodeIgniter(Object(CodeIgniter\CodeIgniter))
11 FCPATH\index.php(56): CodeIgniter\Boot::bootWeb(Object(Config\Paths))
CRITICAL - 2025-04-15 07:13:18 --> [Caused by] mysqli_sql_exception: Unknown column 'deleted_at' in 'field list'
in SYSTEMPATH\Database\MySQLi\Connection.php on line 312.
 1 SYSTEMPATH\Database\MySQLi\Connection.php(312): mysqli->query('INSERT INTO `khm_obj_mst` (`object_type_id`, `object_class_id`, `object_name`, `deleted_at`, `enterprise_id`) VALUES (5, 16, \'HELLO\', 0, 1)', 0)
 2 SYSTEMPATH\Database\BaseConnection.php(734): CodeIgniter\Database\MySQLi\Connection->execute('INSERT INTO `khm_obj_mst` (`object_type_id`, `object_class_id`, `object_name`, `deleted_at`, `enterprise_id`) VALUES (5, 16, \'HELLO\', 0, 1)')
 3 SYSTEMPATH\Database\BaseConnection.php(648): CodeIgniter\Database\BaseConnection->simpleQuery('INSERT INTO `khm_obj_mst` (`object_type_id`, `object_class_id`, `object_name`, `deleted_at`, `enterprise_id`) VALUES (5, 16, \'HELLO\', 0, 1)')
 4 SYSTEMPATH\Database\BaseBuilder.php(2340): CodeIgniter\Database\BaseConnection->query('INSERT INTO `khm_obj_mst` (`object_type_id`, `object_class_id`, `object_name`, `deleted_at`, `enterprise_id`) VALUES (:object_type_id:, :object_class_id:, :object_name:, :deleted_at:, :enterprise_id:)', [...], false)
 5 APPPATH\Models\EditRequestReasonModel.php(50): CodeIgniter\Database\BaseBuilder->insert([...])
 6 APPPATH\Controllers\EditRequestReasonController.php(84): App\Models\EditRequestReasonModel->insertEditRequestReason('HELLO')
 7 SYSTEMPATH\CodeIgniter.php(933): App\Controllers\EditRequestReasonController->save()
 8 SYSTEMPATH\CodeIgniter.php(509): CodeIgniter\CodeIgniter->runController(Object(App\Controllers\EditRequestReasonController))
 9 SYSTEMPATH\CodeIgniter.php(355): CodeIgniter\CodeIgniter->handleRequest(null, Object(Config\Cache), false)
10 SYSTEMPATH\Boot.php(334): CodeIgniter\CodeIgniter->run()
11 SYSTEMPATH\Boot.php(67): CodeIgniter\Boot::runCodeIgniter(Object(CodeIgniter\CodeIgniter))
12 FCPATH\index.php(56): CodeIgniter\Boot::bootWeb(Object(Config\Paths))
ERROR - 2025-04-15 07:13:24 --> mysqli_sql_exception: Unknown column 'deleted_at' in 'field list' in C:\wamp64\www\khm\system\Database\MySQLi\Connection.php:312
Stack trace:
#0 C:\wamp64\www\khm\system\Database\MySQLi\Connection.php(312): mysqli->query('INSERT INTO `kh...', 0)
#1 C:\wamp64\www\khm\system\Database\BaseConnection.php(734): CodeIgniter\Database\MySQLi\Connection->execute('INSERT INTO `kh...')
#2 C:\wamp64\www\khm\system\Database\BaseConnection.php(648): CodeIgniter\Database\BaseConnection->simpleQuery('INSERT INTO `kh...')
#3 C:\wamp64\www\khm\system\Database\BaseBuilder.php(2340): CodeIgniter\Database\BaseConnection->query('INSERT INTO `kh...', Array, false)
#4 C:\wamp64\www\khm\app\Models\EditRequestReasonModel.php(50): CodeIgniter\Database\BaseBuilder->insert(Array)
#5 C:\wamp64\www\khm\app\Controllers\EditRequestReasonController.php(84): App\Models\EditRequestReasonModel->insertEditRequestReason('HELLO')
#6 C:\wamp64\www\khm\system\CodeIgniter.php(933): App\Controllers\EditRequestReasonController->save()
#7 C:\wamp64\www\khm\system\CodeIgniter.php(509): CodeIgniter\CodeIgniter->runController(Object(App\Controllers\EditRequestReasonController))
#8 C:\wamp64\www\khm\system\CodeIgniter.php(355): CodeIgniter\CodeIgniter->handleRequest(NULL, Object(Config\Cache), false)
#9 C:\wamp64\www\khm\system\Boot.php(334): CodeIgniter\CodeIgniter->run()
#10 C:\wamp64\www\khm\system\Boot.php(67): CodeIgniter\Boot::runCodeIgniter(Object(CodeIgniter\CodeIgniter))
#11 C:\wamp64\www\khm\public\index.php(56): CodeIgniter\Boot::bootWeb(Object(Config\Paths))
#12 {main}
CRITICAL - 2025-04-15 07:13:24 --> CodeIgniter\Database\Exceptions\DatabaseException: Unknown column 'deleted_at' in 'field list'
[Method: POST, Route: EditRequestReasonController/save]
in SYSTEMPATH\Database\BaseConnection.php on line 688.
 1 SYSTEMPATH\Database\BaseBuilder.php(2340): CodeIgniter\Database\BaseConnection->query('INSERT INTO `khm_obj_mst` (`object_type_id`, `object_class_id`, `object_name`, `deleted_at`, `enterprise_id`) VALUES (:object_type_id:, :object_class_id:, :object_name:, :deleted_at:, :enterprise_id:)', [...], false)
 2 APPPATH\Models\EditRequestReasonModel.php(50): CodeIgniter\Database\BaseBuilder->insert([...])
 3 APPPATH\Controllers\EditRequestReasonController.php(84): App\Models\EditRequestReasonModel->insertEditRequestReason('HELLO')
 4 SYSTEMPATH\CodeIgniter.php(933): App\Controllers\EditRequestReasonController->save()
 5 SYSTEMPATH\CodeIgniter.php(509): CodeIgniter\CodeIgniter->runController(Object(App\Controllers\EditRequestReasonController))
 6 SYSTEMPATH\CodeIgniter.php(355): CodeIgniter\CodeIgniter->handleRequest(null, Object(Config\Cache), false)
 7 SYSTEMPATH\Boot.php(334): CodeIgniter\CodeIgniter->run()
 8 SYSTEMPATH\Boot.php(67): CodeIgniter\Boot::runCodeIgniter(Object(CodeIgniter\CodeIgniter))
 9 FCPATH\index.php(56): CodeIgniter\Boot::bootWeb(Object(Config\Paths))
CRITICAL - 2025-04-15 07:13:24 --> [Caused by] CodeIgniter\Database\Exceptions\DatabaseException: Unknown column 'deleted_at' in 'field list'
in SYSTEMPATH\Database\MySQLi\Connection.php on line 317.
 1 SYSTEMPATH\Database\BaseConnection.php(734): CodeIgniter\Database\MySQLi\Connection->execute('INSERT INTO `khm_obj_mst` (`object_type_id`, `object_class_id`, `object_name`, `deleted_at`, `enterprise_id`) VALUES (5, 16, \'HELLO\', 0, 1)')
 2 SYSTEMPATH\Database\BaseConnection.php(648): CodeIgniter\Database\BaseConnection->simpleQuery('INSERT INTO `khm_obj_mst` (`object_type_id`, `object_class_id`, `object_name`, `deleted_at`, `enterprise_id`) VALUES (5, 16, \'HELLO\', 0, 1)')
 3 SYSTEMPATH\Database\BaseBuilder.php(2340): CodeIgniter\Database\BaseConnection->query('INSERT INTO `khm_obj_mst` (`object_type_id`, `object_class_id`, `object_name`, `deleted_at`, `enterprise_id`) VALUES (:object_type_id:, :object_class_id:, :object_name:, :deleted_at:, :enterprise_id:)', [...], false)
 4 APPPATH\Models\EditRequestReasonModel.php(50): CodeIgniter\Database\BaseBuilder->insert([...])
 5 APPPATH\Controllers\EditRequestReasonController.php(84): App\Models\EditRequestReasonModel->insertEditRequestReason('HELLO')
 6 SYSTEMPATH\CodeIgniter.php(933): App\Controllers\EditRequestReasonController->save()
 7 SYSTEMPATH\CodeIgniter.php(509): CodeIgniter\CodeIgniter->runController(Object(App\Controllers\EditRequestReasonController))
 8 SYSTEMPATH\CodeIgniter.php(355): CodeIgniter\CodeIgniter->handleRequest(null, Object(Config\Cache), false)
 9 SYSTEMPATH\Boot.php(334): CodeIgniter\CodeIgniter->run()
10 SYSTEMPATH\Boot.php(67): CodeIgniter\Boot::runCodeIgniter(Object(CodeIgniter\CodeIgniter))
11 FCPATH\index.php(56): CodeIgniter\Boot::bootWeb(Object(Config\Paths))
CRITICAL - 2025-04-15 07:13:24 --> [Caused by] mysqli_sql_exception: Unknown column 'deleted_at' in 'field list'
in SYSTEMPATH\Database\MySQLi\Connection.php on line 312.
 1 SYSTEMPATH\Database\MySQLi\Connection.php(312): mysqli->query('INSERT INTO `khm_obj_mst` (`object_type_id`, `object_class_id`, `object_name`, `deleted_at`, `enterprise_id`) VALUES (5, 16, \'HELLO\', 0, 1)', 0)
 2 SYSTEMPATH\Database\BaseConnection.php(734): CodeIgniter\Database\MySQLi\Connection->execute('INSERT INTO `khm_obj_mst` (`object_type_id`, `object_class_id`, `object_name`, `deleted_at`, `enterprise_id`) VALUES (5, 16, \'HELLO\', 0, 1)')
 3 SYSTEMPATH\Database\BaseConnection.php(648): CodeIgniter\Database\BaseConnection->simpleQuery('INSERT INTO `khm_obj_mst` (`object_type_id`, `object_class_id`, `object_name`, `deleted_at`, `enterprise_id`) VALUES (5, 16, \'HELLO\', 0, 1)')
 4 SYSTEMPATH\Database\BaseBuilder.php(2340): CodeIgniter\Database\BaseConnection->query('INSERT INTO `khm_obj_mst` (`object_type_id`, `object_class_id`, `object_name`, `deleted_at`, `enterprise_id`) VALUES (:object_type_id:, :object_class_id:, :object_name:, :deleted_at:, :enterprise_id:)', [...], false)
 5 APPPATH\Models\EditRequestReasonModel.php(50): CodeIgniter\Database\BaseBuilder->insert([...])
 6 APPPATH\Controllers\EditRequestReasonController.php(84): App\Models\EditRequestReasonModel->insertEditRequestReason('HELLO')
 7 SYSTEMPATH\CodeIgniter.php(933): App\Controllers\EditRequestReasonController->save()
 8 SYSTEMPATH\CodeIgniter.php(509): CodeIgniter\CodeIgniter->runController(Object(App\Controllers\EditRequestReasonController))
 9 SYSTEMPATH\CodeIgniter.php(355): CodeIgniter\CodeIgniter->handleRequest(null, Object(Config\Cache), false)
10 SYSTEMPATH\Boot.php(334): CodeIgniter\CodeIgniter->run()
11 SYSTEMPATH\Boot.php(67): CodeIgniter\Boot::runCodeIgniter(Object(CodeIgniter\CodeIgniter))
12 FCPATH\index.php(56): CodeIgniter\Boot::bootWeb(Object(Config\Paths))
CRITICAL - 2025-04-15 07:20:25 --> BadMethodCallException: Call to undefined method App\Models\GeogModel::getDefaultSightseeingByLocation
[Method: POST, Route: GeogController/setDefault/96]
in SYSTEMPATH\Model.php on line 930.
 1 APPPATH\Controllers\GeogController.php(307): CodeIgniter\Model->__call('getDefaultSightseeingByLocation', [...])
 2 SYSTEMPATH\CodeIgniter.php(933): App\Controllers\GeogController->setDefault('96')
 3 SYSTEMPATH\CodeIgniter.php(509): CodeIgniter\CodeIgniter->runController(Object(App\Controllers\GeogController))
 4 SYSTEMPATH\CodeIgniter.php(355): CodeIgniter\CodeIgniter->handleRequest(null, Object(Config\Cache), false)
 5 SYSTEMPATH\Boot.php(334): CodeIgniter\CodeIgniter->run()
 6 SYSTEMPATH\Boot.php(67): CodeIgniter\Boot::runCodeIgniter(Object(CodeIgniter\CodeIgniter))
 7 FCPATH\index.php(56): CodeIgniter\Boot::bootWeb(Object(Config\Paths))
 ERROR - 2025-04-15 09:14:14 --> mysqli_sql_exception: Table 'khm_touracle_db.sightseeing_table' doesn't exist in C:\wamp64\www\khm\system\Database\MySQLi\Connection.php:312
Stack trace:
#0 C:\wamp64\www\khm\system\Database\MySQLi\Connection.php(312): mysqli->query('SELECT * FROM s...', 0)
#1 C:\wamp64\www\khm\system\Database\BaseConnection.php(734): CodeIgniter\Database\MySQLi\Connection->execute('SELECT * FROM s...')
#2 C:\wamp64\www\khm\system\Database\BaseConnection.php(648): CodeIgniter\Database\BaseConnection->simpleQuery('SELECT * FROM s...')
#3 C:\wamp64\www\khm\app\Models\GeogModel.php(162): CodeIgniter\Database\BaseConnection->query('SELECT * FROM s...', Array)
#4 C:\wamp64\www\khm\app\Controllers\GeogController.php(307): App\Models\GeogModel->getDefaultSightseeingByLocation('2476')
#5 C:\wamp64\www\khm\system\CodeIgniter.php(933): App\Controllers\GeogController->setDefault('163')
#6 C:\wamp64\www\khm\system\CodeIgniter.php(509): CodeIgniter\CodeIgniter->runController(Object(App\Controllers\GeogController))
#7 C:\wamp64\www\khm\system\CodeIgniter.php(355): CodeIgniter\CodeIgniter->handleRequest(NULL, Object(Config\Cache), false)
#8 C:\wamp64\www\khm\system\Boot.php(334): CodeIgniter\CodeIgniter->run()
#9 C:\wamp64\www\khm\system\Boot.php(67): CodeIgniter\Boot::runCodeIgniter(Object(CodeIgniter\CodeIgniter))
#10 C:\wamp64\www\khm\public\index.php(56): CodeIgniter\Boot::bootWeb(Object(Config\Paths))
#11 {main}
CRITICAL - 2025-04-15 09:14:14 --> CodeIgniter\Database\Exceptions\DatabaseException: Table 'khm_touracle_db.sightseeing_table' doesn't exist
[Method: POST, Route: GeogController/setDefault/163]
in SYSTEMPATH\Database\BaseConnection.php on line 688.
 1 APPPATH\Models\GeogModel.php(162): CodeIgniter\Database\BaseConnection->query('SELECT * FROM sightseeing_table WHERE object_id = ? AND is_default_ss = 1 LIMIT 1', [...])
 2 APPPATH\Controllers\GeogController.php(307): App\Models\GeogModel->getDefaultSightseeingByLocation('2476')
 3 SYSTEMPATH\CodeIgniter.php(933): App\Controllers\GeogController->setDefault('163')
 4 SYSTEMPATH\CodeIgniter.php(509): CodeIgniter\CodeIgniter->runController(Object(App\Controllers\GeogController))
 5 SYSTEMPATH\CodeIgniter.php(355): CodeIgniter\CodeIgniter->handleRequest(null, Object(Config\Cache), false)
 6 SYSTEMPATH\Boot.php(334): CodeIgniter\CodeIgniter->run()
 7 SYSTEMPATH\Boot.php(67): CodeIgniter\Boot::runCodeIgniter(Object(CodeIgniter\CodeIgniter))
 8 FCPATH\index.php(56): CodeIgniter\Boot::bootWeb(Object(Config\Paths))
CRITICAL - 2025-04-15 09:14:14 --> [Caused by] CodeIgniter\Database\Exceptions\DatabaseException: Table 'khm_touracle_db.sightseeing_table' doesn't exist
in SYSTEMPATH\Database\MySQLi\Connection.php on line 317.
 1 SYSTEMPATH\Database\BaseConnection.php(734): CodeIgniter\Database\MySQLi\Connection->execute('SELECT * FROM sightseeing_table WHERE object_id = \'2476\' AND is_default_ss = 1 LIMIT 1')
 2 SYSTEMPATH\Database\BaseConnection.php(648): CodeIgniter\Database\BaseConnection->simpleQuery('SELECT * FROM sightseeing_table WHERE object_id = \'2476\' AND is_default_ss = 1 LIMIT 1')
 3 APPPATH\Models\GeogModel.php(162): CodeIgniter\Database\BaseConnection->query('SELECT * FROM sightseeing_table WHERE object_id = ? AND is_default_ss = 1 LIMIT 1', [...])
 4 APPPATH\Controllers\GeogController.php(307): App\Models\GeogModel->getDefaultSightseeingByLocation('2476')
 5 SYSTEMPATH\CodeIgniter.php(933): App\Controllers\GeogController->setDefault('163')
 6 SYSTEMPATH\CodeIgniter.php(509): CodeIgniter\CodeIgniter->runController(Object(App\Controllers\GeogController))
 7 SYSTEMPATH\CodeIgniter.php(355): CodeIgniter\CodeIgniter->handleRequest(null, Object(Config\Cache), false)
 8 SYSTEMPATH\Boot.php(334): CodeIgniter\CodeIgniter->run()
 9 SYSTEMPATH\Boot.php(67): CodeIgniter\Boot::runCodeIgniter(Object(CodeIgniter\CodeIgniter))
10 FCPATH\index.php(56): CodeIgniter\Boot::bootWeb(Object(Config\Paths))
CRITICAL - 2025-04-15 09:14:14 --> [Caused by] mysqli_sql_exception: Table 'khm_touracle_db.sightseeing_table' doesn't exist
in SYSTEMPATH\Database\MySQLi\Connection.php on line 312.
 1 SYSTEMPATH\Database\MySQLi\Connection.php(312): mysqli->query('SELECT * FROM sightseeing_table WHERE object_id = \'2476\' AND is_default_ss = 1 LIMIT 1', 0)
 2 SYSTEMPATH\Database\BaseConnection.php(734): CodeIgniter\Database\MySQLi\Connection->execute('SELECT * FROM sightseeing_table WHERE object_id = \'2476\' AND is_default_ss = 1 LIMIT 1')
 3 SYSTEMPATH\Database\BaseConnection.php(648): CodeIgniter\Database\BaseConnection->simpleQuery('SELECT * FROM sightseeing_table WHERE object_id = \'2476\' AND is_default_ss = 1 LIMIT 1')
 4 APPPATH\Models\GeogModel.php(162): CodeIgniter\Database\BaseConnection->query('SELECT * FROM sightseeing_table WHERE object_id = ? AND is_default_ss = 1 LIMIT 1', [...])
 5 APPPATH\Controllers\GeogController.php(307): App\Models\GeogModel->getDefaultSightseeingByLocation('2476')
 6 SYSTEMPATH\CodeIgniter.php(933): App\Controllers\GeogController->setDefault('163')
 7 SYSTEMPATH\CodeIgniter.php(509): CodeIgniter\CodeIgniter->runController(Object(App\Controllers\GeogController))
 8 SYSTEMPATH\CodeIgniter.php(355): CodeIgniter\CodeIgniter->handleRequest(null, Object(Config\Cache), false)
 9 SYSTEMPATH\Boot.php(334): CodeIgniter\CodeIgniter->run()
10 SYSTEMPATH\Boot.php(67): CodeIgniter\Boot::runCodeIgniter(Object(CodeIgniter\CodeIgniter))
11 FCPATH\index.php(56): CodeIgniter\Boot::bootWeb(Object(Config\Paths))
ERROR - 2025-04-15 09:17:25 --> mysqli_sql_exception: Table 'khm_touracle_db.sightseeing_table' doesn't exist in C:\wamp64\www\khm\system\Database\MySQLi\Connection.php:312
Stack trace:
#0 C:\wamp64\www\khm\system\Database\MySQLi\Connection.php(312): mysqli->query('SELECT * FROM s...', 0)
#1 C:\wamp64\www\khm\system\Database\BaseConnection.php(734): CodeIgniter\Database\MySQLi\Connection->execute('SELECT * FROM s...')
#2 C:\wamp64\www\khm\system\Database\BaseConnection.php(648): CodeIgniter\Database\BaseConnection->simpleQuery('SELECT * FROM s...')
#3 C:\wamp64\www\khm\app\Models\GeogModel.php(162): CodeIgniter\Database\BaseConnection->query('SELECT * FROM s...', Array)
#4 C:\wamp64\www\khm\app\Controllers\GeogController.php(307): App\Models\GeogModel->getDefaultSightseeingByLocation('1942')
#5 C:\wamp64\www\khm\system\CodeIgniter.php(933): App\Controllers\GeogController->setDefault('96')
#6 C:\wamp64\www\khm\system\CodeIgniter.php(509): CodeIgniter\CodeIgniter->runController(Object(App\Controllers\GeogController))
#7 C:\wamp64\www\khm\system\CodeIgniter.php(355): CodeIgniter\CodeIgniter->handleRequest(NULL, Object(Config\Cache), false)
#8 C:\wamp64\www\khm\system\Boot.php(334): CodeIgniter\CodeIgniter->run()
#9 C:\wamp64\www\khm\system\Boot.php(67): CodeIgniter\Boot::runCodeIgniter(Object(CodeIgniter\CodeIgniter))
#10 C:\wamp64\www\khm\public\index.php(56): CodeIgniter\Boot::bootWeb(Object(Config\Paths))
#11 {main}
CRITICAL - 2025-04-15 09:17:25 --> CodeIgniter\Database\Exceptions\DatabaseException: Table 'khm_touracle_db.sightseeing_table' doesn't exist
[Method: POST, Route: GeogController/setDefault/96]
in SYSTEMPATH\Database\BaseConnection.php on line 688.
 1 APPPATH\Models\GeogModel.php(162): CodeIgniter\Database\BaseConnection->query('SELECT * FROM sightseeing_table WHERE object_id = ? AND is_default_ss = 1 LIMIT 1', [...])
 2 APPPATH\Controllers\GeogController.php(307): App\Models\GeogModel->getDefaultSightseeingByLocation('1942')
 3 SYSTEMPATH\CodeIgniter.php(933): App\Controllers\GeogController->setDefault('96')
 4 SYSTEMPATH\CodeIgniter.php(509): CodeIgniter\CodeIgniter->runController(Object(App\Controllers\GeogController))
 5 SYSTEMPATH\CodeIgniter.php(355): CodeIgniter\CodeIgniter->handleRequest(null, Object(Config\Cache), false)
 6 SYSTEMPATH\Boot.php(334): CodeIgniter\CodeIgniter->run()
 7 SYSTEMPATH\Boot.php(67): CodeIgniter\Boot::runCodeIgniter(Object(CodeIgniter\CodeIgniter))
 8 FCPATH\index.php(56): CodeIgniter\Boot::bootWeb(Object(Config\Paths))
CRITICAL - 2025-04-15 09:17:25 --> [Caused by] CodeIgniter\Database\Exceptions\DatabaseException: Table 'khm_touracle_db.sightseeing_table' doesn't exist
in SYSTEMPATH\Database\MySQLi\Connection.php on line 317.
 1 SYSTEMPATH\Database\BaseConnection.php(734): CodeIgniter\Database\MySQLi\Connection->execute('SELECT * FROM sightseeing_table WHERE object_id = \'1942\' AND is_default_ss = 1 LIMIT 1')
 2 SYSTEMPATH\Database\BaseConnection.php(648): CodeIgniter\Database\BaseConnection->simpleQuery('SELECT * FROM sightseeing_table WHERE object_id = \'1942\' AND is_default_ss = 1 LIMIT 1')
 3 APPPATH\Models\GeogModel.php(162): CodeIgniter\Database\BaseConnection->query('SELECT * FROM sightseeing_table WHERE object_id = ? AND is_default_ss = 1 LIMIT 1', [...])
 4 APPPATH\Controllers\GeogController.php(307): App\Models\GeogModel->getDefaultSightseeingByLocation('1942')
 5 SYSTEMPATH\CodeIgniter.php(933): App\Controllers\GeogController->setDefault('96')
 6 SYSTEMPATH\CodeIgniter.php(509): CodeIgniter\CodeIgniter->runController(Object(App\Controllers\GeogController))
 7 SYSTEMPATH\CodeIgniter.php(355): CodeIgniter\CodeIgniter->handleRequest(null, Object(Config\Cache), false)
 8 SYSTEMPATH\Boot.php(334): CodeIgniter\CodeIgniter->run()
 9 SYSTEMPATH\Boot.php(67): CodeIgniter\Boot::runCodeIgniter(Object(CodeIgniter\CodeIgniter))
10 FCPATH\index.php(56): CodeIgniter\Boot::bootWeb(Object(Config\Paths))
CRITICAL - 2025-04-15 09:17:25 --> [Caused by] mysqli_sql_exception: Table 'khm_touracle_db.sightseeing_table' doesn't exist
in SYSTEMPATH\Database\MySQLi\Connection.php on line 312.
 1 SYSTEMPATH\Database\MySQLi\Connection.php(312): mysqli->query('SELECT * FROM sightseeing_table WHERE object_id = \'1942\' AND is_default_ss = 1 LIMIT 1', 0)
 2 SYSTEMPATH\Database\BaseConnection.php(734): CodeIgniter\Database\MySQLi\Connection->execute('SELECT * FROM sightseeing_table WHERE object_id = \'1942\' AND is_default_ss = 1 LIMIT 1')
 3 SYSTEMPATH\Database\BaseConnection.php(648): CodeIgniter\Database\BaseConnection->simpleQuery('SELECT * FROM sightseeing_table WHERE object_id = \'1942\' AND is_default_ss = 1 LIMIT 1')
 4 APPPATH\Models\GeogModel.php(162): CodeIgniter\Database\BaseConnection->query('SELECT * FROM sightseeing_table WHERE object_id = ? AND is_default_ss = 1 LIMIT 1', [...])
 5 APPPATH\Controllers\GeogController.php(307): App\Models\GeogModel->getDefaultSightseeingByLocation('1942')
 6 SYSTEMPATH\CodeIgniter.php(933): App\Controllers\GeogController->setDefault('96')
 7 SYSTEMPATH\CodeIgniter.php(509): CodeIgniter\CodeIgniter->runController(Object(App\Controllers\GeogController))
 8 SYSTEMPATH\CodeIgniter.php(355): CodeIgniter\CodeIgniter->handleRequest(null, Object(Config\Cache), false)
 9 SYSTEMPATH\Boot.php(334): CodeIgniter\CodeIgniter->run()
10 SYSTEMPATH\Boot.php(67): CodeIgniter\Boot::runCodeIgniter(Object(CodeIgniter\CodeIgniter))
11 FCPATH\index.php(56): CodeIgniter\Boot::bootWeb(Object(Config\Paths))
