ERROR - 2025-09-28 06:42:31 --> mysqli_sql_exception: You have an error in your SQL syntax; check the manual that corresponds to your MySQL server version for the right syntax to use near 'AND r.object_id = 3 AND a.special_tariff_id = 781 AND h.meal_plan_id = 1' at line 1 in C:\wamp64\www\khm\system\Database\MySQLi\Connection.php:312
Stack trace:
#0 C:\wamp64\www\khm\system\Database\MySQLi\Connection.php(312): mysqli->query('SELECT a.tariff...', 0)
#1 C:\wamp64\www\khm\system\Database\BaseConnection.php(734): CodeIgniter\Database\MySQLi\Connection->execute('SELECT a.tariff...')
#2 C:\wamp64\www\khm\system\Database\BaseConnection.php(648): CodeIgniter\Database\BaseConnection->simpleQuery('SELECT a.tariff...')
#3 C:\wamp64\www\khm\app\Models\Enquiry_m.php(2482): CodeIgniter\Database\BaseConnection->query('SELECT a.tariff...')
#4 C:\wamp64\www\khm\app\Controllers\Enquiry.php(2723): App\Models\Enquiry_m->getTourTariffDetails(6, '', 2, '781', '3', '1')
#5 C:\wamp64\www\khm\system\CodeIgniter.php(933): App\Controllers\Enquiry->getTourTariffDetails()
#6 C:\wamp64\www\khm\system\CodeIgniter.php(509): CodeIgniter\CodeIgniter->runController(Object(App\Controllers\Enquiry))
#7 C:\wamp64\www\khm\system\CodeIgniter.php(355): CodeIgniter\CodeIgniter->handleRequest(NULL, Object(Config\Cache), false)
#8 C:\wamp64\www\khm\system\Boot.php(334): CodeIgniter\CodeIgniter->run()
#9 C:\wamp64\www\khm\system\Boot.php(67): CodeIgniter\Boot::runCodeIgniter(Object(CodeIgniter\CodeIgniter))
#10 C:\wamp64\www\khm\public\index.php(56): CodeIgniter\Boot::bootWeb(Object(Config\Paths))
#11 {main}
CRITICAL - 2025-09-28 06:42:31 --> CodeIgniter\Database\Exceptions\DatabaseException: You have an error in your SQL syntax; check the manual that corresponds to your MySQL server version for the right syntax to use near 'AND r.object_id = 3 AND a.special_tariff_id = 781 AND h.meal_plan_id = 1' at line 1
[Method: POST, Route: Enquiry/getTourTariffDetails]
in SYSTEMPATH\Database\BaseConnection.php on line 688.
 1 APPPATH\Models\Enquiry_m.php(2482): CodeIgniter\Database\BaseConnection->query('SELECT a.tariff FROM khm_obj_hotel_special_tariff a LEFT JOIN khm_obj_hotel_room_meal h ON h.hotel_room_meal_id = a.hotel_room_meal_id LEFT JOIN khm_obj_room r ON r.room_id = h.room_id WHERE r.room_type_id = 2 AND r.room_category_id =  AND r.object_id = 3 AND a.special_tariff_id = 781 AND h.meal_plan_id = 1')
 2 APPPATH\Controllers\Enquiry.php(2723): App\Models\Enquiry_m->getTourTariffDetails(6, '', 2, '781', '3', '1')
 3 SYSTEMPATH\CodeIgniter.php(933): App\Controllers\Enquiry->getTourTariffDetails()
 4 SYSTEMPATH\CodeIgniter.php(509): CodeIgniter\CodeIgniter->runController(Object(App\Controllers\Enquiry))
 5 SYSTEMPATH\CodeIgniter.php(355): CodeIgniter\CodeIgniter->handleRequest(null, Object(Config\Cache), false)
 6 SYSTEMPATH\Boot.php(334): CodeIgniter\CodeIgniter->run()
 7 SYSTEMPATH\Boot.php(67): CodeIgniter\Boot::runCodeIgniter(Object(CodeIgniter\CodeIgniter))
 8 FCPATH\index.php(56): CodeIgniter\Boot::bootWeb(Object(Config\Paths))
CRITICAL - 2025-09-28 06:42:31 --> [Caused by] CodeIgniter\Database\Exceptions\DatabaseException: You have an error in your SQL syntax; check the manual that corresponds to your MySQL server version for the right syntax to use near 'AND r.object_id = 3 AND a.special_tariff_id = 781 AND h.meal_plan_id = 1' at line 1
in SYSTEMPATH\Database\MySQLi\Connection.php on line 317.
 1 SYSTEMPATH\Database\BaseConnection.php(734): CodeIgniter\Database\MySQLi\Connection->execute('SELECT a.tariff FROM khm_obj_hotel_special_tariff a LEFT JOIN khm_obj_hotel_room_meal h ON h.hotel_room_meal_id = a.hotel_room_meal_id LEFT JOIN khm_obj_room r ON r.room_id = h.room_id WHERE r.room_type_id = 2 AND r.room_category_id =  AND r.object_id = 3 AND a.special_tariff_id = 781 AND h.meal_plan_id = 1')
 2 SYSTEMPATH\Database\BaseConnection.php(648): CodeIgniter\Database\BaseConnection->simpleQuery('SELECT a.tariff FROM khm_obj_hotel_special_tariff a LEFT JOIN khm_obj_hotel_room_meal h ON h.hotel_room_meal_id = a.hotel_room_meal_id LEFT JOIN khm_obj_room r ON r.room_id = h.room_id WHERE r.room_type_id = 2 AND r.room_category_id =  AND r.object_id = 3 AND a.special_tariff_id = 781 AND h.meal_plan_id = 1')
 3 APPPATH\Models\Enquiry_m.php(2482): CodeIgniter\Database\BaseConnection->query('SELECT a.tariff FROM khm_obj_hotel_special_tariff a LEFT JOIN khm_obj_hotel_room_meal h ON h.hotel_room_meal_id = a.hotel_room_meal_id LEFT JOIN khm_obj_room r ON r.room_id = h.room_id WHERE r.room_type_id = 2 AND r.room_category_id =  AND r.object_id = 3 AND a.special_tariff_id = 781 AND h.meal_plan_id = 1')
 4 APPPATH\Controllers\Enquiry.php(2723): App\Models\Enquiry_m->getTourTariffDetails(6, '', 2, '781', '3', '1')
 5 SYSTEMPATH\CodeIgniter.php(933): App\Controllers\Enquiry->getTourTariffDetails()
 6 SYSTEMPATH\CodeIgniter.php(509): CodeIgniter\CodeIgniter->runController(Object(App\Controllers\Enquiry))
 7 SYSTEMPATH\CodeIgniter.php(355): CodeIgniter\CodeIgniter->handleRequest(null, Object(Config\Cache), false)
 8 SYSTEMPATH\Boot.php(334): CodeIgniter\CodeIgniter->run()
 9 SYSTEMPATH\Boot.php(67): CodeIgniter\Boot::runCodeIgniter(Object(CodeIgniter\CodeIgniter))
10 FCPATH\index.php(56): CodeIgniter\Boot::bootWeb(Object(Config\Paths))
CRITICAL - 2025-09-28 06:42:31 --> [Caused by] mysqli_sql_exception: You have an error in your SQL syntax; check the manual that corresponds to your MySQL server version for the right syntax to use near 'AND r.object_id = 3 AND a.special_tariff_id = 781 AND h.meal_plan_id = 1' at line 1
in SYSTEMPATH\Database\MySQLi\Connection.php on line 312.
 1 SYSTEMPATH\Database\MySQLi\Connection.php(312): mysqli->query('SELECT a.tariff FROM khm_obj_hotel_special_tariff a LEFT JOIN khm_obj_hotel_room_meal h ON h.hotel_room_meal_id = a.hotel_room_meal_id LEFT JOIN khm_obj_room r ON r.room_id = h.room_id WHERE r.room_type_id = 2 AND r.room_category_id =  AND r.object_id = 3 AND a.special_tariff_id = 781 AND h.meal_plan_id = 1', 0)
 2 SYSTEMPATH\Database\BaseConnection.php(734): CodeIgniter\Database\MySQLi\Connection->execute('SELECT a.tariff FROM khm_obj_hotel_special_tariff a LEFT JOIN khm_obj_hotel_room_meal h ON h.hotel_room_meal_id = a.hotel_room_meal_id LEFT JOIN khm_obj_room r ON r.room_id = h.room_id WHERE r.room_type_id = 2 AND r.room_category_id =  AND r.object_id = 3 AND a.special_tariff_id = 781 AND h.meal_plan_id = 1')
 3 SYSTEMPATH\Database\BaseConnection.php(648): CodeIgniter\Database\BaseConnection->simpleQuery('SELECT a.tariff FROM khm_obj_hotel_special_tariff a LEFT JOIN khm_obj_hotel_room_meal h ON h.hotel_room_meal_id = a.hotel_room_meal_id LEFT JOIN khm_obj_room r ON r.room_id = h.room_id WHERE r.room_type_id = 2 AND r.room_category_id =  AND r.object_id = 3 AND a.special_tariff_id = 781 AND h.meal_plan_id = 1')
 4 APPPATH\Models\Enquiry_m.php(2482): CodeIgniter\Database\BaseConnection->query('SELECT a.tariff FROM khm_obj_hotel_special_tariff a LEFT JOIN khm_obj_hotel_room_meal h ON h.hotel_room_meal_id = a.hotel_room_meal_id LEFT JOIN khm_obj_room r ON r.room_id = h.room_id WHERE r.room_type_id = 2 AND r.room_category_id =  AND r.object_id = 3 AND a.special_tariff_id = 781 AND h.meal_plan_id = 1')
 5 APPPATH\Controllers\Enquiry.php(2723): App\Models\Enquiry_m->getTourTariffDetails(6, '', 2, '781', '3', '1')
 6 SYSTEMPATH\CodeIgniter.php(933): App\Controllers\Enquiry->getTourTariffDetails()
 7 SYSTEMPATH\CodeIgniter.php(509): CodeIgniter\CodeIgniter->runController(Object(App\Controllers\Enquiry))
 8 SYSTEMPATH\CodeIgniter.php(355): CodeIgniter\CodeIgniter->handleRequest(null, Object(Config\Cache), false)
 9 SYSTEMPATH\Boot.php(334): CodeIgniter\CodeIgniter->run()
10 SYSTEMPATH\Boot.php(67): CodeIgniter\Boot::runCodeIgniter(Object(CodeIgniter\CodeIgniter))
11 FCPATH\index.php(56): CodeIgniter\Boot::bootWeb(Object(Config\Paths))
ERROR - 2025-09-28 06:42:31 --> mysqli_sql_exception: You have an error in your SQL syntax; check the manual that corresponds to your MySQL server version for the right syntax to use near 'AND r.object_id = 3 AND a.special_tariff_id = 781 AND h.meal_plan_id = 1' at line 1 in C:\wamp64\www\khm\system\Database\MySQLi\Connection.php:312
Stack trace:
#0 C:\wamp64\www\khm\system\Database\MySQLi\Connection.php(312): mysqli->query('SELECT a.tariff...', 0)
#1 C:\wamp64\www\khm\system\Database\BaseConnection.php(734): CodeIgniter\Database\MySQLi\Connection->execute('SELECT a.tariff...')
#2 C:\wamp64\www\khm\system\Database\BaseConnection.php(648): CodeIgniter\Database\BaseConnection->simpleQuery('SELECT a.tariff...')
#3 C:\wamp64\www\khm\app\Models\Enquiry_m.php(2482): CodeIgniter\Database\BaseConnection->query('SELECT a.tariff...')
#4 C:\wamp64\www\khm\app\Controllers\Enquiry.php(2839): App\Models\Enquiry_m->getTourTariffDetails(6, '', 1, '781', '3', '1')
#5 C:\wamp64\www\khm\system\CodeIgniter.php(933): App\Controllers\Enquiry->getTourTariffDetails()
#6 C:\wamp64\www\khm\system\CodeIgniter.php(509): CodeIgniter\CodeIgniter->runController(Object(App\Controllers\Enquiry))
#7 C:\wamp64\www\khm\system\CodeIgniter.php(355): CodeIgniter\CodeIgniter->handleRequest(NULL, Object(Config\Cache), false)
#8 C:\wamp64\www\khm\system\Boot.php(334): CodeIgniter\CodeIgniter->run()
#9 C:\wamp64\www\khm\system\Boot.php(67): CodeIgniter\Boot::runCodeIgniter(Object(CodeIgniter\CodeIgniter))
#10 C:\wamp64\www\khm\public\index.php(56): CodeIgniter\Boot::bootWeb(Object(Config\Paths))
#11 {main}
CRITICAL - 2025-09-28 06:42:31 --> CodeIgniter\Database\Exceptions\DatabaseException: You have an error in your SQL syntax; check the manual that corresponds to your MySQL server version for the right syntax to use near 'AND r.object_id = 3 AND a.special_tariff_id = 781 AND h.meal_plan_id = 1' at line 1
[Method: POST, Route: Enquiry/getTourTariffDetails]
in SYSTEMPATH\Database\BaseConnection.php on line 688.
 1 APPPATH\Models\Enquiry_m.php(2482): CodeIgniter\Database\BaseConnection->query('SELECT a.tariff FROM khm_obj_hotel_special_tariff a LEFT JOIN khm_obj_hotel_room_meal h ON h.hotel_room_meal_id = a.hotel_room_meal_id LEFT JOIN khm_obj_room r ON r.room_id = h.room_id WHERE r.room_type_id = 1 AND r.room_category_id =  AND r.object_id = 3 AND a.special_tariff_id = 781 AND h.meal_plan_id = 1')
 2 APPPATH\Controllers\Enquiry.php(2839): App\Models\Enquiry_m->getTourTariffDetails(6, '', 1, '781', '3', '1')
 3 SYSTEMPATH\CodeIgniter.php(933): App\Controllers\Enquiry->getTourTariffDetails()
 4 SYSTEMPATH\CodeIgniter.php(509): CodeIgniter\CodeIgniter->runController(Object(App\Controllers\Enquiry))
 5 SYSTEMPATH\CodeIgniter.php(355): CodeIgniter\CodeIgniter->handleRequest(null, Object(Config\Cache), false)
 6 SYSTEMPATH\Boot.php(334): CodeIgniter\CodeIgniter->run()
 7 SYSTEMPATH\Boot.php(67): CodeIgniter\Boot::runCodeIgniter(Object(CodeIgniter\CodeIgniter))
 8 FCPATH\index.php(56): CodeIgniter\Boot::bootWeb(Object(Config\Paths))
CRITICAL - 2025-09-28 06:42:31 --> [Caused by] CodeIgniter\Database\Exceptions\DatabaseException: You have an error in your SQL syntax; check the manual that corresponds to your MySQL server version for the right syntax to use near 'AND r.object_id = 3 AND a.special_tariff_id = 781 AND h.meal_plan_id = 1' at line 1
in SYSTEMPATH\Database\MySQLi\Connection.php on line 317.
 1 SYSTEMPATH\Database\BaseConnection.php(734): CodeIgniter\Database\MySQLi\Connection->execute('SELECT a.tariff FROM khm_obj_hotel_special_tariff a LEFT JOIN khm_obj_hotel_room_meal h ON h.hotel_room_meal_id = a.hotel_room_meal_id LEFT JOIN khm_obj_room r ON r.room_id = h.room_id WHERE r.room_type_id = 1 AND r.room_category_id =  AND r.object_id = 3 AND a.special_tariff_id = 781 AND h.meal_plan_id = 1')
 2 SYSTEMPATH\Database\BaseConnection.php(648): CodeIgniter\Database\BaseConnection->simpleQuery('SELECT a.tariff FROM khm_obj_hotel_special_tariff a LEFT JOIN khm_obj_hotel_room_meal h ON h.hotel_room_meal_id = a.hotel_room_meal_id LEFT JOIN khm_obj_room r ON r.room_id = h.room_id WHERE r.room_type_id = 1 AND r.room_category_id =  AND r.object_id = 3 AND a.special_tariff_id = 781 AND h.meal_plan_id = 1')
 3 APPPATH\Models\Enquiry_m.php(2482): CodeIgniter\Database\BaseConnection->query('SELECT a.tariff FROM khm_obj_hotel_special_tariff a LEFT JOIN khm_obj_hotel_room_meal h ON h.hotel_room_meal_id = a.hotel_room_meal_id LEFT JOIN khm_obj_room r ON r.room_id = h.room_id WHERE r.room_type_id = 1 AND r.room_category_id =  AND r.object_id = 3 AND a.special_tariff_id = 781 AND h.meal_plan_id = 1')
 4 APPPATH\Controllers\Enquiry.php(2839): App\Models\Enquiry_m->getTourTariffDetails(6, '', 1, '781', '3', '1')
 5 SYSTEMPATH\CodeIgniter.php(933): App\Controllers\Enquiry->getTourTariffDetails()
 6 SYSTEMPATH\CodeIgniter.php(509): CodeIgniter\CodeIgniter->runController(Object(App\Controllers\Enquiry))
 7 SYSTEMPATH\CodeIgniter.php(355): CodeIgniter\CodeIgniter->handleRequest(null, Object(Config\Cache), false)
 8 SYSTEMPATH\Boot.php(334): CodeIgniter\CodeIgniter->run()
 9 SYSTEMPATH\Boot.php(67): CodeIgniter\Boot::runCodeIgniter(Object(CodeIgniter\CodeIgniter))
10 FCPATH\index.php(56): CodeIgniter\Boot::bootWeb(Object(Config\Paths))
CRITICAL - 2025-09-28 06:42:31 --> [Caused by] mysqli_sql_exception: You have an error in your SQL syntax; check the manual that corresponds to your MySQL server version for the right syntax to use near 'AND r.object_id = 3 AND a.special_tariff_id = 781 AND h.meal_plan_id = 1' at line 1
in SYSTEMPATH\Database\MySQLi\Connection.php on line 312.
 1 SYSTEMPATH\Database\MySQLi\Connection.php(312): mysqli->query('SELECT a.tariff FROM khm_obj_hotel_special_tariff a LEFT JOIN khm_obj_hotel_room_meal h ON h.hotel_room_meal_id = a.hotel_room_meal_id LEFT JOIN khm_obj_room r ON r.room_id = h.room_id WHERE r.room_type_id = 1 AND r.room_category_id =  AND r.object_id = 3 AND a.special_tariff_id = 781 AND h.meal_plan_id = 1', 0)
 2 SYSTEMPATH\Database\BaseConnection.php(734): CodeIgniter\Database\MySQLi\Connection->execute('SELECT a.tariff FROM khm_obj_hotel_special_tariff a LEFT JOIN khm_obj_hotel_room_meal h ON h.hotel_room_meal_id = a.hotel_room_meal_id LEFT JOIN khm_obj_room r ON r.room_id = h.room_id WHERE r.room_type_id = 1 AND r.room_category_id =  AND r.object_id = 3 AND a.special_tariff_id = 781 AND h.meal_plan_id = 1')
 3 SYSTEMPATH\Database\BaseConnection.php(648): CodeIgniter\Database\BaseConnection->simpleQuery('SELECT a.tariff FROM khm_obj_hotel_special_tariff a LEFT JOIN khm_obj_hotel_room_meal h ON h.hotel_room_meal_id = a.hotel_room_meal_id LEFT JOIN khm_obj_room r ON r.room_id = h.room_id WHERE r.room_type_id = 1 AND r.room_category_id =  AND r.object_id = 3 AND a.special_tariff_id = 781 AND h.meal_plan_id = 1')
 4 APPPATH\Models\Enquiry_m.php(2482): CodeIgniter\Database\BaseConnection->query('SELECT a.tariff FROM khm_obj_hotel_special_tariff a LEFT JOIN khm_obj_hotel_room_meal h ON h.hotel_room_meal_id = a.hotel_room_meal_id LEFT JOIN khm_obj_room r ON r.room_id = h.room_id WHERE r.room_type_id = 1 AND r.room_category_id =  AND r.object_id = 3 AND a.special_tariff_id = 781 AND h.meal_plan_id = 1')
 5 APPPATH\Controllers\Enquiry.php(2839): App\Models\Enquiry_m->getTourTariffDetails(6, '', 1, '781', '3', '1')
 6 SYSTEMPATH\CodeIgniter.php(933): App\Controllers\Enquiry->getTourTariffDetails()
 7 SYSTEMPATH\CodeIgniter.php(509): CodeIgniter\CodeIgniter->runController(Object(App\Controllers\Enquiry))
 8 SYSTEMPATH\CodeIgniter.php(355): CodeIgniter\CodeIgniter->handleRequest(null, Object(Config\Cache), false)
 9 SYSTEMPATH\Boot.php(334): CodeIgniter\CodeIgniter->run()
10 SYSTEMPATH\Boot.php(67): CodeIgniter\Boot::runCodeIgniter(Object(CodeIgniter\CodeIgniter))
11 FCPATH\index.php(56): CodeIgniter\Boot::bootWeb(Object(Config\Paths))
ERROR - 2025-09-28 06:42:31 --> mysqli_sql_exception: You have an error in your SQL syntax; check the manual that corresponds to your MySQL server version for the right syntax to use near 'AND r.object_id = 3 AND a.special_tariff_id = 781 AND h.meal_plan_id = 1' at line 1 in C:\wamp64\www\khm\system\Database\MySQLi\Connection.php:312
Stack trace:
#0 C:\wamp64\www\khm\system\Database\MySQLi\Connection.php(312): mysqli->query('SELECT a.tariff...', 0)
#1 C:\wamp64\www\khm\system\Database\BaseConnection.php(734): CodeIgniter\Database\MySQLi\Connection->execute('SELECT a.tariff...')
#2 C:\wamp64\www\khm\system\Database\BaseConnection.php(648): CodeIgniter\Database\BaseConnection->simpleQuery('SELECT a.tariff...')
#3 C:\wamp64\www\khm\app\Models\Enquiry_m.php(2482): CodeIgniter\Database\BaseConnection->query('SELECT a.tariff...')
#4 C:\wamp64\www\khm\app\Controllers\Enquiry.php(2723): App\Models\Enquiry_m->getTourTariffDetails(6, '', 2, '781', '3', '1')
#5 C:\wamp64\www\khm\system\CodeIgniter.php(933): App\Controllers\Enquiry->getTourTariffDetails()
#6 C:\wamp64\www\khm\system\CodeIgniter.php(509): CodeIgniter\CodeIgniter->runController(Object(App\Controllers\Enquiry))
#7 C:\wamp64\www\khm\system\CodeIgniter.php(355): CodeIgniter\CodeIgniter->handleRequest(NULL, Object(Config\Cache), false)
#8 C:\wamp64\www\khm\system\Boot.php(334): CodeIgniter\CodeIgniter->run()
#9 C:\wamp64\www\khm\system\Boot.php(67): CodeIgniter\Boot::runCodeIgniter(Object(CodeIgniter\CodeIgniter))
#10 C:\wamp64\www\khm\public\index.php(56): CodeIgniter\Boot::bootWeb(Object(Config\Paths))
#11 {main}
CRITICAL - 2025-09-28 06:42:31 --> CodeIgniter\Database\Exceptions\DatabaseException: You have an error in your SQL syntax; check the manual that corresponds to your MySQL server version for the right syntax to use near 'AND r.object_id = 3 AND a.special_tariff_id = 781 AND h.meal_plan_id = 1' at line 1
[Method: POST, Route: Enquiry/getTourTariffDetails]
in SYSTEMPATH\Database\BaseConnection.php on line 688.
 1 APPPATH\Models\Enquiry_m.php(2482): CodeIgniter\Database\BaseConnection->query('SELECT a.tariff FROM khm_obj_hotel_special_tariff a LEFT JOIN khm_obj_hotel_room_meal h ON h.hotel_room_meal_id = a.hotel_room_meal_id LEFT JOIN khm_obj_room r ON r.room_id = h.room_id WHERE r.room_type_id = 2 AND r.room_category_id =  AND r.object_id = 3 AND a.special_tariff_id = 781 AND h.meal_plan_id = 1')
 2 APPPATH\Controllers\Enquiry.php(2723): App\Models\Enquiry_m->getTourTariffDetails(6, '', 2, '781', '3', '1')
 3 SYSTEMPATH\CodeIgniter.php(933): App\Controllers\Enquiry->getTourTariffDetails()
 4 SYSTEMPATH\CodeIgniter.php(509): CodeIgniter\CodeIgniter->runController(Object(App\Controllers\Enquiry))
 5 SYSTEMPATH\CodeIgniter.php(355): CodeIgniter\CodeIgniter->handleRequest(null, Object(Config\Cache), false)
 6 SYSTEMPATH\Boot.php(334): CodeIgniter\CodeIgniter->run()
 7 SYSTEMPATH\Boot.php(67): CodeIgniter\Boot::runCodeIgniter(Object(CodeIgniter\CodeIgniter))
 8 FCPATH\index.php(56): CodeIgniter\Boot::bootWeb(Object(Config\Paths))
CRITICAL - 2025-09-28 06:42:31 --> [Caused by] CodeIgniter\Database\Exceptions\DatabaseException: You have an error in your SQL syntax; check the manual that corresponds to your MySQL server version for the right syntax to use near 'AND r.object_id = 3 AND a.special_tariff_id = 781 AND h.meal_plan_id = 1' at line 1
in SYSTEMPATH\Database\MySQLi\Connection.php on line 317.
 1 SYSTEMPATH\Database\BaseConnection.php(734): CodeIgniter\Database\MySQLi\Connection->execute('SELECT a.tariff FROM khm_obj_hotel_special_tariff a LEFT JOIN khm_obj_hotel_room_meal h ON h.hotel_room_meal_id = a.hotel_room_meal_id LEFT JOIN khm_obj_room r ON r.room_id = h.room_id WHERE r.room_type_id = 2 AND r.room_category_id =  AND r.object_id = 3 AND a.special_tariff_id = 781 AND h.meal_plan_id = 1')
 2 SYSTEMPATH\Database\BaseConnection.php(648): CodeIgniter\Database\BaseConnection->simpleQuery('SELECT a.tariff FROM khm_obj_hotel_special_tariff a LEFT JOIN khm_obj_hotel_room_meal h ON h.hotel_room_meal_id = a.hotel_room_meal_id LEFT JOIN khm_obj_room r ON r.room_id = h.room_id WHERE r.room_type_id = 2 AND r.room_category_id =  AND r.object_id = 3 AND a.special_tariff_id = 781 AND h.meal_plan_id = 1')
 3 APPPATH\Models\Enquiry_m.php(2482): CodeIgniter\Database\BaseConnection->query('SELECT a.tariff FROM khm_obj_hotel_special_tariff a LEFT JOIN khm_obj_hotel_room_meal h ON h.hotel_room_meal_id = a.hotel_room_meal_id LEFT JOIN khm_obj_room r ON r.room_id = h.room_id WHERE r.room_type_id = 2 AND r.room_category_id =  AND r.object_id = 3 AND a.special_tariff_id = 781 AND h.meal_plan_id = 1')
 4 APPPATH\Controllers\Enquiry.php(2723): App\Models\Enquiry_m->getTourTariffDetails(6, '', 2, '781', '3', '1')
 5 SYSTEMPATH\CodeIgniter.php(933): App\Controllers\Enquiry->getTourTariffDetails()
 6 SYSTEMPATH\CodeIgniter.php(509): CodeIgniter\CodeIgniter->runController(Object(App\Controllers\Enquiry))
 7 SYSTEMPATH\CodeIgniter.php(355): CodeIgniter\CodeIgniter->handleRequest(null, Object(Config\Cache), false)
 8 SYSTEMPATH\Boot.php(334): CodeIgniter\CodeIgniter->run()
 9 SYSTEMPATH\Boot.php(67): CodeIgniter\Boot::runCodeIgniter(Object(CodeIgniter\CodeIgniter))
10 FCPATH\index.php(56): CodeIgniter\Boot::bootWeb(Object(Config\Paths))
CRITICAL - 2025-09-28 06:42:31 --> [Caused by] mysqli_sql_exception: You have an error in your SQL syntax; check the manual that corresponds to your MySQL server version for the right syntax to use near 'AND r.object_id = 3 AND a.special_tariff_id = 781 AND h.meal_plan_id = 1' at line 1
in SYSTEMPATH\Database\MySQLi\Connection.php on line 312.
 1 SYSTEMPATH\Database\MySQLi\Connection.php(312): mysqli->query('SELECT a.tariff FROM khm_obj_hotel_special_tariff a LEFT JOIN khm_obj_hotel_room_meal h ON h.hotel_room_meal_id = a.hotel_room_meal_id LEFT JOIN khm_obj_room r ON r.room_id = h.room_id WHERE r.room_type_id = 2 AND r.room_category_id =  AND r.object_id = 3 AND a.special_tariff_id = 781 AND h.meal_plan_id = 1', 0)
 2 SYSTEMPATH\Database\BaseConnection.php(734): CodeIgniter\Database\MySQLi\Connection->execute('SELECT a.tariff FROM khm_obj_hotel_special_tariff a LEFT JOIN khm_obj_hotel_room_meal h ON h.hotel_room_meal_id = a.hotel_room_meal_id LEFT JOIN khm_obj_room r ON r.room_id = h.room_id WHERE r.room_type_id = 2 AND r.room_category_id =  AND r.object_id = 3 AND a.special_tariff_id = 781 AND h.meal_plan_id = 1')
 3 SYSTEMPATH\Database\BaseConnection.php(648): CodeIgniter\Database\BaseConnection->simpleQuery('SELECT a.tariff FROM khm_obj_hotel_special_tariff a LEFT JOIN khm_obj_hotel_room_meal h ON h.hotel_room_meal_id = a.hotel_room_meal_id LEFT JOIN khm_obj_room r ON r.room_id = h.room_id WHERE r.room_type_id = 2 AND r.room_category_id =  AND r.object_id = 3 AND a.special_tariff_id = 781 AND h.meal_plan_id = 1')
 4 APPPATH\Models\Enquiry_m.php(2482): CodeIgniter\Database\BaseConnection->query('SELECT a.tariff FROM khm_obj_hotel_special_tariff a LEFT JOIN khm_obj_hotel_room_meal h ON h.hotel_room_meal_id = a.hotel_room_meal_id LEFT JOIN khm_obj_room r ON r.room_id = h.room_id WHERE r.room_type_id = 2 AND r.room_category_id =  AND r.object_id = 3 AND a.special_tariff_id = 781 AND h.meal_plan_id = 1')
 5 APPPATH\Controllers\Enquiry.php(2723): App\Models\Enquiry_m->getTourTariffDetails(6, '', 2, '781', '3', '1')
 6 SYSTEMPATH\CodeIgniter.php(933): App\Controllers\Enquiry->getTourTariffDetails()
 7 SYSTEMPATH\CodeIgniter.php(509): CodeIgniter\CodeIgniter->runController(Object(App\Controllers\Enquiry))
 8 SYSTEMPATH\CodeIgniter.php(355): CodeIgniter\CodeIgniter->handleRequest(null, Object(Config\Cache), false)
 9 SYSTEMPATH\Boot.php(334): CodeIgniter\CodeIgniter->run()
10 SYSTEMPATH\Boot.php(67): CodeIgniter\Boot::runCodeIgniter(Object(CodeIgniter\CodeIgniter))
11 FCPATH\index.php(56): CodeIgniter\Boot::bootWeb(Object(Config\Paths))
ERROR - 2025-09-28 06:42:32 --> mysqli_sql_exception: You have an error in your SQL syntax; check the manual that corresponds to your MySQL server version for the right syntax to use near 'AND r.object_id = 3 AND a.special_tariff_id = 781 AND h.meal_plan_id = 1' at line 1 in C:\wamp64\www\khm\system\Database\MySQLi\Connection.php:312
Stack trace:
#0 C:\wamp64\www\khm\system\Database\MySQLi\Connection.php(312): mysqli->query('SELECT a.tariff...', 0)
#1 C:\wamp64\www\khm\system\Database\BaseConnection.php(734): CodeIgniter\Database\MySQLi\Connection->execute('SELECT a.tariff...')
#2 C:\wamp64\www\khm\system\Database\BaseConnection.php(648): CodeIgniter\Database\BaseConnection->simpleQuery('SELECT a.tariff...')
#3 C:\wamp64\www\khm\app\Models\Enquiry_m.php(2482): CodeIgniter\Database\BaseConnection->query('SELECT a.tariff...')
#4 C:\wamp64\www\khm\app\Controllers\Enquiry.php(2839): App\Models\Enquiry_m->getTourTariffDetails(6, '', 1, '781', '3', '1')
#5 C:\wamp64\www\khm\system\CodeIgniter.php(933): App\Controllers\Enquiry->getTourTariffDetails()
#6 C:\wamp64\www\khm\system\CodeIgniter.php(509): CodeIgniter\CodeIgniter->runController(Object(App\Controllers\Enquiry))
#7 C:\wamp64\www\khm\system\CodeIgniter.php(355): CodeIgniter\CodeIgniter->handleRequest(NULL, Object(Config\Cache), false)
#8 C:\wamp64\www\khm\system\Boot.php(334): CodeIgniter\CodeIgniter->run()
#9 C:\wamp64\www\khm\system\Boot.php(67): CodeIgniter\Boot::runCodeIgniter(Object(CodeIgniter\CodeIgniter))
#10 C:\wamp64\www\khm\public\index.php(56): CodeIgniter\Boot::bootWeb(Object(Config\Paths))
#11 {main}
CRITICAL - 2025-09-28 06:42:32 --> CodeIgniter\Database\Exceptions\DatabaseException: You have an error in your SQL syntax; check the manual that corresponds to your MySQL server version for the right syntax to use near 'AND r.object_id = 3 AND a.special_tariff_id = 781 AND h.meal_plan_id = 1' at line 1
[Method: POST, Route: Enquiry/getTourTariffDetails]
in SYSTEMPATH\Database\BaseConnection.php on line 688.
 1 APPPATH\Models\Enquiry_m.php(2482): CodeIgniter\Database\BaseConnection->query('SELECT a.tariff FROM khm_obj_hotel_special_tariff a LEFT JOIN khm_obj_hotel_room_meal h ON h.hotel_room_meal_id = a.hotel_room_meal_id LEFT JOIN khm_obj_room r ON r.room_id = h.room_id WHERE r.room_type_id = 1 AND r.room_category_id =  AND r.object_id = 3 AND a.special_tariff_id = 781 AND h.meal_plan_id = 1')
 2 APPPATH\Controllers\Enquiry.php(2839): App\Models\Enquiry_m->getTourTariffDetails(6, '', 1, '781', '3', '1')
 3 SYSTEMPATH\CodeIgniter.php(933): App\Controllers\Enquiry->getTourTariffDetails()
 4 SYSTEMPATH\CodeIgniter.php(509): CodeIgniter\CodeIgniter->runController(Object(App\Controllers\Enquiry))
 5 SYSTEMPATH\CodeIgniter.php(355): CodeIgniter\CodeIgniter->handleRequest(null, Object(Config\Cache), false)
 6 SYSTEMPATH\Boot.php(334): CodeIgniter\CodeIgniter->run()
 7 SYSTEMPATH\Boot.php(67): CodeIgniter\Boot::runCodeIgniter(Object(CodeIgniter\CodeIgniter))
 8 FCPATH\index.php(56): CodeIgniter\Boot::bootWeb(Object(Config\Paths))
CRITICAL - 2025-09-28 06:42:32 --> [Caused by] CodeIgniter\Database\Exceptions\DatabaseException: You have an error in your SQL syntax; check the manual that corresponds to your MySQL server version for the right syntax to use near 'AND r.object_id = 3 AND a.special_tariff_id = 781 AND h.meal_plan_id = 1' at line 1
in SYSTEMPATH\Database\MySQLi\Connection.php on line 317.
 1 SYSTEMPATH\Database\BaseConnection.php(734): CodeIgniter\Database\MySQLi\Connection->execute('SELECT a.tariff FROM khm_obj_hotel_special_tariff a LEFT JOIN khm_obj_hotel_room_meal h ON h.hotel_room_meal_id = a.hotel_room_meal_id LEFT JOIN khm_obj_room r ON r.room_id = h.room_id WHERE r.room_type_id = 1 AND r.room_category_id =  AND r.object_id = 3 AND a.special_tariff_id = 781 AND h.meal_plan_id = 1')
 2 SYSTEMPATH\Database\BaseConnection.php(648): CodeIgniter\Database\BaseConnection->simpleQuery('SELECT a.tariff FROM khm_obj_hotel_special_tariff a LEFT JOIN khm_obj_hotel_room_meal h ON h.hotel_room_meal_id = a.hotel_room_meal_id LEFT JOIN khm_obj_room r ON r.room_id = h.room_id WHERE r.room_type_id = 1 AND r.room_category_id =  AND r.object_id = 3 AND a.special_tariff_id = 781 AND h.meal_plan_id = 1')
 3 APPPATH\Models\Enquiry_m.php(2482): CodeIgniter\Database\BaseConnection->query('SELECT a.tariff FROM khm_obj_hotel_special_tariff a LEFT JOIN khm_obj_hotel_room_meal h ON h.hotel_room_meal_id = a.hotel_room_meal_id LEFT JOIN khm_obj_room r ON r.room_id = h.room_id WHERE r.room_type_id = 1 AND r.room_category_id =  AND r.object_id = 3 AND a.special_tariff_id = 781 AND h.meal_plan_id = 1')
 4 APPPATH\Controllers\Enquiry.php(2839): App\Models\Enquiry_m->getTourTariffDetails(6, '', 1, '781', '3', '1')
 5 SYSTEMPATH\CodeIgniter.php(933): App\Controllers\Enquiry->getTourTariffDetails()
 6 SYSTEMPATH\CodeIgniter.php(509): CodeIgniter\CodeIgniter->runController(Object(App\Controllers\Enquiry))
 7 SYSTEMPATH\CodeIgniter.php(355): CodeIgniter\CodeIgniter->handleRequest(null, Object(Config\Cache), false)
 8 SYSTEMPATH\Boot.php(334): CodeIgniter\CodeIgniter->run()
 9 SYSTEMPATH\Boot.php(67): CodeIgniter\Boot::runCodeIgniter(Object(CodeIgniter\CodeIgniter))
10 FCPATH\index.php(56): CodeIgniter\Boot::bootWeb(Object(Config\Paths))
CRITICAL - 2025-09-28 06:42:32 --> [Caused by] mysqli_sql_exception: You have an error in your SQL syntax; check the manual that corresponds to your MySQL server version for the right syntax to use near 'AND r.object_id = 3 AND a.special_tariff_id = 781 AND h.meal_plan_id = 1' at line 1
in SYSTEMPATH\Database\MySQLi\Connection.php on line 312.
 1 SYSTEMPATH\Database\MySQLi\Connection.php(312): mysqli->query('SELECT a.tariff FROM khm_obj_hotel_special_tariff a LEFT JOIN khm_obj_hotel_room_meal h ON h.hotel_room_meal_id = a.hotel_room_meal_id LEFT JOIN khm_obj_room r ON r.room_id = h.room_id WHERE r.room_type_id = 1 AND r.room_category_id =  AND r.object_id = 3 AND a.special_tariff_id = 781 AND h.meal_plan_id = 1', 0)
 2 SYSTEMPATH\Database\BaseConnection.php(734): CodeIgniter\Database\MySQLi\Connection->execute('SELECT a.tariff FROM khm_obj_hotel_special_tariff a LEFT JOIN khm_obj_hotel_room_meal h ON h.hotel_room_meal_id = a.hotel_room_meal_id LEFT JOIN khm_obj_room r ON r.room_id = h.room_id WHERE r.room_type_id = 1 AND r.room_category_id =  AND r.object_id = 3 AND a.special_tariff_id = 781 AND h.meal_plan_id = 1')
 3 SYSTEMPATH\Database\BaseConnection.php(648): CodeIgniter\Database\BaseConnection->simpleQuery('SELECT a.tariff FROM khm_obj_hotel_special_tariff a LEFT JOIN khm_obj_hotel_room_meal h ON h.hotel_room_meal_id = a.hotel_room_meal_id LEFT JOIN khm_obj_room r ON r.room_id = h.room_id WHERE r.room_type_id = 1 AND r.room_category_id =  AND r.object_id = 3 AND a.special_tariff_id = 781 AND h.meal_plan_id = 1')
 4 APPPATH\Models\Enquiry_m.php(2482): CodeIgniter\Database\BaseConnection->query('SELECT a.tariff FROM khm_obj_hotel_special_tariff a LEFT JOIN khm_obj_hotel_room_meal h ON h.hotel_room_meal_id = a.hotel_room_meal_id LEFT JOIN khm_obj_room r ON r.room_id = h.room_id WHERE r.room_type_id = 1 AND r.room_category_id =  AND r.object_id = 3 AND a.special_tariff_id = 781 AND h.meal_plan_id = 1')
 5 APPPATH\Controllers\Enquiry.php(2839): App\Models\Enquiry_m->getTourTariffDetails(6, '', 1, '781', '3', '1')
 6 SYSTEMPATH\CodeIgniter.php(933): App\Controllers\Enquiry->getTourTariffDetails()
 7 SYSTEMPATH\CodeIgniter.php(509): CodeIgniter\CodeIgniter->runController(Object(App\Controllers\Enquiry))
 8 SYSTEMPATH\CodeIgniter.php(355): CodeIgniter\CodeIgniter->handleRequest(null, Object(Config\Cache), false)
 9 SYSTEMPATH\Boot.php(334): CodeIgniter\CodeIgniter->run()
10 SYSTEMPATH\Boot.php(67): CodeIgniter\Boot::runCodeIgniter(Object(CodeIgniter\CodeIgniter))
11 FCPATH\index.php(56): CodeIgniter\Boot::bootWeb(Object(Config\Paths))
ERROR - 2025-09-28 06:42:32 --> mysqli_sql_exception: You have an error in your SQL syntax; check the manual that corresponds to your MySQL server version for the right syntax to use near 'AND r.object_id = 3 AND a.special_tariff_id = 781 AND h.meal_plan_id = 1' at line 1 in C:\wamp64\www\khm\system\Database\MySQLi\Connection.php:312
Stack trace:
#0 C:\wamp64\www\khm\system\Database\MySQLi\Connection.php(312): mysqli->query('SELECT a.tariff...', 0)
#1 C:\wamp64\www\khm\system\Database\BaseConnection.php(734): CodeIgniter\Database\MySQLi\Connection->execute('SELECT a.tariff...')
#2 C:\wamp64\www\khm\system\Database\BaseConnection.php(648): CodeIgniter\Database\BaseConnection->simpleQuery('SELECT a.tariff...')
#3 C:\wamp64\www\khm\app\Models\Enquiry_m.php(2482): CodeIgniter\Database\BaseConnection->query('SELECT a.tariff...')
#4 C:\wamp64\www\khm\app\Controllers\Enquiry.php(2839): App\Models\Enquiry_m->getTourTariffDetails(6, '', 1, '781', '3', '1')
#5 C:\wamp64\www\khm\system\CodeIgniter.php(933): App\Controllers\Enquiry->getTourTariffDetails()
#6 C:\wamp64\www\khm\system\CodeIgniter.php(509): CodeIgniter\CodeIgniter->runController(Object(App\Controllers\Enquiry))
#7 C:\wamp64\www\khm\system\CodeIgniter.php(355): CodeIgniter\CodeIgniter->handleRequest(NULL, Object(Config\Cache), false)
#8 C:\wamp64\www\khm\system\Boot.php(334): CodeIgniter\CodeIgniter->run()
#9 C:\wamp64\www\khm\system\Boot.php(67): CodeIgniter\Boot::runCodeIgniter(Object(CodeIgniter\CodeIgniter))
#10 C:\wamp64\www\khm\public\index.php(56): CodeIgniter\Boot::bootWeb(Object(Config\Paths))
#11 {main}
CRITICAL - 2025-09-28 06:42:32 --> CodeIgniter\Database\Exceptions\DatabaseException: You have an error in your SQL syntax; check the manual that corresponds to your MySQL server version for the right syntax to use near 'AND r.object_id = 3 AND a.special_tariff_id = 781 AND h.meal_plan_id = 1' at line 1
[Method: POST, Route: Enquiry/getTourTariffDetails]
in SYSTEMPATH\Database\BaseConnection.php on line 688.
 1 APPPATH\Models\Enquiry_m.php(2482): CodeIgniter\Database\BaseConnection->query('SELECT a.tariff FROM khm_obj_hotel_special_tariff a LEFT JOIN khm_obj_hotel_room_meal h ON h.hotel_room_meal_id = a.hotel_room_meal_id LEFT JOIN khm_obj_room r ON r.room_id = h.room_id WHERE r.room_type_id = 1 AND r.room_category_id =  AND r.object_id = 3 AND a.special_tariff_id = 781 AND h.meal_plan_id = 1')
 2 APPPATH\Controllers\Enquiry.php(2839): App\Models\Enquiry_m->getTourTariffDetails(6, '', 1, '781', '3', '1')
 3 SYSTEMPATH\CodeIgniter.php(933): App\Controllers\Enquiry->getTourTariffDetails()
 4 SYSTEMPATH\CodeIgniter.php(509): CodeIgniter\CodeIgniter->runController(Object(App\Controllers\Enquiry))
 5 SYSTEMPATH\CodeIgniter.php(355): CodeIgniter\CodeIgniter->handleRequest(null, Object(Config\Cache), false)
 6 SYSTEMPATH\Boot.php(334): CodeIgniter\CodeIgniter->run()
 7 SYSTEMPATH\Boot.php(67): CodeIgniter\Boot::runCodeIgniter(Object(CodeIgniter\CodeIgniter))
 8 FCPATH\index.php(56): CodeIgniter\Boot::bootWeb(Object(Config\Paths))
CRITICAL - 2025-09-28 06:42:32 --> [Caused by] CodeIgniter\Database\Exceptions\DatabaseException: You have an error in your SQL syntax; check the manual that corresponds to your MySQL server version for the right syntax to use near 'AND r.object_id = 3 AND a.special_tariff_id = 781 AND h.meal_plan_id = 1' at line 1
in SYSTEMPATH\Database\MySQLi\Connection.php on line 317.
 1 SYSTEMPATH\Database\BaseConnection.php(734): CodeIgniter\Database\MySQLi\Connection->execute('SELECT a.tariff FROM khm_obj_hotel_special_tariff a LEFT JOIN khm_obj_hotel_room_meal h ON h.hotel_room_meal_id = a.hotel_room_meal_id LEFT JOIN khm_obj_room r ON r.room_id = h.room_id WHERE r.room_type_id = 1 AND r.room_category_id =  AND r.object_id = 3 AND a.special_tariff_id = 781 AND h.meal_plan_id = 1')
 2 SYSTEMPATH\Database\BaseConnection.php(648): CodeIgniter\Database\BaseConnection->simpleQuery('SELECT a.tariff FROM khm_obj_hotel_special_tariff a LEFT JOIN khm_obj_hotel_room_meal h ON h.hotel_room_meal_id = a.hotel_room_meal_id LEFT JOIN khm_obj_room r ON r.room_id = h.room_id WHERE r.room_type_id = 1 AND r.room_category_id =  AND r.object_id = 3 AND a.special_tariff_id = 781 AND h.meal_plan_id = 1')
 3 APPPATH\Models\Enquiry_m.php(2482): CodeIgniter\Database\BaseConnection->query('SELECT a.tariff FROM khm_obj_hotel_special_tariff a LEFT JOIN khm_obj_hotel_room_meal h ON h.hotel_room_meal_id = a.hotel_room_meal_id LEFT JOIN khm_obj_room r ON r.room_id = h.room_id WHERE r.room_type_id = 1 AND r.room_category_id =  AND r.object_id = 3 AND a.special_tariff_id = 781 AND h.meal_plan_id = 1')
 4 APPPATH\Controllers\Enquiry.php(2839): App\Models\Enquiry_m->getTourTariffDetails(6, '', 1, '781', '3', '1')
 5 SYSTEMPATH\CodeIgniter.php(933): App\Controllers\Enquiry->getTourTariffDetails()
 6 SYSTEMPATH\CodeIgniter.php(509): CodeIgniter\CodeIgniter->runController(Object(App\Controllers\Enquiry))
 7 SYSTEMPATH\CodeIgniter.php(355): CodeIgniter\CodeIgniter->handleRequest(null, Object(Config\Cache), false)
 8 SYSTEMPATH\Boot.php(334): CodeIgniter\CodeIgniter->run()
 9 SYSTEMPATH\Boot.php(67): CodeIgniter\Boot::runCodeIgniter(Object(CodeIgniter\CodeIgniter))
10 FCPATH\index.php(56): CodeIgniter\Boot::bootWeb(Object(Config\Paths))
CRITICAL - 2025-09-28 06:42:32 --> [Caused by] mysqli_sql_exception: You have an error in your SQL syntax; check the manual that corresponds to your MySQL server version for the right syntax to use near 'AND r.object_id = 3 AND a.special_tariff_id = 781 AND h.meal_plan_id = 1' at line 1
in SYSTEMPATH\Database\MySQLi\Connection.php on line 312.
 1 SYSTEMPATH\Database\MySQLi\Connection.php(312): mysqli->query('SELECT a.tariff FROM khm_obj_hotel_special_tariff a LEFT JOIN khm_obj_hotel_room_meal h ON h.hotel_room_meal_id = a.hotel_room_meal_id LEFT JOIN khm_obj_room r ON r.room_id = h.room_id WHERE r.room_type_id = 1 AND r.room_category_id =  AND r.object_id = 3 AND a.special_tariff_id = 781 AND h.meal_plan_id = 1', 0)
 2 SYSTEMPATH\Database\BaseConnection.php(734): CodeIgniter\Database\MySQLi\Connection->execute('SELECT a.tariff FROM khm_obj_hotel_special_tariff a LEFT JOIN khm_obj_hotel_room_meal h ON h.hotel_room_meal_id = a.hotel_room_meal_id LEFT JOIN khm_obj_room r ON r.room_id = h.room_id WHERE r.room_type_id = 1 AND r.room_category_id =  AND r.object_id = 3 AND a.special_tariff_id = 781 AND h.meal_plan_id = 1')
 3 SYSTEMPATH\Database\BaseConnection.php(648): CodeIgniter\Database\BaseConnection->simpleQuery('SELECT a.tariff FROM khm_obj_hotel_special_tariff a LEFT JOIN khm_obj_hotel_room_meal h ON h.hotel_room_meal_id = a.hotel_room_meal_id LEFT JOIN khm_obj_room r ON r.room_id = h.room_id WHERE r.room_type_id = 1 AND r.room_category_id =  AND r.object_id = 3 AND a.special_tariff_id = 781 AND h.meal_plan_id = 1')
 4 APPPATH\Models\Enquiry_m.php(2482): CodeIgniter\Database\BaseConnection->query('SELECT a.tariff FROM khm_obj_hotel_special_tariff a LEFT JOIN khm_obj_hotel_room_meal h ON h.hotel_room_meal_id = a.hotel_room_meal_id LEFT JOIN khm_obj_room r ON r.room_id = h.room_id WHERE r.room_type_id = 1 AND r.room_category_id =  AND r.object_id = 3 AND a.special_tariff_id = 781 AND h.meal_plan_id = 1')
 5 APPPATH\Controllers\Enquiry.php(2839): App\Models\Enquiry_m->getTourTariffDetails(6, '', 1, '781', '3', '1')
 6 SYSTEMPATH\CodeIgniter.php(933): App\Controllers\Enquiry->getTourTariffDetails()
 7 SYSTEMPATH\CodeIgniter.php(509): CodeIgniter\CodeIgniter->runController(Object(App\Controllers\Enquiry))
 8 SYSTEMPATH\CodeIgniter.php(355): CodeIgniter\CodeIgniter->handleRequest(null, Object(Config\Cache), false)
 9 SYSTEMPATH\Boot.php(334): CodeIgniter\CodeIgniter->run()
10 SYSTEMPATH\Boot.php(67): CodeIgniter\Boot::runCodeIgniter(Object(CodeIgniter\CodeIgniter))
11 FCPATH\index.php(56): CodeIgniter\Boot::bootWeb(Object(Config\Paths))
ERROR - 2025-09-28 06:42:40 --> mysqli_sql_exception: You have an error in your SQL syntax; check the manual that corresponds to your MySQL server version for the right syntax to use near 'AND r.object_id = 3 AND a.special_tariff_id = 781 AND h.meal_plan_id = 2' at line 1 in C:\wamp64\www\khm\system\Database\MySQLi\Connection.php:312
Stack trace:
#0 C:\wamp64\www\khm\system\Database\MySQLi\Connection.php(312): mysqli->query('SELECT a.tariff...', 0)
#1 C:\wamp64\www\khm\system\Database\BaseConnection.php(734): CodeIgniter\Database\MySQLi\Connection->execute('SELECT a.tariff...')
#2 C:\wamp64\www\khm\system\Database\BaseConnection.php(648): CodeIgniter\Database\BaseConnection->simpleQuery('SELECT a.tariff...')
#3 C:\wamp64\www\khm\app\Models\Enquiry_m.php(2482): CodeIgniter\Database\BaseConnection->query('SELECT a.tariff...')
#4 C:\wamp64\www\khm\app\Controllers\Enquiry.php(2723): App\Models\Enquiry_m->getTourTariffDetails(6, '', 2, '781', '3', '2')
#5 C:\wamp64\www\khm\system\CodeIgniter.php(933): App\Controllers\Enquiry->getTourTariffDetails()
#6 C:\wamp64\www\khm\system\CodeIgniter.php(509): CodeIgniter\CodeIgniter->runController(Object(App\Controllers\Enquiry))
#7 C:\wamp64\www\khm\system\CodeIgniter.php(355): CodeIgniter\CodeIgniter->handleRequest(NULL, Object(Config\Cache), false)
#8 C:\wamp64\www\khm\system\Boot.php(334): CodeIgniter\CodeIgniter->run()
#9 C:\wamp64\www\khm\system\Boot.php(67): CodeIgniter\Boot::runCodeIgniter(Object(CodeIgniter\CodeIgniter))
#10 C:\wamp64\www\khm\public\index.php(56): CodeIgniter\Boot::bootWeb(Object(Config\Paths))
#11 {main}
CRITICAL - 2025-09-28 06:42:40 --> CodeIgniter\Database\Exceptions\DatabaseException: You have an error in your SQL syntax; check the manual that corresponds to your MySQL server version for the right syntax to use near 'AND r.object_id = 3 AND a.special_tariff_id = 781 AND h.meal_plan_id = 2' at line 1
[Method: POST, Route: Enquiry/getTourTariffDetails]
in SYSTEMPATH\Database\BaseConnection.php on line 688.
 1 APPPATH\Models\Enquiry_m.php(2482): CodeIgniter\Database\BaseConnection->query('SELECT a.tariff FROM khm_obj_hotel_special_tariff a LEFT JOIN khm_obj_hotel_room_meal h ON h.hotel_room_meal_id = a.hotel_room_meal_id LEFT JOIN khm_obj_room r ON r.room_id = h.room_id WHERE r.room_type_id = 2 AND r.room_category_id =  AND r.object_id = 3 AND a.special_tariff_id = 781 AND h.meal_plan_id = 2')
 2 APPPATH\Controllers\Enquiry.php(2723): App\Models\Enquiry_m->getTourTariffDetails(6, '', 2, '781', '3', '2')
 3 SYSTEMPATH\CodeIgniter.php(933): App\Controllers\Enquiry->getTourTariffDetails()
 4 SYSTEMPATH\CodeIgniter.php(509): CodeIgniter\CodeIgniter->runController(Object(App\Controllers\Enquiry))
 5 SYSTEMPATH\CodeIgniter.php(355): CodeIgniter\CodeIgniter->handleRequest(null, Object(Config\Cache), false)
 6 SYSTEMPATH\Boot.php(334): CodeIgniter\CodeIgniter->run()
 7 SYSTEMPATH\Boot.php(67): CodeIgniter\Boot::runCodeIgniter(Object(CodeIgniter\CodeIgniter))
 8 FCPATH\index.php(56): CodeIgniter\Boot::bootWeb(Object(Config\Paths))
CRITICAL - 2025-09-28 06:42:40 --> [Caused by] CodeIgniter\Database\Exceptions\DatabaseException: You have an error in your SQL syntax; check the manual that corresponds to your MySQL server version for the right syntax to use near 'AND r.object_id = 3 AND a.special_tariff_id = 781 AND h.meal_plan_id = 2' at line 1
in SYSTEMPATH\Database\MySQLi\Connection.php on line 317.
 1 SYSTEMPATH\Database\BaseConnection.php(734): CodeIgniter\Database\MySQLi\Connection->execute('SELECT a.tariff FROM khm_obj_hotel_special_tariff a LEFT JOIN khm_obj_hotel_room_meal h ON h.hotel_room_meal_id = a.hotel_room_meal_id LEFT JOIN khm_obj_room r ON r.room_id = h.room_id WHERE r.room_type_id = 2 AND r.room_category_id =  AND r.object_id = 3 AND a.special_tariff_id = 781 AND h.meal_plan_id = 2')
 2 SYSTEMPATH\Database\BaseConnection.php(648): CodeIgniter\Database\BaseConnection->simpleQuery('SELECT a.tariff FROM khm_obj_hotel_special_tariff a LEFT JOIN khm_obj_hotel_room_meal h ON h.hotel_room_meal_id = a.hotel_room_meal_id LEFT JOIN khm_obj_room r ON r.room_id = h.room_id WHERE r.room_type_id = 2 AND r.room_category_id =  AND r.object_id = 3 AND a.special_tariff_id = 781 AND h.meal_plan_id = 2')
 3 APPPATH\Models\Enquiry_m.php(2482): CodeIgniter\Database\BaseConnection->query('SELECT a.tariff FROM khm_obj_hotel_special_tariff a LEFT JOIN khm_obj_hotel_room_meal h ON h.hotel_room_meal_id = a.hotel_room_meal_id LEFT JOIN khm_obj_room r ON r.room_id = h.room_id WHERE r.room_type_id = 2 AND r.room_category_id =  AND r.object_id = 3 AND a.special_tariff_id = 781 AND h.meal_plan_id = 2')
 4 APPPATH\Controllers\Enquiry.php(2723): App\Models\Enquiry_m->getTourTariffDetails(6, '', 2, '781', '3', '2')
 5 SYSTEMPATH\CodeIgniter.php(933): App\Controllers\Enquiry->getTourTariffDetails()
 6 SYSTEMPATH\CodeIgniter.php(509): CodeIgniter\CodeIgniter->runController(Object(App\Controllers\Enquiry))
 7 SYSTEMPATH\CodeIgniter.php(355): CodeIgniter\CodeIgniter->handleRequest(null, Object(Config\Cache), false)
 8 SYSTEMPATH\Boot.php(334): CodeIgniter\CodeIgniter->run()
 9 SYSTEMPATH\Boot.php(67): CodeIgniter\Boot::runCodeIgniter(Object(CodeIgniter\CodeIgniter))
10 FCPATH\index.php(56): CodeIgniter\Boot::bootWeb(Object(Config\Paths))
CRITICAL - 2025-09-28 06:42:40 --> [Caused by] mysqli_sql_exception: You have an error in your SQL syntax; check the manual that corresponds to your MySQL server version for the right syntax to use near 'AND r.object_id = 3 AND a.special_tariff_id = 781 AND h.meal_plan_id = 2' at line 1
in SYSTEMPATH\Database\MySQLi\Connection.php on line 312.
 1 SYSTEMPATH\Database\MySQLi\Connection.php(312): mysqli->query('SELECT a.tariff FROM khm_obj_hotel_special_tariff a LEFT JOIN khm_obj_hotel_room_meal h ON h.hotel_room_meal_id = a.hotel_room_meal_id LEFT JOIN khm_obj_room r ON r.room_id = h.room_id WHERE r.room_type_id = 2 AND r.room_category_id =  AND r.object_id = 3 AND a.special_tariff_id = 781 AND h.meal_plan_id = 2', 0)
 2 SYSTEMPATH\Database\BaseConnection.php(734): CodeIgniter\Database\MySQLi\Connection->execute('SELECT a.tariff FROM khm_obj_hotel_special_tariff a LEFT JOIN khm_obj_hotel_room_meal h ON h.hotel_room_meal_id = a.hotel_room_meal_id LEFT JOIN khm_obj_room r ON r.room_id = h.room_id WHERE r.room_type_id = 2 AND r.room_category_id =  AND r.object_id = 3 AND a.special_tariff_id = 781 AND h.meal_plan_id = 2')
 3 SYSTEMPATH\Database\BaseConnection.php(648): CodeIgniter\Database\BaseConnection->simpleQuery('SELECT a.tariff FROM khm_obj_hotel_special_tariff a LEFT JOIN khm_obj_hotel_room_meal h ON h.hotel_room_meal_id = a.hotel_room_meal_id LEFT JOIN khm_obj_room r ON r.room_id = h.room_id WHERE r.room_type_id = 2 AND r.room_category_id =  AND r.object_id = 3 AND a.special_tariff_id = 781 AND h.meal_plan_id = 2')
 4 APPPATH\Models\Enquiry_m.php(2482): CodeIgniter\Database\BaseConnection->query('SELECT a.tariff FROM khm_obj_hotel_special_tariff a LEFT JOIN khm_obj_hotel_room_meal h ON h.hotel_room_meal_id = a.hotel_room_meal_id LEFT JOIN khm_obj_room r ON r.room_id = h.room_id WHERE r.room_type_id = 2 AND r.room_category_id =  AND r.object_id = 3 AND a.special_tariff_id = 781 AND h.meal_plan_id = 2')
 5 APPPATH\Controllers\Enquiry.php(2723): App\Models\Enquiry_m->getTourTariffDetails(6, '', 2, '781', '3', '2')
 6 SYSTEMPATH\CodeIgniter.php(933): App\Controllers\Enquiry->getTourTariffDetails()
 7 SYSTEMPATH\CodeIgniter.php(509): CodeIgniter\CodeIgniter->runController(Object(App\Controllers\Enquiry))
 8 SYSTEMPATH\CodeIgniter.php(355): CodeIgniter\CodeIgniter->handleRequest(null, Object(Config\Cache), false)
 9 SYSTEMPATH\Boot.php(334): CodeIgniter\CodeIgniter->run()
10 SYSTEMPATH\Boot.php(67): CodeIgniter\Boot::runCodeIgniter(Object(CodeIgniter\CodeIgniter))
11 FCPATH\index.php(56): CodeIgniter\Boot::bootWeb(Object(Config\Paths))
ERROR - 2025-09-28 06:42:40 --> mysqli_sql_exception: You have an error in your SQL syntax; check the manual that corresponds to your MySQL server version for the right syntax to use near 'AND r.object_id = 3 AND a.special_tariff_id = 781 AND h.meal_plan_id = 2' at line 1 in C:\wamp64\www\khm\system\Database\MySQLi\Connection.php:312
Stack trace:
#0 C:\wamp64\www\khm\system\Database\MySQLi\Connection.php(312): mysqli->query('SELECT a.tariff...', 0)
#1 C:\wamp64\www\khm\system\Database\BaseConnection.php(734): CodeIgniter\Database\MySQLi\Connection->execute('SELECT a.tariff...')
#2 C:\wamp64\www\khm\system\Database\BaseConnection.php(648): CodeIgniter\Database\BaseConnection->simpleQuery('SELECT a.tariff...')
#3 C:\wamp64\www\khm\app\Models\Enquiry_m.php(2482): CodeIgniter\Database\BaseConnection->query('SELECT a.tariff...')
#4 C:\wamp64\www\khm\app\Controllers\Enquiry.php(2839): App\Models\Enquiry_m->getTourTariffDetails(6, '', 1, '781', '3', '2')
#5 C:\wamp64\www\khm\system\CodeIgniter.php(933): App\Controllers\Enquiry->getTourTariffDetails()
#6 C:\wamp64\www\khm\system\CodeIgniter.php(509): CodeIgniter\CodeIgniter->runController(Object(App\Controllers\Enquiry))
#7 C:\wamp64\www\khm\system\CodeIgniter.php(355): CodeIgniter\CodeIgniter->handleRequest(NULL, Object(Config\Cache), false)
#8 C:\wamp64\www\khm\system\Boot.php(334): CodeIgniter\CodeIgniter->run()
#9 C:\wamp64\www\khm\system\Boot.php(67): CodeIgniter\Boot::runCodeIgniter(Object(CodeIgniter\CodeIgniter))
#10 C:\wamp64\www\khm\public\index.php(56): CodeIgniter\Boot::bootWeb(Object(Config\Paths))
#11 {main}
CRITICAL - 2025-09-28 06:42:40 --> CodeIgniter\Database\Exceptions\DatabaseException: You have an error in your SQL syntax; check the manual that corresponds to your MySQL server version for the right syntax to use near 'AND r.object_id = 3 AND a.special_tariff_id = 781 AND h.meal_plan_id = 2' at line 1
[Method: POST, Route: Enquiry/getTourTariffDetails]
in SYSTEMPATH\Database\BaseConnection.php on line 688.
 1 APPPATH\Models\Enquiry_m.php(2482): CodeIgniter\Database\BaseConnection->query('SELECT a.tariff FROM khm_obj_hotel_special_tariff a LEFT JOIN khm_obj_hotel_room_meal h ON h.hotel_room_meal_id = a.hotel_room_meal_id LEFT JOIN khm_obj_room r ON r.room_id = h.room_id WHERE r.room_type_id = 1 AND r.room_category_id =  AND r.object_id = 3 AND a.special_tariff_id = 781 AND h.meal_plan_id = 2')
 2 APPPATH\Controllers\Enquiry.php(2839): App\Models\Enquiry_m->getTourTariffDetails(6, '', 1, '781', '3', '2')
 3 SYSTEMPATH\CodeIgniter.php(933): App\Controllers\Enquiry->getTourTariffDetails()
 4 SYSTEMPATH\CodeIgniter.php(509): CodeIgniter\CodeIgniter->runController(Object(App\Controllers\Enquiry))
 5 SYSTEMPATH\CodeIgniter.php(355): CodeIgniter\CodeIgniter->handleRequest(null, Object(Config\Cache), false)
 6 SYSTEMPATH\Boot.php(334): CodeIgniter\CodeIgniter->run()
 7 SYSTEMPATH\Boot.php(67): CodeIgniter\Boot::runCodeIgniter(Object(CodeIgniter\CodeIgniter))
 8 FCPATH\index.php(56): CodeIgniter\Boot::bootWeb(Object(Config\Paths))
CRITICAL - 2025-09-28 06:42:40 --> [Caused by] CodeIgniter\Database\Exceptions\DatabaseException: You have an error in your SQL syntax; check the manual that corresponds to your MySQL server version for the right syntax to use near 'AND r.object_id = 3 AND a.special_tariff_id = 781 AND h.meal_plan_id = 2' at line 1
in SYSTEMPATH\Database\MySQLi\Connection.php on line 317.
 1 SYSTEMPATH\Database\BaseConnection.php(734): CodeIgniter\Database\MySQLi\Connection->execute('SELECT a.tariff FROM khm_obj_hotel_special_tariff a LEFT JOIN khm_obj_hotel_room_meal h ON h.hotel_room_meal_id = a.hotel_room_meal_id LEFT JOIN khm_obj_room r ON r.room_id = h.room_id WHERE r.room_type_id = 1 AND r.room_category_id =  AND r.object_id = 3 AND a.special_tariff_id = 781 AND h.meal_plan_id = 2')
 2 SYSTEMPATH\Database\BaseConnection.php(648): CodeIgniter\Database\BaseConnection->simpleQuery('SELECT a.tariff FROM khm_obj_hotel_special_tariff a LEFT JOIN khm_obj_hotel_room_meal h ON h.hotel_room_meal_id = a.hotel_room_meal_id LEFT JOIN khm_obj_room r ON r.room_id = h.room_id WHERE r.room_type_id = 1 AND r.room_category_id =  AND r.object_id = 3 AND a.special_tariff_id = 781 AND h.meal_plan_id = 2')
 3 APPPATH\Models\Enquiry_m.php(2482): CodeIgniter\Database\BaseConnection->query('SELECT a.tariff FROM khm_obj_hotel_special_tariff a LEFT JOIN khm_obj_hotel_room_meal h ON h.hotel_room_meal_id = a.hotel_room_meal_id LEFT JOIN khm_obj_room r ON r.room_id = h.room_id WHERE r.room_type_id = 1 AND r.room_category_id =  AND r.object_id = 3 AND a.special_tariff_id = 781 AND h.meal_plan_id = 2')
 4 APPPATH\Controllers\Enquiry.php(2839): App\Models\Enquiry_m->getTourTariffDetails(6, '', 1, '781', '3', '2')
 5 SYSTEMPATH\CodeIgniter.php(933): App\Controllers\Enquiry->getTourTariffDetails()
 6 SYSTEMPATH\CodeIgniter.php(509): CodeIgniter\CodeIgniter->runController(Object(App\Controllers\Enquiry))
 7 SYSTEMPATH\CodeIgniter.php(355): CodeIgniter\CodeIgniter->handleRequest(null, Object(Config\Cache), false)
 8 SYSTEMPATH\Boot.php(334): CodeIgniter\CodeIgniter->run()
 9 SYSTEMPATH\Boot.php(67): CodeIgniter\Boot::runCodeIgniter(Object(CodeIgniter\CodeIgniter))
10 FCPATH\index.php(56): CodeIgniter\Boot::bootWeb(Object(Config\Paths))
CRITICAL - 2025-09-28 06:42:40 --> [Caused by] mysqli_sql_exception: You have an error in your SQL syntax; check the manual that corresponds to your MySQL server version for the right syntax to use near 'AND r.object_id = 3 AND a.special_tariff_id = 781 AND h.meal_plan_id = 2' at line 1
in SYSTEMPATH\Database\MySQLi\Connection.php on line 312.
 1 SYSTEMPATH\Database\MySQLi\Connection.php(312): mysqli->query('SELECT a.tariff FROM khm_obj_hotel_special_tariff a LEFT JOIN khm_obj_hotel_room_meal h ON h.hotel_room_meal_id = a.hotel_room_meal_id LEFT JOIN khm_obj_room r ON r.room_id = h.room_id WHERE r.room_type_id = 1 AND r.room_category_id =  AND r.object_id = 3 AND a.special_tariff_id = 781 AND h.meal_plan_id = 2', 0)
 2 SYSTEMPATH\Database\BaseConnection.php(734): CodeIgniter\Database\MySQLi\Connection->execute('SELECT a.tariff FROM khm_obj_hotel_special_tariff a LEFT JOIN khm_obj_hotel_room_meal h ON h.hotel_room_meal_id = a.hotel_room_meal_id LEFT JOIN khm_obj_room r ON r.room_id = h.room_id WHERE r.room_type_id = 1 AND r.room_category_id =  AND r.object_id = 3 AND a.special_tariff_id = 781 AND h.meal_plan_id = 2')
 3 SYSTEMPATH\Database\BaseConnection.php(648): CodeIgniter\Database\BaseConnection->simpleQuery('SELECT a.tariff FROM khm_obj_hotel_special_tariff a LEFT JOIN khm_obj_hotel_room_meal h ON h.hotel_room_meal_id = a.hotel_room_meal_id LEFT JOIN khm_obj_room r ON r.room_id = h.room_id WHERE r.room_type_id = 1 AND r.room_category_id =  AND r.object_id = 3 AND a.special_tariff_id = 781 AND h.meal_plan_id = 2')
 4 APPPATH\Models\Enquiry_m.php(2482): CodeIgniter\Database\BaseConnection->query('SELECT a.tariff FROM khm_obj_hotel_special_tariff a LEFT JOIN khm_obj_hotel_room_meal h ON h.hotel_room_meal_id = a.hotel_room_meal_id LEFT JOIN khm_obj_room r ON r.room_id = h.room_id WHERE r.room_type_id = 1 AND r.room_category_id =  AND r.object_id = 3 AND a.special_tariff_id = 781 AND h.meal_plan_id = 2')
 5 APPPATH\Controllers\Enquiry.php(2839): App\Models\Enquiry_m->getTourTariffDetails(6, '', 1, '781', '3', '2')
 6 SYSTEMPATH\CodeIgniter.php(933): App\Controllers\Enquiry->getTourTariffDetails()
 7 SYSTEMPATH\CodeIgniter.php(509): CodeIgniter\CodeIgniter->runController(Object(App\Controllers\Enquiry))
 8 SYSTEMPATH\CodeIgniter.php(355): CodeIgniter\CodeIgniter->handleRequest(null, Object(Config\Cache), false)
 9 SYSTEMPATH\Boot.php(334): CodeIgniter\CodeIgniter->run()
10 SYSTEMPATH\Boot.php(67): CodeIgniter\Boot::runCodeIgniter(Object(CodeIgniter\CodeIgniter))
11 FCPATH\index.php(56): CodeIgniter\Boot::bootWeb(Object(Config\Paths))
ERROR - 2025-09-28 06:42:40 --> mysqli_sql_exception: You have an error in your SQL syntax; check the manual that corresponds to your MySQL server version for the right syntax to use near 'AND r.object_id = 3 AND a.special_tariff_id = 781 AND h.meal_plan_id = 2' at line 1 in C:\wamp64\www\khm\system\Database\MySQLi\Connection.php:312
Stack trace:
#0 C:\wamp64\www\khm\system\Database\MySQLi\Connection.php(312): mysqli->query('SELECT a.tariff...', 0)
#1 C:\wamp64\www\khm\system\Database\BaseConnection.php(734): CodeIgniter\Database\MySQLi\Connection->execute('SELECT a.tariff...')
#2 C:\wamp64\www\khm\system\Database\BaseConnection.php(648): CodeIgniter\Database\BaseConnection->simpleQuery('SELECT a.tariff...')
#3 C:\wamp64\www\khm\app\Models\Enquiry_m.php(2482): CodeIgniter\Database\BaseConnection->query('SELECT a.tariff...')
#4 C:\wamp64\www\khm\app\Controllers\Enquiry.php(2723): App\Models\Enquiry_m->getTourTariffDetails(6, '', 2, '781', '3', '2')
#5 C:\wamp64\www\khm\system\CodeIgniter.php(933): App\Controllers\Enquiry->getTourTariffDetails()
#6 C:\wamp64\www\khm\system\CodeIgniter.php(509): CodeIgniter\CodeIgniter->runController(Object(App\Controllers\Enquiry))
#7 C:\wamp64\www\khm\system\CodeIgniter.php(355): CodeIgniter\CodeIgniter->handleRequest(NULL, Object(Config\Cache), false)
#8 C:\wamp64\www\khm\system\Boot.php(334): CodeIgniter\CodeIgniter->run()
#9 C:\wamp64\www\khm\system\Boot.php(67): CodeIgniter\Boot::runCodeIgniter(Object(CodeIgniter\CodeIgniter))
#10 C:\wamp64\www\khm\public\index.php(56): CodeIgniter\Boot::bootWeb(Object(Config\Paths))
#11 {main}
CRITICAL - 2025-09-28 06:42:40 --> CodeIgniter\Database\Exceptions\DatabaseException: You have an error in your SQL syntax; check the manual that corresponds to your MySQL server version for the right syntax to use near 'AND r.object_id = 3 AND a.special_tariff_id = 781 AND h.meal_plan_id = 2' at line 1
[Method: POST, Route: Enquiry/getTourTariffDetails]
in SYSTEMPATH\Database\BaseConnection.php on line 688.
 1 APPPATH\Models\Enquiry_m.php(2482): CodeIgniter\Database\BaseConnection->query('SELECT a.tariff FROM khm_obj_hotel_special_tariff a LEFT JOIN khm_obj_hotel_room_meal h ON h.hotel_room_meal_id = a.hotel_room_meal_id LEFT JOIN khm_obj_room r ON r.room_id = h.room_id WHERE r.room_type_id = 2 AND r.room_category_id =  AND r.object_id = 3 AND a.special_tariff_id = 781 AND h.meal_plan_id = 2')
 2 APPPATH\Controllers\Enquiry.php(2723): App\Models\Enquiry_m->getTourTariffDetails(6, '', 2, '781', '3', '2')
 3 SYSTEMPATH\CodeIgniter.php(933): App\Controllers\Enquiry->getTourTariffDetails()
 4 SYSTEMPATH\CodeIgniter.php(509): CodeIgniter\CodeIgniter->runController(Object(App\Controllers\Enquiry))
 5 SYSTEMPATH\CodeIgniter.php(355): CodeIgniter\CodeIgniter->handleRequest(null, Object(Config\Cache), false)
 6 SYSTEMPATH\Boot.php(334): CodeIgniter\CodeIgniter->run()
 7 SYSTEMPATH\Boot.php(67): CodeIgniter\Boot::runCodeIgniter(Object(CodeIgniter\CodeIgniter))
 8 FCPATH\index.php(56): CodeIgniter\Boot::bootWeb(Object(Config\Paths))
CRITICAL - 2025-09-28 06:42:40 --> [Caused by] CodeIgniter\Database\Exceptions\DatabaseException: You have an error in your SQL syntax; check the manual that corresponds to your MySQL server version for the right syntax to use near 'AND r.object_id = 3 AND a.special_tariff_id = 781 AND h.meal_plan_id = 2' at line 1
in SYSTEMPATH\Database\MySQLi\Connection.php on line 317.
 1 SYSTEMPATH\Database\BaseConnection.php(734): CodeIgniter\Database\MySQLi\Connection->execute('SELECT a.tariff FROM khm_obj_hotel_special_tariff a LEFT JOIN khm_obj_hotel_room_meal h ON h.hotel_room_meal_id = a.hotel_room_meal_id LEFT JOIN khm_obj_room r ON r.room_id = h.room_id WHERE r.room_type_id = 2 AND r.room_category_id =  AND r.object_id = 3 AND a.special_tariff_id = 781 AND h.meal_plan_id = 2')
 2 SYSTEMPATH\Database\BaseConnection.php(648): CodeIgniter\Database\BaseConnection->simpleQuery('SELECT a.tariff FROM khm_obj_hotel_special_tariff a LEFT JOIN khm_obj_hotel_room_meal h ON h.hotel_room_meal_id = a.hotel_room_meal_id LEFT JOIN khm_obj_room r ON r.room_id = h.room_id WHERE r.room_type_id = 2 AND r.room_category_id =  AND r.object_id = 3 AND a.special_tariff_id = 781 AND h.meal_plan_id = 2')
 3 APPPATH\Models\Enquiry_m.php(2482): CodeIgniter\Database\BaseConnection->query('SELECT a.tariff FROM khm_obj_hotel_special_tariff a LEFT JOIN khm_obj_hotel_room_meal h ON h.hotel_room_meal_id = a.hotel_room_meal_id LEFT JOIN khm_obj_room r ON r.room_id = h.room_id WHERE r.room_type_id = 2 AND r.room_category_id =  AND r.object_id = 3 AND a.special_tariff_id = 781 AND h.meal_plan_id = 2')
 4 APPPATH\Controllers\Enquiry.php(2723): App\Models\Enquiry_m->getTourTariffDetails(6, '', 2, '781', '3', '2')
 5 SYSTEMPATH\CodeIgniter.php(933): App\Controllers\Enquiry->getTourTariffDetails()
 6 SYSTEMPATH\CodeIgniter.php(509): CodeIgniter\CodeIgniter->runController(Object(App\Controllers\Enquiry))
 7 SYSTEMPATH\CodeIgniter.php(355): CodeIgniter\CodeIgniter->handleRequest(null, Object(Config\Cache), false)
 8 SYSTEMPATH\Boot.php(334): CodeIgniter\CodeIgniter->run()
 9 SYSTEMPATH\Boot.php(67): CodeIgniter\Boot::runCodeIgniter(Object(CodeIgniter\CodeIgniter))
10 FCPATH\index.php(56): CodeIgniter\Boot::bootWeb(Object(Config\Paths))
CRITICAL - 2025-09-28 06:42:40 --> [Caused by] mysqli_sql_exception: You have an error in your SQL syntax; check the manual that corresponds to your MySQL server version for the right syntax to use near 'AND r.object_id = 3 AND a.special_tariff_id = 781 AND h.meal_plan_id = 2' at line 1
in SYSTEMPATH\Database\MySQLi\Connection.php on line 312.
 1 SYSTEMPATH\Database\MySQLi\Connection.php(312): mysqli->query('SELECT a.tariff FROM khm_obj_hotel_special_tariff a LEFT JOIN khm_obj_hotel_room_meal h ON h.hotel_room_meal_id = a.hotel_room_meal_id LEFT JOIN khm_obj_room r ON r.room_id = h.room_id WHERE r.room_type_id = 2 AND r.room_category_id =  AND r.object_id = 3 AND a.special_tariff_id = 781 AND h.meal_plan_id = 2', 0)
 2 SYSTEMPATH\Database\BaseConnection.php(734): CodeIgniter\Database\MySQLi\Connection->execute('SELECT a.tariff FROM khm_obj_hotel_special_tariff a LEFT JOIN khm_obj_hotel_room_meal h ON h.hotel_room_meal_id = a.hotel_room_meal_id LEFT JOIN khm_obj_room r ON r.room_id = h.room_id WHERE r.room_type_id = 2 AND r.room_category_id =  AND r.object_id = 3 AND a.special_tariff_id = 781 AND h.meal_plan_id = 2')
 3 SYSTEMPATH\Database\BaseConnection.php(648): CodeIgniter\Database\BaseConnection->simpleQuery('SELECT a.tariff FROM khm_obj_hotel_special_tariff a LEFT JOIN khm_obj_hotel_room_meal h ON h.hotel_room_meal_id = a.hotel_room_meal_id LEFT JOIN khm_obj_room r ON r.room_id = h.room_id WHERE r.room_type_id = 2 AND r.room_category_id =  AND r.object_id = 3 AND a.special_tariff_id = 781 AND h.meal_plan_id = 2')
 4 APPPATH\Models\Enquiry_m.php(2482): CodeIgniter\Database\BaseConnection->query('SELECT a.tariff FROM khm_obj_hotel_special_tariff a LEFT JOIN khm_obj_hotel_room_meal h ON h.hotel_room_meal_id = a.hotel_room_meal_id LEFT JOIN khm_obj_room r ON r.room_id = h.room_id WHERE r.room_type_id = 2 AND r.room_category_id =  AND r.object_id = 3 AND a.special_tariff_id = 781 AND h.meal_plan_id = 2')
 5 APPPATH\Controllers\Enquiry.php(2723): App\Models\Enquiry_m->getTourTariffDetails(6, '', 2, '781', '3', '2')
 6 SYSTEMPATH\CodeIgniter.php(933): App\Controllers\Enquiry->getTourTariffDetails()
 7 SYSTEMPATH\CodeIgniter.php(509): CodeIgniter\CodeIgniter->runController(Object(App\Controllers\Enquiry))
 8 SYSTEMPATH\CodeIgniter.php(355): CodeIgniter\CodeIgniter->handleRequest(null, Object(Config\Cache), false)
 9 SYSTEMPATH\Boot.php(334): CodeIgniter\CodeIgniter->run()
10 SYSTEMPATH\Boot.php(67): CodeIgniter\Boot::runCodeIgniter(Object(CodeIgniter\CodeIgniter))
11 FCPATH\index.php(56): CodeIgniter\Boot::bootWeb(Object(Config\Paths))
ERROR - 2025-09-28 06:42:40 --> mysqli_sql_exception: You have an error in your SQL syntax; check the manual that corresponds to your MySQL server version for the right syntax to use near 'AND r.object_id = 3 AND a.special_tariff_id = 781 AND h.meal_plan_id = 2' at line 1 in C:\wamp64\www\khm\system\Database\MySQLi\Connection.php:312
Stack trace:
#0 C:\wamp64\www\khm\system\Database\MySQLi\Connection.php(312): mysqli->query('SELECT a.tariff...', 0)
#1 C:\wamp64\www\khm\system\Database\BaseConnection.php(734): CodeIgniter\Database\MySQLi\Connection->execute('SELECT a.tariff...')
#2 C:\wamp64\www\khm\system\Database\BaseConnection.php(648): CodeIgniter\Database\BaseConnection->simpleQuery('SELECT a.tariff...')
#3 C:\wamp64\www\khm\app\Models\Enquiry_m.php(2482): CodeIgniter\Database\BaseConnection->query('SELECT a.tariff...')
#4 C:\wamp64\www\khm\app\Controllers\Enquiry.php(2839): App\Models\Enquiry_m->getTourTariffDetails(6, '', 1, '781', '3', '2')
#5 C:\wamp64\www\khm\system\CodeIgniter.php(933): App\Controllers\Enquiry->getTourTariffDetails()
#6 C:\wamp64\www\khm\system\CodeIgniter.php(509): CodeIgniter\CodeIgniter->runController(Object(App\Controllers\Enquiry))
#7 C:\wamp64\www\khm\system\CodeIgniter.php(355): CodeIgniter\CodeIgniter->handleRequest(NULL, Object(Config\Cache), false)
#8 C:\wamp64\www\khm\system\Boot.php(334): CodeIgniter\CodeIgniter->run()
#9 C:\wamp64\www\khm\system\Boot.php(67): CodeIgniter\Boot::runCodeIgniter(Object(CodeIgniter\CodeIgniter))
#10 C:\wamp64\www\khm\public\index.php(56): CodeIgniter\Boot::bootWeb(Object(Config\Paths))
#11 {main}
CRITICAL - 2025-09-28 06:42:40 --> CodeIgniter\Database\Exceptions\DatabaseException: You have an error in your SQL syntax; check the manual that corresponds to your MySQL server version for the right syntax to use near 'AND r.object_id = 3 AND a.special_tariff_id = 781 AND h.meal_plan_id = 2' at line 1
[Method: POST, Route: Enquiry/getTourTariffDetails]
in SYSTEMPATH\Database\BaseConnection.php on line 688.
 1 APPPATH\Models\Enquiry_m.php(2482): CodeIgniter\Database\BaseConnection->query('SELECT a.tariff FROM khm_obj_hotel_special_tariff a LEFT JOIN khm_obj_hotel_room_meal h ON h.hotel_room_meal_id = a.hotel_room_meal_id LEFT JOIN khm_obj_room r ON r.room_id = h.room_id WHERE r.room_type_id = 1 AND r.room_category_id =  AND r.object_id = 3 AND a.special_tariff_id = 781 AND h.meal_plan_id = 2')
 2 APPPATH\Controllers\Enquiry.php(2839): App\Models\Enquiry_m->getTourTariffDetails(6, '', 1, '781', '3', '2')
 3 SYSTEMPATH\CodeIgniter.php(933): App\Controllers\Enquiry->getTourTariffDetails()
 4 SYSTEMPATH\CodeIgniter.php(509): CodeIgniter\CodeIgniter->runController(Object(App\Controllers\Enquiry))
 5 SYSTEMPATH\CodeIgniter.php(355): CodeIgniter\CodeIgniter->handleRequest(null, Object(Config\Cache), false)
 6 SYSTEMPATH\Boot.php(334): CodeIgniter\CodeIgniter->run()
 7 SYSTEMPATH\Boot.php(67): CodeIgniter\Boot::runCodeIgniter(Object(CodeIgniter\CodeIgniter))
 8 FCPATH\index.php(56): CodeIgniter\Boot::bootWeb(Object(Config\Paths))
CRITICAL - 2025-09-28 06:42:40 --> [Caused by] CodeIgniter\Database\Exceptions\DatabaseException: You have an error in your SQL syntax; check the manual that corresponds to your MySQL server version for the right syntax to use near 'AND r.object_id = 3 AND a.special_tariff_id = 781 AND h.meal_plan_id = 2' at line 1
in SYSTEMPATH\Database\MySQLi\Connection.php on line 317.
 1 SYSTEMPATH\Database\BaseConnection.php(734): CodeIgniter\Database\MySQLi\Connection->execute('SELECT a.tariff FROM khm_obj_hotel_special_tariff a LEFT JOIN khm_obj_hotel_room_meal h ON h.hotel_room_meal_id = a.hotel_room_meal_id LEFT JOIN khm_obj_room r ON r.room_id = h.room_id WHERE r.room_type_id = 1 AND r.room_category_id =  AND r.object_id = 3 AND a.special_tariff_id = 781 AND h.meal_plan_id = 2')
 2 SYSTEMPATH\Database\BaseConnection.php(648): CodeIgniter\Database\BaseConnection->simpleQuery('SELECT a.tariff FROM khm_obj_hotel_special_tariff a LEFT JOIN khm_obj_hotel_room_meal h ON h.hotel_room_meal_id = a.hotel_room_meal_id LEFT JOIN khm_obj_room r ON r.room_id = h.room_id WHERE r.room_type_id = 1 AND r.room_category_id =  AND r.object_id = 3 AND a.special_tariff_id = 781 AND h.meal_plan_id = 2')
 3 APPPATH\Models\Enquiry_m.php(2482): CodeIgniter\Database\BaseConnection->query('SELECT a.tariff FROM khm_obj_hotel_special_tariff a LEFT JOIN khm_obj_hotel_room_meal h ON h.hotel_room_meal_id = a.hotel_room_meal_id LEFT JOIN khm_obj_room r ON r.room_id = h.room_id WHERE r.room_type_id = 1 AND r.room_category_id =  AND r.object_id = 3 AND a.special_tariff_id = 781 AND h.meal_plan_id = 2')
 4 APPPATH\Controllers\Enquiry.php(2839): App\Models\Enquiry_m->getTourTariffDetails(6, '', 1, '781', '3', '2')
 5 SYSTEMPATH\CodeIgniter.php(933): App\Controllers\Enquiry->getTourTariffDetails()
 6 SYSTEMPATH\CodeIgniter.php(509): CodeIgniter\CodeIgniter->runController(Object(App\Controllers\Enquiry))
 7 SYSTEMPATH\CodeIgniter.php(355): CodeIgniter\CodeIgniter->handleRequest(null, Object(Config\Cache), false)
 8 SYSTEMPATH\Boot.php(334): CodeIgniter\CodeIgniter->run()
 9 SYSTEMPATH\Boot.php(67): CodeIgniter\Boot::runCodeIgniter(Object(CodeIgniter\CodeIgniter))
10 FCPATH\index.php(56): CodeIgniter\Boot::bootWeb(Object(Config\Paths))
CRITICAL - 2025-09-28 06:42:40 --> [Caused by] mysqli_sql_exception: You have an error in your SQL syntax; check the manual that corresponds to your MySQL server version for the right syntax to use near 'AND r.object_id = 3 AND a.special_tariff_id = 781 AND h.meal_plan_id = 2' at line 1
in SYSTEMPATH\Database\MySQLi\Connection.php on line 312.
 1 SYSTEMPATH\Database\MySQLi\Connection.php(312): mysqli->query('SELECT a.tariff FROM khm_obj_hotel_special_tariff a LEFT JOIN khm_obj_hotel_room_meal h ON h.hotel_room_meal_id = a.hotel_room_meal_id LEFT JOIN khm_obj_room r ON r.room_id = h.room_id WHERE r.room_type_id = 1 AND r.room_category_id =  AND r.object_id = 3 AND a.special_tariff_id = 781 AND h.meal_plan_id = 2', 0)
 2 SYSTEMPATH\Database\BaseConnection.php(734): CodeIgniter\Database\MySQLi\Connection->execute('SELECT a.tariff FROM khm_obj_hotel_special_tariff a LEFT JOIN khm_obj_hotel_room_meal h ON h.hotel_room_meal_id = a.hotel_room_meal_id LEFT JOIN khm_obj_room r ON r.room_id = h.room_id WHERE r.room_type_id = 1 AND r.room_category_id =  AND r.object_id = 3 AND a.special_tariff_id = 781 AND h.meal_plan_id = 2')
 3 SYSTEMPATH\Database\BaseConnection.php(648): CodeIgniter\Database\BaseConnection->simpleQuery('SELECT a.tariff FROM khm_obj_hotel_special_tariff a LEFT JOIN khm_obj_hotel_room_meal h ON h.hotel_room_meal_id = a.hotel_room_meal_id LEFT JOIN khm_obj_room r ON r.room_id = h.room_id WHERE r.room_type_id = 1 AND r.room_category_id =  AND r.object_id = 3 AND a.special_tariff_id = 781 AND h.meal_plan_id = 2')
 4 APPPATH\Models\Enquiry_m.php(2482): CodeIgniter\Database\BaseConnection->query('SELECT a.tariff FROM khm_obj_hotel_special_tariff a LEFT JOIN khm_obj_hotel_room_meal h ON h.hotel_room_meal_id = a.hotel_room_meal_id LEFT JOIN khm_obj_room r ON r.room_id = h.room_id WHERE r.room_type_id = 1 AND r.room_category_id =  AND r.object_id = 3 AND a.special_tariff_id = 781 AND h.meal_plan_id = 2')
 5 APPPATH\Controllers\Enquiry.php(2839): App\Models\Enquiry_m->getTourTariffDetails(6, '', 1, '781', '3', '2')
 6 SYSTEMPATH\CodeIgniter.php(933): App\Controllers\Enquiry->getTourTariffDetails()
 7 SYSTEMPATH\CodeIgniter.php(509): CodeIgniter\CodeIgniter->runController(Object(App\Controllers\Enquiry))
 8 SYSTEMPATH\CodeIgniter.php(355): CodeIgniter\CodeIgniter->handleRequest(null, Object(Config\Cache), false)
 9 SYSTEMPATH\Boot.php(334): CodeIgniter\CodeIgniter->run()
10 SYSTEMPATH\Boot.php(67): CodeIgniter\Boot::runCodeIgniter(Object(CodeIgniter\CodeIgniter))
11 FCPATH\index.php(56): CodeIgniter\Boot::bootWeb(Object(Config\Paths))
ERROR - 2025-09-28 06:42:40 --> mysqli_sql_exception: You have an error in your SQL syntax; check the manual that corresponds to your MySQL server version for the right syntax to use near 'AND r.object_id = 3 AND a.special_tariff_id = 781 AND h.meal_plan_id = 2' at line 1 in C:\wamp64\www\khm\system\Database\MySQLi\Connection.php:312
Stack trace:
#0 C:\wamp64\www\khm\system\Database\MySQLi\Connection.php(312): mysqli->query('SELECT a.tariff...', 0)
#1 C:\wamp64\www\khm\system\Database\BaseConnection.php(734): CodeIgniter\Database\MySQLi\Connection->execute('SELECT a.tariff...')
#2 C:\wamp64\www\khm\system\Database\BaseConnection.php(648): CodeIgniter\Database\BaseConnection->simpleQuery('SELECT a.tariff...')
#3 C:\wamp64\www\khm\app\Models\Enquiry_m.php(2482): CodeIgniter\Database\BaseConnection->query('SELECT a.tariff...')
#4 C:\wamp64\www\khm\app\Controllers\Enquiry.php(2839): App\Models\Enquiry_m->getTourTariffDetails(6, '', 1, '781', '3', '2')
#5 C:\wamp64\www\khm\system\CodeIgniter.php(933): App\Controllers\Enquiry->getTourTariffDetails()
#6 C:\wamp64\www\khm\system\CodeIgniter.php(509): CodeIgniter\CodeIgniter->runController(Object(App\Controllers\Enquiry))
#7 C:\wamp64\www\khm\system\CodeIgniter.php(355): CodeIgniter\CodeIgniter->handleRequest(NULL, Object(Config\Cache), false)
#8 C:\wamp64\www\khm\system\Boot.php(334): CodeIgniter\CodeIgniter->run()
#9 C:\wamp64\www\khm\system\Boot.php(67): CodeIgniter\Boot::runCodeIgniter(Object(CodeIgniter\CodeIgniter))
#10 C:\wamp64\www\khm\public\index.php(56): CodeIgniter\Boot::bootWeb(Object(Config\Paths))
#11 {main}
CRITICAL - 2025-09-28 06:42:40 --> CodeIgniter\Database\Exceptions\DatabaseException: You have an error in your SQL syntax; check the manual that corresponds to your MySQL server version for the right syntax to use near 'AND r.object_id = 3 AND a.special_tariff_id = 781 AND h.meal_plan_id = 2' at line 1
[Method: POST, Route: Enquiry/getTourTariffDetails]
in SYSTEMPATH\Database\BaseConnection.php on line 688.
 1 APPPATH\Models\Enquiry_m.php(2482): CodeIgniter\Database\BaseConnection->query('SELECT a.tariff FROM khm_obj_hotel_special_tariff a LEFT JOIN khm_obj_hotel_room_meal h ON h.hotel_room_meal_id = a.hotel_room_meal_id LEFT JOIN khm_obj_room r ON r.room_id = h.room_id WHERE r.room_type_id = 1 AND r.room_category_id =  AND r.object_id = 3 AND a.special_tariff_id = 781 AND h.meal_plan_id = 2')
 2 APPPATH\Controllers\Enquiry.php(2839): App\Models\Enquiry_m->getTourTariffDetails(6, '', 1, '781', '3', '2')
 3 SYSTEMPATH\CodeIgniter.php(933): App\Controllers\Enquiry->getTourTariffDetails()
 4 SYSTEMPATH\CodeIgniter.php(509): CodeIgniter\CodeIgniter->runController(Object(App\Controllers\Enquiry))
 5 SYSTEMPATH\CodeIgniter.php(355): CodeIgniter\CodeIgniter->handleRequest(null, Object(Config\Cache), false)
 6 SYSTEMPATH\Boot.php(334): CodeIgniter\CodeIgniter->run()
 7 SYSTEMPATH\Boot.php(67): CodeIgniter\Boot::runCodeIgniter(Object(CodeIgniter\CodeIgniter))
 8 FCPATH\index.php(56): CodeIgniter\Boot::bootWeb(Object(Config\Paths))
CRITICAL - 2025-09-28 06:42:40 --> [Caused by] CodeIgniter\Database\Exceptions\DatabaseException: You have an error in your SQL syntax; check the manual that corresponds to your MySQL server version for the right syntax to use near 'AND r.object_id = 3 AND a.special_tariff_id = 781 AND h.meal_plan_id = 2' at line 1
in SYSTEMPATH\Database\MySQLi\Connection.php on line 317.
 1 SYSTEMPATH\Database\BaseConnection.php(734): CodeIgniter\Database\MySQLi\Connection->execute('SELECT a.tariff FROM khm_obj_hotel_special_tariff a LEFT JOIN khm_obj_hotel_room_meal h ON h.hotel_room_meal_id = a.hotel_room_meal_id LEFT JOIN khm_obj_room r ON r.room_id = h.room_id WHERE r.room_type_id = 1 AND r.room_category_id =  AND r.object_id = 3 AND a.special_tariff_id = 781 AND h.meal_plan_id = 2')
 2 SYSTEMPATH\Database\BaseConnection.php(648): CodeIgniter\Database\BaseConnection->simpleQuery('SELECT a.tariff FROM khm_obj_hotel_special_tariff a LEFT JOIN khm_obj_hotel_room_meal h ON h.hotel_room_meal_id = a.hotel_room_meal_id LEFT JOIN khm_obj_room r ON r.room_id = h.room_id WHERE r.room_type_id = 1 AND r.room_category_id =  AND r.object_id = 3 AND a.special_tariff_id = 781 AND h.meal_plan_id = 2')
 3 APPPATH\Models\Enquiry_m.php(2482): CodeIgniter\Database\BaseConnection->query('SELECT a.tariff FROM khm_obj_hotel_special_tariff a LEFT JOIN khm_obj_hotel_room_meal h ON h.hotel_room_meal_id = a.hotel_room_meal_id LEFT JOIN khm_obj_room r ON r.room_id = h.room_id WHERE r.room_type_id = 1 AND r.room_category_id =  AND r.object_id = 3 AND a.special_tariff_id = 781 AND h.meal_plan_id = 2')
 4 APPPATH\Controllers\Enquiry.php(2839): App\Models\Enquiry_m->getTourTariffDetails(6, '', 1, '781', '3', '2')
 5 SYSTEMPATH\CodeIgniter.php(933): App\Controllers\Enquiry->getTourTariffDetails()
 6 SYSTEMPATH\CodeIgniter.php(509): CodeIgniter\CodeIgniter->runController(Object(App\Controllers\Enquiry))
 7 SYSTEMPATH\CodeIgniter.php(355): CodeIgniter\CodeIgniter->handleRequest(null, Object(Config\Cache), false)
 8 SYSTEMPATH\Boot.php(334): CodeIgniter\CodeIgniter->run()
 9 SYSTEMPATH\Boot.php(67): CodeIgniter\Boot::runCodeIgniter(Object(CodeIgniter\CodeIgniter))
10 FCPATH\index.php(56): CodeIgniter\Boot::bootWeb(Object(Config\Paths))
CRITICAL - 2025-09-28 06:42:40 --> [Caused by] mysqli_sql_exception: You have an error in your SQL syntax; check the manual that corresponds to your MySQL server version for the right syntax to use near 'AND r.object_id = 3 AND a.special_tariff_id = 781 AND h.meal_plan_id = 2' at line 1
in SYSTEMPATH\Database\MySQLi\Connection.php on line 312.
 1 SYSTEMPATH\Database\MySQLi\Connection.php(312): mysqli->query('SELECT a.tariff FROM khm_obj_hotel_special_tariff a LEFT JOIN khm_obj_hotel_room_meal h ON h.hotel_room_meal_id = a.hotel_room_meal_id LEFT JOIN khm_obj_room r ON r.room_id = h.room_id WHERE r.room_type_id = 1 AND r.room_category_id =  AND r.object_id = 3 AND a.special_tariff_id = 781 AND h.meal_plan_id = 2', 0)
 2 SYSTEMPATH\Database\BaseConnection.php(734): CodeIgniter\Database\MySQLi\Connection->execute('SELECT a.tariff FROM khm_obj_hotel_special_tariff a LEFT JOIN khm_obj_hotel_room_meal h ON h.hotel_room_meal_id = a.hotel_room_meal_id LEFT JOIN khm_obj_room r ON r.room_id = h.room_id WHERE r.room_type_id = 1 AND r.room_category_id =  AND r.object_id = 3 AND a.special_tariff_id = 781 AND h.meal_plan_id = 2')
 3 SYSTEMPATH\Database\BaseConnection.php(648): CodeIgniter\Database\BaseConnection->simpleQuery('SELECT a.tariff FROM khm_obj_hotel_special_tariff a LEFT JOIN khm_obj_hotel_room_meal h ON h.hotel_room_meal_id = a.hotel_room_meal_id LEFT JOIN khm_obj_room r ON r.room_id = h.room_id WHERE r.room_type_id = 1 AND r.room_category_id =  AND r.object_id = 3 AND a.special_tariff_id = 781 AND h.meal_plan_id = 2')
 4 APPPATH\Models\Enquiry_m.php(2482): CodeIgniter\Database\BaseConnection->query('SELECT a.tariff FROM khm_obj_hotel_special_tariff a LEFT JOIN khm_obj_hotel_room_meal h ON h.hotel_room_meal_id = a.hotel_room_meal_id LEFT JOIN khm_obj_room r ON r.room_id = h.room_id WHERE r.room_type_id = 1 AND r.room_category_id =  AND r.object_id = 3 AND a.special_tariff_id = 781 AND h.meal_plan_id = 2')
 5 APPPATH\Controllers\Enquiry.php(2839): App\Models\Enquiry_m->getTourTariffDetails(6, '', 1, '781', '3', '2')
 6 SYSTEMPATH\CodeIgniter.php(933): App\Controllers\Enquiry->getTourTariffDetails()
 7 SYSTEMPATH\CodeIgniter.php(509): CodeIgniter\CodeIgniter->runController(Object(App\Controllers\Enquiry))
 8 SYSTEMPATH\CodeIgniter.php(355): CodeIgniter\CodeIgniter->handleRequest(null, Object(Config\Cache), false)
 9 SYSTEMPATH\Boot.php(334): CodeIgniter\CodeIgniter->run()
10 SYSTEMPATH\Boot.php(67): CodeIgniter\Boot::runCodeIgniter(Object(CodeIgniter\CodeIgniter))
11 FCPATH\index.php(56): CodeIgniter\Boot::bootWeb(Object(Config\Paths))
