ERROR - 2025-06-04 08:00:04 --> mysqli_sql_exception: Table 'khm_touracle_db.khm_obj_transport_follow_up' doesn't exist in C:\wamp64\www\khm\system\Database\MySQLi\Connection.php:312
Stack trace:
#0 C:\wamp64\www\khm\system\Database\MySQLi\Connection.php(312): mysqli->query('SELECT DISTINCT...', 0)
#1 C:\wamp64\www\khm\system\Database\BaseConnection.php(734): CodeIgniter\Database\MySQLi\Connection->execute('SELECT DISTINCT...')
#2 C:\wamp64\www\khm\system\Database\BaseConnection.php(648): CodeIgniter\Database\BaseConnection->simpleQuery('SELECT DISTINCT...')
#3 C:\wamp64\www\khm\system\Database\BaseBuilder.php(1644): CodeIgniter\Database\BaseConnection->query('SELECT DISTINCT...', Array, false)
#4 C:\wamp64\www\khm\app\Models\PurchaseReportModel.php(205): CodeIgniter\Database\BaseBuilder->get()
#5 C:\wamp64\www\khm\app\Controllers\PurchaseReport.php(100): App\Models\PurchaseReportModel->getByDateRange('2025-06-04 00:0...', '2025-06-05 00:0...', 1, 3)
#6 C:\wamp64\www\khm\system\CodeIgniter.php(933): App\Controllers\PurchaseReport->data()
#7 C:\wamp64\www\khm\system\CodeIgniter.php(509): CodeIgniter\CodeIgniter->runController(Object(App\Controllers\PurchaseReport))
#8 C:\wamp64\www\khm\system\CodeIgniter.php(355): CodeIgniter\CodeIgniter->handleRequest(NULL, Object(Config\Cache), false)
#9 C:\wamp64\www\khm\system\Boot.php(334): CodeIgniter\CodeIgniter->run()
#10 C:\wamp64\www\khm\system\Boot.php(67): CodeIgniter\Boot::runCodeIgniter(Object(CodeIgniter\CodeIgniter))
#11 C:\wamp64\www\khm\public\index.php(56): CodeIgniter\Boot::bootWeb(Object(Config\Paths))
#12 {main}
CRITICAL - 2025-06-04 08:00:04 --> CodeIgniter\Database\Exceptions\DatabaseException: Table 'khm_touracle_db.khm_obj_transport_follow_up' doesn't exist
[Method: GET, Route: PurchaseReport/data]
in SYSTEMPATH\Database\BaseConnection.php on line 688.
 1 SYSTEMPATH\Database\BaseBuilder.php(1644): CodeIgniter\Database\BaseConnection->query('SELECT DISTINCT `h`.`ref_no`, `h`.`enquiry_header_id`, `h`.`object_id`, `h`.`guest_entity_id`, `h`.`agent_entity_id`, `h`.`employee_entity_id`, `h`.`enq_added_date`, `h`.`enq_type_id`, `h`.`is_active` AS `header_active`, `om`.`object_name`, `ge`.`entity_name` AS `guest_name`, `ae`.`entity_name` AS `agent_name`, `ee`.`entity_name` AS `employee_name`, `d`.`enquiry_details_id`, `d`.`date_of_tour_start`, `d`.`total_no_of_pax`, `d`.`is_active` AS `details_active`, `t`.`check_in_date`, `t`.`check_out_date`, `t`.`is_active` AS `tour_active`, `e`.`is_active` AS `extension_active`, `e`.`tpc`, `hkom`.`object_name` AS `hotel_name`, `attriagent`.`entity_attr_value` AS `agent_gstn`, `attr`.`entity_attr_value` As `agent_state`, `em4`.`entity_name` AS `transporter_name`
FROM `khm_obj_enquiry_header` AS `h`
LEFT JOIN `khm_obj_transport_follow_up` AS `tf` ON `tf`.`enquiry_header_id`=`h`.`enquiry_header_id`
LEFT JOIN `khm_entity_mst` AS `em4` ON `em4`.`entity_id`=`tf`.`transporter_id`
LEFT JOIN `khm_obj_enquiry_details` AS `d` ON `d`.`enquiry_header_id` = `h`.`enquiry_header_id`
LEFT JOIN `khm_obj_enquiry_tour_details` AS `t` ON `t`.`enquiry_header_id` = `h`.`enquiry_header_id` AND `t`.`enquiry_details_id` = `d`.`enquiry_details_id`
LEFT JOIN `khm_obj_enquiry_itinerary_details` AS `koei` ON `koei`.`tour_details_id` = `t`.`tour_details_id`
LEFT JOIN `khm_obj_hotel` AS `koh` ON `koh`.`hotel_id` = `koei`.`hotel_id`
JOIN `khm_obj_mst` AS `hkom` ON `hkom`.`object_id`=`koh`.`object_id`
LEFT JOIN `khm_obj_enquiry_detail_extensions` AS `e` ON `e`.`enquiry_header_id` = `h`.`enquiry_header_id` AND `e`.`enquiry_details_id` = `d`.`enquiry_details_id`
LEFT JOIN `khm_obj_mst` AS `om` ON `om`.`object_id` = `h`.`object_id`
LEFT JOIN `khm_entity_mst` AS `ge` ON `ge`.`entity_id` = `h`.`guest_entity_id`
LEFT JOIN `khm_entity_mst` AS `ae` ON `ae`.`entity_id` = `h`.`agent_entity_id`
LEFT JOIN `khm_entity_mst` AS `ee` ON `ee`.`entity_id` = `h`.`employee_entity_id`
LEFT JOIN `khm_entity_attribute` AS `attr` ON `attr`.`entity_id` = `h`.`agent_entity_id` AND `attr`.`entity_class_attr_id` = 1978
LEFT JOIN `khm_entity_attribute` AS `attriagent` ON `attriagent`.`entity_id` = `h`.`agent_entity_id` AND `attriagent`.`entity_class_attr_id` = 1970
LEFT JOIN `khm_obj_mst` AS `hm` ON `hm`.`object_id` = `attr`.`entity_attr_value`
WHERE `h`.`is_active` = :h.is_active:
AND `e`.`is_active` = :e.is_active:
AND `t`.`is_active` = :t.is_active:
AND `d`.`is_active` = :d.is_active:
AND `koei`.`is_active` = :koei.is_active:
AND `h`.`enq_type_id` = :h.enq_type_id:
AND `t`.`check_in_date` >= :t.check_in_date:
AND `t`.`check_in_date` < :t.check_in_date.1:
ORDER BY `d`.`date_of_tour_start` DESC', [...], false)
 2 APPPATH\Models\PurchaseReportModel.php(205): CodeIgniter\Database\BaseBuilder->get()
 3 APPPATH\Controllers\PurchaseReport.php(100): App\Models\PurchaseReportModel->getByDateRange('2025-06-04 00:00:00', '2025-06-05 00:00:00', 1, 3)
 4 SYSTEMPATH\CodeIgniter.php(933): App\Controllers\PurchaseReport->data()
 5 SYSTEMPATH\CodeIgniter.php(509): CodeIgniter\CodeIgniter->runController(Object(App\Controllers\PurchaseReport))
 6 SYSTEMPATH\CodeIgniter.php(355): CodeIgniter\CodeIgniter->handleRequest(null, Object(Config\Cache), false)
 7 SYSTEMPATH\Boot.php(334): CodeIgniter\CodeIgniter->run()
 8 SYSTEMPATH\Boot.php(67): CodeIgniter\Boot::runCodeIgniter(Object(CodeIgniter\CodeIgniter))
 9 FCPATH\index.php(56): CodeIgniter\Boot::bootWeb(Object(Config\Paths))
CRITICAL - 2025-06-04 08:00:04 --> [Caused by] CodeIgniter\Database\Exceptions\DatabaseException: Table 'khm_touracle_db.khm_obj_transport_follow_up' doesn't exist
in SYSTEMPATH\Database\MySQLi\Connection.php on line 317.
 1 SYSTEMPATH\Database\BaseConnection.php(734): CodeIgniter\Database\MySQLi\Connection->execute('SELECT DISTINCT `h`.`ref_no`, `h`.`enquiry_header_id`, `h`.`object_id`, `h`.`guest_entity_id`, `h`.`agent_entity_id`, `h`.`employee_entity_id`, `h`.`enq_added_date`, `h`.`enq_type_id`, `h`.`is_active` AS `header_active`, `om`.`object_name`, `ge`.`entity_name` AS `guest_name`, `ae`.`entity_name` AS `agent_name`, `ee`.`entity_name` AS `employee_name`, `d`.`enquiry_details_id`, `d`.`date_of_tour_start`, `d`.`total_no_of_pax`, `d`.`is_active` AS `details_active`, `t`.`check_in_date`, `t`.`check_out_date`, `t`.`is_active` AS `tour_active`, `e`.`is_active` AS `extension_active`, `e`.`tpc`, `hkom`.`object_name` AS `hotel_name`, `attriagent`.`entity_attr_value` AS `agent_gstn`, `attr`.`entity_attr_value` As `agent_state`, `em4`.`entity_name` AS `transporter_name`
FROM `khm_obj_enquiry_header` AS `h`
LEFT JOIN `khm_obj_transport_follow_up` AS `tf` ON `tf`.`enquiry_header_id`=`h`.`enquiry_header_id`
LEFT JOIN `khm_entity_mst` AS `em4` ON `em4`.`entity_id`=`tf`.`transporter_id`
LEFT JOIN `khm_obj_enquiry_details` AS `d` ON `d`.`enquiry_header_id` = `h`.`enquiry_header_id`
LEFT JOIN `khm_obj_enquiry_tour_details` AS `t` ON `t`.`enquiry_header_id` = `h`.`enquiry_header_id` AND `t`.`enquiry_details_id` = `d`.`enquiry_details_id`
LEFT JOIN `khm_obj_enquiry_itinerary_details` AS `koei` ON `koei`.`tour_details_id` = `t`.`tour_details_id`
LEFT JOIN `khm_obj_hotel` AS `koh` ON `koh`.`hotel_id` = `koei`.`hotel_id`
JOIN `khm_obj_mst` AS `hkom` ON `hkom`.`object_id`=`koh`.`object_id`
LEFT JOIN `khm_obj_enquiry_detail_extensions` AS `e` ON `e`.`enquiry_header_id` = `h`.`enquiry_header_id` AND `e`.`enquiry_details_id` = `d`.`enquiry_details_id`
LEFT JOIN `khm_obj_mst` AS `om` ON `om`.`object_id` = `h`.`object_id`
LEFT JOIN `khm_entity_mst` AS `ge` ON `ge`.`entity_id` = `h`.`guest_entity_id`
LEFT JOIN `khm_entity_mst` AS `ae` ON `ae`.`entity_id` = `h`.`agent_entity_id`
LEFT JOIN `khm_entity_mst` AS `ee` ON `ee`.`entity_id` = `h`.`employee_entity_id`
LEFT JOIN `khm_entity_attribute` AS `attr` ON `attr`.`entity_id` = `h`.`agent_entity_id` AND `attr`.`entity_class_attr_id` = 1978
LEFT JOIN `khm_entity_attribute` AS `attriagent` ON `attriagent`.`entity_id` = `h`.`agent_entity_id` AND `attriagent`.`entity_class_attr_id` = 1970
LEFT JOIN `khm_obj_mst` AS `hm` ON `hm`.`object_id` = `attr`.`entity_attr_value`
WHERE `h`.`is_active` = 1
AND `e`.`is_active` = 1
AND `t`.`is_active` = 1
AND `d`.`is_active` = 1
AND `koei`.`is_active` = 1
AND `h`.`enq_type_id` = 3
AND `t`.`check_in_date` >= \'2025-06-04 00:00:00\'
AND `t`.`check_in_date` < \'2025-06-05 00:00:00\'
ORDER BY `d`.`date_of_tour_start` DESC')
 2 SYSTEMPATH\Database\BaseConnection.php(648): CodeIgniter\Database\BaseConnection->simpleQuery('SELECT DISTINCT `h`.`ref_no`, `h`.`enquiry_header_id`, `h`.`object_id`, `h`.`guest_entity_id`, `h`.`agent_entity_id`, `h`.`employee_entity_id`, `h`.`enq_added_date`, `h`.`enq_type_id`, `h`.`is_active` AS `header_active`, `om`.`object_name`, `ge`.`entity_name` AS `guest_name`, `ae`.`entity_name` AS `agent_name`, `ee`.`entity_name` AS `employee_name`, `d`.`enquiry_details_id`, `d`.`date_of_tour_start`, `d`.`total_no_of_pax`, `d`.`is_active` AS `details_active`, `t`.`check_in_date`, `t`.`check_out_date`, `t`.`is_active` AS `tour_active`, `e`.`is_active` AS `extension_active`, `e`.`tpc`, `hkom`.`object_name` AS `hotel_name`, `attriagent`.`entity_attr_value` AS `agent_gstn`, `attr`.`entity_attr_value` As `agent_state`, `em4`.`entity_name` AS `transporter_name`
FROM `khm_obj_enquiry_header` AS `h`
LEFT JOIN `khm_obj_transport_follow_up` AS `tf` ON `tf`.`enquiry_header_id`=`h`.`enquiry_header_id`
LEFT JOIN `khm_entity_mst` AS `em4` ON `em4`.`entity_id`=`tf`.`transporter_id`
LEFT JOIN `khm_obj_enquiry_details` AS `d` ON `d`.`enquiry_header_id` = `h`.`enquiry_header_id`
LEFT JOIN `khm_obj_enquiry_tour_details` AS `t` ON `t`.`enquiry_header_id` = `h`.`enquiry_header_id` AND `t`.`enquiry_details_id` = `d`.`enquiry_details_id`
LEFT JOIN `khm_obj_enquiry_itinerary_details` AS `koei` ON `koei`.`tour_details_id` = `t`.`tour_details_id`
LEFT JOIN `khm_obj_hotel` AS `koh` ON `koh`.`hotel_id` = `koei`.`hotel_id`
JOIN `khm_obj_mst` AS `hkom` ON `hkom`.`object_id`=`koh`.`object_id`
LEFT JOIN `khm_obj_enquiry_detail_extensions` AS `e` ON `e`.`enquiry_header_id` = `h`.`enquiry_header_id` AND `e`.`enquiry_details_id` = `d`.`enquiry_details_id`
LEFT JOIN `khm_obj_mst` AS `om` ON `om`.`object_id` = `h`.`object_id`
LEFT JOIN `khm_entity_mst` AS `ge` ON `ge`.`entity_id` = `h`.`guest_entity_id`
LEFT JOIN `khm_entity_mst` AS `ae` ON `ae`.`entity_id` = `h`.`agent_entity_id`
LEFT JOIN `khm_entity_mst` AS `ee` ON `ee`.`entity_id` = `h`.`employee_entity_id`
LEFT JOIN `khm_entity_attribute` AS `attr` ON `attr`.`entity_id` = `h`.`agent_entity_id` AND `attr`.`entity_class_attr_id` = 1978
LEFT JOIN `khm_entity_attribute` AS `attriagent` ON `attriagent`.`entity_id` = `h`.`agent_entity_id` AND `attriagent`.`entity_class_attr_id` = 1970
LEFT JOIN `khm_obj_mst` AS `hm` ON `hm`.`object_id` = `attr`.`entity_attr_value`
WHERE `h`.`is_active` = 1
AND `e`.`is_active` = 1
AND `t`.`is_active` = 1
AND `d`.`is_active` = 1
AND `koei`.`is_active` = 1
AND `h`.`enq_type_id` = 3
AND `t`.`check_in_date` >= \'2025-06-04 00:00:00\'
AND `t`.`check_in_date` < \'2025-06-05 00:00:00\'
ORDER BY `d`.`date_of_tour_start` DESC')
 3 SYSTEMPATH\Database\BaseBuilder.php(1644): CodeIgniter\Database\BaseConnection->query('SELECT DISTINCT `h`.`ref_no`, `h`.`enquiry_header_id`, `h`.`object_id`, `h`.`guest_entity_id`, `h`.`agent_entity_id`, `h`.`employee_entity_id`, `h`.`enq_added_date`, `h`.`enq_type_id`, `h`.`is_active` AS `header_active`, `om`.`object_name`, `ge`.`entity_name` AS `guest_name`, `ae`.`entity_name` AS `agent_name`, `ee`.`entity_name` AS `employee_name`, `d`.`enquiry_details_id`, `d`.`date_of_tour_start`, `d`.`total_no_of_pax`, `d`.`is_active` AS `details_active`, `t`.`check_in_date`, `t`.`check_out_date`, `t`.`is_active` AS `tour_active`, `e`.`is_active` AS `extension_active`, `e`.`tpc`, `hkom`.`object_name` AS `hotel_name`, `attriagent`.`entity_attr_value` AS `agent_gstn`, `attr`.`entity_attr_value` As `agent_state`, `em4`.`entity_name` AS `transporter_name`
FROM `khm_obj_enquiry_header` AS `h`
LEFT JOIN `khm_obj_transport_follow_up` AS `tf` ON `tf`.`enquiry_header_id`=`h`.`enquiry_header_id`
LEFT JOIN `khm_entity_mst` AS `em4` ON `em4`.`entity_id`=`tf`.`transporter_id`
LEFT JOIN `khm_obj_enquiry_details` AS `d` ON `d`.`enquiry_header_id` = `h`.`enquiry_header_id`
LEFT JOIN `khm_obj_enquiry_tour_details` AS `t` ON `t`.`enquiry_header_id` = `h`.`enquiry_header_id` AND `t`.`enquiry_details_id` = `d`.`enquiry_details_id`
LEFT JOIN `khm_obj_enquiry_itinerary_details` AS `koei` ON `koei`.`tour_details_id` = `t`.`tour_details_id`
LEFT JOIN `khm_obj_hotel` AS `koh` ON `koh`.`hotel_id` = `koei`.`hotel_id`
JOIN `khm_obj_mst` AS `hkom` ON `hkom`.`object_id`=`koh`.`object_id`
LEFT JOIN `khm_obj_enquiry_detail_extensions` AS `e` ON `e`.`enquiry_header_id` = `h`.`enquiry_header_id` AND `e`.`enquiry_details_id` = `d`.`enquiry_details_id`
LEFT JOIN `khm_obj_mst` AS `om` ON `om`.`object_id` = `h`.`object_id`
LEFT JOIN `khm_entity_mst` AS `ge` ON `ge`.`entity_id` = `h`.`guest_entity_id`
LEFT JOIN `khm_entity_mst` AS `ae` ON `ae`.`entity_id` = `h`.`agent_entity_id`
LEFT JOIN `khm_entity_mst` AS `ee` ON `ee`.`entity_id` = `h`.`employee_entity_id`
LEFT JOIN `khm_entity_attribute` AS `attr` ON `attr`.`entity_id` = `h`.`agent_entity_id` AND `attr`.`entity_class_attr_id` = 1978
LEFT JOIN `khm_entity_attribute` AS `attriagent` ON `attriagent`.`entity_id` = `h`.`agent_entity_id` AND `attriagent`.`entity_class_attr_id` = 1970
LEFT JOIN `khm_obj_mst` AS `hm` ON `hm`.`object_id` = `attr`.`entity_attr_value`
WHERE `h`.`is_active` = :h.is_active:
AND `e`.`is_active` = :e.is_active:
AND `t`.`is_active` = :t.is_active:
AND `d`.`is_active` = :d.is_active:
AND `koei`.`is_active` = :koei.is_active:
AND `h`.`enq_type_id` = :h.enq_type_id:
AND `t`.`check_in_date` >= :t.check_in_date:
AND `t`.`check_in_date` < :t.check_in_date.1:
ORDER BY `d`.`date_of_tour_start` DESC', [...], false)
 4 APPPATH\Models\PurchaseReportModel.php(205): CodeIgniter\Database\BaseBuilder->get()
 5 APPPATH\Controllers\PurchaseReport.php(100): App\Models\PurchaseReportModel->getByDateRange('2025-06-04 00:00:00', '2025-06-05 00:00:00', 1, 3)
 6 SYSTEMPATH\CodeIgniter.php(933): App\Controllers\PurchaseReport->data()
 7 SYSTEMPATH\CodeIgniter.php(509): CodeIgniter\CodeIgniter->runController(Object(App\Controllers\PurchaseReport))
 8 SYSTEMPATH\CodeIgniter.php(355): CodeIgniter\CodeIgniter->handleRequest(null, Object(Config\Cache), false)
 9 SYSTEMPATH\Boot.php(334): CodeIgniter\CodeIgniter->run()
10 SYSTEMPATH\Boot.php(67): CodeIgniter\Boot::runCodeIgniter(Object(CodeIgniter\CodeIgniter))
11 FCPATH\index.php(56): CodeIgniter\Boot::bootWeb(Object(Config\Paths))
CRITICAL - 2025-06-04 08:00:04 --> [Caused by] mysqli_sql_exception: Table 'khm_touracle_db.khm_obj_transport_follow_up' doesn't exist
in SYSTEMPATH\Database\MySQLi\Connection.php on line 312.
 1 SYSTEMPATH\Database\MySQLi\Connection.php(312): mysqli->query('SELECT DISTINCT `h`.`ref_no`, `h`.`enquiry_header_id`, `h`.`object_id`, `h`.`guest_entity_id`, `h`.`agent_entity_id`, `h`.`employee_entity_id`, `h`.`enq_added_date`, `h`.`enq_type_id`, `h`.`is_active` AS `header_active`, `om`.`object_name`, `ge`.`entity_name` AS `guest_name`, `ae`.`entity_name` AS `agent_name`, `ee`.`entity_name` AS `employee_name`, `d`.`enquiry_details_id`, `d`.`date_of_tour_start`, `d`.`total_no_of_pax`, `d`.`is_active` AS `details_active`, `t`.`check_in_date`, `t`.`check_out_date`, `t`.`is_active` AS `tour_active`, `e`.`is_active` AS `extension_active`, `e`.`tpc`, `hkom`.`object_name` AS `hotel_name`, `attriagent`.`entity_attr_value` AS `agent_gstn`, `attr`.`entity_attr_value` As `agent_state`, `em4`.`entity_name` AS `transporter_name`
FROM `khm_obj_enquiry_header` AS `h`
LEFT JOIN `khm_obj_transport_follow_up` AS `tf` ON `tf`.`enquiry_header_id`=`h`.`enquiry_header_id`
LEFT JOIN `khm_entity_mst` AS `em4` ON `em4`.`entity_id`=`tf`.`transporter_id`
LEFT JOIN `khm_obj_enquiry_details` AS `d` ON `d`.`enquiry_header_id` = `h`.`enquiry_header_id`
LEFT JOIN `khm_obj_enquiry_tour_details` AS `t` ON `t`.`enquiry_header_id` = `h`.`enquiry_header_id` AND `t`.`enquiry_details_id` = `d`.`enquiry_details_id`
LEFT JOIN `khm_obj_enquiry_itinerary_details` AS `koei` ON `koei`.`tour_details_id` = `t`.`tour_details_id`
LEFT JOIN `khm_obj_hotel` AS `koh` ON `koh`.`hotel_id` = `koei`.`hotel_id`
JOIN `khm_obj_mst` AS `hkom` ON `hkom`.`object_id`=`koh`.`object_id`
LEFT JOIN `khm_obj_enquiry_detail_extensions` AS `e` ON `e`.`enquiry_header_id` = `h`.`enquiry_header_id` AND `e`.`enquiry_details_id` = `d`.`enquiry_details_id`
LEFT JOIN `khm_obj_mst` AS `om` ON `om`.`object_id` = `h`.`object_id`
LEFT JOIN `khm_entity_mst` AS `ge` ON `ge`.`entity_id` = `h`.`guest_entity_id`
LEFT JOIN `khm_entity_mst` AS `ae` ON `ae`.`entity_id` = `h`.`agent_entity_id`
LEFT JOIN `khm_entity_mst` AS `ee` ON `ee`.`entity_id` = `h`.`employee_entity_id`
LEFT JOIN `khm_entity_attribute` AS `attr` ON `attr`.`entity_id` = `h`.`agent_entity_id` AND `attr`.`entity_class_attr_id` = 1978
LEFT JOIN `khm_entity_attribute` AS `attriagent` ON `attriagent`.`entity_id` = `h`.`agent_entity_id` AND `attriagent`.`entity_class_attr_id` = 1970
LEFT JOIN `khm_obj_mst` AS `hm` ON `hm`.`object_id` = `attr`.`entity_attr_value`
WHERE `h`.`is_active` = 1
AND `e`.`is_active` = 1
AND `t`.`is_active` = 1
AND `d`.`is_active` = 1
AND `koei`.`is_active` = 1
AND `h`.`enq_type_id` = 3
AND `t`.`check_in_date` >= \'2025-06-04 00:00:00\'
AND `t`.`check_in_date` < \'2025-06-05 00:00:00\'
ORDER BY `d`.`date_of_tour_start` DESC', 0)
 2 SYSTEMPATH\Database\BaseConnection.php(734): CodeIgniter\Database\MySQLi\Connection->execute('SELECT DISTINCT `h`.`ref_no`, `h`.`enquiry_header_id`, `h`.`object_id`, `h`.`guest_entity_id`, `h`.`agent_entity_id`, `h`.`employee_entity_id`, `h`.`enq_added_date`, `h`.`enq_type_id`, `h`.`is_active` AS `header_active`, `om`.`object_name`, `ge`.`entity_name` AS `guest_name`, `ae`.`entity_name` AS `agent_name`, `ee`.`entity_name` AS `employee_name`, `d`.`enquiry_details_id`, `d`.`date_of_tour_start`, `d`.`total_no_of_pax`, `d`.`is_active` AS `details_active`, `t`.`check_in_date`, `t`.`check_out_date`, `t`.`is_active` AS `tour_active`, `e`.`is_active` AS `extension_active`, `e`.`tpc`, `hkom`.`object_name` AS `hotel_name`, `attriagent`.`entity_attr_value` AS `agent_gstn`, `attr`.`entity_attr_value` As `agent_state`, `em4`.`entity_name` AS `transporter_name`
FROM `khm_obj_enquiry_header` AS `h`
LEFT JOIN `khm_obj_transport_follow_up` AS `tf` ON `tf`.`enquiry_header_id`=`h`.`enquiry_header_id`
LEFT JOIN `khm_entity_mst` AS `em4` ON `em4`.`entity_id`=`tf`.`transporter_id`
LEFT JOIN `khm_obj_enquiry_details` AS `d` ON `d`.`enquiry_header_id` = `h`.`enquiry_header_id`
LEFT JOIN `khm_obj_enquiry_tour_details` AS `t` ON `t`.`enquiry_header_id` = `h`.`enquiry_header_id` AND `t`.`enquiry_details_id` = `d`.`enquiry_details_id`
LEFT JOIN `khm_obj_enquiry_itinerary_details` AS `koei` ON `koei`.`tour_details_id` = `t`.`tour_details_id`
LEFT JOIN `khm_obj_hotel` AS `koh` ON `koh`.`hotel_id` = `koei`.`hotel_id`
JOIN `khm_obj_mst` AS `hkom` ON `hkom`.`object_id`=`koh`.`object_id`
LEFT JOIN `khm_obj_enquiry_detail_extensions` AS `e` ON `e`.`enquiry_header_id` = `h`.`enquiry_header_id` AND `e`.`enquiry_details_id` = `d`.`enquiry_details_id`
LEFT JOIN `khm_obj_mst` AS `om` ON `om`.`object_id` = `h`.`object_id`
LEFT JOIN `khm_entity_mst` AS `ge` ON `ge`.`entity_id` = `h`.`guest_entity_id`
LEFT JOIN `khm_entity_mst` AS `ae` ON `ae`.`entity_id` = `h`.`agent_entity_id`
LEFT JOIN `khm_entity_mst` AS `ee` ON `ee`.`entity_id` = `h`.`employee_entity_id`
LEFT JOIN `khm_entity_attribute` AS `attr` ON `attr`.`entity_id` = `h`.`agent_entity_id` AND `attr`.`entity_class_attr_id` = 1978
LEFT JOIN `khm_entity_attribute` AS `attriagent` ON `attriagent`.`entity_id` = `h`.`agent_entity_id` AND `attriagent`.`entity_class_attr_id` = 1970
LEFT JOIN `khm_obj_mst` AS `hm` ON `hm`.`object_id` = `attr`.`entity_attr_value`
WHERE `h`.`is_active` = 1
AND `e`.`is_active` = 1
AND `t`.`is_active` = 1
AND `d`.`is_active` = 1
AND `koei`.`is_active` = 1
AND `h`.`enq_type_id` = 3
AND `t`.`check_in_date` >= \'2025-06-04 00:00:00\'
AND `t`.`check_in_date` < \'2025-06-05 00:00:00\'
ORDER BY `d`.`date_of_tour_start` DESC')
 3 SYSTEMPATH\Database\BaseConnection.php(648): CodeIgniter\Database\BaseConnection->simpleQuery('SELECT DISTINCT `h`.`ref_no`, `h`.`enquiry_header_id`, `h`.`object_id`, `h`.`guest_entity_id`, `h`.`agent_entity_id`, `h`.`employee_entity_id`, `h`.`enq_added_date`, `h`.`enq_type_id`, `h`.`is_active` AS `header_active`, `om`.`object_name`, `ge`.`entity_name` AS `guest_name`, `ae`.`entity_name` AS `agent_name`, `ee`.`entity_name` AS `employee_name`, `d`.`enquiry_details_id`, `d`.`date_of_tour_start`, `d`.`total_no_of_pax`, `d`.`is_active` AS `details_active`, `t`.`check_in_date`, `t`.`check_out_date`, `t`.`is_active` AS `tour_active`, `e`.`is_active` AS `extension_active`, `e`.`tpc`, `hkom`.`object_name` AS `hotel_name`, `attriagent`.`entity_attr_value` AS `agent_gstn`, `attr`.`entity_attr_value` As `agent_state`, `em4`.`entity_name` AS `transporter_name`
FROM `khm_obj_enquiry_header` AS `h`
LEFT JOIN `khm_obj_transport_follow_up` AS `tf` ON `tf`.`enquiry_header_id`=`h`.`enquiry_header_id`
LEFT JOIN `khm_entity_mst` AS `em4` ON `em4`.`entity_id`=`tf`.`transporter_id`
LEFT JOIN `khm_obj_enquiry_details` AS `d` ON `d`.`enquiry_header_id` = `h`.`enquiry_header_id`
LEFT JOIN `khm_obj_enquiry_tour_details` AS `t` ON `t`.`enquiry_header_id` = `h`.`enquiry_header_id` AND `t`.`enquiry_details_id` = `d`.`enquiry_details_id`
LEFT JOIN `khm_obj_enquiry_itinerary_details` AS `koei` ON `koei`.`tour_details_id` = `t`.`tour_details_id`
LEFT JOIN `khm_obj_hotel` AS `koh` ON `koh`.`hotel_id` = `koei`.`hotel_id`
JOIN `khm_obj_mst` AS `hkom` ON `hkom`.`object_id`=`koh`.`object_id`
LEFT JOIN `khm_obj_enquiry_detail_extensions` AS `e` ON `e`.`enquiry_header_id` = `h`.`enquiry_header_id` AND `e`.`enquiry_details_id` = `d`.`enquiry_details_id`
LEFT JOIN `khm_obj_mst` AS `om` ON `om`.`object_id` = `h`.`object_id`
LEFT JOIN `khm_entity_mst` AS `ge` ON `ge`.`entity_id` = `h`.`guest_entity_id`
LEFT JOIN `khm_entity_mst` AS `ae` ON `ae`.`entity_id` = `h`.`agent_entity_id`
LEFT JOIN `khm_entity_mst` AS `ee` ON `ee`.`entity_id` = `h`.`employee_entity_id`
LEFT JOIN `khm_entity_attribute` AS `attr` ON `attr`.`entity_id` = `h`.`agent_entity_id` AND `attr`.`entity_class_attr_id` = 1978
LEFT JOIN `khm_entity_attribute` AS `attriagent` ON `attriagent`.`entity_id` = `h`.`agent_entity_id` AND `attriagent`.`entity_class_attr_id` = 1970
LEFT JOIN `khm_obj_mst` AS `hm` ON `hm`.`object_id` = `attr`.`entity_attr_value`
WHERE `h`.`is_active` = 1
AND `e`.`is_active` = 1
AND `t`.`is_active` = 1
AND `d`.`is_active` = 1
AND `koei`.`is_active` = 1
AND `h`.`enq_type_id` = 3
AND `t`.`check_in_date` >= \'2025-06-04 00:00:00\'
AND `t`.`check_in_date` < \'2025-06-05 00:00:00\'
ORDER BY `d`.`date_of_tour_start` DESC')
 4 SYSTEMPATH\Database\BaseBuilder.php(1644): CodeIgniter\Database\BaseConnection->query('SELECT DISTINCT `h`.`ref_no`, `h`.`enquiry_header_id`, `h`.`object_id`, `h`.`guest_entity_id`, `h`.`agent_entity_id`, `h`.`employee_entity_id`, `h`.`enq_added_date`, `h`.`enq_type_id`, `h`.`is_active` AS `header_active`, `om`.`object_name`, `ge`.`entity_name` AS `guest_name`, `ae`.`entity_name` AS `agent_name`, `ee`.`entity_name` AS `employee_name`, `d`.`enquiry_details_id`, `d`.`date_of_tour_start`, `d`.`total_no_of_pax`, `d`.`is_active` AS `details_active`, `t`.`check_in_date`, `t`.`check_out_date`, `t`.`is_active` AS `tour_active`, `e`.`is_active` AS `extension_active`, `e`.`tpc`, `hkom`.`object_name` AS `hotel_name`, `attriagent`.`entity_attr_value` AS `agent_gstn`, `attr`.`entity_attr_value` As `agent_state`, `em4`.`entity_name` AS `transporter_name`
FROM `khm_obj_enquiry_header` AS `h`
LEFT JOIN `khm_obj_transport_follow_up` AS `tf` ON `tf`.`enquiry_header_id`=`h`.`enquiry_header_id`
LEFT JOIN `khm_entity_mst` AS `em4` ON `em4`.`entity_id`=`tf`.`transporter_id`
LEFT JOIN `khm_obj_enquiry_details` AS `d` ON `d`.`enquiry_header_id` = `h`.`enquiry_header_id`
LEFT JOIN `khm_obj_enquiry_tour_details` AS `t` ON `t`.`enquiry_header_id` = `h`.`enquiry_header_id` AND `t`.`enquiry_details_id` = `d`.`enquiry_details_id`
LEFT JOIN `khm_obj_enquiry_itinerary_details` AS `koei` ON `koei`.`tour_details_id` = `t`.`tour_details_id`
LEFT JOIN `khm_obj_hotel` AS `koh` ON `koh`.`hotel_id` = `koei`.`hotel_id`
JOIN `khm_obj_mst` AS `hkom` ON `hkom`.`object_id`=`koh`.`object_id`
LEFT JOIN `khm_obj_enquiry_detail_extensions` AS `e` ON `e`.`enquiry_header_id` = `h`.`enquiry_header_id` AND `e`.`enquiry_details_id` = `d`.`enquiry_details_id`
LEFT JOIN `khm_obj_mst` AS `om` ON `om`.`object_id` = `h`.`object_id`
LEFT JOIN `khm_entity_mst` AS `ge` ON `ge`.`entity_id` = `h`.`guest_entity_id`
LEFT JOIN `khm_entity_mst` AS `ae` ON `ae`.`entity_id` = `h`.`agent_entity_id`
LEFT JOIN `khm_entity_mst` AS `ee` ON `ee`.`entity_id` = `h`.`employee_entity_id`
LEFT JOIN `khm_entity_attribute` AS `attr` ON `attr`.`entity_id` = `h`.`agent_entity_id` AND `attr`.`entity_class_attr_id` = 1978
LEFT JOIN `khm_entity_attribute` AS `attriagent` ON `attriagent`.`entity_id` = `h`.`agent_entity_id` AND `attriagent`.`entity_class_attr_id` = 1970
LEFT JOIN `khm_obj_mst` AS `hm` ON `hm`.`object_id` = `attr`.`entity_attr_value`
WHERE `h`.`is_active` = :h.is_active:
AND `e`.`is_active` = :e.is_active:
AND `t`.`is_active` = :t.is_active:
AND `d`.`is_active` = :d.is_active:
AND `koei`.`is_active` = :koei.is_active:
AND `h`.`enq_type_id` = :h.enq_type_id:
AND `t`.`check_in_date` >= :t.check_in_date:
AND `t`.`check_in_date` < :t.check_in_date.1:
ORDER BY `d`.`date_of_tour_start` DESC', [...], false)
 5 APPPATH\Models\PurchaseReportModel.php(205): CodeIgniter\Database\BaseBuilder->get()
 6 APPPATH\Controllers\PurchaseReport.php(100): App\Models\PurchaseReportModel->getByDateRange('2025-06-04 00:00:00', '2025-06-05 00:00:00', 1, 3)
 7 SYSTEMPATH\CodeIgniter.php(933): App\Controllers\PurchaseReport->data()
 8 SYSTEMPATH\CodeIgniter.php(509): CodeIgniter\CodeIgniter->runController(Object(App\Controllers\PurchaseReport))
 9 SYSTEMPATH\CodeIgniter.php(355): CodeIgniter\CodeIgniter->handleRequest(null, Object(Config\Cache), false)
10 SYSTEMPATH\Boot.php(334): CodeIgniter\CodeIgniter->run()
11 SYSTEMPATH\Boot.php(67): CodeIgniter\Boot::runCodeIgniter(Object(CodeIgniter\CodeIgniter))
12 FCPATH\index.php(56): CodeIgniter\Boot::bootWeb(Object(Config\Paths))
ERROR - 2025-06-04 08:00:12 --> mysqli_sql_exception: Table 'khm_touracle_db.khm_obj_transport_follow_up' doesn't exist in C:\wamp64\www\khm\system\Database\MySQLi\Connection.php:312
Stack trace:
#0 C:\wamp64\www\khm\system\Database\MySQLi\Connection.php(312): mysqli->query('SELECT DISTINCT...', 0)
#1 C:\wamp64\www\khm\system\Database\BaseConnection.php(734): CodeIgniter\Database\MySQLi\Connection->execute('SELECT DISTINCT...')
#2 C:\wamp64\www\khm\system\Database\BaseConnection.php(648): CodeIgniter\Database\BaseConnection->simpleQuery('SELECT DISTINCT...')
#3 C:\wamp64\www\khm\system\Database\BaseBuilder.php(1644): CodeIgniter\Database\BaseConnection->query('SELECT DISTINCT...', Array, false)
#4 C:\wamp64\www\khm\app\Models\PurchaseReportModel.php(205): CodeIgniter\Database\BaseBuilder->get()
#5 C:\wamp64\www\khm\app\Controllers\PurchaseReport.php(100): App\Models\PurchaseReportModel->getByDateRange('2025-06-04 00:0...', '2025-06-05 00:0...', 1, 3)
#6 C:\wamp64\www\khm\system\CodeIgniter.php(933): App\Controllers\PurchaseReport->data()
#7 C:\wamp64\www\khm\system\CodeIgniter.php(509): CodeIgniter\CodeIgniter->runController(Object(App\Controllers\PurchaseReport))
#8 C:\wamp64\www\khm\system\CodeIgniter.php(355): CodeIgniter\CodeIgniter->handleRequest(NULL, Object(Config\Cache), false)
#9 C:\wamp64\www\khm\system\Boot.php(334): CodeIgniter\CodeIgniter->run()
#10 C:\wamp64\www\khm\system\Boot.php(67): CodeIgniter\Boot::runCodeIgniter(Object(CodeIgniter\CodeIgniter))
#11 C:\wamp64\www\khm\public\index.php(56): CodeIgniter\Boot::bootWeb(Object(Config\Paths))
#12 {main}
CRITICAL - 2025-06-04 08:00:12 --> CodeIgniter\Database\Exceptions\DatabaseException: Table 'khm_touracle_db.khm_obj_transport_follow_up' doesn't exist
[Method: GET, Route: PurchaseReport/data]
in SYSTEMPATH\Database\BaseConnection.php on line 688.
 1 SYSTEMPATH\Database\BaseBuilder.php(1644): CodeIgniter\Database\BaseConnection->query('SELECT DISTINCT `h`.`ref_no`, `h`.`enquiry_header_id`, `h`.`object_id`, `h`.`guest_entity_id`, `h`.`agent_entity_id`, `h`.`employee_entity_id`, `h`.`enq_added_date`, `h`.`enq_type_id`, `h`.`is_active` AS `header_active`, `om`.`object_name`, `ge`.`entity_name` AS `guest_name`, `ae`.`entity_name` AS `agent_name`, `ee`.`entity_name` AS `employee_name`, `d`.`enquiry_details_id`, `d`.`date_of_tour_start`, `d`.`total_no_of_pax`, `d`.`is_active` AS `details_active`, `t`.`check_in_date`, `t`.`check_out_date`, `t`.`is_active` AS `tour_active`, `e`.`is_active` AS `extension_active`, `e`.`tpc`, `hkom`.`object_name` AS `hotel_name`, `attriagent`.`entity_attr_value` AS `agent_gstn`, `attr`.`entity_attr_value` As `agent_state`, `em4`.`entity_name` AS `transporter_name`
FROM `khm_obj_enquiry_header` AS `h`
LEFT JOIN `khm_obj_transport_follow_up` AS `tf` ON `tf`.`enquiry_header_id`=`h`.`enquiry_header_id`
LEFT JOIN `khm_entity_mst` AS `em4` ON `em4`.`entity_id`=`tf`.`transporter_id`
LEFT JOIN `khm_obj_enquiry_details` AS `d` ON `d`.`enquiry_header_id` = `h`.`enquiry_header_id`
LEFT JOIN `khm_obj_enquiry_tour_details` AS `t` ON `t`.`enquiry_header_id` = `h`.`enquiry_header_id` AND `t`.`enquiry_details_id` = `d`.`enquiry_details_id`
LEFT JOIN `khm_obj_enquiry_itinerary_details` AS `koei` ON `koei`.`tour_details_id` = `t`.`tour_details_id`
LEFT JOIN `khm_obj_hotel` AS `koh` ON `koh`.`hotel_id` = `koei`.`hotel_id`
JOIN `khm_obj_mst` AS `hkom` ON `hkom`.`object_id`=`koh`.`object_id`
LEFT JOIN `khm_obj_enquiry_detail_extensions` AS `e` ON `e`.`enquiry_header_id` = `h`.`enquiry_header_id` AND `e`.`enquiry_details_id` = `d`.`enquiry_details_id`
LEFT JOIN `khm_obj_mst` AS `om` ON `om`.`object_id` = `h`.`object_id`
LEFT JOIN `khm_entity_mst` AS `ge` ON `ge`.`entity_id` = `h`.`guest_entity_id`
LEFT JOIN `khm_entity_mst` AS `ae` ON `ae`.`entity_id` = `h`.`agent_entity_id`
LEFT JOIN `khm_entity_mst` AS `ee` ON `ee`.`entity_id` = `h`.`employee_entity_id`
LEFT JOIN `khm_entity_attribute` AS `attr` ON `attr`.`entity_id` = `h`.`agent_entity_id` AND `attr`.`entity_class_attr_id` = 1978
LEFT JOIN `khm_entity_attribute` AS `attriagent` ON `attriagent`.`entity_id` = `h`.`agent_entity_id` AND `attriagent`.`entity_class_attr_id` = 1970
LEFT JOIN `khm_obj_mst` AS `hm` ON `hm`.`object_id` = `attr`.`entity_attr_value`
WHERE `h`.`is_active` = :h.is_active:
AND `e`.`is_active` = :e.is_active:
AND `t`.`is_active` = :t.is_active:
AND `d`.`is_active` = :d.is_active:
AND `koei`.`is_active` = :koei.is_active:
AND `h`.`enq_type_id` = :h.enq_type_id:
AND `t`.`check_in_date` >= :t.check_in_date:
AND `t`.`check_in_date` < :t.check_in_date.1:
ORDER BY `d`.`date_of_tour_start` DESC', [...], false)
 2 APPPATH\Models\PurchaseReportModel.php(205): CodeIgniter\Database\BaseBuilder->get()
 3 APPPATH\Controllers\PurchaseReport.php(100): App\Models\PurchaseReportModel->getByDateRange('2025-06-04 00:00:00', '2025-06-05 00:00:00', 1, 3)
 4 SYSTEMPATH\CodeIgniter.php(933): App\Controllers\PurchaseReport->data()
 5 SYSTEMPATH\CodeIgniter.php(509): CodeIgniter\CodeIgniter->runController(Object(App\Controllers\PurchaseReport))
 6 SYSTEMPATH\CodeIgniter.php(355): CodeIgniter\CodeIgniter->handleRequest(null, Object(Config\Cache), false)
 7 SYSTEMPATH\Boot.php(334): CodeIgniter\CodeIgniter->run()
 8 SYSTEMPATH\Boot.php(67): CodeIgniter\Boot::runCodeIgniter(Object(CodeIgniter\CodeIgniter))
 9 FCPATH\index.php(56): CodeIgniter\Boot::bootWeb(Object(Config\Paths))
CRITICAL - 2025-06-04 08:00:12 --> [Caused by] CodeIgniter\Database\Exceptions\DatabaseException: Table 'khm_touracle_db.khm_obj_transport_follow_up' doesn't exist
in SYSTEMPATH\Database\MySQLi\Connection.php on line 317.
 1 SYSTEMPATH\Database\BaseConnection.php(734): CodeIgniter\Database\MySQLi\Connection->execute('SELECT DISTINCT `h`.`ref_no`, `h`.`enquiry_header_id`, `h`.`object_id`, `h`.`guest_entity_id`, `h`.`agent_entity_id`, `h`.`employee_entity_id`, `h`.`enq_added_date`, `h`.`enq_type_id`, `h`.`is_active` AS `header_active`, `om`.`object_name`, `ge`.`entity_name` AS `guest_name`, `ae`.`entity_name` AS `agent_name`, `ee`.`entity_name` AS `employee_name`, `d`.`enquiry_details_id`, `d`.`date_of_tour_start`, `d`.`total_no_of_pax`, `d`.`is_active` AS `details_active`, `t`.`check_in_date`, `t`.`check_out_date`, `t`.`is_active` AS `tour_active`, `e`.`is_active` AS `extension_active`, `e`.`tpc`, `hkom`.`object_name` AS `hotel_name`, `attriagent`.`entity_attr_value` AS `agent_gstn`, `attr`.`entity_attr_value` As `agent_state`, `em4`.`entity_name` AS `transporter_name`
FROM `khm_obj_enquiry_header` AS `h`
LEFT JOIN `khm_obj_transport_follow_up` AS `tf` ON `tf`.`enquiry_header_id`=`h`.`enquiry_header_id`
LEFT JOIN `khm_entity_mst` AS `em4` ON `em4`.`entity_id`=`tf`.`transporter_id`
LEFT JOIN `khm_obj_enquiry_details` AS `d` ON `d`.`enquiry_header_id` = `h`.`enquiry_header_id`
LEFT JOIN `khm_obj_enquiry_tour_details` AS `t` ON `t`.`enquiry_header_id` = `h`.`enquiry_header_id` AND `t`.`enquiry_details_id` = `d`.`enquiry_details_id`
LEFT JOIN `khm_obj_enquiry_itinerary_details` AS `koei` ON `koei`.`tour_details_id` = `t`.`tour_details_id`
LEFT JOIN `khm_obj_hotel` AS `koh` ON `koh`.`hotel_id` = `koei`.`hotel_id`
JOIN `khm_obj_mst` AS `hkom` ON `hkom`.`object_id`=`koh`.`object_id`
LEFT JOIN `khm_obj_enquiry_detail_extensions` AS `e` ON `e`.`enquiry_header_id` = `h`.`enquiry_header_id` AND `e`.`enquiry_details_id` = `d`.`enquiry_details_id`
LEFT JOIN `khm_obj_mst` AS `om` ON `om`.`object_id` = `h`.`object_id`
LEFT JOIN `khm_entity_mst` AS `ge` ON `ge`.`entity_id` = `h`.`guest_entity_id`
LEFT JOIN `khm_entity_mst` AS `ae` ON `ae`.`entity_id` = `h`.`agent_entity_id`
LEFT JOIN `khm_entity_mst` AS `ee` ON `ee`.`entity_id` = `h`.`employee_entity_id`
LEFT JOIN `khm_entity_attribute` AS `attr` ON `attr`.`entity_id` = `h`.`agent_entity_id` AND `attr`.`entity_class_attr_id` = 1978
LEFT JOIN `khm_entity_attribute` AS `attriagent` ON `attriagent`.`entity_id` = `h`.`agent_entity_id` AND `attriagent`.`entity_class_attr_id` = 1970
LEFT JOIN `khm_obj_mst` AS `hm` ON `hm`.`object_id` = `attr`.`entity_attr_value`
WHERE `h`.`is_active` = 1
AND `e`.`is_active` = 1
AND `t`.`is_active` = 1
AND `d`.`is_active` = 1
AND `koei`.`is_active` = 1
AND `h`.`enq_type_id` = 3
AND `t`.`check_in_date` >= \'2025-06-04 00:00:00\'
AND `t`.`check_in_date` < \'2025-06-05 00:00:00\'
ORDER BY `d`.`date_of_tour_start` DESC')
 2 SYSTEMPATH\Database\BaseConnection.php(648): CodeIgniter\Database\BaseConnection->simpleQuery('SELECT DISTINCT `h`.`ref_no`, `h`.`enquiry_header_id`, `h`.`object_id`, `h`.`guest_entity_id`, `h`.`agent_entity_id`, `h`.`employee_entity_id`, `h`.`enq_added_date`, `h`.`enq_type_id`, `h`.`is_active` AS `header_active`, `om`.`object_name`, `ge`.`entity_name` AS `guest_name`, `ae`.`entity_name` AS `agent_name`, `ee`.`entity_name` AS `employee_name`, `d`.`enquiry_details_id`, `d`.`date_of_tour_start`, `d`.`total_no_of_pax`, `d`.`is_active` AS `details_active`, `t`.`check_in_date`, `t`.`check_out_date`, `t`.`is_active` AS `tour_active`, `e`.`is_active` AS `extension_active`, `e`.`tpc`, `hkom`.`object_name` AS `hotel_name`, `attriagent`.`entity_attr_value` AS `agent_gstn`, `attr`.`entity_attr_value` As `agent_state`, `em4`.`entity_name` AS `transporter_name`
FROM `khm_obj_enquiry_header` AS `h`
LEFT JOIN `khm_obj_transport_follow_up` AS `tf` ON `tf`.`enquiry_header_id`=`h`.`enquiry_header_id`
LEFT JOIN `khm_entity_mst` AS `em4` ON `em4`.`entity_id`=`tf`.`transporter_id`
LEFT JOIN `khm_obj_enquiry_details` AS `d` ON `d`.`enquiry_header_id` = `h`.`enquiry_header_id`
LEFT JOIN `khm_obj_enquiry_tour_details` AS `t` ON `t`.`enquiry_header_id` = `h`.`enquiry_header_id` AND `t`.`enquiry_details_id` = `d`.`enquiry_details_id`
LEFT JOIN `khm_obj_enquiry_itinerary_details` AS `koei` ON `koei`.`tour_details_id` = `t`.`tour_details_id`
LEFT JOIN `khm_obj_hotel` AS `koh` ON `koh`.`hotel_id` = `koei`.`hotel_id`
JOIN `khm_obj_mst` AS `hkom` ON `hkom`.`object_id`=`koh`.`object_id`
LEFT JOIN `khm_obj_enquiry_detail_extensions` AS `e` ON `e`.`enquiry_header_id` = `h`.`enquiry_header_id` AND `e`.`enquiry_details_id` = `d`.`enquiry_details_id`
LEFT JOIN `khm_obj_mst` AS `om` ON `om`.`object_id` = `h`.`object_id`
LEFT JOIN `khm_entity_mst` AS `ge` ON `ge`.`entity_id` = `h`.`guest_entity_id`
LEFT JOIN `khm_entity_mst` AS `ae` ON `ae`.`entity_id` = `h`.`agent_entity_id`
LEFT JOIN `khm_entity_mst` AS `ee` ON `ee`.`entity_id` = `h`.`employee_entity_id`
LEFT JOIN `khm_entity_attribute` AS `attr` ON `attr`.`entity_id` = `h`.`agent_entity_id` AND `attr`.`entity_class_attr_id` = 1978
LEFT JOIN `khm_entity_attribute` AS `attriagent` ON `attriagent`.`entity_id` = `h`.`agent_entity_id` AND `attriagent`.`entity_class_attr_id` = 1970
LEFT JOIN `khm_obj_mst` AS `hm` ON `hm`.`object_id` = `attr`.`entity_attr_value`
WHERE `h`.`is_active` = 1
AND `e`.`is_active` = 1
AND `t`.`is_active` = 1
AND `d`.`is_active` = 1
AND `koei`.`is_active` = 1
AND `h`.`enq_type_id` = 3
AND `t`.`check_in_date` >= \'2025-06-04 00:00:00\'
AND `t`.`check_in_date` < \'2025-06-05 00:00:00\'
ORDER BY `d`.`date_of_tour_start` DESC')
 3 SYSTEMPATH\Database\BaseBuilder.php(1644): CodeIgniter\Database\BaseConnection->query('SELECT DISTINCT `h`.`ref_no`, `h`.`enquiry_header_id`, `h`.`object_id`, `h`.`guest_entity_id`, `h`.`agent_entity_id`, `h`.`employee_entity_id`, `h`.`enq_added_date`, `h`.`enq_type_id`, `h`.`is_active` AS `header_active`, `om`.`object_name`, `ge`.`entity_name` AS `guest_name`, `ae`.`entity_name` AS `agent_name`, `ee`.`entity_name` AS `employee_name`, `d`.`enquiry_details_id`, `d`.`date_of_tour_start`, `d`.`total_no_of_pax`, `d`.`is_active` AS `details_active`, `t`.`check_in_date`, `t`.`check_out_date`, `t`.`is_active` AS `tour_active`, `e`.`is_active` AS `extension_active`, `e`.`tpc`, `hkom`.`object_name` AS `hotel_name`, `attriagent`.`entity_attr_value` AS `agent_gstn`, `attr`.`entity_attr_value` As `agent_state`, `em4`.`entity_name` AS `transporter_name`
FROM `khm_obj_enquiry_header` AS `h`
LEFT JOIN `khm_obj_transport_follow_up` AS `tf` ON `tf`.`enquiry_header_id`=`h`.`enquiry_header_id`
LEFT JOIN `khm_entity_mst` AS `em4` ON `em4`.`entity_id`=`tf`.`transporter_id`
LEFT JOIN `khm_obj_enquiry_details` AS `d` ON `d`.`enquiry_header_id` = `h`.`enquiry_header_id`
LEFT JOIN `khm_obj_enquiry_tour_details` AS `t` ON `t`.`enquiry_header_id` = `h`.`enquiry_header_id` AND `t`.`enquiry_details_id` = `d`.`enquiry_details_id`
LEFT JOIN `khm_obj_enquiry_itinerary_details` AS `koei` ON `koei`.`tour_details_id` = `t`.`tour_details_id`
LEFT JOIN `khm_obj_hotel` AS `koh` ON `koh`.`hotel_id` = `koei`.`hotel_id`
JOIN `khm_obj_mst` AS `hkom` ON `hkom`.`object_id`=`koh`.`object_id`
LEFT JOIN `khm_obj_enquiry_detail_extensions` AS `e` ON `e`.`enquiry_header_id` = `h`.`enquiry_header_id` AND `e`.`enquiry_details_id` = `d`.`enquiry_details_id`
LEFT JOIN `khm_obj_mst` AS `om` ON `om`.`object_id` = `h`.`object_id`
LEFT JOIN `khm_entity_mst` AS `ge` ON `ge`.`entity_id` = `h`.`guest_entity_id`
LEFT JOIN `khm_entity_mst` AS `ae` ON `ae`.`entity_id` = `h`.`agent_entity_id`
LEFT JOIN `khm_entity_mst` AS `ee` ON `ee`.`entity_id` = `h`.`employee_entity_id`
LEFT JOIN `khm_entity_attribute` AS `attr` ON `attr`.`entity_id` = `h`.`agent_entity_id` AND `attr`.`entity_class_attr_id` = 1978
LEFT JOIN `khm_entity_attribute` AS `attriagent` ON `attriagent`.`entity_id` = `h`.`agent_entity_id` AND `attriagent`.`entity_class_attr_id` = 1970
LEFT JOIN `khm_obj_mst` AS `hm` ON `hm`.`object_id` = `attr`.`entity_attr_value`
WHERE `h`.`is_active` = :h.is_active:
AND `e`.`is_active` = :e.is_active:
AND `t`.`is_active` = :t.is_active:
AND `d`.`is_active` = :d.is_active:
AND `koei`.`is_active` = :koei.is_active:
AND `h`.`enq_type_id` = :h.enq_type_id:
AND `t`.`check_in_date` >= :t.check_in_date:
AND `t`.`check_in_date` < :t.check_in_date.1:
ORDER BY `d`.`date_of_tour_start` DESC', [...], false)
 4 APPPATH\Models\PurchaseReportModel.php(205): CodeIgniter\Database\BaseBuilder->get()
 5 APPPATH\Controllers\PurchaseReport.php(100): App\Models\PurchaseReportModel->getByDateRange('2025-06-04 00:00:00', '2025-06-05 00:00:00', 1, 3)
 6 SYSTEMPATH\CodeIgniter.php(933): App\Controllers\PurchaseReport->data()
 7 SYSTEMPATH\CodeIgniter.php(509): CodeIgniter\CodeIgniter->runController(Object(App\Controllers\PurchaseReport))
 8 SYSTEMPATH\CodeIgniter.php(355): CodeIgniter\CodeIgniter->handleRequest(null, Object(Config\Cache), false)
 9 SYSTEMPATH\Boot.php(334): CodeIgniter\CodeIgniter->run()
10 SYSTEMPATH\Boot.php(67): CodeIgniter\Boot::runCodeIgniter(Object(CodeIgniter\CodeIgniter))
11 FCPATH\index.php(56): CodeIgniter\Boot::bootWeb(Object(Config\Paths))
CRITICAL - 2025-06-04 08:00:12 --> [Caused by] mysqli_sql_exception: Table 'khm_touracle_db.khm_obj_transport_follow_up' doesn't exist
in SYSTEMPATH\Database\MySQLi\Connection.php on line 312.
 1 SYSTEMPATH\Database\MySQLi\Connection.php(312): mysqli->query('SELECT DISTINCT `h`.`ref_no`, `h`.`enquiry_header_id`, `h`.`object_id`, `h`.`guest_entity_id`, `h`.`agent_entity_id`, `h`.`employee_entity_id`, `h`.`enq_added_date`, `h`.`enq_type_id`, `h`.`is_active` AS `header_active`, `om`.`object_name`, `ge`.`entity_name` AS `guest_name`, `ae`.`entity_name` AS `agent_name`, `ee`.`entity_name` AS `employee_name`, `d`.`enquiry_details_id`, `d`.`date_of_tour_start`, `d`.`total_no_of_pax`, `d`.`is_active` AS `details_active`, `t`.`check_in_date`, `t`.`check_out_date`, `t`.`is_active` AS `tour_active`, `e`.`is_active` AS `extension_active`, `e`.`tpc`, `hkom`.`object_name` AS `hotel_name`, `attriagent`.`entity_attr_value` AS `agent_gstn`, `attr`.`entity_attr_value` As `agent_state`, `em4`.`entity_name` AS `transporter_name`
FROM `khm_obj_enquiry_header` AS `h`
LEFT JOIN `khm_obj_transport_follow_up` AS `tf` ON `tf`.`enquiry_header_id`=`h`.`enquiry_header_id`
LEFT JOIN `khm_entity_mst` AS `em4` ON `em4`.`entity_id`=`tf`.`transporter_id`
LEFT JOIN `khm_obj_enquiry_details` AS `d` ON `d`.`enquiry_header_id` = `h`.`enquiry_header_id`
LEFT JOIN `khm_obj_enquiry_tour_details` AS `t` ON `t`.`enquiry_header_id` = `h`.`enquiry_header_id` AND `t`.`enquiry_details_id` = `d`.`enquiry_details_id`
LEFT JOIN `khm_obj_enquiry_itinerary_details` AS `koei` ON `koei`.`tour_details_id` = `t`.`tour_details_id`
LEFT JOIN `khm_obj_hotel` AS `koh` ON `koh`.`hotel_id` = `koei`.`hotel_id`
JOIN `khm_obj_mst` AS `hkom` ON `hkom`.`object_id`=`koh`.`object_id`
LEFT JOIN `khm_obj_enquiry_detail_extensions` AS `e` ON `e`.`enquiry_header_id` = `h`.`enquiry_header_id` AND `e`.`enquiry_details_id` = `d`.`enquiry_details_id`
LEFT JOIN `khm_obj_mst` AS `om` ON `om`.`object_id` = `h`.`object_id`
LEFT JOIN `khm_entity_mst` AS `ge` ON `ge`.`entity_id` = `h`.`guest_entity_id`
LEFT JOIN `khm_entity_mst` AS `ae` ON `ae`.`entity_id` = `h`.`agent_entity_id`
LEFT JOIN `khm_entity_mst` AS `ee` ON `ee`.`entity_id` = `h`.`employee_entity_id`
LEFT JOIN `khm_entity_attribute` AS `attr` ON `attr`.`entity_id` = `h`.`agent_entity_id` AND `attr`.`entity_class_attr_id` = 1978
LEFT JOIN `khm_entity_attribute` AS `attriagent` ON `attriagent`.`entity_id` = `h`.`agent_entity_id` AND `attriagent`.`entity_class_attr_id` = 1970
LEFT JOIN `khm_obj_mst` AS `hm` ON `hm`.`object_id` = `attr`.`entity_attr_value`
WHERE `h`.`is_active` = 1
AND `e`.`is_active` = 1
AND `t`.`is_active` = 1
AND `d`.`is_active` = 1
AND `koei`.`is_active` = 1
AND `h`.`enq_type_id` = 3
AND `t`.`check_in_date` >= \'2025-06-04 00:00:00\'
AND `t`.`check_in_date` < \'2025-06-05 00:00:00\'
ORDER BY `d`.`date_of_tour_start` DESC', 0)
 2 SYSTEMPATH\Database\BaseConnection.php(734): CodeIgniter\Database\MySQLi\Connection->execute('SELECT DISTINCT `h`.`ref_no`, `h`.`enquiry_header_id`, `h`.`object_id`, `h`.`guest_entity_id`, `h`.`agent_entity_id`, `h`.`employee_entity_id`, `h`.`enq_added_date`, `h`.`enq_type_id`, `h`.`is_active` AS `header_active`, `om`.`object_name`, `ge`.`entity_name` AS `guest_name`, `ae`.`entity_name` AS `agent_name`, `ee`.`entity_name` AS `employee_name`, `d`.`enquiry_details_id`, `d`.`date_of_tour_start`, `d`.`total_no_of_pax`, `d`.`is_active` AS `details_active`, `t`.`check_in_date`, `t`.`check_out_date`, `t`.`is_active` AS `tour_active`, `e`.`is_active` AS `extension_active`, `e`.`tpc`, `hkom`.`object_name` AS `hotel_name`, `attriagent`.`entity_attr_value` AS `agent_gstn`, `attr`.`entity_attr_value` As `agent_state`, `em4`.`entity_name` AS `transporter_name`
FROM `khm_obj_enquiry_header` AS `h`
LEFT JOIN `khm_obj_transport_follow_up` AS `tf` ON `tf`.`enquiry_header_id`=`h`.`enquiry_header_id`
LEFT JOIN `khm_entity_mst` AS `em4` ON `em4`.`entity_id`=`tf`.`transporter_id`
LEFT JOIN `khm_obj_enquiry_details` AS `d` ON `d`.`enquiry_header_id` = `h`.`enquiry_header_id`
LEFT JOIN `khm_obj_enquiry_tour_details` AS `t` ON `t`.`enquiry_header_id` = `h`.`enquiry_header_id` AND `t`.`enquiry_details_id` = `d`.`enquiry_details_id`
LEFT JOIN `khm_obj_enquiry_itinerary_details` AS `koei` ON `koei`.`tour_details_id` = `t`.`tour_details_id`
LEFT JOIN `khm_obj_hotel` AS `koh` ON `koh`.`hotel_id` = `koei`.`hotel_id`
JOIN `khm_obj_mst` AS `hkom` ON `hkom`.`object_id`=`koh`.`object_id`
LEFT JOIN `khm_obj_enquiry_detail_extensions` AS `e` ON `e`.`enquiry_header_id` = `h`.`enquiry_header_id` AND `e`.`enquiry_details_id` = `d`.`enquiry_details_id`
LEFT JOIN `khm_obj_mst` AS `om` ON `om`.`object_id` = `h`.`object_id`
LEFT JOIN `khm_entity_mst` AS `ge` ON `ge`.`entity_id` = `h`.`guest_entity_id`
LEFT JOIN `khm_entity_mst` AS `ae` ON `ae`.`entity_id` = `h`.`agent_entity_id`
LEFT JOIN `khm_entity_mst` AS `ee` ON `ee`.`entity_id` = `h`.`employee_entity_id`
LEFT JOIN `khm_entity_attribute` AS `attr` ON `attr`.`entity_id` = `h`.`agent_entity_id` AND `attr`.`entity_class_attr_id` = 1978
LEFT JOIN `khm_entity_attribute` AS `attriagent` ON `attriagent`.`entity_id` = `h`.`agent_entity_id` AND `attriagent`.`entity_class_attr_id` = 1970
LEFT JOIN `khm_obj_mst` AS `hm` ON `hm`.`object_id` = `attr`.`entity_attr_value`
WHERE `h`.`is_active` = 1
AND `e`.`is_active` = 1
AND `t`.`is_active` = 1
AND `d`.`is_active` = 1
AND `koei`.`is_active` = 1
AND `h`.`enq_type_id` = 3
AND `t`.`check_in_date` >= \'2025-06-04 00:00:00\'
AND `t`.`check_in_date` < \'2025-06-05 00:00:00\'
ORDER BY `d`.`date_of_tour_start` DESC')
 3 SYSTEMPATH\Database\BaseConnection.php(648): CodeIgniter\Database\BaseConnection->simpleQuery('SELECT DISTINCT `h`.`ref_no`, `h`.`enquiry_header_id`, `h`.`object_id`, `h`.`guest_entity_id`, `h`.`agent_entity_id`, `h`.`employee_entity_id`, `h`.`enq_added_date`, `h`.`enq_type_id`, `h`.`is_active` AS `header_active`, `om`.`object_name`, `ge`.`entity_name` AS `guest_name`, `ae`.`entity_name` AS `agent_name`, `ee`.`entity_name` AS `employee_name`, `d`.`enquiry_details_id`, `d`.`date_of_tour_start`, `d`.`total_no_of_pax`, `d`.`is_active` AS `details_active`, `t`.`check_in_date`, `t`.`check_out_date`, `t`.`is_active` AS `tour_active`, `e`.`is_active` AS `extension_active`, `e`.`tpc`, `hkom`.`object_name` AS `hotel_name`, `attriagent`.`entity_attr_value` AS `agent_gstn`, `attr`.`entity_attr_value` As `agent_state`, `em4`.`entity_name` AS `transporter_name`
FROM `khm_obj_enquiry_header` AS `h`
LEFT JOIN `khm_obj_transport_follow_up` AS `tf` ON `tf`.`enquiry_header_id`=`h`.`enquiry_header_id`
LEFT JOIN `khm_entity_mst` AS `em4` ON `em4`.`entity_id`=`tf`.`transporter_id`
LEFT JOIN `khm_obj_enquiry_details` AS `d` ON `d`.`enquiry_header_id` = `h`.`enquiry_header_id`
LEFT JOIN `khm_obj_enquiry_tour_details` AS `t` ON `t`.`enquiry_header_id` = `h`.`enquiry_header_id` AND `t`.`enquiry_details_id` = `d`.`enquiry_details_id`
LEFT JOIN `khm_obj_enquiry_itinerary_details` AS `koei` ON `koei`.`tour_details_id` = `t`.`tour_details_id`
LEFT JOIN `khm_obj_hotel` AS `koh` ON `koh`.`hotel_id` = `koei`.`hotel_id`
JOIN `khm_obj_mst` AS `hkom` ON `hkom`.`object_id`=`koh`.`object_id`
LEFT JOIN `khm_obj_enquiry_detail_extensions` AS `e` ON `e`.`enquiry_header_id` = `h`.`enquiry_header_id` AND `e`.`enquiry_details_id` = `d`.`enquiry_details_id`
LEFT JOIN `khm_obj_mst` AS `om` ON `om`.`object_id` = `h`.`object_id`
LEFT JOIN `khm_entity_mst` AS `ge` ON `ge`.`entity_id` = `h`.`guest_entity_id`
LEFT JOIN `khm_entity_mst` AS `ae` ON `ae`.`entity_id` = `h`.`agent_entity_id`
LEFT JOIN `khm_entity_mst` AS `ee` ON `ee`.`entity_id` = `h`.`employee_entity_id`
LEFT JOIN `khm_entity_attribute` AS `attr` ON `attr`.`entity_id` = `h`.`agent_entity_id` AND `attr`.`entity_class_attr_id` = 1978
LEFT JOIN `khm_entity_attribute` AS `attriagent` ON `attriagent`.`entity_id` = `h`.`agent_entity_id` AND `attriagent`.`entity_class_attr_id` = 1970
LEFT JOIN `khm_obj_mst` AS `hm` ON `hm`.`object_id` = `attr`.`entity_attr_value`
WHERE `h`.`is_active` = 1
AND `e`.`is_active` = 1
AND `t`.`is_active` = 1
AND `d`.`is_active` = 1
AND `koei`.`is_active` = 1
AND `h`.`enq_type_id` = 3
AND `t`.`check_in_date` >= \'2025-06-04 00:00:00\'
AND `t`.`check_in_date` < \'2025-06-05 00:00:00\'
ORDER BY `d`.`date_of_tour_start` DESC')
 4 SYSTEMPATH\Database\BaseBuilder.php(1644): CodeIgniter\Database\BaseConnection->query('SELECT DISTINCT `h`.`ref_no`, `h`.`enquiry_header_id`, `h`.`object_id`, `h`.`guest_entity_id`, `h`.`agent_entity_id`, `h`.`employee_entity_id`, `h`.`enq_added_date`, `h`.`enq_type_id`, `h`.`is_active` AS `header_active`, `om`.`object_name`, `ge`.`entity_name` AS `guest_name`, `ae`.`entity_name` AS `agent_name`, `ee`.`entity_name` AS `employee_name`, `d`.`enquiry_details_id`, `d`.`date_of_tour_start`, `d`.`total_no_of_pax`, `d`.`is_active` AS `details_active`, `t`.`check_in_date`, `t`.`check_out_date`, `t`.`is_active` AS `tour_active`, `e`.`is_active` AS `extension_active`, `e`.`tpc`, `hkom`.`object_name` AS `hotel_name`, `attriagent`.`entity_attr_value` AS `agent_gstn`, `attr`.`entity_attr_value` As `agent_state`, `em4`.`entity_name` AS `transporter_name`
FROM `khm_obj_enquiry_header` AS `h`
LEFT JOIN `khm_obj_transport_follow_up` AS `tf` ON `tf`.`enquiry_header_id`=`h`.`enquiry_header_id`
LEFT JOIN `khm_entity_mst` AS `em4` ON `em4`.`entity_id`=`tf`.`transporter_id`
LEFT JOIN `khm_obj_enquiry_details` AS `d` ON `d`.`enquiry_header_id` = `h`.`enquiry_header_id`
LEFT JOIN `khm_obj_enquiry_tour_details` AS `t` ON `t`.`enquiry_header_id` = `h`.`enquiry_header_id` AND `t`.`enquiry_details_id` = `d`.`enquiry_details_id`
LEFT JOIN `khm_obj_enquiry_itinerary_details` AS `koei` ON `koei`.`tour_details_id` = `t`.`tour_details_id`
LEFT JOIN `khm_obj_hotel` AS `koh` ON `koh`.`hotel_id` = `koei`.`hotel_id`
JOIN `khm_obj_mst` AS `hkom` ON `hkom`.`object_id`=`koh`.`object_id`
LEFT JOIN `khm_obj_enquiry_detail_extensions` AS `e` ON `e`.`enquiry_header_id` = `h`.`enquiry_header_id` AND `e`.`enquiry_details_id` = `d`.`enquiry_details_id`
LEFT JOIN `khm_obj_mst` AS `om` ON `om`.`object_id` = `h`.`object_id`
LEFT JOIN `khm_entity_mst` AS `ge` ON `ge`.`entity_id` = `h`.`guest_entity_id`
LEFT JOIN `khm_entity_mst` AS `ae` ON `ae`.`entity_id` = `h`.`agent_entity_id`
LEFT JOIN `khm_entity_mst` AS `ee` ON `ee`.`entity_id` = `h`.`employee_entity_id`
LEFT JOIN `khm_entity_attribute` AS `attr` ON `attr`.`entity_id` = `h`.`agent_entity_id` AND `attr`.`entity_class_attr_id` = 1978
LEFT JOIN `khm_entity_attribute` AS `attriagent` ON `attriagent`.`entity_id` = `h`.`agent_entity_id` AND `attriagent`.`entity_class_attr_id` = 1970
LEFT JOIN `khm_obj_mst` AS `hm` ON `hm`.`object_id` = `attr`.`entity_attr_value`
WHERE `h`.`is_active` = :h.is_active:
AND `e`.`is_active` = :e.is_active:
AND `t`.`is_active` = :t.is_active:
AND `d`.`is_active` = :d.is_active:
AND `koei`.`is_active` = :koei.is_active:
AND `h`.`enq_type_id` = :h.enq_type_id:
AND `t`.`check_in_date` >= :t.check_in_date:
AND `t`.`check_in_date` < :t.check_in_date.1:
ORDER BY `d`.`date_of_tour_start` DESC', [...], false)
 5 APPPATH\Models\PurchaseReportModel.php(205): CodeIgniter\Database\BaseBuilder->get()
 6 APPPATH\Controllers\PurchaseReport.php(100): App\Models\PurchaseReportModel->getByDateRange('2025-06-04 00:00:00', '2025-06-05 00:00:00', 1, 3)
 7 SYSTEMPATH\CodeIgniter.php(933): App\Controllers\PurchaseReport->data()
 8 SYSTEMPATH\CodeIgniter.php(509): CodeIgniter\CodeIgniter->runController(Object(App\Controllers\PurchaseReport))
 9 SYSTEMPATH\CodeIgniter.php(355): CodeIgniter\CodeIgniter->handleRequest(null, Object(Config\Cache), false)
10 SYSTEMPATH\Boot.php(334): CodeIgniter\CodeIgniter->run()
11 SYSTEMPATH\Boot.php(67): CodeIgniter\Boot::runCodeIgniter(Object(CodeIgniter\CodeIgniter))
12 FCPATH\index.php(56): CodeIgniter\Boot::bootWeb(Object(Config\Paths))
ERROR - 2025-06-04 08:00:57 --> mysqli_sql_exception: Table 'khm_touracle_db.khm_obj_transport_follow_up' doesn't exist in C:\wamp64\www\khm\system\Database\MySQLi\Connection.php:312
Stack trace:
#0 C:\wamp64\www\khm\system\Database\MySQLi\Connection.php(312): mysqli->query('SELECT DISTINCT...', 0)
#1 C:\wamp64\www\khm\system\Database\BaseConnection.php(734): CodeIgniter\Database\MySQLi\Connection->execute('SELECT DISTINCT...')
#2 C:\wamp64\www\khm\system\Database\BaseConnection.php(648): CodeIgniter\Database\BaseConnection->simpleQuery('SELECT DISTINCT...')
#3 C:\wamp64\www\khm\system\Database\BaseBuilder.php(1644): CodeIgniter\Database\BaseConnection->query('SELECT DISTINCT...', Array, false)
#4 C:\wamp64\www\khm\app\Models\CheckinoutReportModel.php(205): CodeIgniter\Database\BaseBuilder->get()
#5 C:\wamp64\www\khm\app\Controllers\CheckinoutReport.php(100): App\Models\CheckinoutReportModel->getByDateRange('2025-06-04 00:0...', '2025-06-05 00:0...', 1, 3)
#6 C:\wamp64\www\khm\system\CodeIgniter.php(933): App\Controllers\CheckinoutReport->data()
#7 C:\wamp64\www\khm\system\CodeIgniter.php(509): CodeIgniter\CodeIgniter->runController(Object(App\Controllers\CheckinoutReport))
#8 C:\wamp64\www\khm\system\CodeIgniter.php(355): CodeIgniter\CodeIgniter->handleRequest(NULL, Object(Config\Cache), false)
#9 C:\wamp64\www\khm\system\Boot.php(334): CodeIgniter\CodeIgniter->run()
#10 C:\wamp64\www\khm\system\Boot.php(67): CodeIgniter\Boot::runCodeIgniter(Object(CodeIgniter\CodeIgniter))
#11 C:\wamp64\www\khm\public\index.php(56): CodeIgniter\Boot::bootWeb(Object(Config\Paths))
#12 {main}
CRITICAL - 2025-06-04 08:00:57 --> CodeIgniter\Database\Exceptions\DatabaseException: Table 'khm_touracle_db.khm_obj_transport_follow_up' doesn't exist
[Method: GET, Route: CheckinoutReport/data]
in SYSTEMPATH\Database\BaseConnection.php on line 688.
 1 SYSTEMPATH\Database\BaseBuilder.php(1644): CodeIgniter\Database\BaseConnection->query('SELECT DISTINCT `h`.`ref_no`, `h`.`enquiry_header_id`, `h`.`object_id`, `h`.`guest_entity_id`, `h`.`agent_entity_id`, `h`.`employee_entity_id`, `h`.`enq_added_date`, `h`.`enq_type_id`, `h`.`is_active` AS `header_active`, `om`.`object_name`, `ge`.`entity_name` AS `guest_name`, `ae`.`entity_name` AS `agent_name`, `ee`.`entity_name` AS `employee_name`, `d`.`enquiry_details_id`, `d`.`date_of_tour_start`, `d`.`total_no_of_pax`, `d`.`is_active` AS `details_active`, `t`.`check_in_date`, `t`.`check_out_date`, `t`.`is_active` AS `tour_active`, `e`.`is_active` AS `extension_active`, `e`.`tpc`, `hkom`.`object_name` AS `hotel_name`, `attriagent`.`entity_attr_value` AS `agent_gstn`, `attr`.`entity_attr_value` As `agent_state`, `em4`.`entity_name` AS `transporter_name`
FROM `khm_obj_enquiry_header` AS `h`
LEFT JOIN `khm_obj_transport_follow_up` AS `tf` ON `tf`.`enquiry_header_id`=`h`.`enquiry_header_id`
LEFT JOIN `khm_entity_mst` AS `em4` ON `em4`.`entity_id`=`tf`.`transporter_id`
LEFT JOIN `khm_obj_enquiry_details` AS `d` ON `d`.`enquiry_header_id` = `h`.`enquiry_header_id`
LEFT JOIN `khm_obj_enquiry_tour_details` AS `t` ON `t`.`enquiry_header_id` = `h`.`enquiry_header_id` AND `t`.`enquiry_details_id` = `d`.`enquiry_details_id`
LEFT JOIN `khm_obj_enquiry_itinerary_details` AS `koei` ON `koei`.`tour_details_id` = `t`.`tour_details_id`
LEFT JOIN `khm_obj_hotel` AS `koh` ON `koh`.`hotel_id` = `koei`.`hotel_id`
JOIN `khm_obj_mst` AS `hkom` ON `hkom`.`object_id`=`koh`.`object_id`
LEFT JOIN `khm_obj_enquiry_detail_extensions` AS `e` ON `e`.`enquiry_header_id` = `h`.`enquiry_header_id` AND `e`.`enquiry_details_id` = `d`.`enquiry_details_id`
LEFT JOIN `khm_obj_mst` AS `om` ON `om`.`object_id` = `h`.`object_id`
LEFT JOIN `khm_entity_mst` AS `ge` ON `ge`.`entity_id` = `h`.`guest_entity_id`
LEFT JOIN `khm_entity_mst` AS `ae` ON `ae`.`entity_id` = `h`.`agent_entity_id`
LEFT JOIN `khm_entity_mst` AS `ee` ON `ee`.`entity_id` = `h`.`employee_entity_id`
LEFT JOIN `khm_entity_attribute` AS `attr` ON `attr`.`entity_id` = `h`.`agent_entity_id` AND `attr`.`entity_class_attr_id` = 1978
LEFT JOIN `khm_entity_attribute` AS `attriagent` ON `attriagent`.`entity_id` = `h`.`agent_entity_id` AND `attriagent`.`entity_class_attr_id` = 1970
LEFT JOIN `khm_obj_mst` AS `hm` ON `hm`.`object_id` = `attr`.`entity_attr_value`
WHERE `h`.`is_active` = :h.is_active:
AND `e`.`is_active` = :e.is_active:
AND `t`.`is_active` = :t.is_active:
AND `d`.`is_active` = :d.is_active:
AND `koei`.`is_active` = :koei.is_active:
AND `h`.`enq_type_id` = :h.enq_type_id:
AND `t`.`check_in_date` >= :t.check_in_date:
AND `t`.`check_in_date` < :t.check_in_date.1:
ORDER BY `d`.`date_of_tour_start` DESC', [...], false)
 2 APPPATH\Models\CheckinoutReportModel.php(205): CodeIgniter\Database\BaseBuilder->get()
 3 APPPATH\Controllers\CheckinoutReport.php(100): App\Models\CheckinoutReportModel->getByDateRange('2025-06-04 00:00:00', '2025-06-05 00:00:00', 1, 3)
 4 SYSTEMPATH\CodeIgniter.php(933): App\Controllers\CheckinoutReport->data()
 5 SYSTEMPATH\CodeIgniter.php(509): CodeIgniter\CodeIgniter->runController(Object(App\Controllers\CheckinoutReport))
 6 SYSTEMPATH\CodeIgniter.php(355): CodeIgniter\CodeIgniter->handleRequest(null, Object(Config\Cache), false)
 7 SYSTEMPATH\Boot.php(334): CodeIgniter\CodeIgniter->run()
 8 SYSTEMPATH\Boot.php(67): CodeIgniter\Boot::runCodeIgniter(Object(CodeIgniter\CodeIgniter))
 9 FCPATH\index.php(56): CodeIgniter\Boot::bootWeb(Object(Config\Paths))
CRITICAL - 2025-06-04 08:00:57 --> [Caused by] CodeIgniter\Database\Exceptions\DatabaseException: Table 'khm_touracle_db.khm_obj_transport_follow_up' doesn't exist
in SYSTEMPATH\Database\MySQLi\Connection.php on line 317.
 1 SYSTEMPATH\Database\BaseConnection.php(734): CodeIgniter\Database\MySQLi\Connection->execute('SELECT DISTINCT `h`.`ref_no`, `h`.`enquiry_header_id`, `h`.`object_id`, `h`.`guest_entity_id`, `h`.`agent_entity_id`, `h`.`employee_entity_id`, `h`.`enq_added_date`, `h`.`enq_type_id`, `h`.`is_active` AS `header_active`, `om`.`object_name`, `ge`.`entity_name` AS `guest_name`, `ae`.`entity_name` AS `agent_name`, `ee`.`entity_name` AS `employee_name`, `d`.`enquiry_details_id`, `d`.`date_of_tour_start`, `d`.`total_no_of_pax`, `d`.`is_active` AS `details_active`, `t`.`check_in_date`, `t`.`check_out_date`, `t`.`is_active` AS `tour_active`, `e`.`is_active` AS `extension_active`, `e`.`tpc`, `hkom`.`object_name` AS `hotel_name`, `attriagent`.`entity_attr_value` AS `agent_gstn`, `attr`.`entity_attr_value` As `agent_state`, `em4`.`entity_name` AS `transporter_name`
FROM `khm_obj_enquiry_header` AS `h`
LEFT JOIN `khm_obj_transport_follow_up` AS `tf` ON `tf`.`enquiry_header_id`=`h`.`enquiry_header_id`
LEFT JOIN `khm_entity_mst` AS `em4` ON `em4`.`entity_id`=`tf`.`transporter_id`
LEFT JOIN `khm_obj_enquiry_details` AS `d` ON `d`.`enquiry_header_id` = `h`.`enquiry_header_id`
LEFT JOIN `khm_obj_enquiry_tour_details` AS `t` ON `t`.`enquiry_header_id` = `h`.`enquiry_header_id` AND `t`.`enquiry_details_id` = `d`.`enquiry_details_id`
LEFT JOIN `khm_obj_enquiry_itinerary_details` AS `koei` ON `koei`.`tour_details_id` = `t`.`tour_details_id`
LEFT JOIN `khm_obj_hotel` AS `koh` ON `koh`.`hotel_id` = `koei`.`hotel_id`
JOIN `khm_obj_mst` AS `hkom` ON `hkom`.`object_id`=`koh`.`object_id`
LEFT JOIN `khm_obj_enquiry_detail_extensions` AS `e` ON `e`.`enquiry_header_id` = `h`.`enquiry_header_id` AND `e`.`enquiry_details_id` = `d`.`enquiry_details_id`
LEFT JOIN `khm_obj_mst` AS `om` ON `om`.`object_id` = `h`.`object_id`
LEFT JOIN `khm_entity_mst` AS `ge` ON `ge`.`entity_id` = `h`.`guest_entity_id`
LEFT JOIN `khm_entity_mst` AS `ae` ON `ae`.`entity_id` = `h`.`agent_entity_id`
LEFT JOIN `khm_entity_mst` AS `ee` ON `ee`.`entity_id` = `h`.`employee_entity_id`
LEFT JOIN `khm_entity_attribute` AS `attr` ON `attr`.`entity_id` = `h`.`agent_entity_id` AND `attr`.`entity_class_attr_id` = 1978
LEFT JOIN `khm_entity_attribute` AS `attriagent` ON `attriagent`.`entity_id` = `h`.`agent_entity_id` AND `attriagent`.`entity_class_attr_id` = 1970
LEFT JOIN `khm_obj_mst` AS `hm` ON `hm`.`object_id` = `attr`.`entity_attr_value`
WHERE `h`.`is_active` = 1
AND `e`.`is_active` = 1
AND `t`.`is_active` = 1
AND `d`.`is_active` = 1
AND `koei`.`is_active` = 1
AND `h`.`enq_type_id` = 3
AND `t`.`check_in_date` >= \'2025-06-04 00:00:00\'
AND `t`.`check_in_date` < \'2025-06-05 00:00:00\'
ORDER BY `d`.`date_of_tour_start` DESC')
 2 SYSTEMPATH\Database\BaseConnection.php(648): CodeIgniter\Database\BaseConnection->simpleQuery('SELECT DISTINCT `h`.`ref_no`, `h`.`enquiry_header_id`, `h`.`object_id`, `h`.`guest_entity_id`, `h`.`agent_entity_id`, `h`.`employee_entity_id`, `h`.`enq_added_date`, `h`.`enq_type_id`, `h`.`is_active` AS `header_active`, `om`.`object_name`, `ge`.`entity_name` AS `guest_name`, `ae`.`entity_name` AS `agent_name`, `ee`.`entity_name` AS `employee_name`, `d`.`enquiry_details_id`, `d`.`date_of_tour_start`, `d`.`total_no_of_pax`, `d`.`is_active` AS `details_active`, `t`.`check_in_date`, `t`.`check_out_date`, `t`.`is_active` AS `tour_active`, `e`.`is_active` AS `extension_active`, `e`.`tpc`, `hkom`.`object_name` AS `hotel_name`, `attriagent`.`entity_attr_value` AS `agent_gstn`, `attr`.`entity_attr_value` As `agent_state`, `em4`.`entity_name` AS `transporter_name`
FROM `khm_obj_enquiry_header` AS `h`
LEFT JOIN `khm_obj_transport_follow_up` AS `tf` ON `tf`.`enquiry_header_id`=`h`.`enquiry_header_id`
LEFT JOIN `khm_entity_mst` AS `em4` ON `em4`.`entity_id`=`tf`.`transporter_id`
LEFT JOIN `khm_obj_enquiry_details` AS `d` ON `d`.`enquiry_header_id` = `h`.`enquiry_header_id`
LEFT JOIN `khm_obj_enquiry_tour_details` AS `t` ON `t`.`enquiry_header_id` = `h`.`enquiry_header_id` AND `t`.`enquiry_details_id` = `d`.`enquiry_details_id`
LEFT JOIN `khm_obj_enquiry_itinerary_details` AS `koei` ON `koei`.`tour_details_id` = `t`.`tour_details_id`
LEFT JOIN `khm_obj_hotel` AS `koh` ON `koh`.`hotel_id` = `koei`.`hotel_id`
JOIN `khm_obj_mst` AS `hkom` ON `hkom`.`object_id`=`koh`.`object_id`
LEFT JOIN `khm_obj_enquiry_detail_extensions` AS `e` ON `e`.`enquiry_header_id` = `h`.`enquiry_header_id` AND `e`.`enquiry_details_id` = `d`.`enquiry_details_id`
LEFT JOIN `khm_obj_mst` AS `om` ON `om`.`object_id` = `h`.`object_id`
LEFT JOIN `khm_entity_mst` AS `ge` ON `ge`.`entity_id` = `h`.`guest_entity_id`
LEFT JOIN `khm_entity_mst` AS `ae` ON `ae`.`entity_id` = `h`.`agent_entity_id`
LEFT JOIN `khm_entity_mst` AS `ee` ON `ee`.`entity_id` = `h`.`employee_entity_id`
LEFT JOIN `khm_entity_attribute` AS `attr` ON `attr`.`entity_id` = `h`.`agent_entity_id` AND `attr`.`entity_class_attr_id` = 1978
LEFT JOIN `khm_entity_attribute` AS `attriagent` ON `attriagent`.`entity_id` = `h`.`agent_entity_id` AND `attriagent`.`entity_class_attr_id` = 1970
LEFT JOIN `khm_obj_mst` AS `hm` ON `hm`.`object_id` = `attr`.`entity_attr_value`
WHERE `h`.`is_active` = 1
AND `e`.`is_active` = 1
AND `t`.`is_active` = 1
AND `d`.`is_active` = 1
AND `koei`.`is_active` = 1
AND `h`.`enq_type_id` = 3
AND `t`.`check_in_date` >= \'2025-06-04 00:00:00\'
AND `t`.`check_in_date` < \'2025-06-05 00:00:00\'
ORDER BY `d`.`date_of_tour_start` DESC')
 3 SYSTEMPATH\Database\BaseBuilder.php(1644): CodeIgniter\Database\BaseConnection->query('SELECT DISTINCT `h`.`ref_no`, `h`.`enquiry_header_id`, `h`.`object_id`, `h`.`guest_entity_id`, `h`.`agent_entity_id`, `h`.`employee_entity_id`, `h`.`enq_added_date`, `h`.`enq_type_id`, `h`.`is_active` AS `header_active`, `om`.`object_name`, `ge`.`entity_name` AS `guest_name`, `ae`.`entity_name` AS `agent_name`, `ee`.`entity_name` AS `employee_name`, `d`.`enquiry_details_id`, `d`.`date_of_tour_start`, `d`.`total_no_of_pax`, `d`.`is_active` AS `details_active`, `t`.`check_in_date`, `t`.`check_out_date`, `t`.`is_active` AS `tour_active`, `e`.`is_active` AS `extension_active`, `e`.`tpc`, `hkom`.`object_name` AS `hotel_name`, `attriagent`.`entity_attr_value` AS `agent_gstn`, `attr`.`entity_attr_value` As `agent_state`, `em4`.`entity_name` AS `transporter_name`
FROM `khm_obj_enquiry_header` AS `h`
LEFT JOIN `khm_obj_transport_follow_up` AS `tf` ON `tf`.`enquiry_header_id`=`h`.`enquiry_header_id`
LEFT JOIN `khm_entity_mst` AS `em4` ON `em4`.`entity_id`=`tf`.`transporter_id`
LEFT JOIN `khm_obj_enquiry_details` AS `d` ON `d`.`enquiry_header_id` = `h`.`enquiry_header_id`
LEFT JOIN `khm_obj_enquiry_tour_details` AS `t` ON `t`.`enquiry_header_id` = `h`.`enquiry_header_id` AND `t`.`enquiry_details_id` = `d`.`enquiry_details_id`
LEFT JOIN `khm_obj_enquiry_itinerary_details` AS `koei` ON `koei`.`tour_details_id` = `t`.`tour_details_id`
LEFT JOIN `khm_obj_hotel` AS `koh` ON `koh`.`hotel_id` = `koei`.`hotel_id`
JOIN `khm_obj_mst` AS `hkom` ON `hkom`.`object_id`=`koh`.`object_id`
LEFT JOIN `khm_obj_enquiry_detail_extensions` AS `e` ON `e`.`enquiry_header_id` = `h`.`enquiry_header_id` AND `e`.`enquiry_details_id` = `d`.`enquiry_details_id`
LEFT JOIN `khm_obj_mst` AS `om` ON `om`.`object_id` = `h`.`object_id`
LEFT JOIN `khm_entity_mst` AS `ge` ON `ge`.`entity_id` = `h`.`guest_entity_id`
LEFT JOIN `khm_entity_mst` AS `ae` ON `ae`.`entity_id` = `h`.`agent_entity_id`
LEFT JOIN `khm_entity_mst` AS `ee` ON `ee`.`entity_id` = `h`.`employee_entity_id`
LEFT JOIN `khm_entity_attribute` AS `attr` ON `attr`.`entity_id` = `h`.`agent_entity_id` AND `attr`.`entity_class_attr_id` = 1978
LEFT JOIN `khm_entity_attribute` AS `attriagent` ON `attriagent`.`entity_id` = `h`.`agent_entity_id` AND `attriagent`.`entity_class_attr_id` = 1970
LEFT JOIN `khm_obj_mst` AS `hm` ON `hm`.`object_id` = `attr`.`entity_attr_value`
WHERE `h`.`is_active` = :h.is_active:
AND `e`.`is_active` = :e.is_active:
AND `t`.`is_active` = :t.is_active:
AND `d`.`is_active` = :d.is_active:
AND `koei`.`is_active` = :koei.is_active:
AND `h`.`enq_type_id` = :h.enq_type_id:
AND `t`.`check_in_date` >= :t.check_in_date:
AND `t`.`check_in_date` < :t.check_in_date.1:
ORDER BY `d`.`date_of_tour_start` DESC', [...], false)
 4 APPPATH\Models\CheckinoutReportModel.php(205): CodeIgniter\Database\BaseBuilder->get()
 5 APPPATH\Controllers\CheckinoutReport.php(100): App\Models\CheckinoutReportModel->getByDateRange('2025-06-04 00:00:00', '2025-06-05 00:00:00', 1, 3)
 6 SYSTEMPATH\CodeIgniter.php(933): App\Controllers\CheckinoutReport->data()
 7 SYSTEMPATH\CodeIgniter.php(509): CodeIgniter\CodeIgniter->runController(Object(App\Controllers\CheckinoutReport))
 8 SYSTEMPATH\CodeIgniter.php(355): CodeIgniter\CodeIgniter->handleRequest(null, Object(Config\Cache), false)
 9 SYSTEMPATH\Boot.php(334): CodeIgniter\CodeIgniter->run()
10 SYSTEMPATH\Boot.php(67): CodeIgniter\Boot::runCodeIgniter(Object(CodeIgniter\CodeIgniter))
11 FCPATH\index.php(56): CodeIgniter\Boot::bootWeb(Object(Config\Paths))
CRITICAL - 2025-06-04 08:00:57 --> [Caused by] mysqli_sql_exception: Table 'khm_touracle_db.khm_obj_transport_follow_up' doesn't exist
in SYSTEMPATH\Database\MySQLi\Connection.php on line 312.
 1 SYSTEMPATH\Database\MySQLi\Connection.php(312): mysqli->query('SELECT DISTINCT `h`.`ref_no`, `h`.`enquiry_header_id`, `h`.`object_id`, `h`.`guest_entity_id`, `h`.`agent_entity_id`, `h`.`employee_entity_id`, `h`.`enq_added_date`, `h`.`enq_type_id`, `h`.`is_active` AS `header_active`, `om`.`object_name`, `ge`.`entity_name` AS `guest_name`, `ae`.`entity_name` AS `agent_name`, `ee`.`entity_name` AS `employee_name`, `d`.`enquiry_details_id`, `d`.`date_of_tour_start`, `d`.`total_no_of_pax`, `d`.`is_active` AS `details_active`, `t`.`check_in_date`, `t`.`check_out_date`, `t`.`is_active` AS `tour_active`, `e`.`is_active` AS `extension_active`, `e`.`tpc`, `hkom`.`object_name` AS `hotel_name`, `attriagent`.`entity_attr_value` AS `agent_gstn`, `attr`.`entity_attr_value` As `agent_state`, `em4`.`entity_name` AS `transporter_name`
FROM `khm_obj_enquiry_header` AS `h`
LEFT JOIN `khm_obj_transport_follow_up` AS `tf` ON `tf`.`enquiry_header_id`=`h`.`enquiry_header_id`
LEFT JOIN `khm_entity_mst` AS `em4` ON `em4`.`entity_id`=`tf`.`transporter_id`
LEFT JOIN `khm_obj_enquiry_details` AS `d` ON `d`.`enquiry_header_id` = `h`.`enquiry_header_id`
LEFT JOIN `khm_obj_enquiry_tour_details` AS `t` ON `t`.`enquiry_header_id` = `h`.`enquiry_header_id` AND `t`.`enquiry_details_id` = `d`.`enquiry_details_id`
LEFT JOIN `khm_obj_enquiry_itinerary_details` AS `koei` ON `koei`.`tour_details_id` = `t`.`tour_details_id`
LEFT JOIN `khm_obj_hotel` AS `koh` ON `koh`.`hotel_id` = `koei`.`hotel_id`
JOIN `khm_obj_mst` AS `hkom` ON `hkom`.`object_id`=`koh`.`object_id`
LEFT JOIN `khm_obj_enquiry_detail_extensions` AS `e` ON `e`.`enquiry_header_id` = `h`.`enquiry_header_id` AND `e`.`enquiry_details_id` = `d`.`enquiry_details_id`
LEFT JOIN `khm_obj_mst` AS `om` ON `om`.`object_id` = `h`.`object_id`
LEFT JOIN `khm_entity_mst` AS `ge` ON `ge`.`entity_id` = `h`.`guest_entity_id`
LEFT JOIN `khm_entity_mst` AS `ae` ON `ae`.`entity_id` = `h`.`agent_entity_id`
LEFT JOIN `khm_entity_mst` AS `ee` ON `ee`.`entity_id` = `h`.`employee_entity_id`
LEFT JOIN `khm_entity_attribute` AS `attr` ON `attr`.`entity_id` = `h`.`agent_entity_id` AND `attr`.`entity_class_attr_id` = 1978
LEFT JOIN `khm_entity_attribute` AS `attriagent` ON `attriagent`.`entity_id` = `h`.`agent_entity_id` AND `attriagent`.`entity_class_attr_id` = 1970
LEFT JOIN `khm_obj_mst` AS `hm` ON `hm`.`object_id` = `attr`.`entity_attr_value`
WHERE `h`.`is_active` = 1
AND `e`.`is_active` = 1
AND `t`.`is_active` = 1
AND `d`.`is_active` = 1
AND `koei`.`is_active` = 1
AND `h`.`enq_type_id` = 3
AND `t`.`check_in_date` >= \'2025-06-04 00:00:00\'
AND `t`.`check_in_date` < \'2025-06-05 00:00:00\'
ORDER BY `d`.`date_of_tour_start` DESC', 0)
 2 SYSTEMPATH\Database\BaseConnection.php(734): CodeIgniter\Database\MySQLi\Connection->execute('SELECT DISTINCT `h`.`ref_no`, `h`.`enquiry_header_id`, `h`.`object_id`, `h`.`guest_entity_id`, `h`.`agent_entity_id`, `h`.`employee_entity_id`, `h`.`enq_added_date`, `h`.`enq_type_id`, `h`.`is_active` AS `header_active`, `om`.`object_name`, `ge`.`entity_name` AS `guest_name`, `ae`.`entity_name` AS `agent_name`, `ee`.`entity_name` AS `employee_name`, `d`.`enquiry_details_id`, `d`.`date_of_tour_start`, `d`.`total_no_of_pax`, `d`.`is_active` AS `details_active`, `t`.`check_in_date`, `t`.`check_out_date`, `t`.`is_active` AS `tour_active`, `e`.`is_active` AS `extension_active`, `e`.`tpc`, `hkom`.`object_name` AS `hotel_name`, `attriagent`.`entity_attr_value` AS `agent_gstn`, `attr`.`entity_attr_value` As `agent_state`, `em4`.`entity_name` AS `transporter_name`
FROM `khm_obj_enquiry_header` AS `h`
LEFT JOIN `khm_obj_transport_follow_up` AS `tf` ON `tf`.`enquiry_header_id`=`h`.`enquiry_header_id`
LEFT JOIN `khm_entity_mst` AS `em4` ON `em4`.`entity_id`=`tf`.`transporter_id`
LEFT JOIN `khm_obj_enquiry_details` AS `d` ON `d`.`enquiry_header_id` = `h`.`enquiry_header_id`
LEFT JOIN `khm_obj_enquiry_tour_details` AS `t` ON `t`.`enquiry_header_id` = `h`.`enquiry_header_id` AND `t`.`enquiry_details_id` = `d`.`enquiry_details_id`
LEFT JOIN `khm_obj_enquiry_itinerary_details` AS `koei` ON `koei`.`tour_details_id` = `t`.`tour_details_id`
LEFT JOIN `khm_obj_hotel` AS `koh` ON `koh`.`hotel_id` = `koei`.`hotel_id`
JOIN `khm_obj_mst` AS `hkom` ON `hkom`.`object_id`=`koh`.`object_id`
LEFT JOIN `khm_obj_enquiry_detail_extensions` AS `e` ON `e`.`enquiry_header_id` = `h`.`enquiry_header_id` AND `e`.`enquiry_details_id` = `d`.`enquiry_details_id`
LEFT JOIN `khm_obj_mst` AS `om` ON `om`.`object_id` = `h`.`object_id`
LEFT JOIN `khm_entity_mst` AS `ge` ON `ge`.`entity_id` = `h`.`guest_entity_id`
LEFT JOIN `khm_entity_mst` AS `ae` ON `ae`.`entity_id` = `h`.`agent_entity_id`
LEFT JOIN `khm_entity_mst` AS `ee` ON `ee`.`entity_id` = `h`.`employee_entity_id`
LEFT JOIN `khm_entity_attribute` AS `attr` ON `attr`.`entity_id` = `h`.`agent_entity_id` AND `attr`.`entity_class_attr_id` = 1978
LEFT JOIN `khm_entity_attribute` AS `attriagent` ON `attriagent`.`entity_id` = `h`.`agent_entity_id` AND `attriagent`.`entity_class_attr_id` = 1970
LEFT JOIN `khm_obj_mst` AS `hm` ON `hm`.`object_id` = `attr`.`entity_attr_value`
WHERE `h`.`is_active` = 1
AND `e`.`is_active` = 1
AND `t`.`is_active` = 1
AND `d`.`is_active` = 1
AND `koei`.`is_active` = 1
AND `h`.`enq_type_id` = 3
AND `t`.`check_in_date` >= \'2025-06-04 00:00:00\'
AND `t`.`check_in_date` < \'2025-06-05 00:00:00\'
ORDER BY `d`.`date_of_tour_start` DESC')
 3 SYSTEMPATH\Database\BaseConnection.php(648): CodeIgniter\Database\BaseConnection->simpleQuery('SELECT DISTINCT `h`.`ref_no`, `h`.`enquiry_header_id`, `h`.`object_id`, `h`.`guest_entity_id`, `h`.`agent_entity_id`, `h`.`employee_entity_id`, `h`.`enq_added_date`, `h`.`enq_type_id`, `h`.`is_active` AS `header_active`, `om`.`object_name`, `ge`.`entity_name` AS `guest_name`, `ae`.`entity_name` AS `agent_name`, `ee`.`entity_name` AS `employee_name`, `d`.`enquiry_details_id`, `d`.`date_of_tour_start`, `d`.`total_no_of_pax`, `d`.`is_active` AS `details_active`, `t`.`check_in_date`, `t`.`check_out_date`, `t`.`is_active` AS `tour_active`, `e`.`is_active` AS `extension_active`, `e`.`tpc`, `hkom`.`object_name` AS `hotel_name`, `attriagent`.`entity_attr_value` AS `agent_gstn`, `attr`.`entity_attr_value` As `agent_state`, `em4`.`entity_name` AS `transporter_name`
FROM `khm_obj_enquiry_header` AS `h`
LEFT JOIN `khm_obj_transport_follow_up` AS `tf` ON `tf`.`enquiry_header_id`=`h`.`enquiry_header_id`
LEFT JOIN `khm_entity_mst` AS `em4` ON `em4`.`entity_id`=`tf`.`transporter_id`
LEFT JOIN `khm_obj_enquiry_details` AS `d` ON `d`.`enquiry_header_id` = `h`.`enquiry_header_id`
LEFT JOIN `khm_obj_enquiry_tour_details` AS `t` ON `t`.`enquiry_header_id` = `h`.`enquiry_header_id` AND `t`.`enquiry_details_id` = `d`.`enquiry_details_id`
LEFT JOIN `khm_obj_enquiry_itinerary_details` AS `koei` ON `koei`.`tour_details_id` = `t`.`tour_details_id`
LEFT JOIN `khm_obj_hotel` AS `koh` ON `koh`.`hotel_id` = `koei`.`hotel_id`
JOIN `khm_obj_mst` AS `hkom` ON `hkom`.`object_id`=`koh`.`object_id`
LEFT JOIN `khm_obj_enquiry_detail_extensions` AS `e` ON `e`.`enquiry_header_id` = `h`.`enquiry_header_id` AND `e`.`enquiry_details_id` = `d`.`enquiry_details_id`
LEFT JOIN `khm_obj_mst` AS `om` ON `om`.`object_id` = `h`.`object_id`
LEFT JOIN `khm_entity_mst` AS `ge` ON `ge`.`entity_id` = `h`.`guest_entity_id`
LEFT JOIN `khm_entity_mst` AS `ae` ON `ae`.`entity_id` = `h`.`agent_entity_id`
LEFT JOIN `khm_entity_mst` AS `ee` ON `ee`.`entity_id` = `h`.`employee_entity_id`
LEFT JOIN `khm_entity_attribute` AS `attr` ON `attr`.`entity_id` = `h`.`agent_entity_id` AND `attr`.`entity_class_attr_id` = 1978
LEFT JOIN `khm_entity_attribute` AS `attriagent` ON `attriagent`.`entity_id` = `h`.`agent_entity_id` AND `attriagent`.`entity_class_attr_id` = 1970
LEFT JOIN `khm_obj_mst` AS `hm` ON `hm`.`object_id` = `attr`.`entity_attr_value`
WHERE `h`.`is_active` = 1
AND `e`.`is_active` = 1
AND `t`.`is_active` = 1
AND `d`.`is_active` = 1
AND `koei`.`is_active` = 1
AND `h`.`enq_type_id` = 3
AND `t`.`check_in_date` >= \'2025-06-04 00:00:00\'
AND `t`.`check_in_date` < \'2025-06-05 00:00:00\'
ORDER BY `d`.`date_of_tour_start` DESC')
 4 SYSTEMPATH\Database\BaseBuilder.php(1644): CodeIgniter\Database\BaseConnection->query('SELECT DISTINCT `h`.`ref_no`, `h`.`enquiry_header_id`, `h`.`object_id`, `h`.`guest_entity_id`, `h`.`agent_entity_id`, `h`.`employee_entity_id`, `h`.`enq_added_date`, `h`.`enq_type_id`, `h`.`is_active` AS `header_active`, `om`.`object_name`, `ge`.`entity_name` AS `guest_name`, `ae`.`entity_name` AS `agent_name`, `ee`.`entity_name` AS `employee_name`, `d`.`enquiry_details_id`, `d`.`date_of_tour_start`, `d`.`total_no_of_pax`, `d`.`is_active` AS `details_active`, `t`.`check_in_date`, `t`.`check_out_date`, `t`.`is_active` AS `tour_active`, `e`.`is_active` AS `extension_active`, `e`.`tpc`, `hkom`.`object_name` AS `hotel_name`, `attriagent`.`entity_attr_value` AS `agent_gstn`, `attr`.`entity_attr_value` As `agent_state`, `em4`.`entity_name` AS `transporter_name`
FROM `khm_obj_enquiry_header` AS `h`
LEFT JOIN `khm_obj_transport_follow_up` AS `tf` ON `tf`.`enquiry_header_id`=`h`.`enquiry_header_id`
LEFT JOIN `khm_entity_mst` AS `em4` ON `em4`.`entity_id`=`tf`.`transporter_id`
LEFT JOIN `khm_obj_enquiry_details` AS `d` ON `d`.`enquiry_header_id` = `h`.`enquiry_header_id`
LEFT JOIN `khm_obj_enquiry_tour_details` AS `t` ON `t`.`enquiry_header_id` = `h`.`enquiry_header_id` AND `t`.`enquiry_details_id` = `d`.`enquiry_details_id`
LEFT JOIN `khm_obj_enquiry_itinerary_details` AS `koei` ON `koei`.`tour_details_id` = `t`.`tour_details_id`
LEFT JOIN `khm_obj_hotel` AS `koh` ON `koh`.`hotel_id` = `koei`.`hotel_id`
JOIN `khm_obj_mst` AS `hkom` ON `hkom`.`object_id`=`koh`.`object_id`
LEFT JOIN `khm_obj_enquiry_detail_extensions` AS `e` ON `e`.`enquiry_header_id` = `h`.`enquiry_header_id` AND `e`.`enquiry_details_id` = `d`.`enquiry_details_id`
LEFT JOIN `khm_obj_mst` AS `om` ON `om`.`object_id` = `h`.`object_id`
LEFT JOIN `khm_entity_mst` AS `ge` ON `ge`.`entity_id` = `h`.`guest_entity_id`
LEFT JOIN `khm_entity_mst` AS `ae` ON `ae`.`entity_id` = `h`.`agent_entity_id`
LEFT JOIN `khm_entity_mst` AS `ee` ON `ee`.`entity_id` = `h`.`employee_entity_id`
LEFT JOIN `khm_entity_attribute` AS `attr` ON `attr`.`entity_id` = `h`.`agent_entity_id` AND `attr`.`entity_class_attr_id` = 1978
LEFT JOIN `khm_entity_attribute` AS `attriagent` ON `attriagent`.`entity_id` = `h`.`agent_entity_id` AND `attriagent`.`entity_class_attr_id` = 1970
LEFT JOIN `khm_obj_mst` AS `hm` ON `hm`.`object_id` = `attr`.`entity_attr_value`
WHERE `h`.`is_active` = :h.is_active:
AND `e`.`is_active` = :e.is_active:
AND `t`.`is_active` = :t.is_active:
AND `d`.`is_active` = :d.is_active:
AND `koei`.`is_active` = :koei.is_active:
AND `h`.`enq_type_id` = :h.enq_type_id:
AND `t`.`check_in_date` >= :t.check_in_date:
AND `t`.`check_in_date` < :t.check_in_date.1:
ORDER BY `d`.`date_of_tour_start` DESC', [...], false)
 5 APPPATH\Models\CheckinoutReportModel.php(205): CodeIgniter\Database\BaseBuilder->get()
 6 APPPATH\Controllers\CheckinoutReport.php(100): App\Models\CheckinoutReportModel->getByDateRange('2025-06-04 00:00:00', '2025-06-05 00:00:00', 1, 3)
 7 SYSTEMPATH\CodeIgniter.php(933): App\Controllers\CheckinoutReport->data()
 8 SYSTEMPATH\CodeIgniter.php(509): CodeIgniter\CodeIgniter->runController(Object(App\Controllers\CheckinoutReport))
 9 SYSTEMPATH\CodeIgniter.php(355): CodeIgniter\CodeIgniter->handleRequest(null, Object(Config\Cache), false)
10 SYSTEMPATH\Boot.php(334): CodeIgniter\CodeIgniter->run()
11 SYSTEMPATH\Boot.php(67): CodeIgniter\Boot::runCodeIgniter(Object(CodeIgniter\CodeIgniter))
12 FCPATH\index.php(56): CodeIgniter\Boot::bootWeb(Object(Config\Paths))
