CRITICAL - 2025-09-19 06:44:54 --> ParseError: syntax error, unexpected token "else", expecting end of file
[Method: GET, Route: dashboard/add_entity/4/6279]
in APPPATH\Views\dashboard\add_entity.php on line 651.
 1 SYSTEMPATH\View\View.php(237): CodeIgniter\View\View->CodeIgniter\View\{closure}()
 2 SYSTEMPATH\Common.php(1171): CodeIgniter\View\View->render('dashboard/add_entity', [], true)
 3 APPPATH\Controllers\Dashboard.php(1027): view('dashboard/add_entity', [...])
 4 SYSTEMPATH\CodeIgniter.php(933): App\Controllers\Dashboard->add_entity('4', '6279')
 5 SYSTEMPATH\CodeIgniter.php(509): CodeIgniter\CodeIgniter->runController(Object(App\Controllers\Dashboard))
 6 SYSTEMPATH\CodeIgniter.php(355): CodeIgniter\CodeIgniter->handleRequest(null, Object(Config\Cache), false)
 7 SYSTEMPATH\Boot.php(334): CodeIgniter\CodeIgniter->run()
 8 SYSTEMPATH\Boot.php(67): CodeIgniter\Boot::runCodeIgniter(Object(CodeIgniter\CodeIgniter))
 9 FCPATH\index.php(56): CodeIgniter\Boot::bootWeb(Object(Config\Paths))
CRITICAL - 2025-09-19 06:45:03 --> ErrorException: Undefined variable $selected_state_id
[Method: GET, Route: dashboard/add_entity/4/6279]
in APPPATH\Views\dashboard\add_entity.php on line 635.
 1 APPPATH\Views\dashboard\add_entity.php(635): CodeIgniter\Debug\Exceptions->errorHandler(2, 'Undefined variable $selected_state_id', 'C:\\wamp64\\www\\khm\\app\\Views\\dashboard\\add_entity.php', 635)
 2 SYSTEMPATH\View\View.php(234): include('C:\\wamp64\\www\\khm\\app\\Views\\dashboard\\add_entity.php')
 3 SYSTEMPATH\View\View.php(237): CodeIgniter\View\View->CodeIgniter\View\{closure}()
 4 SYSTEMPATH\Common.php(1171): CodeIgniter\View\View->render('dashboard/add_entity', [], true)
 5 APPPATH\Controllers\Dashboard.php(1027): view('dashboard/add_entity', [...])
 6 SYSTEMPATH\CodeIgniter.php(933): App\Controllers\Dashboard->add_entity('4', '6279')
 7 SYSTEMPATH\CodeIgniter.php(509): CodeIgniter\CodeIgniter->runController(Object(App\Controllers\Dashboard))
 8 SYSTEMPATH\CodeIgniter.php(355): CodeIgniter\CodeIgniter->handleRequest(null, Object(Config\Cache), false)
 9 SYSTEMPATH\Boot.php(334): CodeIgniter\CodeIgniter->run()
10 SYSTEMPATH\Boot.php(67): CodeIgniter\Boot::runCodeIgniter(Object(CodeIgniter\CodeIgniter))
11 FCPATH\index.php(56): CodeIgniter\Boot::bootWeb(Object(Config\Paths))
CRITICAL - 2025-09-19 06:45:06 --> ErrorException: Undefined variable $selected_state_id
[Method: GET, Route: dashboard/add_entity/4/6279]
in APPPATH\Views\dashboard\add_entity.php on line 635.
 1 APPPATH\Views\dashboard\add_entity.php(635): CodeIgniter\Debug\Exceptions->errorHandler(2, 'Undefined variable $selected_state_id', 'C:\\wamp64\\www\\khm\\app\\Views\\dashboard\\add_entity.php', 635)
 2 SYSTEMPATH\View\View.php(234): include('C:\\wamp64\\www\\khm\\app\\Views\\dashboard\\add_entity.php')
 3 SYSTEMPATH\View\View.php(237): CodeIgniter\View\View->CodeIgniter\View\{closure}()
 4 SYSTEMPATH\Common.php(1171): CodeIgniter\View\View->render('dashboard/add_entity', [], true)
 5 APPPATH\Controllers\Dashboard.php(1027): view('dashboard/add_entity', [...])
 6 SYSTEMPATH\CodeIgniter.php(933): App\Controllers\Dashboard->add_entity('4', '6279')
 7 SYSTEMPATH\CodeIgniter.php(509): CodeIgniter\CodeIgniter->runController(Object(App\Controllers\Dashboard))
 8 SYSTEMPATH\CodeIgniter.php(355): CodeIgniter\CodeIgniter->handleRequest(null, Object(Config\Cache), false)
 9 SYSTEMPATH\Boot.php(334): CodeIgniter\CodeIgniter->run()
10 SYSTEMPATH\Boot.php(67): CodeIgniter\Boot::runCodeIgniter(Object(CodeIgniter\CodeIgniter))
11 FCPATH\index.php(56): CodeIgniter\Boot::bootWeb(Object(Config\Paths))
CRITICAL - 2025-09-19 06:45:15 --> ErrorException: Undefined variable $selected_state_id
[Method: GET, Route: dashboard/add_entity/4/6279]
in APPPATH\Views\dashboard\add_entity.php on line 635.
 1 APPPATH\Views\dashboard\add_entity.php(635): CodeIgniter\Debug\Exceptions->errorHandler(2, 'Undefined variable $selected_state_id', 'C:\\wamp64\\www\\khm\\app\\Views\\dashboard\\add_entity.php', 635)
 2 SYSTEMPATH\View\View.php(234): include('C:\\wamp64\\www\\khm\\app\\Views\\dashboard\\add_entity.php')
 3 SYSTEMPATH\View\View.php(237): CodeIgniter\View\View->CodeIgniter\View\{closure}()
 4 SYSTEMPATH\Common.php(1171): CodeIgniter\View\View->render('dashboard/add_entity', [], true)
 5 APPPATH\Controllers\Dashboard.php(1027): view('dashboard/add_entity', [...])
 6 SYSTEMPATH\CodeIgniter.php(933): App\Controllers\Dashboard->add_entity('4', '6279')
 7 SYSTEMPATH\CodeIgniter.php(509): CodeIgniter\CodeIgniter->runController(Object(App\Controllers\Dashboard))
 8 SYSTEMPATH\CodeIgniter.php(355): CodeIgniter\CodeIgniter->handleRequest(null, Object(Config\Cache), false)
 9 SYSTEMPATH\Boot.php(334): CodeIgniter\CodeIgniter->run()
10 SYSTEMPATH\Boot.php(67): CodeIgniter\Boot::runCodeIgniter(Object(CodeIgniter\CodeIgniter))
11 FCPATH\index.php(56): CodeIgniter\Boot::bootWeb(Object(Config\Paths))
CRITICAL - 2025-09-19 06:45:39 --> ParseError: Unclosed '{' on line 546
[Method: GET, Route: dashboard/add_entity/4/6279]
in APPPATH\Views\dashboard\add_entity.php on line 1403.
 1 SYSTEMPATH\View\View.php(237): CodeIgniter\View\View->CodeIgniter\View\{closure}()
 2 SYSTEMPATH\Common.php(1171): CodeIgniter\View\View->render('dashboard/add_entity', [], true)
 3 APPPATH\Controllers\Dashboard.php(1027): view('dashboard/add_entity', [...])
 4 SYSTEMPATH\CodeIgniter.php(933): App\Controllers\Dashboard->add_entity('4', '6279')
 5 SYSTEMPATH\CodeIgniter.php(509): CodeIgniter\CodeIgniter->runController(Object(App\Controllers\Dashboard))
 6 SYSTEMPATH\CodeIgniter.php(355): CodeIgniter\CodeIgniter->handleRequest(null, Object(Config\Cache), false)
 7 SYSTEMPATH\Boot.php(334): CodeIgniter\CodeIgniter->run()
 8 SYSTEMPATH\Boot.php(67): CodeIgniter\Boot::runCodeIgniter(Object(CodeIgniter\CodeIgniter))
 9 FCPATH\index.php(56): CodeIgniter\Boot::bootWeb(Object(Config\Paths))
CRITICAL - 2025-09-19 06:46:48 --> ErrorException: Undefined variable $selected_state_id
[Method: GET, Route: dashboard/add_entity/4/6279]
in APPPATH\Views\dashboard\add_entity.php on line 631.
 1 APPPATH\Views\dashboard\add_entity.php(631): CodeIgniter\Debug\Exceptions->errorHandler(2, 'Undefined variable $selected_state_id', 'C:\\wamp64\\www\\khm\\app\\Views\\dashboard\\add_entity.php', 631)
 2 SYSTEMPATH\View\View.php(234): include('C:\\wamp64\\www\\khm\\app\\Views\\dashboard\\add_entity.php')
 3 SYSTEMPATH\View\View.php(237): CodeIgniter\View\View->CodeIgniter\View\{closure}()
 4 SYSTEMPATH\Common.php(1171): CodeIgniter\View\View->render('dashboard/add_entity', [], true)
 5 APPPATH\Controllers\Dashboard.php(1027): view('dashboard/add_entity', [...])
 6 SYSTEMPATH\CodeIgniter.php(933): App\Controllers\Dashboard->add_entity('4', '6279')
 7 SYSTEMPATH\CodeIgniter.php(509): CodeIgniter\CodeIgniter->runController(Object(App\Controllers\Dashboard))
 8 SYSTEMPATH\CodeIgniter.php(355): CodeIgniter\CodeIgniter->handleRequest(null, Object(Config\Cache), false)
 9 SYSTEMPATH\Boot.php(334): CodeIgniter\CodeIgniter->run()
10 SYSTEMPATH\Boot.php(67): CodeIgniter\Boot::runCodeIgniter(Object(CodeIgniter\CodeIgniter))
11 FCPATH\index.php(56): CodeIgniter\Boot::bootWeb(Object(Config\Paths))
